ARM GAS  C:\Users\laure\AppData\Local\Temp\ccHANYN7.s 			page 1


   1              		.syntax unified
   2              		.cpu cortex-m3
   3              		.fpu softvfp
   4              		.eabi_attribute 20, 1
   5              		.eabi_attribute 21, 1
   6              		.eabi_attribute 23, 3
   7              		.eabi_attribute 24, 1
   8              		.eabi_attribute 25, 1
   9              		.eabi_attribute 26, 1
  10              		.eabi_attribute 30, 1
  11              		.eabi_attribute 34, 1
  12              		.eabi_attribute 18, 4
  13              		.thumb
  14              		.syntax unified
  15              		.file	"cymetadata.c"
  16              		.text
  17              	.Ltext0:
  18              		.cfi_sections	.debug_frame
  19              		.global	cy_metadata
  20              		.global	cy_meta_flashprotect
  21              		.global	cy_meta_wonvl
  22              		.global	cy_meta_custnvl
  23              		.global	cy_meta_configecc
  24              		.section	.cyconfigecc,"a",%progbits
  25              		.align	2
  26              		.type	cy_meta_configecc, %object
  27              		.size	cy_meta_configecc, 1376
  28              	cy_meta_configecc:
  29 0000 01       		.byte	1
  30 0001 45       		.byte	69
  31 0002 00       		.byte	0
  32 0003 40       		.byte	64
  33 0004 02       		.byte	2
  34 0005 4F       		.byte	79
  35 0006 00       		.byte	0
  36 0007 40       		.byte	64
  37 0008 04       		.byte	4
  38 0009 52       		.byte	82
  39 000a 00       		.byte	0
  40 000b 40       		.byte	64
  41 000c 01       		.byte	1
  42 000d 64       		.byte	100
  43 000e 00       		.byte	0
  44 000f 40       		.byte	64
  45 0010 04       		.byte	4
  46 0011 65       		.byte	101
  47 0012 00       		.byte	0
  48 0013 40       		.byte	64
  49 0014 01       		.byte	1
  50 0015 05       		.byte	5
  51 0016 01       		.byte	1
  52 0017 40       		.byte	64
  53 0018 5F       		.byte	95
  54 0019 08       		.byte	8
  55 001a 01       		.byte	1
  56 001b 40       		.byte	64
  57 001c 36       		.byte	54
ARM GAS  C:\Users\laure\AppData\Local\Temp\ccHANYN7.s 			page 2


  58 001d 09       		.byte	9
  59 001e 01       		.byte	1
  60 001f 40       		.byte	64
  61 0020 01       		.byte	1
  62 0021 0B       		.byte	11
  63 0022 01       		.byte	1
  64 0023 40       		.byte	64
  65 0024 3F       		.byte	63
  66 0025 14       		.byte	20
  67 0026 01       		.byte	1
  68 0027 40       		.byte	64
  69 0028 1E       		.byte	30
  70 0029 15       		.byte	21
  71 002a 01       		.byte	1
  72 002b 40       		.byte	64
  73 002c 42       		.byte	66
  74 002d 16       		.byte	22
  75 002e 01       		.byte	1
  76 002f 40       		.byte	64
  77 0030 24       		.byte	36
  78 0031 17       		.byte	23
  79 0032 01       		.byte	1
  80 0033 40       		.byte	64
  81 0034 64       		.byte	100
  82 0035 18       		.byte	24
  83 0036 01       		.byte	1
  84 0037 40       		.byte	64
  85 0038 47       		.byte	71
  86 0039 19       		.byte	25
  87 003a 01       		.byte	1
  88 003b 40       		.byte	64
  89 003c 04       		.byte	4
  90 003d 1A       		.byte	26
  91 003e 01       		.byte	1
  92 003f 40       		.byte	64
  93 0040 09       		.byte	9
  94 0041 1B       		.byte	27
  95 0042 01       		.byte	1
  96 0043 40       		.byte	64
  97 0044 02       		.byte	2
  98 0045 40       		.byte	64
  99 0046 01       		.byte	1
 100 0047 40       		.byte	64
 101 0048 01       		.byte	1
 102 0049 41       		.byte	65
 103 004a 01       		.byte	1
 104 004b 40       		.byte	64
 105 004c 03       		.byte	3
 106 004d 42       		.byte	66
 107 004e 01       		.byte	1
 108 004f 40       		.byte	64
 109 0050 02       		.byte	2
 110 0051 43       		.byte	67
 111 0052 01       		.byte	1
 112 0053 40       		.byte	64
 113 0054 02       		.byte	2
 114 0055 44       		.byte	68
ARM GAS  C:\Users\laure\AppData\Local\Temp\ccHANYN7.s 			page 3


 115 0056 01       		.byte	1
 116 0057 40       		.byte	64
 117 0058 01       		.byte	1
 118 0059 45       		.byte	69
 119 005a 01       		.byte	1
 120 005b 40       		.byte	64
 121 005c 04       		.byte	4
 122 005d 46       		.byte	70
 123 005e 01       		.byte	1
 124 005f 40       		.byte	64
 125 0060 01       		.byte	1
 126 0061 47       		.byte	71
 127 0062 01       		.byte	1
 128 0063 40       		.byte	64
 129 0064 0E       		.byte	14
 130 0065 48       		.byte	72
 131 0066 01       		.byte	1
 132 0067 40       		.byte	64
 133 0068 04       		.byte	4
 134 0069 49       		.byte	73
 135 006a 01       		.byte	1
 136 006b 40       		.byte	64
 137 006c 05       		.byte	5
 138 006d 4C       		.byte	76
 139 006e 01       		.byte	1
 140 006f 40       		.byte	64
 141 0070 07       		.byte	7
 142 0071 4D       		.byte	77
 143 0072 01       		.byte	1
 144 0073 40       		.byte	64
 145 0074 05       		.byte	5
 146 0075 50       		.byte	80
 147 0076 01       		.byte	1
 148 0077 40       		.byte	64
 149 0078 01       		.byte	1
 150 0079 51       		.byte	81
 151 007a 01       		.byte	1
 152 007b 40       		.byte	64
 153 007c 0C       		.byte	12
 154 007d 02       		.byte	2
 155 007e 01       		.byte	1
 156 007f 80       		.byte	-128
 157 0080 0A       		.byte	10
 158 0081 36       		.byte	54
 159 0082 09       		.byte	9
 160 0083 20       		.byte	32
 161 0084 0C       		.byte	12
 162 0085 10       		.byte	16
 163 0086 78       		.byte	120
 164 0087 0C       		.byte	12
 165 0088 79       		.byte	121
 166 0089 08       		.byte	8
 167 008a 89       		.byte	-119
 168 008b 72       		.byte	114
 169 008c 85       		.byte	-123
 170 008d 0D       		.byte	13
 171 008e 87       		.byte	-121
ARM GAS  C:\Users\laure\AppData\Local\Temp\ccHANYN7.s 			page 4


 172 008f 0D       		.byte	13
 173 0090 88       		.byte	-120
 174 0091 0F       		.byte	15
 175 0092 89       		.byte	-119
 176 0093 38       		.byte	56
 177 0094 E0       		.byte	-32
 178 0095 02       		.byte	2
 179 0096 01       		.byte	1
 180 0097 80       		.byte	-128
 181 0098 02       		.byte	2
 182 0099 08       		.byte	8
 183 009a 03       		.byte	3
 184 009b 15       		.byte	21
 185 009c 06       		.byte	6
 186 009d 1C       		.byte	28
 187 009e 08       		.byte	8
 188 009f 01       		.byte	1
 189 00a0 09       		.byte	9
 190 00a1 03       		.byte	3
 191 00a2 0A       		.byte	10
 192 00a3 0E       		.byte	14
 193 00a4 0B       		.byte	11
 194 00a5 04       		.byte	4
 195 00a6 0C       		.byte	12
 196 00a7 01       		.byte	1
 197 00a8 0E       		.byte	14
 198 00a9 16       		.byte	22
 199 00aa 11       		.byte	17
 200 00ab 73       		.byte	115
 201 00ac 13       		.byte	19
 202 00ad 0C       		.byte	12
 203 00ae 17       		.byte	23
 204 00af 08       		.byte	8
 205 00b0 19       		.byte	25
 206 00b1 2A       		.byte	42
 207 00b2 1B       		.byte	27
 208 00b3 44       		.byte	68
 209 00b4 1E       		.byte	30
 210 00b5 03       		.byte	3
 211 00b6 24       		.byte	36
 212 00b7 1C       		.byte	28
 213 00b8 26       		.byte	38
 214 00b9 03       		.byte	3
 215 00ba 29       		.byte	41
 216 00bb 73       		.byte	115
 217 00bc 2B       		.byte	43
 218 00bd 04       		.byte	4
 219 00be 32       		.byte	50
 220 00bf 1A       		.byte	26
 221 00c0 33       		.byte	51
 222 00c1 30       		.byte	48
 223 00c2 34       		.byte	52
 224 00c3 0F       		.byte	15
 225 00c4 35       		.byte	53
 226 00c5 C0       		.byte	-64
 227 00c6 37       		.byte	55
 228 00c7 0F       		.byte	15
ARM GAS  C:\Users\laure\AppData\Local\Temp\ccHANYN7.s 			page 5


 229 00c8 39       		.byte	57
 230 00c9 28       		.byte	40
 231 00ca 3A       		.byte	58
 232 00cb 28       		.byte	40
 233 00cc 3B       		.byte	59
 234 00cd 80       		.byte	-128
 235 00ce 3F       		.byte	63
 236 00cf 04       		.byte	4
 237 00d0 40       		.byte	64
 238 00d1 02       		.byte	2
 239 00d2 46       		.byte	70
 240 00d3 04       		.byte	4
 241 00d4 49       		.byte	73
 242 00d5 FF       		.byte	-1
 243 00d6 4A       		.byte	74
 244 00d7 07       		.byte	7
 245 00d8 4B       		.byte	75
 246 00d9 FF       		.byte	-1
 247 00da 4C       		.byte	76
 248 00db 40       		.byte	64
 249 00dc 4D       		.byte	77
 250 00dd 20       		.byte	32
 251 00de 4E       		.byte	78
 252 00df F0       		.byte	-16
 253 00e0 4F       		.byte	79
 254 00e1 05       		.byte	5
 255 00e2 50       		.byte	80
 256 00e3 08       		.byte	8
 257 00e4 58       		.byte	88
 258 00e5 04       		.byte	4
 259 00e6 59       		.byte	89
 260 00e7 04       		.byte	4
 261 00e8 5A       		.byte	90
 262 00e9 04       		.byte	4
 263 00ea 5C       		.byte	92
 264 00eb 33       		.byte	51
 265 00ec 5D       		.byte	93
 266 00ed 03       		.byte	3
 267 00ee 5F       		.byte	95
 268 00ef 01       		.byte	1
 269 00f0 60       		.byte	96
 270 00f1 40       		.byte	64
 271 00f2 61       		.byte	97
 272 00f3 A8       		.byte	-88
 273 00f4 62       		.byte	98
 274 00f5 40       		.byte	64
 275 00f6 63       		.byte	99
 276 00f7 20       		.byte	32
 277 00f8 81       		.byte	-127
 278 00f9 10       		.byte	16
 279 00fa 84       		.byte	-124
 280 00fb 73       		.byte	115
 281 00fc 85       		.byte	-123
 282 00fd 18       		.byte	24
 283 00fe 86       		.byte	-122
 284 00ff 0C       		.byte	12
 285 0100 88       		.byte	-120
ARM GAS  C:\Users\laure\AppData\Local\Temp\ccHANYN7.s 			page 6


 286 0101 1C       		.byte	28
 287 0102 89       		.byte	-119
 288 0103 39       		.byte	57
 289 0104 8A       		.byte	-118
 290 0105 63       		.byte	99
 291 0106 8B       		.byte	-117
 292 0107 C4       		.byte	-60
 293 0108 8C       		.byte	-116
 294 0109 21       		.byte	33
 295 010a 8D       		.byte	-115
 296 010b 01       		.byte	1
 297 010c 90       		.byte	-112
 298 010d 42       		.byte	66
 299 010e 94       		.byte	-108
 300 010f 7F       		.byte	127
 301 0110 95       		.byte	-107
 302 0111 FF       		.byte	-1
 303 0112 98       		.byte	-104
 304 0113 63       		.byte	99
 305 0114 9B       		.byte	-101
 306 0115 01       		.byte	1
 307 0116 9E       		.byte	-98
 308 0117 63       		.byte	99
 309 0118 9F       		.byte	-97
 310 0119 66       		.byte	102
 311 011a A0       		.byte	-96
 312 011b 08       		.byte	8
 313 011c A4       		.byte	-92
 314 011d 04       		.byte	4
 315 011e A5       		.byte	-91
 316 011f 08       		.byte	8
 317 0120 A8       		.byte	-88
 318 0121 0C       		.byte	12
 319 0122 A9       		.byte	-87
 320 0123 E7       		.byte	-25
 321 0124 AB       		.byte	-85
 322 0125 18       		.byte	24
 323 0126 AC       		.byte	-84
 324 0127 1F       		.byte	31
 325 0128 AD       		.byte	-83
 326 0129 19       		.byte	25
 327 012a AE       		.byte	-82
 328 012b 60       		.byte	96
 329 012c AF       		.byte	-81
 330 012d E2       		.byte	-30
 331 012e B0       		.byte	-80
 332 012f 60       		.byte	96
 333 0130 B1       		.byte	-79
 334 0131 58       		.byte	88
 335 0132 B3       		.byte	-77
 336 0133 1F       		.byte	31
 337 0134 B4       		.byte	-76
 338 0135 0F       		.byte	15
 339 0136 B5       		.byte	-75
 340 0137 38       		.byte	56
 341 0138 B6       		.byte	-74
 342 0139 10       		.byte	16
ARM GAS  C:\Users\laure\AppData\Local\Temp\ccHANYN7.s 			page 7


 343 013a B7       		.byte	-73
 344 013b 80       		.byte	-128
 345 013c B9       		.byte	-71
 346 013d 80       		.byte	-128
 347 013e BA       		.byte	-70
 348 013f 20       		.byte	32
 349 0140 BB       		.byte	-69
 350 0141 0A       		.byte	10
 351 0142 BE       		.byte	-66
 352 0143 40       		.byte	64
 353 0144 D6       		.byte	-42
 354 0145 02       		.byte	2
 355 0146 D7       		.byte	-41
 356 0147 10       		.byte	16
 357 0148 D8       		.byte	-40
 358 0149 04       		.byte	4
 359 014a D9       		.byte	-39
 360 014b 04       		.byte	4
 361 014c DB       		.byte	-37
 362 014d 04       		.byte	4
 363 014e DC       		.byte	-36
 364 014f 33       		.byte	51
 365 0150 DD       		.byte	-35
 366 0151 30       		.byte	48
 367 0152 DF       		.byte	-33
 368 0153 01       		.byte	1
 369 0154 00       		.byte	0
 370 0155 14       		.byte	20
 371 0156 01       		.byte	1
 372 0157 40       		.byte	64
 373 0158 02       		.byte	2
 374 0159 10       		.byte	16
 375 015a 03       		.byte	3
 376 015b 10       		.byte	16
 377 015c 04       		.byte	4
 378 015d 08       		.byte	8
 379 015e 05       		.byte	5
 380 015f 20       		.byte	32
 381 0160 06       		.byte	6
 382 0161 80       		.byte	-128
 383 0162 07       		.byte	7
 384 0163 02       		.byte	2
 385 0164 09       		.byte	9
 386 0165 88       		.byte	-120
 387 0166 0A       		.byte	10
 388 0167 46       		.byte	70
 389 0168 0F       		.byte	15
 390 0169 01       		.byte	1
 391 016a 10       		.byte	16
 392 016b 81       		.byte	-127
 393 016c 12       		.byte	18
 394 016d 06       		.byte	6
 395 016e 13       		.byte	19
 396 016f 14       		.byte	20
 397 0170 14       		.byte	20
 398 0171 20       		.byte	32
 399 0172 18       		.byte	24
ARM GAS  C:\Users\laure\AppData\Local\Temp\ccHANYN7.s 			page 8


 400 0173 04       		.byte	4
 401 0174 19       		.byte	25
 402 0175 42       		.byte	66
 403 0176 1D       		.byte	29
 404 0177 10       		.byte	16
 405 0178 1F       		.byte	31
 406 0179 08       		.byte	8
 407 017a 20       		.byte	32
 408 017b 10       		.byte	16
 409 017c 21       		.byte	33
 410 017d 40       		.byte	64
 411 017e 22       		.byte	34
 412 017f 22       		.byte	34
 413 0180 24       		.byte	36
 414 0181 08       		.byte	8
 415 0182 27       		.byte	39
 416 0183 2A       		.byte	42
 417 0184 28       		.byte	40
 418 0185 01       		.byte	1
 419 0186 2A       		.byte	42
 420 0187 18       		.byte	24
 421 0188 2D       		.byte	45
 422 0189 20       		.byte	32
 423 018a 2F       		.byte	47
 424 018b 08       		.byte	8
 425 018c 31       		.byte	49
 426 018d 88       		.byte	-120
 427 018e 32       		.byte	50
 428 018f 10       		.byte	16
 429 0190 34       		.byte	52
 430 0191 20       		.byte	32
 431 0192 35       		.byte	53
 432 0193 10       		.byte	16
 433 0194 37       		.byte	55
 434 0195 0A       		.byte	10
 435 0196 38       		.byte	56
 436 0197 10       		.byte	16
 437 0198 39       		.byte	57
 438 0199 40       		.byte	64
 439 019a 3A       		.byte	58
 440 019b 06       		.byte	6
 441 019c 3F       		.byte	63
 442 019d 21       		.byte	33
 443 019e 47       		.byte	71
 444 019f 20       		.byte	32
 445 01a0 4F       		.byte	79
 446 01a1 01       		.byte	1
 447 01a2 56       		.byte	86
 448 01a3 80       		.byte	-128
 449 01a4 59       		.byte	89
 450 01a5 40       		.byte	64
 451 01a6 68       		.byte	104
 452 01a7 06       		.byte	6
 453 01a8 69       		.byte	105
 454 01a9 04       		.byte	4
 455 01aa 70       		.byte	112
 456 01ab 80       		.byte	-128
ARM GAS  C:\Users\laure\AppData\Local\Temp\ccHANYN7.s 			page 9


 457 01ac 72       		.byte	114
 458 01ad 0A       		.byte	10
 459 01ae 73       		.byte	115
 460 01af 14       		.byte	20
 461 01b0 C0       		.byte	-64
 462 01b1 F7       		.byte	-9
 463 01b2 C2       		.byte	-62
 464 01b3 8F       		.byte	-113
 465 01b4 C4       		.byte	-60
 466 01b5 2F       		.byte	47
 467 01b6 CA       		.byte	-54
 468 01b7 2E       		.byte	46
 469 01b8 CC       		.byte	-52
 470 01b9 EE       		.byte	-18
 471 01ba CE       		.byte	-50
 472 01bb AF       		.byte	-81
 473 01bc D0       		.byte	-48
 474 01bd 20       		.byte	32
 475 01be D6       		.byte	-42
 476 01bf 08       		.byte	8
 477 01c0 E0       		.byte	-32
 478 01c1 02       		.byte	2
 479 01c2 40       		.byte	64
 480 01c3 30       		.byte	48
 481 01c4 41       		.byte	65
 482 01c5 02       		.byte	2
 483 01c6 49       		.byte	73
 484 01c7 FF       		.byte	-1
 485 01c8 4A       		.byte	74
 486 01c9 FF       		.byte	-1
 487 01ca 4B       		.byte	75
 488 01cb FF       		.byte	-1
 489 01cc 4D       		.byte	77
 490 01cd A0       		.byte	-96
 491 01ce 4F       		.byte	79
 492 01cf 04       		.byte	4
 493 01d0 50       		.byte	80
 494 01d1 18       		.byte	24
 495 01d2 5A       		.byte	90
 496 01d3 04       		.byte	4
 497 01d4 5D       		.byte	93
 498 01d5 01       		.byte	1
 499 01d6 5F       		.byte	95
 500 01d7 01       		.byte	1
 501 01d8 60       		.byte	96
 502 01d9 40       		.byte	64
 503 01da 62       		.byte	98
 504 01db C0       		.byte	-64
 505 01dc 64       		.byte	100
 506 01dd 40       		.byte	64
 507 01de 65       		.byte	101
 508 01df 40       		.byte	64
 509 01e0 66       		.byte	102
 510 01e1 C0       		.byte	-64
 511 01e2 68       		.byte	104
 512 01e3 C0       		.byte	-64
 513 01e4 6A       		.byte	106
ARM GAS  C:\Users\laure\AppData\Local\Temp\ccHANYN7.s 			page 10


 514 01e5 C0       		.byte	-64
 515 01e6 6C       		.byte	108
 516 01e7 C0       		.byte	-64
 517 01e8 6E       		.byte	110
 518 01e9 C0       		.byte	-64
 519 01ea 87       		.byte	-121
 520 01eb 01       		.byte	1
 521 01ec 8B       		.byte	-117
 522 01ed 02       		.byte	2
 523 01ee 96       		.byte	-106
 524 01ef 02       		.byte	2
 525 01f0 9A       		.byte	-102
 526 01f1 06       		.byte	6
 527 01f2 A5       		.byte	-91
 528 01f3 01       		.byte	1
 529 01f4 AB       		.byte	-85
 530 01f5 02       		.byte	2
 531 01f6 AE       		.byte	-82
 532 01f7 01       		.byte	1
 533 01f8 B0       		.byte	-80
 534 01f9 02       		.byte	2
 535 01fa B2       		.byte	-78
 536 01fb 01       		.byte	1
 537 01fc B4       		.byte	-76
 538 01fd 04       		.byte	4
 539 01fe B5       		.byte	-75
 540 01ff 02       		.byte	2
 541 0200 B7       		.byte	-73
 542 0201 01       		.byte	1
 543 0202 BF       		.byte	-65
 544 0203 10       		.byte	16
 545 0204 C0       		.byte	-64
 546 0205 30       		.byte	48
 547 0206 C1       		.byte	-63
 548 0207 06       		.byte	6
 549 0208 C5       		.byte	-59
 550 0209 D1       		.byte	-47
 551 020a C6       		.byte	-58
 552 020b 20       		.byte	32
 553 020c C8       		.byte	-56
 554 020d 0B       		.byte	11
 555 020e C9       		.byte	-55
 556 020f FF       		.byte	-1
 557 0210 CA       		.byte	-54
 558 0211 FF       		.byte	-1
 559 0212 CB       		.byte	-53
 560 0213 FF       		.byte	-1
 561 0214 CD       		.byte	-51
 562 0215 AF       		.byte	-81
 563 0216 CE       		.byte	-50
 564 0217 0F       		.byte	15
 565 0218 CF       		.byte	-49
 566 0219 04       		.byte	4
 567 021a D0       		.byte	-48
 568 021b 18       		.byte	24
 569 021c D2       		.byte	-46
 570 021d 80       		.byte	-128
ARM GAS  C:\Users\laure\AppData\Local\Temp\ccHANYN7.s 			page 11


 571 021e D4       		.byte	-44
 572 021f 05       		.byte	5
 573 0220 D8       		.byte	-40
 574 0221 04       		.byte	4
 575 0222 D9       		.byte	-39
 576 0223 04       		.byte	4
 577 0224 DA       		.byte	-38
 578 0225 04       		.byte	4
 579 0226 DB       		.byte	-37
 580 0227 04       		.byte	4
 581 0228 DC       		.byte	-36
 582 0229 11       		.byte	17
 583 022a DD       		.byte	-35
 584 022b 11       		.byte	17
 585 022c DF       		.byte	-33
 586 022d 01       		.byte	1
 587 022e E0       		.byte	-32
 588 022f 40       		.byte	64
 589 0230 E2       		.byte	-30
 590 0231 C0       		.byte	-64
 591 0232 E4       		.byte	-28
 592 0233 40       		.byte	64
 593 0234 E5       		.byte	-27
 594 0235 40       		.byte	64
 595 0236 E6       		.byte	-26
 596 0237 C0       		.byte	-64
 597 0238 E8       		.byte	-24
 598 0239 C0       		.byte	-64
 599 023a EA       		.byte	-22
 600 023b C0       		.byte	-64
 601 023c EC       		.byte	-20
 602 023d C0       		.byte	-64
 603 023e EE       		.byte	-18
 604 023f C0       		.byte	-64
 605 0240 0D       		.byte	13
 606 0241 08       		.byte	8
 607 0242 0F       		.byte	15
 608 0243 04       		.byte	4
 609 0244 17       		.byte	23
 610 0245 40       		.byte	64
 611 0246 1C       		.byte	28
 612 0247 10       		.byte	16
 613 0248 1D       		.byte	29
 614 0249 08       		.byte	8
 615 024a 1F       		.byte	31
 616 024b 26       		.byte	38
 617 024c 26       		.byte	38
 618 024d 40       		.byte	64
 619 024e 27       		.byte	39
 620 024f 08       		.byte	8
 621 0250 2F       		.byte	47
 622 0251 24       		.byte	36
 623 0252 3F       		.byte	63
 624 0253 24       		.byte	36
 625 0254 40       		.byte	64
 626 0255 10       		.byte	16
 627 0256 41       		.byte	65
ARM GAS  C:\Users\laure\AppData\Local\Temp\ccHANYN7.s 			page 12


 628 0257 20       		.byte	32
 629 0258 45       		.byte	69
 630 0259 08       		.byte	8
 631 025a 4F       		.byte	79
 632 025b 25       		.byte	37
 633 025c 55       		.byte	85
 634 025d 20       		.byte	32
 635 025e 57       		.byte	87
 636 025f 10       		.byte	16
 637 0260 5E       		.byte	94
 638 0261 80       		.byte	-128
 639 0262 5F       		.byte	95
 640 0263 09       		.byte	9
 641 0264 77       		.byte	119
 642 0265 40       		.byte	64
 643 0266 A7       		.byte	-89
 644 0267 02       		.byte	2
 645 0268 B7       		.byte	-73
 646 0269 02       		.byte	2
 647 026a C2       		.byte	-62
 648 026b 60       		.byte	96
 649 026c C4       		.byte	-60
 650 026d 80       		.byte	-128
 651 026e CA       		.byte	-54
 652 026f 60       		.byte	96
 653 0270 CE       		.byte	-50
 654 0271 60       		.byte	96
 655 0272 D0       		.byte	-48
 656 0273 46       		.byte	70
 657 0274 D2       		.byte	-46
 658 0275 20       		.byte	32
 659 0276 D6       		.byte	-42
 660 0277 D0       		.byte	-48
 661 0278 E6       		.byte	-26
 662 0279 02       		.byte	2
 663 027a EE       		.byte	-18
 664 027b 40       		.byte	64
 665 027c 0B       		.byte	11
 666 027d 01       		.byte	1
 667 027e 27       		.byte	39
 668 027f 01       		.byte	1
 669 0280 31       		.byte	49
 670 0281 01       		.byte	1
 671 0282 40       		.byte	64
 672 0283 60       		.byte	96
 673 0284 41       		.byte	65
 674 0285 02       		.byte	2
 675 0286 49       		.byte	73
 676 0287 FF       		.byte	-1
 677 0288 4A       		.byte	74
 678 0289 FF       		.byte	-1
 679 028a 4B       		.byte	75
 680 028b FF       		.byte	-1
 681 028c 4D       		.byte	77
 682 028d A0       		.byte	-96
 683 028e 4F       		.byte	79
 684 028f 04       		.byte	4
ARM GAS  C:\Users\laure\AppData\Local\Temp\ccHANYN7.s 			page 13


 685 0290 50       		.byte	80
 686 0291 18       		.byte	24
 687 0292 59       		.byte	89
 688 0293 04       		.byte	4
 689 0294 5A       		.byte	90
 690 0295 04       		.byte	4
 691 0296 5C       		.byte	92
 692 0297 20       		.byte	32
 693 0298 5D       		.byte	93
 694 0299 02       		.byte	2
 695 029a 5F       		.byte	95
 696 029b 01       		.byte	1
 697 029c 60       		.byte	96
 698 029d 40       		.byte	64
 699 029e 62       		.byte	98
 700 029f C0       		.byte	-64
 701 02a0 64       		.byte	100
 702 02a1 40       		.byte	64
 703 02a2 65       		.byte	101
 704 02a3 40       		.byte	64
 705 02a4 66       		.byte	102
 706 02a5 C0       		.byte	-64
 707 02a6 68       		.byte	104
 708 02a7 C0       		.byte	-64
 709 02a8 6A       		.byte	106
 710 02a9 C0       		.byte	-64
 711 02aa 6C       		.byte	108
 712 02ab C0       		.byte	-64
 713 02ac 6E       		.byte	110
 714 02ad C0       		.byte	-64
 715 02ae 86       		.byte	-122
 716 02af 02       		.byte	2
 717 02b0 92       		.byte	-110
 718 02b1 01       		.byte	1
 719 02b2 9B       		.byte	-101
 720 02b3 01       		.byte	1
 721 02b4 A6       		.byte	-90
 722 02b5 04       		.byte	4
 723 02b6 AA       		.byte	-86
 724 02b7 02       		.byte	2
 725 02b8 AD       		.byte	-83
 726 02b9 01       		.byte	1
 727 02ba B0       		.byte	-80
 728 02bb 02       		.byte	2
 729 02bc B4       		.byte	-76
 730 02bd 01       		.byte	1
 731 02be B6       		.byte	-74
 732 02bf 04       		.byte	4
 733 02c0 B7       		.byte	-73
 734 02c1 01       		.byte	1
 735 02c2 BE       		.byte	-66
 736 02c3 01       		.byte	1
 737 02c4 C0       		.byte	-64
 738 02c5 20       		.byte	32
 739 02c6 C1       		.byte	-63
 740 02c7 06       		.byte	6
 741 02c8 C5       		.byte	-59
ARM GAS  C:\Users\laure\AppData\Local\Temp\ccHANYN7.s 			page 14


 742 02c9 D1       		.byte	-47
 743 02ca C7       		.byte	-57
 744 02cb 02       		.byte	2
 745 02cc C8       		.byte	-56
 746 02cd 13       		.byte	19
 747 02ce C9       		.byte	-55
 748 02cf FF       		.byte	-1
 749 02d0 CA       		.byte	-54
 750 02d1 FF       		.byte	-1
 751 02d2 CB       		.byte	-53
 752 02d3 FF       		.byte	-1
 753 02d4 CD       		.byte	-51
 754 02d5 AF       		.byte	-81
 755 02d6 CE       		.byte	-50
 756 02d7 0F       		.byte	15
 757 02d8 CF       		.byte	-49
 758 02d9 04       		.byte	4
 759 02da D0       		.byte	-48
 760 02db 18       		.byte	24
 761 02dc D2       		.byte	-46
 762 02dd 80       		.byte	-128
 763 02de D4       		.byte	-44
 764 02df 05       		.byte	5
 765 02e0 D8       		.byte	-40
 766 02e1 04       		.byte	4
 767 02e2 D9       		.byte	-39
 768 02e3 04       		.byte	4
 769 02e4 DA       		.byte	-38
 770 02e5 04       		.byte	4
 771 02e6 DB       		.byte	-37
 772 02e7 04       		.byte	4
 773 02e8 DC       		.byte	-36
 774 02e9 22       		.byte	34
 775 02ea DD       		.byte	-35
 776 02eb 22       		.byte	34
 777 02ec DF       		.byte	-33
 778 02ed 01       		.byte	1
 779 02ee E0       		.byte	-32
 780 02ef 40       		.byte	64
 781 02f0 E2       		.byte	-30
 782 02f1 C0       		.byte	-64
 783 02f2 E4       		.byte	-28
 784 02f3 40       		.byte	64
 785 02f4 E5       		.byte	-27
 786 02f5 40       		.byte	64
 787 02f6 E6       		.byte	-26
 788 02f7 C0       		.byte	-64
 789 02f8 E8       		.byte	-24
 790 02f9 C0       		.byte	-64
 791 02fa EA       		.byte	-22
 792 02fb C0       		.byte	-64
 793 02fc EC       		.byte	-20
 794 02fd C0       		.byte	-64
 795 02fe EE       		.byte	-18
 796 02ff C0       		.byte	-64
 797 0300 00       		.byte	0
 798 0301 04       		.byte	4
ARM GAS  C:\Users\laure\AppData\Local\Temp\ccHANYN7.s 			page 15


 799 0302 09       		.byte	9
 800 0303 02       		.byte	2
 801 0304 10       		.byte	16
 802 0305 20       		.byte	32
 803 0306 12       		.byte	18
 804 0307 04       		.byte	4
 805 0308 18       		.byte	24
 806 0309 44       		.byte	68
 807 030a 19       		.byte	25
 808 030b 40       		.byte	64
 809 030c 1B       		.byte	27
 810 030d 10       		.byte	16
 811 030e 22       		.byte	34
 812 030f 40       		.byte	64
 813 0310 27       		.byte	39
 814 0311 80       		.byte	-128
 815 0312 29       		.byte	41
 816 0313 40       		.byte	64
 817 0314 2C       		.byte	44
 818 0315 20       		.byte	32
 819 0316 30       		.byte	48
 820 0317 20       		.byte	32
 821 0318 3F       		.byte	63
 822 0319 20       		.byte	32
 823 031a 40       		.byte	64
 824 031b 04       		.byte	4
 825 031c 46       		.byte	70
 826 031d 04       		.byte	4
 827 031e 48       		.byte	72
 828 031f 28       		.byte	40
 829 0320 49       		.byte	73
 830 0321 01       		.byte	1
 831 0322 4F       		.byte	79
 832 0323 20       		.byte	32
 833 0324 50       		.byte	80
 834 0325 08       		.byte	8
 835 0326 52       		.byte	82
 836 0327 04       		.byte	4
 837 0328 58       		.byte	88
 838 0329 08       		.byte	8
 839 032a 59       		.byte	89
 840 032b 01       		.byte	1
 841 032c 5A       		.byte	90
 842 032d 80       		.byte	-128
 843 032e 71       		.byte	113
 844 032f 02       		.byte	2
 845 0330 80       		.byte	-128
 846 0331 48       		.byte	72
 847 0332 83       		.byte	-125
 848 0333 80       		.byte	-128
 849 0334 C0       		.byte	-64
 850 0335 04       		.byte	4
 851 0336 C2       		.byte	-62
 852 0337 08       		.byte	8
 853 0338 C4       		.byte	-60
 854 0339 06       		.byte	6
 855 033a CA       		.byte	-54
ARM GAS  C:\Users\laure\AppData\Local\Temp\ccHANYN7.s 			page 16


 856 033b 48       		.byte	72
 857 033c CC       		.byte	-52
 858 033d 04       		.byte	4
 859 033e CE       		.byte	-50
 860 033f 20       		.byte	32
 861 0340 D0       		.byte	-48
 862 0341 24       		.byte	36
 863 0342 D2       		.byte	-46
 864 0343 24       		.byte	36
 865 0344 D6       		.byte	-42
 866 0345 0B       		.byte	11
 867 0346 E6       		.byte	-26
 868 0347 01       		.byte	1
 869 0348 01       		.byte	1
 870 0349 01       		.byte	1
 871 034a 02       		.byte	2
 872 034b 03       		.byte	3
 873 034c 04       		.byte	4
 874 034d 09       		.byte	9
 875 034e 06       		.byte	6
 876 034f 10       		.byte	16
 877 0350 08       		.byte	8
 878 0351 2C       		.byte	44
 879 0352 0A       		.byte	10
 880 0353 11       		.byte	17
 881 0354 0C       		.byte	12
 882 0355 30       		.byte	48
 883 0356 0E       		.byte	14
 884 0357 0C       		.byte	12
 885 0358 11       		.byte	17
 886 0359 02       		.byte	2
 887 035a 16       		.byte	22
 888 035b 20       		.byte	32
 889 035c 1E       		.byte	30
 890 035d 20       		.byte	32
 891 035e 20       		.byte	32
 892 035f 10       		.byte	16
 893 0360 24       		.byte	36
 894 0361 1C       		.byte	28
 895 0362 26       		.byte	38
 896 0363 22       		.byte	34
 897 0364 28       		.byte	40
 898 0365 14       		.byte	20
 899 0366 30       		.byte	48
 900 0367 1F       		.byte	31
 901 0368 31       		.byte	49
 902 0369 02       		.byte	2
 903 036a 32       		.byte	50
 904 036b 20       		.byte	32
 905 036c 33       		.byte	51
 906 036d 01       		.byte	1
 907 036e 3E       		.byte	62
 908 036f 04       		.byte	4
 909 0370 3F       		.byte	63
 910 0371 05       		.byte	5
 911 0372 40       		.byte	64
 912 0373 41       		.byte	65
ARM GAS  C:\Users\laure\AppData\Local\Temp\ccHANYN7.s 			page 17


 913 0374 41       		.byte	65
 914 0375 06       		.byte	6
 915 0376 46       		.byte	70
 916 0377 C0       		.byte	-64
 917 0378 47       		.byte	71
 918 0379 EB       		.byte	-21
 919 037a 48       		.byte	72
 920 037b 38       		.byte	56
 921 037c 49       		.byte	73
 922 037d FF       		.byte	-1
 923 037e 4A       		.byte	74
 924 037f FF       		.byte	-1
 925 0380 4B       		.byte	75
 926 0381 FF       		.byte	-1
 927 0382 4E       		.byte	78
 928 0383 F0       		.byte	-16
 929 0384 4F       		.byte	79
 930 0385 44       		.byte	68
 931 0386 50       		.byte	80
 932 0387 0C       		.byte	12
 933 0388 54       		.byte	84
 934 0389 01       		.byte	1
 935 038a 58       		.byte	88
 936 038b 04       		.byte	4
 937 038c 59       		.byte	89
 938 038d 04       		.byte	4
 939 038e 5A       		.byte	90
 940 038f 04       		.byte	4
 941 0390 5B       		.byte	91
 942 0391 04       		.byte	4
 943 0392 5C       		.byte	92
 944 0393 03       		.byte	3
 945 0394 5D       		.byte	93
 946 0395 33       		.byte	51
 947 0396 5F       		.byte	95
 948 0397 01       		.byte	1
 949 0398 66       		.byte	102
 950 0399 C0       		.byte	-64
 951 039a 6A       		.byte	106
 952 039b 40       		.byte	64
 953 039c 6B       		.byte	107
 954 039d 02       		.byte	2
 955 039e 80       		.byte	-128
 956 039f 11       		.byte	17
 957 03a0 82       		.byte	-126
 958 03a1 6A       		.byte	106
 959 03a2 84       		.byte	-124
 960 03a3 37       		.byte	55
 961 03a4 85       		.byte	-123
 962 03a5 02       		.byte	2
 963 03a6 8B       		.byte	-117
 964 03a7 04       		.byte	4
 965 03a8 8C       		.byte	-116
 966 03a9 24       		.byte	36
 967 03aa 8E       		.byte	-114
 968 03ab 52       		.byte	82
 969 03ac 8F       		.byte	-113
ARM GAS  C:\Users\laure\AppData\Local\Temp\ccHANYN7.s 			page 18


 970 03ad 04       		.byte	4
 971 03ae 91       		.byte	-111
 972 03af 02       		.byte	2
 973 03b0 98       		.byte	-104
 974 03b1 02       		.byte	2
 975 03b2 9A       		.byte	-102
 976 03b3 85       		.byte	-123
 977 03b4 9B       		.byte	-101
 978 03b5 01       		.byte	1
 979 03b6 9F       		.byte	-97
 980 03b7 01       		.byte	1
 981 03b8 A4       		.byte	-92
 982 03b9 37       		.byte	55
 983 03ba A5       		.byte	-91
 984 03bb 02       		.byte	2
 985 03bc B0       		.byte	-80
 986 03bd 30       		.byte	48
 987 03be B1       		.byte	-79
 988 03bf 02       		.byte	2
 989 03c0 B2       		.byte	-78
 990 03c1 08       		.byte	8
 991 03c2 B4       		.byte	-76
 992 03c3 07       		.byte	7
 993 03c4 B5       		.byte	-75
 994 03c5 04       		.byte	4
 995 03c6 B6       		.byte	-74
 996 03c7 C0       		.byte	-64
 997 03c8 B7       		.byte	-73
 998 03c9 01       		.byte	1
 999 03ca BB       		.byte	-69
 1000 03cb 08       		.byte	8
 1001 03cc BE       		.byte	-66
 1002 03cd 40       		.byte	64
 1003 03ce BF       		.byte	-65
 1004 03cf 50       		.byte	80
 1005 03d0 C0       		.byte	-64
 1006 03d1 24       		.byte	36
 1007 03d2 C1       		.byte	-63
 1008 03d3 06       		.byte	6
 1009 03d4 C2       		.byte	-62
 1010 03d5 03       		.byte	3
 1011 03d6 C4       		.byte	-60
 1012 03d7 01       		.byte	1
 1013 03d8 C5       		.byte	-59
 1014 03d9 C0       		.byte	-64
 1015 03da C6       		.byte	-58
 1016 03db E0       		.byte	-32
 1017 03dc C8       		.byte	-56
 1018 03dd 0A       		.byte	10
 1019 03de C9       		.byte	-55
 1020 03df FF       		.byte	-1
 1021 03e0 CA       		.byte	-54
 1022 03e1 FF       		.byte	-1
 1023 03e2 CB       		.byte	-53
 1024 03e3 FF       		.byte	-1
 1025 03e4 CC       		.byte	-52
 1026 03e5 62       		.byte	98
ARM GAS  C:\Users\laure\AppData\Local\Temp\ccHANYN7.s 			page 19


 1027 03e6 CD       		.byte	-51
 1028 03e7 A0       		.byte	-96
 1029 03e8 CE       		.byte	-50
 1030 03e9 F0       		.byte	-16
 1031 03ea CF       		.byte	-49
 1032 03eb 41       		.byte	65
 1033 03ec D0       		.byte	-48
 1034 03ed 0C       		.byte	12
 1035 03ee D4       		.byte	-44
 1036 03ef 18       		.byte	24
 1037 03f0 D6       		.byte	-42
 1038 03f1 04       		.byte	4
 1039 03f2 D8       		.byte	-40
 1040 03f3 04       		.byte	4
 1041 03f4 D9       		.byte	-39
 1042 03f5 04       		.byte	4
 1043 03f6 DA       		.byte	-38
 1044 03f7 04       		.byte	4
 1045 03f8 DB       		.byte	-37
 1046 03f9 04       		.byte	4
 1047 03fa DC       		.byte	-36
 1048 03fb 33       		.byte	51
 1049 03fc DD       		.byte	-35
 1050 03fd 33       		.byte	51
 1051 03fe DF       		.byte	-33
 1052 03ff 01       		.byte	1
 1053 0400 E6       		.byte	-26
 1054 0401 40       		.byte	64
 1055 0402 E7       		.byte	-25
 1056 0403 02       		.byte	2
 1057 0404 E9       		.byte	-23
 1058 0405 10       		.byte	16
 1059 0406 EA       		.byte	-22
 1060 0407 30       		.byte	48
 1061 0408 EB       		.byte	-21
 1062 0409 10       		.byte	16
 1063 040a ED       		.byte	-19
 1064 040b 10       		.byte	16
 1065 040c EE       		.byte	-18
 1066 040d 10       		.byte	16
 1067 040e EF       		.byte	-17
 1068 040f 12       		.byte	18
 1069 0410 00       		.byte	0
 1070 0411 4A       		.byte	74
 1071 0412 03       		.byte	3
 1072 0413 20       		.byte	32
 1073 0414 04       		.byte	4
 1074 0415 08       		.byte	8
 1075 0416 05       		.byte	5
 1076 0417 21       		.byte	33
 1077 0418 07       		.byte	7
 1078 0419 02       		.byte	2
 1079 041a 0A       		.byte	10
 1080 041b 04       		.byte	4
 1081 041c 0D       		.byte	13
 1082 041d 80       		.byte	-128
 1083 041e 0E       		.byte	14
ARM GAS  C:\Users\laure\AppData\Local\Temp\ccHANYN7.s 			page 20


 1084 041f 10       		.byte	16
 1085 0420 0F       		.byte	15
 1086 0421 21       		.byte	33
 1087 0422 11       		.byte	17
 1088 0423 04       		.byte	4
 1089 0424 14       		.byte	20
 1090 0425 20       		.byte	32
 1091 0426 16       		.byte	22
 1092 0427 84       		.byte	-124
 1093 0428 18       		.byte	24
 1094 0429 41       		.byte	65
 1095 042a 1A       		.byte	26
 1096 042b 64       		.byte	100
 1097 042c 1C       		.byte	28
 1098 042d 20       		.byte	32
 1099 042e 1D       		.byte	29
 1100 042f 01       		.byte	1
 1101 0430 21       		.byte	33
 1102 0431 09       		.byte	9
 1103 0432 22       		.byte	34
 1104 0433 89       		.byte	-119
 1105 0434 23       		.byte	35
 1106 0435 04       		.byte	4
 1107 0436 26       		.byte	38
 1108 0437 06       		.byte	6
 1109 0438 2B       		.byte	43
 1110 0439 20       		.byte	32
 1111 043a 30       		.byte	48
 1112 043b 82       		.byte	-126
 1113 043c 32       		.byte	50
 1114 043d 20       		.byte	32
 1115 043e 35       		.byte	53
 1116 043f 01       		.byte	1
 1117 0440 39       		.byte	57
 1118 0441 84       		.byte	-124
 1119 0442 3B       		.byte	59
 1120 0443 20       		.byte	32
 1121 0444 3D       		.byte	61
 1122 0445 03       		.byte	3
 1123 0446 40       		.byte	64
 1124 0447 01       		.byte	1
 1125 0448 41       		.byte	65
 1126 0449 05       		.byte	5
 1127 044a 43       		.byte	67
 1128 044b 10       		.byte	16
 1129 044c 45       		.byte	69
 1130 044d 80       		.byte	-128
 1131 044e 47       		.byte	71
 1132 044f 02       		.byte	2
 1133 0450 48       		.byte	72
 1134 0451 80       		.byte	-128
 1135 0452 4A       		.byte	74
 1136 0453 08       		.byte	8
 1137 0454 4D       		.byte	77
 1138 0455 20       		.byte	32
 1139 0456 53       		.byte	83
 1140 0457 10       		.byte	16
ARM GAS  C:\Users\laure\AppData\Local\Temp\ccHANYN7.s 			page 21


 1141 0458 55       		.byte	85
 1142 0459 01       		.byte	1
 1143 045a 56       		.byte	86
 1144 045b 04       		.byte	4
 1145 045c 57       		.byte	87
 1146 045d 10       		.byte	16
 1147 045e 59       		.byte	89
 1148 045f 02       		.byte	2
 1149 0460 5D       		.byte	93
 1150 0461 81       		.byte	-127
 1151 0462 5E       		.byte	94
 1152 0463 18       		.byte	24
 1153 0464 60       		.byte	96
 1154 0465 80       		.byte	-128
 1155 0466 62       		.byte	98
 1156 0467 80       		.byte	-128
 1157 0468 63       		.byte	99
 1158 0469 04       		.byte	4
 1159 046a 79       		.byte	121
 1160 046b 08       		.byte	8
 1161 046c 7A       		.byte	122
 1162 046d 20       		.byte	32
 1163 046e 80       		.byte	-128
 1164 046f 80       		.byte	-128
 1165 0470 90       		.byte	-112
 1166 0471 08       		.byte	8
 1167 0472 91       		.byte	-111
 1168 0473 84       		.byte	-124
 1169 0474 93       		.byte	-109
 1170 0475 01       		.byte	1
 1171 0476 95       		.byte	-107
 1172 0477 40       		.byte	64
 1173 0478 96       		.byte	-106
 1174 0479 66       		.byte	102
 1175 047a 98       		.byte	-104
 1176 047b 20       		.byte	32
 1177 047c 99       		.byte	-103
 1178 047d 22       		.byte	34
 1179 047e 9A       		.byte	-102
 1180 047f 80       		.byte	-128
 1181 0480 9B       		.byte	-101
 1182 0481 12       		.byte	18
 1183 0482 A0       		.byte	-96
 1184 0483 06       		.byte	6
 1185 0484 A2       		.byte	-94
 1186 0485 20       		.byte	32
 1187 0486 A5       		.byte	-91
 1188 0487 08       		.byte	8
 1189 0488 A7       		.byte	-89
 1190 0489 10       		.byte	16
 1191 048a C0       		.byte	-64
 1192 048b FD       		.byte	-3
 1193 048c C2       		.byte	-62
 1194 048d A2       		.byte	-94
 1195 048e C4       		.byte	-60
 1196 048f 74       		.byte	116
 1197 0490 CA       		.byte	-54
ARM GAS  C:\Users\laure\AppData\Local\Temp\ccHANYN7.s 			page 22


 1198 0491 02       		.byte	2
 1199 0492 CC       		.byte	-52
 1200 0493 8D       		.byte	-115
 1201 0494 CE       		.byte	-50
 1202 0495 8E       		.byte	-114
 1203 0496 D0       		.byte	-48
 1204 0497 9F       		.byte	-97
 1205 0498 D2       		.byte	-46
 1206 0499 24       		.byte	36
 1207 049a D6       		.byte	-42
 1208 049b F1       		.byte	-15
 1209 049c D8       		.byte	-40
 1210 049d 0D       		.byte	13
 1211 049e B8       		.byte	-72
 1212 049f 28       		.byte	40
 1213 04a0 BE       		.byte	-66
 1214 04a1 14       		.byte	20
 1215 04a2 D8       		.byte	-40
 1216 04a3 04       		.byte	4
 1217 04a4 DF       		.byte	-33
 1218 04a5 01       		.byte	1
 1219 04a6 1C       		.byte	28
 1220 04a7 08       		.byte	8
 1221 04a8 1F       		.byte	31
 1222 04a9 08       		.byte	8
 1223 04aa 87       		.byte	-121
 1224 04ab 08       		.byte	8
 1225 04ac 88       		.byte	-120
 1226 04ad 04       		.byte	4
 1227 04ae AE       		.byte	-82
 1228 04af 02       		.byte	2
 1229 04b0 B0       		.byte	-80
 1230 04b1 11       		.byte	17
 1231 04b2 B1       		.byte	-79
 1232 04b3 80       		.byte	-128
 1233 04b4 B5       		.byte	-75
 1234 04b5 40       		.byte	64
 1235 04b6 E8       		.byte	-24
 1236 04b7 02       		.byte	2
 1237 04b8 32       		.byte	50
 1238 04b9 40       		.byte	64
 1239 04ba CC       		.byte	-52
 1240 04bb 10       		.byte	16
 1241 04bc 96       		.byte	-106
 1242 04bd 80       		.byte	-128
 1243 04be 87       		.byte	-121
 1244 04bf 01       		.byte	1
 1245 04c0 96       		.byte	-106
 1246 04c1 80       		.byte	-128
 1247 04c2 E0       		.byte	-32
 1248 04c3 40       		.byte	64
 1249 04c4 96       		.byte	-106
 1250 04c5 80       		.byte	-128
 1251 04c6 9F       		.byte	-97
 1252 04c7 01       		.byte	1
 1253 04c8 7C       		.byte	124
 1254 04c9 02       		.byte	2
ARM GAS  C:\Users\laure\AppData\Local\Temp\ccHANYN7.s 			page 23


 1255 04ca DE       		.byte	-34
 1256 04cb 01       		.byte	1
 1257 04cc 9C       		.byte	-100
 1258 04cd 02       		.byte	2
 1259 04ce 45       		.byte	69
 1260 04cf 08       		.byte	8
 1261 04d0 85       		.byte	-123
 1262 04d1 08       		.byte	8
 1263 04d2 9C       		.byte	-100
 1264 04d3 02       		.byte	2
 1265 04d4 D0       		.byte	-48
 1266 04d5 01       		.byte	1
 1267 04d6 9C       		.byte	-100
 1268 04d7 02       		.byte	2
 1269 04d8 27       		.byte	39
 1270 04d9 01       		.byte	1
 1271 04da 56       		.byte	86
 1272 04db 20       		.byte	32
 1273 04dc 5F       		.byte	95
 1274 04dd 20       		.byte	32
 1275 04de 67       		.byte	103
 1276 04df 40       		.byte	64
 1277 04e0 82       		.byte	-126
 1278 04e1 40       		.byte	64
 1279 04e2 83       		.byte	-125
 1280 04e3 20       		.byte	32
 1281 04e4 96       		.byte	-106
 1282 04e5 80       		.byte	-128
 1283 04e6 9F       		.byte	-97
 1284 04e7 01       		.byte	1
 1285 04e8 C8       		.byte	-56
 1286 04e9 20       		.byte	32
 1287 04ea D4       		.byte	-44
 1288 04eb 40       		.byte	64
 1289 04ec D6       		.byte	-42
 1290 04ed 20       		.byte	32
 1291 04ee D8       		.byte	-40
 1292 04ef 80       		.byte	-128
 1293 04f0 E2       		.byte	-30
 1294 04f1 80       		.byte	-128
 1295 04f2 E6       		.byte	-26
 1296 04f3 80       		.byte	-128
 1297 04f4 87       		.byte	-121
 1298 04f5 40       		.byte	64
 1299 04f6 97       		.byte	-105
 1300 04f7 40       		.byte	64
 1301 04f8 B6       		.byte	-74
 1302 04f9 20       		.byte	32
 1303 04fa E6       		.byte	-26
 1304 04fb 40       		.byte	64
 1305 04fc 08       		.byte	8
 1306 04fd 08       		.byte	8
 1307 04fe 61       		.byte	97
 1308 04ff 02       		.byte	2
 1309 0500 9C       		.byte	-100
 1310 0501 02       		.byte	2
 1311 0502 C2       		.byte	-62
ARM GAS  C:\Users\laure\AppData\Local\Temp\ccHANYN7.s 			page 24


 1312 0503 08       		.byte	8
 1313 0504 D8       		.byte	-40
 1314 0505 02       		.byte	2
 1315 0506 88       		.byte	-120
 1316 0507 02       		.byte	2
 1317 0508 9C       		.byte	-100
 1318 0509 02       		.byte	2
 1319 050a AD       		.byte	-83
 1320 050b 02       		.byte	2
 1321 050c B0       		.byte	-80
 1322 050d 08       		.byte	8
 1323 050e B4       		.byte	-76
 1324 050f 08       		.byte	8
 1325 0510 E0       		.byte	-32
 1326 0511 04       		.byte	4
 1327 0512 EA       		.byte	-22
 1328 0513 03       		.byte	3
 1329 0514 00       		.byte	0
 1330 0515 08       		.byte	8
 1331 0516 0C       		.byte	12
 1332 0517 08       		.byte	8
 1333 0518 10       		.byte	16
 1334 0519 0E       		.byte	14
 1335 051a 1A       		.byte	26
 1336 051b 06       		.byte	6
 1337 051c 1C       		.byte	28
 1338 051d 08       		.byte	8
 1339 051e 00       		.byte	0
 1340 051f 03       		.byte	3
 1341 0520 80       		.byte	-128
 1342 0521 63       		.byte	99
 1343 0522 63       		.byte	99
 1344 0523 00       		.byte	0
 1345 0524 00       		.byte	0
 1346 0525 00       		.byte	0
 1347 0526 00       		.byte	0
 1348 0527 00       		.byte	0
 1349 0528 3C       		.byte	60
 1350 0529 00       		.byte	0
 1351 052a 00       		.byte	0
 1352 052b 00       		.byte	0
 1353 052c 00       		.byte	0
 1354 052d 00       		.byte	0
 1355 052e 00       		.byte	0
 1356 052f 00       		.byte	0
 1357 0530 01       		.byte	1
 1358 0531 00       		.byte	0
 1359 0532 00       		.byte	0
 1360 0533 2D       		.byte	45
 1361 0534 2C       		.byte	44
 1362 0535 00       		.byte	0
 1363 0536 0C       		.byte	12
 1364 0537 00       		.byte	0
 1365 0538 00       		.byte	0
 1366 0539 00       		.byte	0
 1367 053a 00       		.byte	0
 1368 053b 00       		.byte	0
ARM GAS  C:\Users\laure\AppData\Local\Temp\ccHANYN7.s 			page 25


 1369 053c 20       		.byte	32
 1370 053d 00       		.byte	0
 1371 053e 10       		.byte	16
 1372 053f 2B       		.byte	43
 1373 0540 2B       		.byte	43
 1374 0541 00       		.byte	0
 1375 0542 20       		.byte	32
 1376 0543 00       		.byte	0
 1377 0544 00       		.byte	0
 1378 0545 00       		.byte	0
 1379 0546 00       		.byte	0
 1380 0547 00       		.byte	0
 1381 0548 80       		.byte	-128
 1382 0549 7F       		.byte	127
 1383 054a 7F       		.byte	127
 1384 054b 00       		.byte	0
 1385 054c 00       		.byte	0
 1386 054d 00       		.byte	0
 1387 054e 00       		.byte	0
 1388 054f 00       		.byte	0
 1389 0550 E0       		.byte	-32
 1390 0551 00       		.byte	0
 1391 0552 00       		.byte	0
 1392 0553 E0       		.byte	-32
 1393 0554 1A       		.byte	26
 1394 0555 00       		.byte	0
 1395 0556 00       		.byte	0
 1396 0557 00       		.byte	0
 1397 0558 00       		.byte	0
 1398 0559 00       		.byte	0
 1399 055a 00       		.byte	0
 1400 055b 00       		.byte	0
 1401 055c 08       		.byte	8
 1402 055d 00       		.byte	0
 1403 055e 18       		.byte	24
 1404 055f 01       		.byte	1
 1405              		.section	.cywolatch,"a",%progbits
 1406              		.align	2
 1407              		.type	cy_meta_wonvl, %object
 1408              		.size	cy_meta_wonvl, 4
 1409              	cy_meta_wonvl:
 1410 0000 BC       		.byte	-68
 1411 0001 90       		.byte	-112
 1412 0002 AC       		.byte	-84
 1413 0003 AF       		.byte	-81
 1414              		.section	.cycustnvl,"a",%progbits
 1415              		.align	2
 1416              		.type	cy_meta_custnvl, %object
 1417              		.size	cy_meta_custnvl, 4
 1418              	cy_meta_custnvl:
 1419 0000 00       		.byte	0
 1420 0001 00       		.byte	0
 1421 0002 40       		.byte	64
 1422 0003 05       		.byte	5
 1423              		.section	.cymeta,"a",%progbits
 1424              		.align	2
 1425              		.type	cy_metadata, %object
ARM GAS  C:\Users\laure\AppData\Local\Temp\ccHANYN7.s 			page 26


 1426              		.size	cy_metadata, 12
 1427              	cy_metadata:
 1428 0000 00       		.byte	0
 1429 0001 01       		.byte	1
 1430 0002 2E       		.byte	46
 1431 0003 16       		.byte	22
 1432 0004 10       		.byte	16
 1433 0005 69       		.byte	105
 1434 0006 00       		.byte	0
 1435 0007 01       		.byte	1
 1436 0008 00       		.byte	0
 1437 0009 00       		.byte	0
 1438 000a 00       		.byte	0
 1439 000b 00       		.byte	0
 1440              		.section	.cyflashprotect,"a",%progbits
 1441              		.align	2
 1442              		.type	cy_meta_flashprotect, %object
 1443              		.size	cy_meta_flashprotect, 256
 1444              	cy_meta_flashprotect:
 1445 0000 00000000 		.space	256
 1445      00000000 
 1445      00000000 
 1445      00000000 
 1445      00000000 
 1446              		.text
 1447              	.Letext0:
 1448              		.file 1 "c:\\program files (x86)\\cypress\\psoc creator\\4.3\\psoc creator\\import\\gnu\\arm\\5.4.
 1449              		.file 2 "c:\\program files (x86)\\cypress\\psoc creator\\4.3\\psoc creator\\import\\gnu\\arm\\5.4.
 1450              		.file 3 "Generated_Source\\PSoC5\\cymetadata.c"
 1451              		.section	.debug_info,"",%progbits
 1452              	.Ldebug_info0:
 1453 0000 32010000 		.4byte	0x132
 1454 0004 0400     		.2byte	0x4
 1455 0006 00000000 		.4byte	.Ldebug_abbrev0
 1456 000a 04       		.byte	0x4
 1457 000b 01       		.uleb128 0x1
 1458 000c 6B000000 		.4byte	.LASF17
 1459 0010 0C       		.byte	0xc
 1460 0011 C5010000 		.4byte	.LASF18
 1461 0015 0A000000 		.4byte	.LASF19
 1462 0019 00000000 		.4byte	.Ldebug_line0
 1463 001d 02       		.uleb128 0x2
 1464 001e 01       		.byte	0x1
 1465 001f 06       		.byte	0x6
 1466 0020 B9010000 		.4byte	.LASF0
 1467 0024 03       		.uleb128 0x3
 1468 0025 00000000 		.4byte	.LASF9
 1469 0029 01       		.byte	0x1
 1470 002a 1D       		.byte	0x1d
 1471 002b 2F000000 		.4byte	0x2f
 1472 002f 02       		.uleb128 0x2
 1473 0030 01       		.byte	0x1
 1474 0031 08       		.byte	0x8
 1475 0032 5D000000 		.4byte	.LASF1
 1476 0036 02       		.uleb128 0x2
 1477 0037 02       		.byte	0x2
 1478 0038 05       		.byte	0x5
ARM GAS  C:\Users\laure\AppData\Local\Temp\ccHANYN7.s 			page 27


 1479 0039 A6010000 		.4byte	.LASF2
 1480 003d 02       		.uleb128 0x2
 1481 003e 02       		.byte	0x2
 1482 003f 07       		.byte	0x7
 1483 0040 0B010000 		.4byte	.LASF3
 1484 0044 02       		.uleb128 0x2
 1485 0045 04       		.byte	0x4
 1486 0046 05       		.byte	0x5
 1487 0047 B0010000 		.4byte	.LASF4
 1488 004b 02       		.uleb128 0x2
 1489 004c 04       		.byte	0x4
 1490 004d 07       		.byte	0x7
 1491 004e F9000000 		.4byte	.LASF5
 1492 0052 02       		.uleb128 0x2
 1493 0053 08       		.byte	0x8
 1494 0054 05       		.byte	0x5
 1495 0055 98010000 		.4byte	.LASF6
 1496 0059 02       		.uleb128 0x2
 1497 005a 08       		.byte	0x8
 1498 005b 07       		.byte	0x7
 1499 005c 4D010000 		.4byte	.LASF7
 1500 0060 04       		.uleb128 0x4
 1501 0061 04       		.byte	0x4
 1502 0062 05       		.byte	0x5
 1503 0063 696E7400 		.ascii	"int\000"
 1504 0067 02       		.uleb128 0x2
 1505 0068 04       		.byte	0x4
 1506 0069 07       		.byte	0x7
 1507 006a 40010000 		.4byte	.LASF8
 1508 006e 03       		.uleb128 0x3
 1509 006f 64010000 		.4byte	.LASF10
 1510 0073 02       		.byte	0x2
 1511 0074 18       		.byte	0x18
 1512 0075 24000000 		.4byte	0x24
 1513 0079 05       		.uleb128 0x5
 1514 007a 91000000 		.4byte	0x91
 1515 007e 8A000000 		.4byte	0x8a
 1516 0082 06       		.uleb128 0x6
 1517 0083 8A000000 		.4byte	0x8a
 1518 0087 5F05     		.2byte	0x55f
 1519 0089 00       		.byte	0
 1520 008a 02       		.uleb128 0x2
 1521 008b 04       		.byte	0x4
 1522 008c 07       		.byte	0x7
 1523 008d 8F010000 		.4byte	.LASF11
 1524 0091 07       		.uleb128 0x7
 1525 0092 6E000000 		.4byte	0x6e
 1526 0096 08       		.uleb128 0x8
 1527 0097 2E010000 		.4byte	.LASF12
 1528 009b 03       		.byte	0x3
 1529 009c 1F       		.byte	0x1f
 1530 009d A7000000 		.4byte	0xa7
 1531 00a1 05       		.uleb128 0x5
 1532 00a2 03       		.byte	0x3
 1533 00a3 00000000 		.4byte	cy_meta_configecc
 1534 00a7 07       		.uleb128 0x7
 1535 00a8 79000000 		.4byte	0x79
ARM GAS  C:\Users\laure\AppData\Local\Temp\ccHANYN7.s 			page 28


 1536 00ac 05       		.uleb128 0x5
 1537 00ad 91000000 		.4byte	0x91
 1538 00b1 BC000000 		.4byte	0xbc
 1539 00b5 09       		.uleb128 0x9
 1540 00b6 8A000000 		.4byte	0x8a
 1541 00ba 03       		.byte	0x3
 1542 00bb 00       		.byte	0
 1543 00bc 08       		.uleb128 0x8
 1544 00bd 1E010000 		.4byte	.LASF13
 1545 00c1 03       		.byte	0x3
 1546 00c2 D8       		.byte	0xd8
 1547 00c3 CD000000 		.4byte	0xcd
 1548 00c7 05       		.uleb128 0x5
 1549 00c8 03       		.byte	0x3
 1550 00c9 00000000 		.4byte	cy_meta_custnvl
 1551 00cd 07       		.uleb128 0x7
 1552 00ce AC000000 		.4byte	0xac
 1553 00d2 08       		.uleb128 0x8
 1554 00d3 81010000 		.4byte	.LASF14
 1555 00d7 03       		.byte	0x3
 1556 00d8 E6       		.byte	0xe6
 1557 00d9 E3000000 		.4byte	0xe3
 1558 00dd 05       		.uleb128 0x5
 1559 00de 03       		.byte	0x3
 1560 00df 00000000 		.4byte	cy_meta_wonvl
 1561 00e3 07       		.uleb128 0x7
 1562 00e4 AC000000 		.4byte	0xac
 1563 00e8 05       		.uleb128 0x5
 1564 00e9 91000000 		.4byte	0x91
 1565 00ed F8000000 		.4byte	0xf8
 1566 00f1 09       		.uleb128 0x9
 1567 00f2 8A000000 		.4byte	0x8a
 1568 00f6 FF       		.byte	0xff
 1569 00f7 00       		.byte	0
 1570 00f8 08       		.uleb128 0x8
 1571 00f9 6C010000 		.4byte	.LASF15
 1572 00fd 03       		.byte	0x3
 1573 00fe F4       		.byte	0xf4
 1574 00ff 09010000 		.4byte	0x109
 1575 0103 05       		.uleb128 0x5
 1576 0104 03       		.byte	0x3
 1577 0105 00000000 		.4byte	cy_meta_flashprotect
 1578 0109 07       		.uleb128 0x7
 1579 010a E8000000 		.4byte	0xe8
 1580 010e 05       		.uleb128 0x5
 1581 010f 91000000 		.4byte	0x91
 1582 0113 1E010000 		.4byte	0x11e
 1583 0117 09       		.uleb128 0x9
 1584 0118 8A000000 		.4byte	0x8a
 1585 011c 0B       		.byte	0xb
 1586 011d 00       		.byte	0
 1587 011e 0A       		.uleb128 0xa
 1588 011f 51000000 		.4byte	.LASF16
 1589 0123 03       		.byte	0x3
 1590 0124 2101     		.2byte	0x121
 1591 0126 30010000 		.4byte	0x130
 1592 012a 05       		.uleb128 0x5
ARM GAS  C:\Users\laure\AppData\Local\Temp\ccHANYN7.s 			page 29


 1593 012b 03       		.byte	0x3
 1594 012c 00000000 		.4byte	cy_metadata
 1595 0130 07       		.uleb128 0x7
 1596 0131 0E010000 		.4byte	0x10e
 1597 0135 00       		.byte	0
 1598              		.section	.debug_abbrev,"",%progbits
 1599              	.Ldebug_abbrev0:
 1600 0000 01       		.uleb128 0x1
 1601 0001 11       		.uleb128 0x11
 1602 0002 01       		.byte	0x1
 1603 0003 25       		.uleb128 0x25
 1604 0004 0E       		.uleb128 0xe
 1605 0005 13       		.uleb128 0x13
 1606 0006 0B       		.uleb128 0xb
 1607 0007 03       		.uleb128 0x3
 1608 0008 0E       		.uleb128 0xe
 1609 0009 1B       		.uleb128 0x1b
 1610 000a 0E       		.uleb128 0xe
 1611 000b 10       		.uleb128 0x10
 1612 000c 17       		.uleb128 0x17
 1613 000d 00       		.byte	0
 1614 000e 00       		.byte	0
 1615 000f 02       		.uleb128 0x2
 1616 0010 24       		.uleb128 0x24
 1617 0011 00       		.byte	0
 1618 0012 0B       		.uleb128 0xb
 1619 0013 0B       		.uleb128 0xb
 1620 0014 3E       		.uleb128 0x3e
 1621 0015 0B       		.uleb128 0xb
 1622 0016 03       		.uleb128 0x3
 1623 0017 0E       		.uleb128 0xe
 1624 0018 00       		.byte	0
 1625 0019 00       		.byte	0
 1626 001a 03       		.uleb128 0x3
 1627 001b 16       		.uleb128 0x16
 1628 001c 00       		.byte	0
 1629 001d 03       		.uleb128 0x3
 1630 001e 0E       		.uleb128 0xe
 1631 001f 3A       		.uleb128 0x3a
 1632 0020 0B       		.uleb128 0xb
 1633 0021 3B       		.uleb128 0x3b
 1634 0022 0B       		.uleb128 0xb
 1635 0023 49       		.uleb128 0x49
 1636 0024 13       		.uleb128 0x13
 1637 0025 00       		.byte	0
 1638 0026 00       		.byte	0
 1639 0027 04       		.uleb128 0x4
 1640 0028 24       		.uleb128 0x24
 1641 0029 00       		.byte	0
 1642 002a 0B       		.uleb128 0xb
 1643 002b 0B       		.uleb128 0xb
 1644 002c 3E       		.uleb128 0x3e
 1645 002d 0B       		.uleb128 0xb
 1646 002e 03       		.uleb128 0x3
 1647 002f 08       		.uleb128 0x8
 1648 0030 00       		.byte	0
 1649 0031 00       		.byte	0
ARM GAS  C:\Users\laure\AppData\Local\Temp\ccHANYN7.s 			page 30


 1650 0032 05       		.uleb128 0x5
 1651 0033 01       		.uleb128 0x1
 1652 0034 01       		.byte	0x1
 1653 0035 49       		.uleb128 0x49
 1654 0036 13       		.uleb128 0x13
 1655 0037 01       		.uleb128 0x1
 1656 0038 13       		.uleb128 0x13
 1657 0039 00       		.byte	0
 1658 003a 00       		.byte	0
 1659 003b 06       		.uleb128 0x6
 1660 003c 21       		.uleb128 0x21
 1661 003d 00       		.byte	0
 1662 003e 49       		.uleb128 0x49
 1663 003f 13       		.uleb128 0x13
 1664 0040 2F       		.uleb128 0x2f
 1665 0041 05       		.uleb128 0x5
 1666 0042 00       		.byte	0
 1667 0043 00       		.byte	0
 1668 0044 07       		.uleb128 0x7
 1669 0045 26       		.uleb128 0x26
 1670 0046 00       		.byte	0
 1671 0047 49       		.uleb128 0x49
 1672 0048 13       		.uleb128 0x13
 1673 0049 00       		.byte	0
 1674 004a 00       		.byte	0
 1675 004b 08       		.uleb128 0x8
 1676 004c 34       		.uleb128 0x34
 1677 004d 00       		.byte	0
 1678 004e 03       		.uleb128 0x3
 1679 004f 0E       		.uleb128 0xe
 1680 0050 3A       		.uleb128 0x3a
 1681 0051 0B       		.uleb128 0xb
 1682 0052 3B       		.uleb128 0x3b
 1683 0053 0B       		.uleb128 0xb
 1684 0054 49       		.uleb128 0x49
 1685 0055 13       		.uleb128 0x13
 1686 0056 3F       		.uleb128 0x3f
 1687 0057 19       		.uleb128 0x19
 1688 0058 02       		.uleb128 0x2
 1689 0059 18       		.uleb128 0x18
 1690 005a 00       		.byte	0
 1691 005b 00       		.byte	0
 1692 005c 09       		.uleb128 0x9
 1693 005d 21       		.uleb128 0x21
 1694 005e 00       		.byte	0
 1695 005f 49       		.uleb128 0x49
 1696 0060 13       		.uleb128 0x13
 1697 0061 2F       		.uleb128 0x2f
 1698 0062 0B       		.uleb128 0xb
 1699 0063 00       		.byte	0
 1700 0064 00       		.byte	0
 1701 0065 0A       		.uleb128 0xa
 1702 0066 34       		.uleb128 0x34
 1703 0067 00       		.byte	0
 1704 0068 03       		.uleb128 0x3
 1705 0069 0E       		.uleb128 0xe
 1706 006a 3A       		.uleb128 0x3a
ARM GAS  C:\Users\laure\AppData\Local\Temp\ccHANYN7.s 			page 31


 1707 006b 0B       		.uleb128 0xb
 1708 006c 3B       		.uleb128 0x3b
 1709 006d 05       		.uleb128 0x5
 1710 006e 49       		.uleb128 0x49
 1711 006f 13       		.uleb128 0x13
 1712 0070 3F       		.uleb128 0x3f
 1713 0071 19       		.uleb128 0x19
 1714 0072 02       		.uleb128 0x2
 1715 0073 18       		.uleb128 0x18
 1716 0074 00       		.byte	0
 1717 0075 00       		.byte	0
 1718 0076 00       		.byte	0
 1719              		.section	.debug_aranges,"",%progbits
 1720 0000 14000000 		.4byte	0x14
 1721 0004 0200     		.2byte	0x2
 1722 0006 00000000 		.4byte	.Ldebug_info0
 1723 000a 04       		.byte	0x4
 1724 000b 00       		.byte	0
 1725 000c 0000     		.2byte	0
 1726 000e 0000     		.2byte	0
 1727 0010 00000000 		.4byte	0
 1728 0014 00000000 		.4byte	0
 1729              		.section	.debug_line,"",%progbits
 1730              	.Ldebug_line0:
 1731 0000 3D010000 		.section	.debug_str,"MS",%progbits,1
 1731      02003701 
 1731      00000201 
 1731      FB0E0D00 
 1731      01010101 
 1732              	.LASF9:
 1733 0000 5F5F7569 		.ascii	"__uint8_t\000"
 1733      6E74385F 
 1733      7400
 1734              	.LASF19:
 1735 000a 433A5C55 		.ascii	"C:\\Users\\laure\\OneDrive\\Documents\\PSoC Creator"
 1735      73657273 
 1735      5C6C6175 
 1735      72655C4F 
 1735      6E654472 
 1736 0038 5C50536F 		.ascii	"\\PSoC 5LP\\FirstLab.cydsn\000"
 1736      4320354C 
 1736      505C4669 
 1736      7273744C 
 1736      61622E63 
 1737              	.LASF16:
 1738 0051 63795F6D 		.ascii	"cy_metadata\000"
 1738      65746164 
 1738      61746100 
 1739              	.LASF1:
 1740 005d 756E7369 		.ascii	"unsigned char\000"
 1740      676E6564 
 1740      20636861 
 1740      7200
 1741              	.LASF17:
 1742 006b 474E5520 		.ascii	"GNU C11 5.4.1 20160609 (release) [ARM/embedded-5-br"
 1742      43313120 
 1742      352E342E 
ARM GAS  C:\Users\laure\AppData\Local\Temp\ccHANYN7.s 			page 32


 1742      31203230 
 1742      31363036 
 1743 009e 616E6368 		.ascii	"anch revision 237715] -mcpu=cortex-m3 -mthumb -g -O"
 1743      20726576 
 1743      6973696F 
 1743      6E203233 
 1743      37373135 
 1744 00d1 67202D66 		.ascii	"g -ffunction-sections -ffat-lto-objects\000"
 1744      66756E63 
 1744      74696F6E 
 1744      2D736563 
 1744      74696F6E 
 1745              	.LASF5:
 1746 00f9 6C6F6E67 		.ascii	"long unsigned int\000"
 1746      20756E73 
 1746      69676E65 
 1746      6420696E 
 1746      7400
 1747              	.LASF3:
 1748 010b 73686F72 		.ascii	"short unsigned int\000"
 1748      7420756E 
 1748      7369676E 
 1748      65642069 
 1748      6E7400
 1749              	.LASF13:
 1750 011e 63795F6D 		.ascii	"cy_meta_custnvl\000"
 1750      6574615F 
 1750      63757374 
 1750      6E766C00 
 1751              	.LASF12:
 1752 012e 63795F6D 		.ascii	"cy_meta_configecc\000"
 1752      6574615F 
 1752      636F6E66 
 1752      69676563 
 1752      6300
 1753              	.LASF8:
 1754 0140 756E7369 		.ascii	"unsigned int\000"
 1754      676E6564 
 1754      20696E74 
 1754      00
 1755              	.LASF7:
 1756 014d 6C6F6E67 		.ascii	"long long unsigned int\000"
 1756      206C6F6E 
 1756      6720756E 
 1756      7369676E 
 1756      65642069 
 1757              	.LASF10:
 1758 0164 75696E74 		.ascii	"uint8_t\000"
 1758      385F7400 
 1759              	.LASF15:
 1760 016c 63795F6D 		.ascii	"cy_meta_flashprotect\000"
 1760      6574615F 
 1760      666C6173 
 1760      6870726F 
 1760      74656374 
 1761              	.LASF14:
 1762 0181 63795F6D 		.ascii	"cy_meta_wonvl\000"
ARM GAS  C:\Users\laure\AppData\Local\Temp\ccHANYN7.s 			page 33


 1762      6574615F 
 1762      776F6E76 
 1762      6C00
 1763              	.LASF11:
 1764 018f 73697A65 		.ascii	"sizetype\000"
 1764      74797065 
 1764      00
 1765              	.LASF6:
 1766 0198 6C6F6E67 		.ascii	"long long int\000"
 1766      206C6F6E 
 1766      6720696E 
 1766      7400
 1767              	.LASF2:
 1768 01a6 73686F72 		.ascii	"short int\000"
 1768      7420696E 
 1768      7400
 1769              	.LASF4:
 1770 01b0 6C6F6E67 		.ascii	"long int\000"
 1770      20696E74 
 1770      00
 1771              	.LASF0:
 1772 01b9 7369676E 		.ascii	"signed char\000"
 1772      65642063 
 1772      68617200 
 1773              	.LASF18:
 1774 01c5 47656E65 		.ascii	"Generated_Source\\PSoC5\\cymetadata.c\000"
 1774      72617465 
 1774      645F536F 
 1774      75726365 
 1774      5C50536F 
 1775              		.ident	"GCC: (GNU Tools for ARM Embedded Processors) 5.4.1 20160609 (release) [ARM/embedded-5-bran
