ARM GAS  C:\Users\laure\AppData\Local\Temp\ccYDUn0I.s 			page 1


   1              		.syntax unified
   2              		.cpu cortex-m3
   3              		.fpu softvfp
   4              		.eabi_attribute 20, 1
   5              		.eabi_attribute 21, 1
   6              		.eabi_attribute 23, 3
   7              		.eabi_attribute 24, 1
   8              		.eabi_attribute 25, 1
   9              		.eabi_attribute 26, 1
  10              		.eabi_attribute 30, 1
  11              		.eabi_attribute 34, 1
  12              		.eabi_attribute 18, 4
  13              		.thumb
  14              		.syntax unified
  15              		.file	"lighter.c"
  16              		.text
  17              	.Ltext0:
  18              		.cfi_sections	.debug_frame
  19              		.section	.text.toggleAllLights,"ax",%progbits
  20              		.align	2
  21              		.global	toggleAllLights
  22              		.thumb
  23              		.thumb_func
  24              		.type	toggleAllLights, %function
  25              	toggleAllLights:
  26              	.LFB63:
  27              		.file 1 "lighter.c"
   1:lighter.c     **** /* ========================================
   2:lighter.c     ****  *
   3:lighter.c     ****  * Copyright YOUR COMPANY, THE YEAR
   4:lighter.c     ****  * All Rights Reserved
   5:lighter.c     ****  * UNPUBLISHED, LICENSED SOFTWARE.
   6:lighter.c     ****  *
   7:lighter.c     ****  * CONFIDENTIAL AND PROPRIETARY INFORMATION
   8:lighter.c     ****  * WHICH IS THE PROPERTY OF your company.
   9:lighter.c     ****  *
  10:lighter.c     ****  * ========================================
  11:lighter.c     **** */
  12:lighter.c     **** 
  13:lighter.c     **** #include "project.h"
  14:lighter.c     **** 
  15:lighter.c     **** #include "lighter.h"
  16:lighter.c     **** 
  17:lighter.c     **** /* switches all the LEDs to on if they were off
  18:lighter.c     ****    and reciprocally */
  19:lighter.c     **** void toggleAllLights (void) {
  28              		.loc 1 19 0
  29              		.cfi_startproc
  30              		@ args = 0, pretend = 0, frame = 0
  31              		@ frame_needed = 0, uses_anonymous_args = 0
  32 0000 08B5     		push	{r3, lr}
  33              		.cfi_def_cfa_offset 8
  34              		.cfi_offset 3, -8
  35              		.cfi_offset 14, -4
  20:lighter.c     ****     Pin_D1_Write ( ~Pin_D1_Read() );
  36              		.loc 1 20 0
  37 0002 FFF7FEFF 		bl	Pin_D1_Read
ARM GAS  C:\Users\laure\AppData\Local\Temp\ccYDUn0I.s 			page 2


  38              	.LVL0:
  39 0006 C043     		mvns	r0, r0
  40 0008 C0B2     		uxtb	r0, r0
  41 000a FFF7FEFF 		bl	Pin_D1_Write
  42              	.LVL1:
  21:lighter.c     ****     Pin_D2_Write ( ~Pin_D2_Read() );
  43              		.loc 1 21 0
  44 000e FFF7FEFF 		bl	Pin_D2_Read
  45              	.LVL2:
  46 0012 C043     		mvns	r0, r0
  47 0014 C0B2     		uxtb	r0, r0
  48 0016 FFF7FEFF 		bl	Pin_D2_Write
  49              	.LVL3:
  22:lighter.c     ****     Pin_D3_Write ( ~Pin_D3_Read() );
  50              		.loc 1 22 0
  51 001a FFF7FEFF 		bl	Pin_D3_Read
  52              	.LVL4:
  53 001e C043     		mvns	r0, r0
  54 0020 C0B2     		uxtb	r0, r0
  55 0022 FFF7FEFF 		bl	Pin_D3_Write
  56              	.LVL5:
  23:lighter.c     ****     Pin_D4_Write ( ~Pin_D4_Read() );
  57              		.loc 1 23 0
  58 0026 FFF7FEFF 		bl	Pin_D4_Read
  59              	.LVL6:
  60 002a C043     		mvns	r0, r0
  61 002c C0B2     		uxtb	r0, r0
  62 002e FFF7FEFF 		bl	Pin_D4_Write
  63              	.LVL7:
  64 0032 08BD     		pop	{r3, pc}
  65              		.cfi_endproc
  66              	.LFE63:
  67              		.size	toggleAllLights, .-toggleAllLights
  68              		.text
  69              	.Letext0:
  70              		.file 2 "c:\\program files (x86)\\cypress\\psoc creator\\4.3\\psoc creator\\import\\gnu\\arm\\5.4.
  71              		.file 3 "c:\\program files (x86)\\cypress\\psoc creator\\4.3\\psoc creator\\import\\gnu\\arm\\5.4.
  72              		.file 4 "Generated_Source\\PSoC5/Pin_D1.h"
  73              		.file 5 "Generated_Source\\PSoC5/Pin_D2.h"
  74              		.file 6 "Generated_Source\\PSoC5/Pin_D3.h"
  75              		.file 7 "Generated_Source\\PSoC5/Pin_D4.h"
  76              		.file 8 "Generated_Source\\PSoC5/core_cm3.h"
  77              		.section	.debug_info,"",%progbits
  78              	.Ldebug_info0:
  79 0000 68010000 		.4byte	0x168
  80 0004 0400     		.2byte	0x4
  81 0006 00000000 		.4byte	.Ldebug_abbrev0
  82 000a 04       		.byte	0x4
  83 000b 01       		.uleb128 0x1
  84 000c 3E000000 		.4byte	.LASF24
  85 0010 0C       		.byte	0xc
  86 0011 34000000 		.4byte	.LASF25
  87 0015 15010000 		.4byte	.LASF26
  88 0019 00000000 		.4byte	.Ldebug_ranges0+0
  89 001d 00000000 		.4byte	0
  90 0021 00000000 		.4byte	.Ldebug_line0
  91 0025 02       		.uleb128 0x2
ARM GAS  C:\Users\laure\AppData\Local\Temp\ccYDUn0I.s 			page 3


  92 0026 01       		.byte	0x1
  93 0027 06       		.byte	0x6
  94 0028 C1010000 		.4byte	.LASF0
  95 002c 02       		.uleb128 0x2
  96 002d 01       		.byte	0x1
  97 002e 08       		.byte	0x8
  98 002f 26000000 		.4byte	.LASF1
  99 0033 02       		.uleb128 0x2
 100 0034 02       		.byte	0x2
 101 0035 05       		.byte	0x5
 102 0036 F6010000 		.4byte	.LASF2
 103 003a 02       		.uleb128 0x2
 104 003b 02       		.byte	0x2
 105 003c 07       		.byte	0x7
 106 003d 02010000 		.4byte	.LASF3
 107 0041 03       		.uleb128 0x3
 108 0042 D9010000 		.4byte	.LASF9
 109 0046 02       		.byte	0x2
 110 0047 3F       		.byte	0x3f
 111 0048 4C000000 		.4byte	0x4c
 112 004c 02       		.uleb128 0x2
 113 004d 04       		.byte	0x4
 114 004e 05       		.byte	0x5
 115 004f 86010000 		.4byte	.LASF4
 116 0053 02       		.uleb128 0x2
 117 0054 04       		.byte	0x4
 118 0055 07       		.byte	0x7
 119 0056 D9000000 		.4byte	.LASF5
 120 005a 02       		.uleb128 0x2
 121 005b 08       		.byte	0x8
 122 005c 05       		.byte	0x5
 123 005d A6010000 		.4byte	.LASF6
 124 0061 02       		.uleb128 0x2
 125 0062 08       		.byte	0x8
 126 0063 07       		.byte	0x7
 127 0064 EB000000 		.4byte	.LASF7
 128 0068 04       		.uleb128 0x4
 129 0069 04       		.byte	0x4
 130 006a 05       		.byte	0x5
 131 006b 696E7400 		.ascii	"int\000"
 132 006f 02       		.uleb128 0x2
 133 0070 04       		.byte	0x4
 134 0071 07       		.byte	0x7
 135 0072 19000000 		.4byte	.LASF8
 136 0076 03       		.uleb128 0x3
 137 0077 00020000 		.4byte	.LASF10
 138 007b 03       		.byte	0x3
 139 007c 2C       		.byte	0x2c
 140 007d 41000000 		.4byte	0x41
 141 0081 02       		.uleb128 0x2
 142 0082 04       		.byte	0x4
 143 0083 04       		.byte	0x4
 144 0084 F0010000 		.4byte	.LASF11
 145 0088 02       		.uleb128 0x2
 146 0089 08       		.byte	0x8
 147 008a 04       		.byte	0x4
 148 008b 8F010000 		.4byte	.LASF12
ARM GAS  C:\Users\laure\AppData\Local\Temp\ccYDUn0I.s 			page 4


 149 008f 02       		.uleb128 0x2
 150 0090 01       		.byte	0x1
 151 0091 08       		.byte	0x8
 152 0092 75010000 		.4byte	.LASF13
 153 0096 02       		.uleb128 0x2
 154 0097 08       		.byte	0x8
 155 0098 04       		.byte	0x4
 156 0099 CD010000 		.4byte	.LASF14
 157 009d 02       		.uleb128 0x2
 158 009e 04       		.byte	0x4
 159 009f 07       		.byte	0x7
 160 00a0 08020000 		.4byte	.LASF15
 161 00a4 05       		.uleb128 0x5
 162 00a5 96010000 		.4byte	.LASF27
 163 00a9 01       		.byte	0x1
 164 00aa 13       		.byte	0x13
 165 00ab 00000000 		.4byte	.LFB63
 166 00af 34000000 		.4byte	.LFE63-.LFB63
 167 00b3 01       		.uleb128 0x1
 168 00b4 9C       		.byte	0x9c
 169 00b5 02010000 		.4byte	0x102
 170 00b9 06       		.uleb128 0x6
 171 00ba 06000000 		.4byte	.LVL0
 172 00be 13010000 		.4byte	0x113
 173 00c2 06       		.uleb128 0x6
 174 00c3 0E000000 		.4byte	.LVL1
 175 00c7 1E010000 		.4byte	0x11e
 176 00cb 06       		.uleb128 0x6
 177 00cc 12000000 		.4byte	.LVL2
 178 00d0 29010000 		.4byte	0x129
 179 00d4 06       		.uleb128 0x6
 180 00d5 1A000000 		.4byte	.LVL3
 181 00d9 34010000 		.4byte	0x134
 182 00dd 06       		.uleb128 0x6
 183 00de 1E000000 		.4byte	.LVL4
 184 00e2 3F010000 		.4byte	0x13f
 185 00e6 06       		.uleb128 0x6
 186 00e7 26000000 		.4byte	.LVL5
 187 00eb 4A010000 		.4byte	0x14a
 188 00ef 06       		.uleb128 0x6
 189 00f0 2A000000 		.4byte	.LVL6
 190 00f4 55010000 		.4byte	0x155
 191 00f8 06       		.uleb128 0x6
 192 00f9 32000000 		.4byte	.LVL7
 193 00fd 60010000 		.4byte	0x160
 194 0101 00       		.byte	0
 195 0102 07       		.uleb128 0x7
 196 0103 B4010000 		.4byte	.LASF28
 197 0107 08       		.byte	0x8
 198 0108 1207     		.2byte	0x712
 199 010a 0E010000 		.4byte	0x10e
 200 010e 08       		.uleb128 0x8
 201 010f 76000000 		.4byte	0x76
 202 0113 09       		.uleb128 0x9
 203 0114 7A010000 		.4byte	.LASF16
 204 0118 7A010000 		.4byte	.LASF16
 205 011c 04       		.byte	0x4
ARM GAS  C:\Users\laure\AppData\Local\Temp\ccYDUn0I.s 			page 5


 206 011d 29       		.byte	0x29
 207 011e 09       		.uleb128 0x9
 208 011f E3010000 		.4byte	.LASF17
 209 0123 E3010000 		.4byte	.LASF17
 210 0127 04       		.byte	0x4
 211 0128 26       		.byte	0x26
 212 0129 09       		.uleb128 0x9
 213 012a 11020000 		.4byte	.LASF18
 214 012e 11020000 		.4byte	.LASF18
 215 0132 05       		.byte	0x5
 216 0133 29       		.byte	0x29
 217 0134 09       		.uleb128 0x9
 218 0135 0C000000 		.4byte	.LASF19
 219 0139 0C000000 		.4byte	.LASF19
 220 013d 05       		.byte	0x5
 221 013e 26       		.byte	0x26
 222 013f 09       		.uleb128 0x9
 223 0140 5C010000 		.4byte	.LASF20
 224 0144 5C010000 		.4byte	.LASF20
 225 0148 06       		.byte	0x6
 226 0149 29       		.byte	0x29
 227 014a 09       		.uleb128 0x9
 228 014b CC000000 		.4byte	.LASF21
 229 014f CC000000 		.4byte	.LASF21
 230 0153 06       		.byte	0x6
 231 0154 26       		.byte	0x26
 232 0155 09       		.uleb128 0x9
 233 0156 00000000 		.4byte	.LASF22
 234 015a 00000000 		.4byte	.LASF22
 235 015e 07       		.byte	0x7
 236 015f 29       		.byte	0x29
 237 0160 09       		.uleb128 0x9
 238 0161 68010000 		.4byte	.LASF23
 239 0165 68010000 		.4byte	.LASF23
 240 0169 07       		.byte	0x7
 241 016a 26       		.byte	0x26
 242 016b 00       		.byte	0
 243              		.section	.debug_abbrev,"",%progbits
 244              	.Ldebug_abbrev0:
 245 0000 01       		.uleb128 0x1
 246 0001 11       		.uleb128 0x11
 247 0002 01       		.byte	0x1
 248 0003 25       		.uleb128 0x25
 249 0004 0E       		.uleb128 0xe
 250 0005 13       		.uleb128 0x13
 251 0006 0B       		.uleb128 0xb
 252 0007 03       		.uleb128 0x3
 253 0008 0E       		.uleb128 0xe
 254 0009 1B       		.uleb128 0x1b
 255 000a 0E       		.uleb128 0xe
 256 000b 55       		.uleb128 0x55
 257 000c 17       		.uleb128 0x17
 258 000d 11       		.uleb128 0x11
 259 000e 01       		.uleb128 0x1
 260 000f 10       		.uleb128 0x10
 261 0010 17       		.uleb128 0x17
 262 0011 00       		.byte	0
ARM GAS  C:\Users\laure\AppData\Local\Temp\ccYDUn0I.s 			page 6


 263 0012 00       		.byte	0
 264 0013 02       		.uleb128 0x2
 265 0014 24       		.uleb128 0x24
 266 0015 00       		.byte	0
 267 0016 0B       		.uleb128 0xb
 268 0017 0B       		.uleb128 0xb
 269 0018 3E       		.uleb128 0x3e
 270 0019 0B       		.uleb128 0xb
 271 001a 03       		.uleb128 0x3
 272 001b 0E       		.uleb128 0xe
 273 001c 00       		.byte	0
 274 001d 00       		.byte	0
 275 001e 03       		.uleb128 0x3
 276 001f 16       		.uleb128 0x16
 277 0020 00       		.byte	0
 278 0021 03       		.uleb128 0x3
 279 0022 0E       		.uleb128 0xe
 280 0023 3A       		.uleb128 0x3a
 281 0024 0B       		.uleb128 0xb
 282 0025 3B       		.uleb128 0x3b
 283 0026 0B       		.uleb128 0xb
 284 0027 49       		.uleb128 0x49
 285 0028 13       		.uleb128 0x13
 286 0029 00       		.byte	0
 287 002a 00       		.byte	0
 288 002b 04       		.uleb128 0x4
 289 002c 24       		.uleb128 0x24
 290 002d 00       		.byte	0
 291 002e 0B       		.uleb128 0xb
 292 002f 0B       		.uleb128 0xb
 293 0030 3E       		.uleb128 0x3e
 294 0031 0B       		.uleb128 0xb
 295 0032 03       		.uleb128 0x3
 296 0033 08       		.uleb128 0x8
 297 0034 00       		.byte	0
 298 0035 00       		.byte	0
 299 0036 05       		.uleb128 0x5
 300 0037 2E       		.uleb128 0x2e
 301 0038 01       		.byte	0x1
 302 0039 3F       		.uleb128 0x3f
 303 003a 19       		.uleb128 0x19
 304 003b 03       		.uleb128 0x3
 305 003c 0E       		.uleb128 0xe
 306 003d 3A       		.uleb128 0x3a
 307 003e 0B       		.uleb128 0xb
 308 003f 3B       		.uleb128 0x3b
 309 0040 0B       		.uleb128 0xb
 310 0041 27       		.uleb128 0x27
 311 0042 19       		.uleb128 0x19
 312 0043 11       		.uleb128 0x11
 313 0044 01       		.uleb128 0x1
 314 0045 12       		.uleb128 0x12
 315 0046 06       		.uleb128 0x6
 316 0047 40       		.uleb128 0x40
 317 0048 18       		.uleb128 0x18
 318 0049 9742     		.uleb128 0x2117
 319 004b 19       		.uleb128 0x19
ARM GAS  C:\Users\laure\AppData\Local\Temp\ccYDUn0I.s 			page 7


 320 004c 01       		.uleb128 0x1
 321 004d 13       		.uleb128 0x13
 322 004e 00       		.byte	0
 323 004f 00       		.byte	0
 324 0050 06       		.uleb128 0x6
 325 0051 898201   		.uleb128 0x4109
 326 0054 00       		.byte	0
 327 0055 11       		.uleb128 0x11
 328 0056 01       		.uleb128 0x1
 329 0057 31       		.uleb128 0x31
 330 0058 13       		.uleb128 0x13
 331 0059 00       		.byte	0
 332 005a 00       		.byte	0
 333 005b 07       		.uleb128 0x7
 334 005c 34       		.uleb128 0x34
 335 005d 00       		.byte	0
 336 005e 03       		.uleb128 0x3
 337 005f 0E       		.uleb128 0xe
 338 0060 3A       		.uleb128 0x3a
 339 0061 0B       		.uleb128 0xb
 340 0062 3B       		.uleb128 0x3b
 341 0063 05       		.uleb128 0x5
 342 0064 49       		.uleb128 0x49
 343 0065 13       		.uleb128 0x13
 344 0066 3F       		.uleb128 0x3f
 345 0067 19       		.uleb128 0x19
 346 0068 3C       		.uleb128 0x3c
 347 0069 19       		.uleb128 0x19
 348 006a 00       		.byte	0
 349 006b 00       		.byte	0
 350 006c 08       		.uleb128 0x8
 351 006d 35       		.uleb128 0x35
 352 006e 00       		.byte	0
 353 006f 49       		.uleb128 0x49
 354 0070 13       		.uleb128 0x13
 355 0071 00       		.byte	0
 356 0072 00       		.byte	0
 357 0073 09       		.uleb128 0x9
 358 0074 2E       		.uleb128 0x2e
 359 0075 00       		.byte	0
 360 0076 3F       		.uleb128 0x3f
 361 0077 19       		.uleb128 0x19
 362 0078 3C       		.uleb128 0x3c
 363 0079 19       		.uleb128 0x19
 364 007a 6E       		.uleb128 0x6e
 365 007b 0E       		.uleb128 0xe
 366 007c 03       		.uleb128 0x3
 367 007d 0E       		.uleb128 0xe
 368 007e 3A       		.uleb128 0x3a
 369 007f 0B       		.uleb128 0xb
 370 0080 3B       		.uleb128 0x3b
 371 0081 0B       		.uleb128 0xb
 372 0082 00       		.byte	0
 373 0083 00       		.byte	0
 374 0084 00       		.byte	0
 375              		.section	.debug_aranges,"",%progbits
 376 0000 1C000000 		.4byte	0x1c
ARM GAS  C:\Users\laure\AppData\Local\Temp\ccYDUn0I.s 			page 8


 377 0004 0200     		.2byte	0x2
 378 0006 00000000 		.4byte	.Ldebug_info0
 379 000a 04       		.byte	0x4
 380 000b 00       		.byte	0
 381 000c 0000     		.2byte	0
 382 000e 0000     		.2byte	0
 383 0010 00000000 		.4byte	.LFB63
 384 0014 34000000 		.4byte	.LFE63-.LFB63
 385 0018 00000000 		.4byte	0
 386 001c 00000000 		.4byte	0
 387              		.section	.debug_ranges,"",%progbits
 388              	.Ldebug_ranges0:
 389 0000 00000000 		.4byte	.LFB63
 390 0004 34000000 		.4byte	.LFE63
 391 0008 00000000 		.4byte	0
 392 000c 00000000 		.4byte	0
 393              		.section	.debug_line,"",%progbits
 394              	.Ldebug_line0:
 395 0000 8B010000 		.section	.debug_str,"MS",%progbits,1
 395      02007201 
 395      00000201 
 395      FB0E0D00 
 395      01010101 
 396              	.LASF22:
 397 0000 50696E5F 		.ascii	"Pin_D4_Read\000"
 397      44345F52 
 397      65616400 
 398              	.LASF19:
 399 000c 50696E5F 		.ascii	"Pin_D2_Write\000"
 399      44325F57 
 399      72697465 
 399      00
 400              	.LASF8:
 401 0019 756E7369 		.ascii	"unsigned int\000"
 401      676E6564 
 401      20696E74 
 401      00
 402              	.LASF1:
 403 0026 756E7369 		.ascii	"unsigned char\000"
 403      676E6564 
 403      20636861 
 403      7200
 404              	.LASF25:
 405 0034 6C696768 		.ascii	"lighter.c\000"
 405      7465722E 
 405      6300
 406              	.LASF24:
 407 003e 474E5520 		.ascii	"GNU C11 5.4.1 20160609 (release) [ARM/embedded-5-br"
 407      43313120 
 407      352E342E 
 407      31203230 
 407      31363036 
 408 0071 616E6368 		.ascii	"anch revision 237715] -mcpu=cortex-m3 -mthumb -g -O"
 408      20726576 
 408      6973696F 
 408      6E203233 
 408      37373135 
ARM GAS  C:\Users\laure\AppData\Local\Temp\ccYDUn0I.s 			page 9


 409 00a4 67202D66 		.ascii	"g -ffunction-sections -ffat-lto-objects\000"
 409      66756E63 
 409      74696F6E 
 409      2D736563 
 409      74696F6E 
 410              	.LASF21:
 411 00cc 50696E5F 		.ascii	"Pin_D3_Write\000"
 411      44335F57 
 411      72697465 
 411      00
 412              	.LASF5:
 413 00d9 6C6F6E67 		.ascii	"long unsigned int\000"
 413      20756E73 
 413      69676E65 
 413      6420696E 
 413      7400
 414              	.LASF7:
 415 00eb 6C6F6E67 		.ascii	"long long unsigned int\000"
 415      206C6F6E 
 415      6720756E 
 415      7369676E 
 415      65642069 
 416              	.LASF3:
 417 0102 73686F72 		.ascii	"short unsigned int\000"
 417      7420756E 
 417      7369676E 
 417      65642069 
 417      6E7400
 418              	.LASF26:
 419 0115 433A5C55 		.ascii	"C:\\Users\\laure\\OneDrive\\Documents\\PSoC Creator"
 419      73657273 
 419      5C6C6175 
 419      72655C4F 
 419      6E654472 
 420 0143 5C50536F 		.ascii	"\\PSoC 5LP\\FirstLab.cydsn\000"
 420      4320354C 
 420      505C4669 
 420      7273744C 
 420      61622E63 
 421              	.LASF20:
 422 015c 50696E5F 		.ascii	"Pin_D3_Read\000"
 422      44335F52 
 422      65616400 
 423              	.LASF23:
 424 0168 50696E5F 		.ascii	"Pin_D4_Write\000"
 424      44345F57 
 424      72697465 
 424      00
 425              	.LASF13:
 426 0175 63686172 		.ascii	"char\000"
 426      00
 427              	.LASF16:
 428 017a 50696E5F 		.ascii	"Pin_D1_Read\000"
 428      44315F52 
 428      65616400 
 429              	.LASF4:
 430 0186 6C6F6E67 		.ascii	"long int\000"
ARM GAS  C:\Users\laure\AppData\Local\Temp\ccYDUn0I.s 			page 10


 430      20696E74 
 430      00
 431              	.LASF12:
 432 018f 646F7562 		.ascii	"double\000"
 432      6C6500
 433              	.LASF27:
 434 0196 746F6767 		.ascii	"toggleAllLights\000"
 434      6C65416C 
 434      6C4C6967 
 434      68747300 
 435              	.LASF6:
 436 01a6 6C6F6E67 		.ascii	"long long int\000"
 436      206C6F6E 
 436      6720696E 
 436      7400
 437              	.LASF28:
 438 01b4 49544D5F 		.ascii	"ITM_RxBuffer\000"
 438      52784275 
 438      66666572 
 438      00
 439              	.LASF0:
 440 01c1 7369676E 		.ascii	"signed char\000"
 440      65642063 
 440      68617200 
 441              	.LASF14:
 442 01cd 6C6F6E67 		.ascii	"long double\000"
 442      20646F75 
 442      626C6500 
 443              	.LASF9:
 444 01d9 5F5F696E 		.ascii	"__int32_t\000"
 444      7433325F 
 444      7400
 445              	.LASF17:
 446 01e3 50696E5F 		.ascii	"Pin_D1_Write\000"
 446      44315F57 
 446      72697465 
 446      00
 447              	.LASF11:
 448 01f0 666C6F61 		.ascii	"float\000"
 448      7400
 449              	.LASF2:
 450 01f6 73686F72 		.ascii	"short int\000"
 450      7420696E 
 450      7400
 451              	.LASF10:
 452 0200 696E7433 		.ascii	"int32_t\000"
 452      325F7400 
 453              	.LASF15:
 454 0208 73697A65 		.ascii	"sizetype\000"
 454      74797065 
 454      00
 455              	.LASF18:
 456 0211 50696E5F 		.ascii	"Pin_D2_Read\000"
 456      44325F52 
 456      65616400 
 457              		.ident	"GCC: (GNU Tools for ARM Embedded Processors) 5.4.1 20160609 (release) [ARM/embedded-5-bran
