ARM GAS  C:\Users\laure\AppData\Local\Temp\ccBgo32M.s 			page 1


   1              		.syntax unified
   2              		.cpu cortex-m3
   3              		.fpu softvfp
   4              		.eabi_attribute 20, 1
   5              		.eabi_attribute 21, 1
   6              		.eabi_attribute 23, 3
   7              		.eabi_attribute 24, 1
   8              		.eabi_attribute 25, 1
   9              		.eabi_attribute 26, 1
  10              		.eabi_attribute 30, 1
  11              		.eabi_attribute 34, 1
  12              		.eabi_attribute 18, 4
  13              		.thumb
  14              		.syntax unified
  15              		.file	"lightsensor.c"
  16              		.text
  17              	.Ltext0:
  18              		.cfi_sections	.debug_frame
  19              		.section	.text.isNight,"ax",%progbits
  20              		.align	2
  21              		.global	isNight
  22              		.thumb
  23              		.thumb_func
  24              		.type	isNight, %function
  25              	isNight:
  26              	.LFB63:
  27              		.file 1 "lightsensor.c"
   1:lightsensor.c **** /* ========================================
   2:lightsensor.c ****  *
   3:lightsensor.c ****  * Copyright YOUR COMPANY, THE YEAR
   4:lightsensor.c ****  * All Rights Reserved
   5:lightsensor.c ****  * UNPUBLISHED, LICENSED SOFTWARE.
   6:lightsensor.c ****  *
   7:lightsensor.c ****  * CONFIDENTIAL AND PROPRIETARY INFORMATION
   8:lightsensor.c ****  * WHICH IS THE PROPERTY OF your company.
   9:lightsensor.c ****  *
  10:lightsensor.c ****  * ========================================
  11:lightsensor.c **** */
  12:lightsensor.c **** 
  13:lightsensor.c **** #include "project.h"
  14:lightsensor.c **** #include "lightsensor.h"
  15:lightsensor.c **** 
  16:lightsensor.c **** /* return 1 if the value mesured by the photoresistor is great
  17:lightsensor.c ****    because that would mean there is no ambient light ---
  18:lightsensor.c ****    constant RESISTOR_VALUE_IN_THE_DARK defines the value from
  19:lightsensor.c ****    which we consider the photoresistor is in the dark */
  20:lightsensor.c **** int isNight (void) {
  28              		.loc 1 20 0
  29              		.cfi_startproc
  30              		@ args = 0, pretend = 0, frame = 0
  31              		@ frame_needed = 0, uses_anonymous_args = 0
  32 0000 10B5     		push	{r4, lr}
  33              		.cfi_def_cfa_offset 8
  34              		.cfi_offset 4, -8
  35              		.cfi_offset 14, -4
  21:lightsensor.c ****     int result;
  22:lightsensor.c ****     int res_mV;
ARM GAS  C:\Users\laure\AppData\Local\Temp\ccBgo32M.s 			page 2


  23:lightsensor.c ****     
  24:lightsensor.c ****     AMux_Select(1); // Photoresistor selected
  36              		.loc 1 24 0
  37 0002 0120     		movs	r0, #1
  38 0004 FFF7FEFF 		bl	AMux_FastSelect
  39              	.LVL0:
  25:lightsensor.c ****     
  26:lightsensor.c ****     ADC_DelSig_StartConvert();
  40              		.loc 1 26 0
  41 0008 FFF7FEFF 		bl	ADC_DelSig_StartConvert
  42              	.LVL1:
  27:lightsensor.c ****     
  28:lightsensor.c ****     if ( ADC_DelSig_IsEndConversion( ADC_DelSig_WAIT_FOR_RESULT ) )
  43              		.loc 1 28 0
  44 000c 0020     		movs	r0, #0
  45 000e FFF7FEFF 		bl	ADC_DelSig_IsEndConversion
  46              	.LVL2:
  47 0012 20B1     		cbz	r0, .L2
  29:lightsensor.c ****     {
  30:lightsensor.c ****         
  31:lightsensor.c ****         result = ADC_DelSig_GetResult32();
  48              		.loc 1 31 0
  49 0014 FFF7FEFF 		bl	ADC_DelSig_GetResult32
  50              	.LVL3:
  32:lightsensor.c ****         res_mV = ADC_DelSig_CountsTo_mVolts(result);
  51              		.loc 1 32 0
  52 0018 FFF7FEFF 		bl	ADC_DelSig_CountsTo_mVolts
  53              	.LVL4:
  54 001c 0446     		mov	r4, r0
  55              	.LVL5:
  56              	.L2:
  33:lightsensor.c ****     }
  34:lightsensor.c **** 
  35:lightsensor.c **** 
  36:lightsensor.c ****     if (res_mV > RESISTOR_VALUE_IN_THE_DARK)
  57              		.loc 1 36 0
  58 001e B4F5885F 		cmp	r4, #4352
  59 0022 01DD     		ble	.L4
  37:lightsensor.c ****         return 1;
  60              		.loc 1 37 0
  61 0024 0120     		movs	r0, #1
  62 0026 10BD     		pop	{r4, pc}
  63              	.LVL6:
  64              	.L4:
  38:lightsensor.c ****     else
  39:lightsensor.c ****         return 0;
  65              		.loc 1 39 0
  66 0028 0020     		movs	r0, #0
  40:lightsensor.c **** }
  67              		.loc 1 40 0
  68 002a 10BD     		pop	{r4, pc}
  69              		.cfi_endproc
  70              	.LFE63:
  71              		.size	isNight, .-isNight
  72              		.text
  73              	.Letext0:
  74              		.file 2 "c:\\program files (x86)\\cypress\\psoc creator\\4.3\\psoc creator\\import\\gnu\\arm\\5.4.
ARM GAS  C:\Users\laure\AppData\Local\Temp\ccBgo32M.s 			page 3


  75              		.file 3 "c:\\program files (x86)\\cypress\\psoc creator\\4.3\\psoc creator\\import\\gnu\\arm\\5.4.
  76              		.file 4 "Generated_Source\\PSoC5/AMux.h"
  77              		.file 5 "Generated_Source\\PSoC5/ADC_DelSig.h"
  78              		.file 6 "Generated_Source\\PSoC5/core_cm3.h"
  79              		.section	.debug_info,"",%progbits
  80              	.Ldebug_info0:
  81 0000 60010000 		.4byte	0x160
  82 0004 0400     		.2byte	0x4
  83 0006 00000000 		.4byte	.Ldebug_abbrev0
  84 000a 04       		.byte	0x4
  85 000b 01       		.uleb128 0x1
  86 000c 42000000 		.4byte	.LASF23
  87 0010 0C       		.byte	0xc
  88 0011 63010000 		.4byte	.LASF24
  89 0015 1C010000 		.4byte	.LASF25
  90 0019 00000000 		.4byte	.Ldebug_ranges0+0
  91 001d 00000000 		.4byte	0
  92 0021 00000000 		.4byte	.Ldebug_line0
  93 0025 02       		.uleb128 0x2
  94 0026 01       		.byte	0x1
  95 0027 06       		.byte	0x6
  96 0028 DE010000 		.4byte	.LASF0
  97 002c 02       		.uleb128 0x2
  98 002d 01       		.byte	0x1
  99 002e 08       		.byte	0x8
 100 002f 71010000 		.4byte	.LASF1
 101 0033 02       		.uleb128 0x2
 102 0034 02       		.byte	0x2
 103 0035 05       		.byte	0x5
 104 0036 1D020000 		.4byte	.LASF2
 105 003a 02       		.uleb128 0x2
 106 003b 02       		.byte	0x2
 107 003c 07       		.byte	0x7
 108 003d 09010000 		.4byte	.LASF3
 109 0041 03       		.uleb128 0x3
 110 0042 F6010000 		.4byte	.LASF9
 111 0046 02       		.byte	0x2
 112 0047 3F       		.byte	0x3f
 113 0048 4C000000 		.4byte	0x4c
 114 004c 02       		.uleb128 0x2
 115 004d 04       		.byte	0x4
 116 004e 05       		.byte	0x5
 117 004f A6010000 		.4byte	.LASF4
 118 0053 02       		.uleb128 0x2
 119 0054 04       		.byte	0x4
 120 0055 07       		.byte	0x7
 121 0056 E0000000 		.4byte	.LASF5
 122 005a 02       		.uleb128 0x2
 123 005b 08       		.byte	0x8
 124 005c 05       		.byte	0x5
 125 005d 00000000 		.4byte	.LASF6
 126 0061 02       		.uleb128 0x2
 127 0062 08       		.byte	0x8
 128 0063 07       		.byte	0x7
 129 0064 F2000000 		.4byte	.LASF7
 130 0068 04       		.uleb128 0x4
 131 0069 04       		.byte	0x4
ARM GAS  C:\Users\laure\AppData\Local\Temp\ccBgo32M.s 			page 4


 132 006a 05       		.byte	0x5
 133 006b 696E7400 		.ascii	"int\000"
 134 006f 02       		.uleb128 0x2
 135 0070 04       		.byte	0x4
 136 0071 07       		.byte	0x7
 137 0072 16000000 		.4byte	.LASF8
 138 0076 03       		.uleb128 0x3
 139 0077 27020000 		.4byte	.LASF10
 140 007b 03       		.byte	0x3
 141 007c 2C       		.byte	0x2c
 142 007d 41000000 		.4byte	0x41
 143 0081 02       		.uleb128 0x2
 144 0082 04       		.byte	0x4
 145 0083 04       		.byte	0x4
 146 0084 00020000 		.4byte	.LASF11
 147 0088 02       		.uleb128 0x2
 148 0089 08       		.byte	0x8
 149 008a 04       		.byte	0x4
 150 008b AF010000 		.4byte	.LASF12
 151 008f 02       		.uleb128 0x2
 152 0090 01       		.byte	0x1
 153 0091 08       		.byte	0x8
 154 0092 7F010000 		.4byte	.LASF13
 155 0096 02       		.uleb128 0x2
 156 0097 08       		.byte	0x8
 157 0098 04       		.byte	0x4
 158 0099 EA010000 		.4byte	.LASF14
 159 009d 02       		.uleb128 0x2
 160 009e 04       		.byte	0x4
 161 009f 07       		.byte	0x7
 162 00a0 2F020000 		.4byte	.LASF15
 163 00a4 05       		.uleb128 0x5
 164 00a5 0E000000 		.4byte	.LASF26
 165 00a9 01       		.byte	0x1
 166 00aa 14       		.byte	0x14
 167 00ab 68000000 		.4byte	0x68
 168 00af 00000000 		.4byte	.LFB63
 169 00b3 2C000000 		.4byte	.LFE63-.LFB63
 170 00b7 01       		.uleb128 0x1
 171 00b8 9C       		.byte	0x9c
 172 00b9 1B010000 		.4byte	0x11b
 173 00bd 06       		.uleb128 0x6
 174 00be 9F010000 		.4byte	.LASF16
 175 00c2 01       		.byte	0x1
 176 00c3 15       		.byte	0x15
 177 00c4 68000000 		.4byte	0x68
 178 00c8 00000000 		.4byte	.LLST0
 179 00cc 07       		.uleb128 0x7
 180 00cd 3B000000 		.4byte	.LASF17
 181 00d1 01       		.byte	0x1
 182 00d2 16       		.byte	0x16
 183 00d3 68000000 		.4byte	0x68
 184 00d7 01       		.uleb128 0x1
 185 00d8 54       		.byte	0x54
 186 00d9 08       		.uleb128 0x8
 187 00da 08000000 		.4byte	.LVL0
 188 00de 2C010000 		.4byte	0x12c
ARM GAS  C:\Users\laure\AppData\Local\Temp\ccBgo32M.s 			page 5


 189 00e2 EC000000 		.4byte	0xec
 190 00e6 09       		.uleb128 0x9
 191 00e7 01       		.uleb128 0x1
 192 00e8 50       		.byte	0x50
 193 00e9 01       		.uleb128 0x1
 194 00ea 31       		.byte	0x31
 195 00eb 00       		.byte	0
 196 00ec 0A       		.uleb128 0xa
 197 00ed 0C000000 		.4byte	.LVL1
 198 00f1 37010000 		.4byte	0x137
 199 00f5 08       		.uleb128 0x8
 200 00f6 12000000 		.4byte	.LVL2
 201 00fa 42010000 		.4byte	0x142
 202 00fe 08010000 		.4byte	0x108
 203 0102 09       		.uleb128 0x9
 204 0103 01       		.uleb128 0x1
 205 0104 50       		.byte	0x50
 206 0105 01       		.uleb128 0x1
 207 0106 30       		.byte	0x30
 208 0107 00       		.byte	0
 209 0108 0A       		.uleb128 0xa
 210 0109 18000000 		.4byte	.LVL3
 211 010d 4D010000 		.4byte	0x14d
 212 0111 0A       		.uleb128 0xa
 213 0112 1C000000 		.4byte	.LVL4
 214 0116 58010000 		.4byte	0x158
 215 011a 00       		.byte	0
 216 011b 0B       		.uleb128 0xb
 217 011c D1010000 		.4byte	.LASF27
 218 0120 06       		.byte	0x6
 219 0121 1207     		.2byte	0x712
 220 0123 27010000 		.4byte	0x127
 221 0127 0C       		.uleb128 0xc
 222 0128 76000000 		.4byte	0x76
 223 012c 0D       		.uleb128 0xd
 224 012d D0000000 		.4byte	.LASF18
 225 0131 D0000000 		.4byte	.LASF18
 226 0135 04       		.byte	0x4
 227 0136 27       		.byte	0x27
 228 0137 0D       		.uleb128 0xd
 229 0138 23000000 		.4byte	.LASF19
 230 013c 23000000 		.4byte	.LASF19
 231 0140 05       		.byte	0x5
 232 0141 3D       		.byte	0x3d
 233 0142 0D       		.uleb128 0xd
 234 0143 84010000 		.4byte	.LASF20
 235 0147 84010000 		.4byte	.LASF20
 236 014b 05       		.byte	0x5
 237 014c 3F       		.byte	0x3f
 238 014d 0D       		.uleb128 0xd
 239 014e 06020000 		.4byte	.LASF21
 240 0152 06020000 		.4byte	.LASF21
 241 0156 05       		.byte	0x5
 242 0157 42       		.byte	0x42
 243 0158 0D       		.uleb128 0xd
 244 0159 B6010000 		.4byte	.LASF22
 245 015d B6010000 		.4byte	.LASF22
ARM GAS  C:\Users\laure\AppData\Local\Temp\ccBgo32M.s 			page 6


 246 0161 05       		.byte	0x5
 247 0162 47       		.byte	0x47
 248 0163 00       		.byte	0
 249              		.section	.debug_abbrev,"",%progbits
 250              	.Ldebug_abbrev0:
 251 0000 01       		.uleb128 0x1
 252 0001 11       		.uleb128 0x11
 253 0002 01       		.byte	0x1
 254 0003 25       		.uleb128 0x25
 255 0004 0E       		.uleb128 0xe
 256 0005 13       		.uleb128 0x13
 257 0006 0B       		.uleb128 0xb
 258 0007 03       		.uleb128 0x3
 259 0008 0E       		.uleb128 0xe
 260 0009 1B       		.uleb128 0x1b
 261 000a 0E       		.uleb128 0xe
 262 000b 55       		.uleb128 0x55
 263 000c 17       		.uleb128 0x17
 264 000d 11       		.uleb128 0x11
 265 000e 01       		.uleb128 0x1
 266 000f 10       		.uleb128 0x10
 267 0010 17       		.uleb128 0x17
 268 0011 00       		.byte	0
 269 0012 00       		.byte	0
 270 0013 02       		.uleb128 0x2
 271 0014 24       		.uleb128 0x24
 272 0015 00       		.byte	0
 273 0016 0B       		.uleb128 0xb
 274 0017 0B       		.uleb128 0xb
 275 0018 3E       		.uleb128 0x3e
 276 0019 0B       		.uleb128 0xb
 277 001a 03       		.uleb128 0x3
 278 001b 0E       		.uleb128 0xe
 279 001c 00       		.byte	0
 280 001d 00       		.byte	0
 281 001e 03       		.uleb128 0x3
 282 001f 16       		.uleb128 0x16
 283 0020 00       		.byte	0
 284 0021 03       		.uleb128 0x3
 285 0022 0E       		.uleb128 0xe
 286 0023 3A       		.uleb128 0x3a
 287 0024 0B       		.uleb128 0xb
 288 0025 3B       		.uleb128 0x3b
 289 0026 0B       		.uleb128 0xb
 290 0027 49       		.uleb128 0x49
 291 0028 13       		.uleb128 0x13
 292 0029 00       		.byte	0
 293 002a 00       		.byte	0
 294 002b 04       		.uleb128 0x4
 295 002c 24       		.uleb128 0x24
 296 002d 00       		.byte	0
 297 002e 0B       		.uleb128 0xb
 298 002f 0B       		.uleb128 0xb
 299 0030 3E       		.uleb128 0x3e
 300 0031 0B       		.uleb128 0xb
 301 0032 03       		.uleb128 0x3
 302 0033 08       		.uleb128 0x8
ARM GAS  C:\Users\laure\AppData\Local\Temp\ccBgo32M.s 			page 7


 303 0034 00       		.byte	0
 304 0035 00       		.byte	0
 305 0036 05       		.uleb128 0x5
 306 0037 2E       		.uleb128 0x2e
 307 0038 01       		.byte	0x1
 308 0039 3F       		.uleb128 0x3f
 309 003a 19       		.uleb128 0x19
 310 003b 03       		.uleb128 0x3
 311 003c 0E       		.uleb128 0xe
 312 003d 3A       		.uleb128 0x3a
 313 003e 0B       		.uleb128 0xb
 314 003f 3B       		.uleb128 0x3b
 315 0040 0B       		.uleb128 0xb
 316 0041 27       		.uleb128 0x27
 317 0042 19       		.uleb128 0x19
 318 0043 49       		.uleb128 0x49
 319 0044 13       		.uleb128 0x13
 320 0045 11       		.uleb128 0x11
 321 0046 01       		.uleb128 0x1
 322 0047 12       		.uleb128 0x12
 323 0048 06       		.uleb128 0x6
 324 0049 40       		.uleb128 0x40
 325 004a 18       		.uleb128 0x18
 326 004b 9742     		.uleb128 0x2117
 327 004d 19       		.uleb128 0x19
 328 004e 01       		.uleb128 0x1
 329 004f 13       		.uleb128 0x13
 330 0050 00       		.byte	0
 331 0051 00       		.byte	0
 332 0052 06       		.uleb128 0x6
 333 0053 34       		.uleb128 0x34
 334 0054 00       		.byte	0
 335 0055 03       		.uleb128 0x3
 336 0056 0E       		.uleb128 0xe
 337 0057 3A       		.uleb128 0x3a
 338 0058 0B       		.uleb128 0xb
 339 0059 3B       		.uleb128 0x3b
 340 005a 0B       		.uleb128 0xb
 341 005b 49       		.uleb128 0x49
 342 005c 13       		.uleb128 0x13
 343 005d 02       		.uleb128 0x2
 344 005e 17       		.uleb128 0x17
 345 005f 00       		.byte	0
 346 0060 00       		.byte	0
 347 0061 07       		.uleb128 0x7
 348 0062 34       		.uleb128 0x34
 349 0063 00       		.byte	0
 350 0064 03       		.uleb128 0x3
 351 0065 0E       		.uleb128 0xe
 352 0066 3A       		.uleb128 0x3a
 353 0067 0B       		.uleb128 0xb
 354 0068 3B       		.uleb128 0x3b
 355 0069 0B       		.uleb128 0xb
 356 006a 49       		.uleb128 0x49
 357 006b 13       		.uleb128 0x13
 358 006c 02       		.uleb128 0x2
 359 006d 18       		.uleb128 0x18
ARM GAS  C:\Users\laure\AppData\Local\Temp\ccBgo32M.s 			page 8


 360 006e 00       		.byte	0
 361 006f 00       		.byte	0
 362 0070 08       		.uleb128 0x8
 363 0071 898201   		.uleb128 0x4109
 364 0074 01       		.byte	0x1
 365 0075 11       		.uleb128 0x11
 366 0076 01       		.uleb128 0x1
 367 0077 31       		.uleb128 0x31
 368 0078 13       		.uleb128 0x13
 369 0079 01       		.uleb128 0x1
 370 007a 13       		.uleb128 0x13
 371 007b 00       		.byte	0
 372 007c 00       		.byte	0
 373 007d 09       		.uleb128 0x9
 374 007e 8A8201   		.uleb128 0x410a
 375 0081 00       		.byte	0
 376 0082 02       		.uleb128 0x2
 377 0083 18       		.uleb128 0x18
 378 0084 9142     		.uleb128 0x2111
 379 0086 18       		.uleb128 0x18
 380 0087 00       		.byte	0
 381 0088 00       		.byte	0
 382 0089 0A       		.uleb128 0xa
 383 008a 898201   		.uleb128 0x4109
 384 008d 00       		.byte	0
 385 008e 11       		.uleb128 0x11
 386 008f 01       		.uleb128 0x1
 387 0090 31       		.uleb128 0x31
 388 0091 13       		.uleb128 0x13
 389 0092 00       		.byte	0
 390 0093 00       		.byte	0
 391 0094 0B       		.uleb128 0xb
 392 0095 34       		.uleb128 0x34
 393 0096 00       		.byte	0
 394 0097 03       		.uleb128 0x3
 395 0098 0E       		.uleb128 0xe
 396 0099 3A       		.uleb128 0x3a
 397 009a 0B       		.uleb128 0xb
 398 009b 3B       		.uleb128 0x3b
 399 009c 05       		.uleb128 0x5
 400 009d 49       		.uleb128 0x49
 401 009e 13       		.uleb128 0x13
 402 009f 3F       		.uleb128 0x3f
 403 00a0 19       		.uleb128 0x19
 404 00a1 3C       		.uleb128 0x3c
 405 00a2 19       		.uleb128 0x19
 406 00a3 00       		.byte	0
 407 00a4 00       		.byte	0
 408 00a5 0C       		.uleb128 0xc
 409 00a6 35       		.uleb128 0x35
 410 00a7 00       		.byte	0
 411 00a8 49       		.uleb128 0x49
 412 00a9 13       		.uleb128 0x13
 413 00aa 00       		.byte	0
 414 00ab 00       		.byte	0
 415 00ac 0D       		.uleb128 0xd
 416 00ad 2E       		.uleb128 0x2e
ARM GAS  C:\Users\laure\AppData\Local\Temp\ccBgo32M.s 			page 9


 417 00ae 00       		.byte	0
 418 00af 3F       		.uleb128 0x3f
 419 00b0 19       		.uleb128 0x19
 420 00b1 3C       		.uleb128 0x3c
 421 00b2 19       		.uleb128 0x19
 422 00b3 6E       		.uleb128 0x6e
 423 00b4 0E       		.uleb128 0xe
 424 00b5 03       		.uleb128 0x3
 425 00b6 0E       		.uleb128 0xe
 426 00b7 3A       		.uleb128 0x3a
 427 00b8 0B       		.uleb128 0xb
 428 00b9 3B       		.uleb128 0x3b
 429 00ba 0B       		.uleb128 0xb
 430 00bb 00       		.byte	0
 431 00bc 00       		.byte	0
 432 00bd 00       		.byte	0
 433              		.section	.debug_loc,"",%progbits
 434              	.Ldebug_loc0:
 435              	.LLST0:
 436 0000 18000000 		.4byte	.LVL3
 437 0004 1B000000 		.4byte	.LVL4-1
 438 0008 0100     		.2byte	0x1
 439 000a 50       		.byte	0x50
 440 000b 00000000 		.4byte	0
 441 000f 00000000 		.4byte	0
 442              		.section	.debug_aranges,"",%progbits
 443 0000 1C000000 		.4byte	0x1c
 444 0004 0200     		.2byte	0x2
 445 0006 00000000 		.4byte	.Ldebug_info0
 446 000a 04       		.byte	0x4
 447 000b 00       		.byte	0
 448 000c 0000     		.2byte	0
 449 000e 0000     		.2byte	0
 450 0010 00000000 		.4byte	.LFB63
 451 0014 2C000000 		.4byte	.LFE63-.LFB63
 452 0018 00000000 		.4byte	0
 453 001c 00000000 		.4byte	0
 454              		.section	.debug_ranges,"",%progbits
 455              	.Ldebug_ranges0:
 456 0000 00000000 		.4byte	.LFB63
 457 0004 2C000000 		.4byte	.LFE63
 458 0008 00000000 		.4byte	0
 459 000c 00000000 		.4byte	0
 460              		.section	.debug_line,"",%progbits
 461              	.Ldebug_line0:
 462 0000 7E010000 		.section	.debug_str,"MS",%progbits,1
 462      02006001 
 462      00000201 
 462      FB0E0D00 
 462      01010101 
 463              	.LASF6:
 464 0000 6C6F6E67 		.ascii	"long long int\000"
 464      206C6F6E 
 464      6720696E 
 464      7400
 465              	.LASF26:
 466 000e 69734E69 		.ascii	"isNight\000"
ARM GAS  C:\Users\laure\AppData\Local\Temp\ccBgo32M.s 			page 10


 466      67687400 
 467              	.LASF8:
 468 0016 756E7369 		.ascii	"unsigned int\000"
 468      676E6564 
 468      20696E74 
 468      00
 469              	.LASF19:
 470 0023 4144435F 		.ascii	"ADC_DelSig_StartConvert\000"
 470      44656C53 
 470      69675F53 
 470      74617274 
 470      436F6E76 
 471              	.LASF17:
 472 003b 7265735F 		.ascii	"res_mV\000"
 472      6D5600
 473              	.LASF23:
 474 0042 474E5520 		.ascii	"GNU C11 5.4.1 20160609 (release) [ARM/embedded-5-br"
 474      43313120 
 474      352E342E 
 474      31203230 
 474      31363036 
 475 0075 616E6368 		.ascii	"anch revision 237715] -mcpu=cortex-m3 -mthumb -g -O"
 475      20726576 
 475      6973696F 
 475      6E203233 
 475      37373135 
 476 00a8 67202D66 		.ascii	"g -ffunction-sections -ffat-lto-objects\000"
 476      66756E63 
 476      74696F6E 
 476      2D736563 
 476      74696F6E 
 477              	.LASF18:
 478 00d0 414D7578 		.ascii	"AMux_FastSelect\000"
 478      5F466173 
 478      7453656C 
 478      65637400 
 479              	.LASF5:
 480 00e0 6C6F6E67 		.ascii	"long unsigned int\000"
 480      20756E73 
 480      69676E65 
 480      6420696E 
 480      7400
 481              	.LASF7:
 482 00f2 6C6F6E67 		.ascii	"long long unsigned int\000"
 482      206C6F6E 
 482      6720756E 
 482      7369676E 
 482      65642069 
 483              	.LASF3:
 484 0109 73686F72 		.ascii	"short unsigned int\000"
 484      7420756E 
 484      7369676E 
 484      65642069 
 484      6E7400
 485              	.LASF25:
 486 011c 433A5C55 		.ascii	"C:\\Users\\laure\\OneDrive\\Documents\\PSoC Creator"
 486      73657273 
ARM GAS  C:\Users\laure\AppData\Local\Temp\ccBgo32M.s 			page 11


 486      5C6C6175 
 486      72655C4F 
 486      6E654472 
 487 014a 5C50536F 		.ascii	"\\PSoC 5LP\\FirstLab.cydsn\000"
 487      4320354C 
 487      505C4669 
 487      7273744C 
 487      61622E63 
 488              	.LASF24:
 489 0163 6C696768 		.ascii	"lightsensor.c\000"
 489      7473656E 
 489      736F722E 
 489      6300
 490              	.LASF1:
 491 0171 756E7369 		.ascii	"unsigned char\000"
 491      676E6564 
 491      20636861 
 491      7200
 492              	.LASF13:
 493 017f 63686172 		.ascii	"char\000"
 493      00
 494              	.LASF20:
 495 0184 4144435F 		.ascii	"ADC_DelSig_IsEndConversion\000"
 495      44656C53 
 495      69675F49 
 495      73456E64 
 495      436F6E76 
 496              	.LASF16:
 497 019f 72657375 		.ascii	"result\000"
 497      6C7400
 498              	.LASF4:
 499 01a6 6C6F6E67 		.ascii	"long int\000"
 499      20696E74 
 499      00
 500              	.LASF12:
 501 01af 646F7562 		.ascii	"double\000"
 501      6C6500
 502              	.LASF22:
 503 01b6 4144435F 		.ascii	"ADC_DelSig_CountsTo_mVolts\000"
 503      44656C53 
 503      69675F43 
 503      6F756E74 
 503      73546F5F 
 504              	.LASF27:
 505 01d1 49544D5F 		.ascii	"ITM_RxBuffer\000"
 505      52784275 
 505      66666572 
 505      00
 506              	.LASF0:
 507 01de 7369676E 		.ascii	"signed char\000"
 507      65642063 
 507      68617200 
 508              	.LASF14:
 509 01ea 6C6F6E67 		.ascii	"long double\000"
 509      20646F75 
 509      626C6500 
 510              	.LASF9:
ARM GAS  C:\Users\laure\AppData\Local\Temp\ccBgo32M.s 			page 12


 511 01f6 5F5F696E 		.ascii	"__int32_t\000"
 511      7433325F 
 511      7400
 512              	.LASF11:
 513 0200 666C6F61 		.ascii	"float\000"
 513      7400
 514              	.LASF21:
 515 0206 4144435F 		.ascii	"ADC_DelSig_GetResult32\000"
 515      44656C53 
 515      69675F47 
 515      65745265 
 515      73756C74 
 516              	.LASF2:
 517 021d 73686F72 		.ascii	"short int\000"
 517      7420696E 
 517      7400
 518              	.LASF10:
 519 0227 696E7433 		.ascii	"int32_t\000"
 519      325F7400 
 520              	.LASF15:
 521 022f 73697A65 		.ascii	"sizetype\000"
 521      74797065 
 521      00
 522              		.ident	"GCC: (GNU Tools for ARM Embedded Processors) 5.4.1 20160609 (release) [ARM/embedded-5-bran
