ARM GAS  C:\Users\laure\AppData\Local\Temp\ccBcDZnM.s 			page 1


   1              		.syntax unified
   2              		.cpu cortex-m3
   3              		.fpu softvfp
   4              		.eabi_attribute 20, 1
   5              		.eabi_attribute 21, 1
   6              		.eabi_attribute 23, 3
   7              		.eabi_attribute 24, 1
   8              		.eabi_attribute 25, 1
   9              		.eabi_attribute 26, 1
  10              		.eabi_attribute 30, 1
  11              		.eabi_attribute 34, 1
  12              		.eabi_attribute 18, 4
  13              		.thumb
  14              		.syntax unified
  15              		.file	"main.c"
  16              		.text
  17              	.Ltext0:
  18              		.cfi_sections	.debug_frame
  19              		.section	.text.Rx_Handler,"ax",%progbits
  20              		.align	2
  21              		.global	Rx_Handler
  22              		.thumb
  23              		.thumb_func
  24              		.type	Rx_Handler, %function
  25              	Rx_Handler:
  26              	.LFB63:
  27              		.file 1 "main.c"
   1:main.c        **** /* ========================================
   2:main.c        ****  *
   3:main.c        ****  * Copyright YOUR COMPANY, THE YEAR
   4:main.c        ****  * All Rights Reserved
   5:main.c        ****  * UNPUBLISHED, LICENSED SOFTWARE.
   6:main.c        ****  *
   7:main.c        ****  * CONFIDENTIAL AND PROPRIETARY INFORMATION
   8:main.c        ****  * WHICH IS THE PROPERTY OF your company.
   9:main.c        ****  *
  10:main.c        ****  * ========================================
  11:main.c        **** */
  12:main.c        **** #include "project.h"
  13:main.c        **** #include "keypad.h"
  14:main.c        **** 
  15:main.c        **** #include "printer.h"
  16:main.c        **** #include "lighter.h"
  17:main.c        **** #include "translator.h"
  18:main.c        **** #include "lightsensor.h"
  19:main.c        **** #include "soundhandler.h"
  20:main.c        **** #include "semaphores.h"
  21:main.c        **** 
  22:main.c        **** #include "morse.h"
  23:main.c        **** 
  24:main.c        **** #include "math.h"
  25:main.c        **** 
  26:main.c        **** #define MAX_MESSAGE_LENGTH 50
  27:main.c        **** char userMessage[MAX_MESSAGE_LENGTH];
  28:main.c        **** 
  29:main.c        **** uint8 rxData;
  30:main.c        **** int aMessageIsReadyToBeSendflag;
ARM GAS  C:\Users\laure\AppData\Local\Temp\ccBcDZnM.s 			page 2


  31:main.c        **** 
  32:main.c        **** CY_ISR ( Rx_Handler ) {
  28              		.loc 1 32 0
  29              		.cfi_startproc
  30              		@ args = 0, pretend = 0, frame = 8
  31              		@ frame_needed = 0, uses_anonymous_args = 0
  32 0000 30B5     		push	{r4, r5, lr}
  33              		.cfi_def_cfa_offset 12
  34              		.cfi_offset 4, -12
  35              		.cfi_offset 5, -8
  36              		.cfi_offset 14, -4
  37 0002 83B0     		sub	sp, sp, #12
  38              		.cfi_def_cfa_offset 24
  39              	.L5:
  33:main.c        ****     uint8_t status = 0;
  34:main.c        ****     do {
  35:main.c        ****         // Checks if no UART Rx errors
  36:main.c        ****         status = UART_ReadRxStatus();
  40              		.loc 1 36 0
  41 0004 FFF7FEFF 		bl	UART_ReadRxStatus
  42              	.LVL0:
  43 0008 0446     		mov	r4, r0
  44              	.LVL1:
  37:main.c        ****         if (( status & UART_RX_STS_PAR_ERROR ) |
  45              		.loc 1 37 0
  46 000a 10F01E0F 		tst	r0, #30
  47 000e 06D0     		beq	.L2
  38:main.c        ****         ( status & UART_RX_STS_STOP_ERROR ) |
  39:main.c        ****         ( status & UART_RX_STS_BREAK ) |
  40:main.c        ****         ( status & UART_RX_STS_OVERRUN ) ) {
  41:main.c        ****             // Parity , framing , break or overrun error
  42:main.c        ****             LCD_Screen_Position(1 ,0);
  48              		.loc 1 42 0
  49 0010 0021     		movs	r1, #0
  50 0012 0120     		movs	r0, #1
  51              	.LVL2:
  52 0014 FFF7FEFF 		bl	LCD_Screen_Position
  53              	.LVL3:
  43:main.c        ****             LCD_Screen_PrintString("UART err");
  54              		.loc 1 43 0
  55 0018 0F48     		ldr	r0, .L7
  56 001a FFF7FEFF 		bl	LCD_Screen_PrintString
  57              	.LVL4:
  58              	.L2:
  59 001e 04F02004 		and	r4, r4, #32
  44:main.c        ****         }
  45:main.c        ****         // Check that rx buffer is not empty and get rx data
  46:main.c        ****         if ( ( status & UART_RX_STS_FIFO_NOTEMPTY ) != 0){
  60              		.loc 1 46 0
  61 0022 04F0FF05 		and	r5, r4, #255
  62 0026 9CB1     		cbz	r4, .L3
  47:main.c        ****             rxData = UART_ReadRxData();
  63              		.loc 1 47 0
  64 0028 FFF7FEFF 		bl	UART_ReadRxData
  65              	.LVL5:
  66 002c 0B4B     		ldr	r3, .L7+4
  67 002e 1870     		strb	r0, [r3]
ARM GAS  C:\Users\laure\AppData\Local\Temp\ccBcDZnM.s 			page 3


  48:main.c        ****             
  49:main.c        ****             if (rxData != '\n') {
  68              		.loc 1 49 0
  69 0030 0A28     		cmp	r0, #10
  70 0032 0AD0     		beq	.L4
  71              	.LBB2:
  50:main.c        ****                 char strToConcat[2] = "\0\0";
  72              		.loc 1 50 0
  73 0034 0A4B     		ldr	r3, .L7+8
  74 0036 1B88     		ldrh	r3, [r3]
  75 0038 ADF80430 		strh	r3, [sp, #4]	@ movhi
  51:main.c        ****                 strToConcat[0] = rxData;
  76              		.loc 1 51 0
  77 003c 02A9     		add	r1, sp, #8
  78 003e 01F8040D 		strb	r0, [r1, #-4]!
  52:main.c        ****                 strcat(userMessage, strToConcat);
  79              		.loc 1 52 0
  80 0042 0848     		ldr	r0, .L7+12
  81 0044 FFF7FEFF 		bl	strcat
  82              	.LVL6:
  83              	.LBE2:
  84 0048 02E0     		b	.L3
  85              	.L4:
  53:main.c        ****             }
  54:main.c        ****             
  55:main.c        ****             else 
  56:main.c        ****                 aMessageIsReadyToBeSendflag = 1;
  86              		.loc 1 56 0
  87 004a 0122     		movs	r2, #1
  88 004c 064B     		ldr	r3, .L7+16
  89 004e 1A60     		str	r2, [r3]
  90              	.L3:
  57:main.c        ****             
  58:main.c        ****         }
  59:main.c        ****     } while (( status & UART_RX_STS_FIFO_NOTEMPTY ) != 0);
  91              		.loc 1 59 0
  92 0050 002D     		cmp	r5, #0
  93 0052 D7D1     		bne	.L5
  60:main.c        **** }
  94              		.loc 1 60 0
  95 0054 03B0     		add	sp, sp, #12
  96              		.cfi_def_cfa_offset 12
  97              		@ sp needed
  98 0056 30BD     		pop	{r4, r5, pc}
  99              	.L8:
 100              		.align	2
 101              	.L7:
 102 0058 00000000 		.word	.LC0
 103 005c 00000000 		.word	rxData
 104 0060 00000000 		.word	.LANCHOR0
 105 0064 00000000 		.word	userMessage
 106 0068 00000000 		.word	aMessageIsReadyToBeSendflag
 107              		.cfi_endproc
 108              	.LFE63:
 109              		.size	Rx_Handler, .-Rx_Handler
 110              		.section	.text.main,"ax",%progbits
 111              		.align	2
ARM GAS  C:\Users\laure\AppData\Local\Temp\ccBcDZnM.s 			page 4


 112              		.global	main
 113              		.thumb
 114              		.thumb_func
 115              		.type	main, %function
 116              	main:
 117              	.LFB64:
  61:main.c        **** 
  62:main.c        **** int main(void)
  63:main.c        **** {
 118              		.loc 1 63 0
 119              		.cfi_startproc
 120              		@ args = 0, pretend = 0, frame = 0
 121              		@ frame_needed = 0, uses_anonymous_args = 0
 122 0000 F8B5     		push	{r3, r4, r5, r6, r7, lr}
 123              		.cfi_def_cfa_offset 24
 124              		.cfi_offset 3, -24
 125              		.cfi_offset 4, -20
 126              		.cfi_offset 5, -16
 127              		.cfi_offset 6, -12
 128              		.cfi_offset 7, -8
 129              		.cfi_offset 14, -4
  64:main.c        ****     CyGlobalIntEnable; /* Enable global interrupts */
 130              		.loc 1 64 0
 131              		.syntax unified
 132              	@ 64 "main.c" 1
 133 0002 62B6     		CPSIE   i
 134              	@ 0 "" 2
  65:main.c        ****     
  66:main.c        ****     LCD_Screen_Start();
 135              		.loc 1 66 0
 136              		.thumb
 137              		.syntax unified
 138 0004 FFF7FEFF 		bl	LCD_Screen_Start
 139              	.LVL7:
  67:main.c        ****     keypadInit();
 140              		.loc 1 67 0
 141 0008 FFF7FEFF 		bl	keypadInit
 142              	.LVL8:
  68:main.c        ****     
  69:main.c        ****     ADC_DelSig_Start();
 143              		.loc 1 69 0
 144 000c FFF7FEFF 		bl	ADC_DelSig_Start
 145              	.LVL9:
  70:main.c        ****     
  71:main.c        ****     Timer_Start();
 146              		.loc 1 71 0
 147 0010 FFF7FEFF 		bl	Timer_Start
 148              	.LVL10:
  72:main.c        ****     
  73:main.c        ****     initVector();
 149              		.loc 1 73 0
 150 0014 FFF7FEFF 		bl	initVector
 151              	.LVL11:
  74:main.c        ****     
  75:main.c        ****     VDAC_Start();
 152              		.loc 1 75 0
 153 0018 FFF7FEFF 		bl	VDAC_Start
ARM GAS  C:\Users\laure\AppData\Local\Temp\ccBcDZnM.s 			page 5


 154              	.LVL12:
  76:main.c        ****     
  77:main.c        ****     char keyPressed;
  78:main.c        ****     char lastKeyPressed;
  79:main.c        ****     
  80:main.c        ****     int j =  0;
  81:main.c        ****     
  82:main.c        ****     PWM_1_Start();
 155              		.loc 1 82 0
 156 001c FFF7FEFF 		bl	PWM_1_Start
 157              	.LVL13:
  83:main.c        ****     PWM_2_Start();
 158              		.loc 1 83 0
 159 0020 FFF7FEFF 		bl	PWM_2_Start
 160              	.LVL14:
  84:main.c        ****     
  85:main.c        ****     int selectedServo = 1;
  86:main.c        ****     
  87:main.c        ****     UART_Start();
 161              		.loc 1 87 0
 162 0024 FFF7FEFF 		bl	UART_Start
 163              	.LVL15:
  88:main.c        ****     Rx_Int_StartEx( Rx_Handler );
 164              		.loc 1 88 0
 165 0028 3248     		ldr	r0, .L29
 166 002a FFF7FEFF 		bl	Rx_Int_StartEx
 167              	.LVL16:
  85:main.c        ****     
 168              		.loc 1 85 0
 169 002e 0127     		movs	r7, #1
  80:main.c        ****     
 170              		.loc 1 80 0
 171 0030 0025     		movs	r5, #0
 172              	.LVL17:
 173              	.L10:
  89:main.c        ****     
  90:main.c        ****     for(;;)
  91:main.c        ****     {   
  92:main.c        ****         if (Pin_SW1_Read()) {
 174              		.loc 1 92 0
 175 0032 FFF7FEFF 		bl	Pin_SW1_Read
 176              	.LVL18:
 177 0036 98B1     		cbz	r0, .L11
  93:main.c        ****             
  94:main.c        ****             toggleAllLights(); // turn on the lights
 178              		.loc 1 94 0
 179 0038 FFF7FEFF 		bl	toggleAllLights
 180              	.LVL19:
  95:main.c        ****             
  96:main.c        ****             while ( Pin_SW1_Read() ) {
 181              		.loc 1 96 0
 182 003c 09E0     		b	.L13
 183              	.L15:
 184              	.LBB3:
  97:main.c        ****                     int overFlow = getTC();
 185              		.loc 1 97 0
 186 003e FFF7FEFF 		bl	getTC
ARM GAS  C:\Users\laure\AppData\Local\Temp\ccBcDZnM.s 			page 6


 187              	.LVL20:
  98:main.c        ****                     if (overFlow) {
 188              		.loc 1 98 0
 189 0042 30B1     		cbz	r0, .L13
  99:main.c        ****                         setVDACvalue (j);
 190              		.loc 1 99 0
 191 0044 2846     		mov	r0, r5
 192              	.LVL21:
 193 0046 FFF7FEFF 		bl	setVDACvalue
 194              	.LVL22:
 100:main.c        ****                         if (++j > 99)
 195              		.loc 1 100 0
 196 004a 0135     		adds	r5, r5, #1
 197              	.LVL23:
 198 004c 632D     		cmp	r5, #99
 199 004e 00DD     		ble	.L13
 101:main.c        ****                             j = 0;
 200              		.loc 1 101 0
 201 0050 0025     		movs	r5, #0
 202              	.LVL24:
 203              	.L13:
 204              	.LBE3:
  96:main.c        ****                     int overFlow = getTC();
 205              		.loc 1 96 0
 206 0052 FFF7FEFF 		bl	Pin_SW1_Read
 207              	.LVL25:
 208 0056 0028     		cmp	r0, #0
 209 0058 F1D1     		bne	.L15
 102:main.c        ****                     }
 103:main.c        ****             }
 104:main.c        ****             
 105:main.c        ****             toggleAllLights(); // turn off the lights
 210              		.loc 1 105 0
 211 005a FFF7FEFF 		bl	toggleAllLights
 212              	.LVL26:
 213 005e 1DE0     		b	.L16
 214              	.L11:
 106:main.c        ****         }
 107:main.c        ****             
 108:main.c        ****         else if (Pin_SW2_Read())
 215              		.loc 1 108 0
 216 0060 FFF7FEFF 		bl	Pin_SW2_Read
 217              	.LVL27:
 218 0064 10B1     		cbz	r0, .L17
 109:main.c        ****             emitShortSignalWithBlinking();
 219              		.loc 1 109 0
 220 0066 FFF7FEFF 		bl	emitShortSignalWithBlinking
 221              	.LVL28:
 222 006a 17E0     		b	.L16
 223              	.L17:
 110:main.c        ****             
 111:main.c        ****         else if (Pin_SW3_Read())
 224              		.loc 1 111 0
 225 006c FFF7FEFF 		bl	Pin_SW3_Read
 226              	.LVL29:
 227 0070 10B1     		cbz	r0, .L18
 112:main.c        ****             emitLongSignalWithBlinking();
ARM GAS  C:\Users\laure\AppData\Local\Temp\ccBcDZnM.s 			page 7


 228              		.loc 1 112 0
 229 0072 FFF7FEFF 		bl	emitLongSignalWithBlinking
 230              	.LVL30:
 231 0076 11E0     		b	.L16
 232              	.L18:
 113:main.c        ****         
 114:main.c        ****         else if (Pin_SW4_Read())
 233              		.loc 1 114 0
 234 0078 FFF7FEFF 		bl	Pin_SW4_Read
 235              	.LVL31:
 236 007c 70B1     		cbz	r0, .L16
 115:main.c        ****         {
 116:main.c        ****             if (selectedServo == 1)
 237              		.loc 1 116 0
 238 007e 012F     		cmp	r7, #1
 239 0080 02D0     		beq	.L26
 117:main.c        ****                 selectedServo = 2;
 118:main.c        ****             else if (selectedServo == 2)
 240              		.loc 1 118 0
 241 0082 022F     		cmp	r7, #2
 242 0084 03D1     		bne	.L19
 243 0086 01E0     		b	.L27
 244              	.L26:
 117:main.c        ****                 selectedServo = 2;
 245              		.loc 1 117 0
 246 0088 0227     		movs	r7, #2
 247              	.LVL32:
 248 008a 00E0     		b	.L19
 249              	.LVL33:
 250              	.L27:
 119:main.c        ****                 selectedServo = 1;
 251              		.loc 1 119 0
 252 008c 0127     		movs	r7, #1
 253              	.LVL34:
 254              	.L19:
 120:main.c        ****             updateSemaphorePosition(selectedServo);
 255              		.loc 1 120 0
 256 008e 3846     		mov	r0, r7
 257 0090 FFF7FEFF 		bl	updateSemaphorePosition
 258              	.LVL35:
 121:main.c        ****             CyDelay(500); // it prevents accidentally pressing
 259              		.loc 1 121 0
 260 0094 4FF4FA70 		mov	r0, #500
 261 0098 FFF7FEFF 		bl	CyDelay
 262              	.LVL36:
 263              	.L16:
 122:main.c        ****                           // the button several times in a row
 123:main.c        ****         }
 124:main.c        ****         
 125:main.c        ****         updateSemaphorePosition(selectedServo);
 264              		.loc 1 125 0
 265 009c 3846     		mov	r0, r7
 266 009e FFF7FEFF 		bl	updateSemaphorePosition
 267              	.LVL37:
 126:main.c        ****         
 127:main.c        ****         keyPressed = keypadScan();
 268              		.loc 1 127 0
ARM GAS  C:\Users\laure\AppData\Local\Temp\ccBcDZnM.s 			page 8


 269 00a2 FFF7FEFF 		bl	keypadScan
 270              	.LVL38:
 271 00a6 0446     		mov	r4, r0
 272              	.LVL39:
 128:main.c        ****         if (keyPressed != 'z' && keyPressed != '*') { // first user input on the keyboard
 273              		.loc 1 128 0
 274 00a8 7A28     		cmp	r0, #122
 275 00aa 16D0     		beq	.L20
 276              		.loc 1 128 0 is_stmt 0 discriminator 1
 277 00ac 2A28     		cmp	r0, #42
 278 00ae 14D0     		beq	.L20
 279              	.LVL40:
 280              	.LBB4:
 129:main.c        ****                                                       // must be different than the '*'            
 130:main.c        ****             lastKeyPressed = keyPressed;
 131:main.c        ****             printChar(lastKeyPressed);
 281              		.loc 1 131 0 is_stmt 1
 282 00b0 FFF7FEFF 		bl	printChar
 283              	.LVL41:
 130:main.c        ****             printChar(lastKeyPressed);
 284              		.loc 1 130 0
 285 00b4 2646     		mov	r6, r4
 132:main.c        ****             
 133:main.c        ****             while (keyPressed != '*') {
 286              		.loc 1 133 0
 287 00b6 09E0     		b	.L21
 288              	.LVL42:
 289              	.L23:
 134:main.c        ****                 keyPressed = keypadScan();
 290              		.loc 1 134 0
 291 00b8 FFF7FEFF 		bl	keypadScan
 292              	.LVL43:
 293 00bc 0446     		mov	r4, r0
 294              	.LVL44:
 135:main.c        ****                 
 136:main.c        ****                 if (keyPressed != 'z' && keyPressed !='*') {
 295              		.loc 1 136 0
 296 00be 7A28     		cmp	r0, #122
 297 00c0 04D0     		beq	.L21
 298              		.loc 1 136 0 is_stmt 0 discriminator 1
 299 00c2 2A28     		cmp	r0, #42
 300 00c4 02D0     		beq	.L21
 301              	.LVL45:
 137:main.c        ****                     lastKeyPressed = keyPressed;
 138:main.c        ****                     printChar(lastKeyPressed);
 302              		.loc 1 138 0 is_stmt 1
 303 00c6 FFF7FEFF 		bl	printChar
 304              	.LVL46:
 137:main.c        ****                     lastKeyPressed = keyPressed;
 305              		.loc 1 137 0
 306 00ca 2646     		mov	r6, r4
 307              	.L21:
 308              	.LVL47:
 133:main.c        ****                 keyPressed = keypadScan();
 309              		.loc 1 133 0
 310 00cc 2A2C     		cmp	r4, #42
 311 00ce F3D1     		bne	.L23
ARM GAS  C:\Users\laure\AppData\Local\Temp\ccBcDZnM.s 			page 9


 139:main.c        ****                 }
 140:main.c        ****             }
 141:main.c        ****             
 142:main.c        ****             
 143:main.c        ****             
 144:main.c        ****             char* prerecordedMessage = getPrerecordedMessage(lastKeyPressed);
 312              		.loc 1 144 0
 313 00d0 3046     		mov	r0, r6
 314 00d2 FFF7FEFF 		bl	getPrerecordedMessage
 315              	.LVL48:
 145:main.c        ****             
 146:main.c        ****             sendMessage(prerecordedMessage);
 316              		.loc 1 146 0
 317 00d6 FFF7FEFF 		bl	sendMessage
 318              	.LVL49:
 319              	.L20:
 320              	.LBE4:
 147:main.c        ****         }
 148:main.c        ****         
 149:main.c        ****                 
 150:main.c        ****         if ( aMessageIsReadyToBeSendflag ) // the strings are differents
 321              		.loc 1 150 0
 322 00da 074B     		ldr	r3, .L29+4
 323 00dc 1B68     		ldr	r3, [r3]
 324 00de 002B     		cmp	r3, #0
 325 00e0 A7D0     		beq	.L10
 151:main.c        ****         { 
 152:main.c        ****             
 153:main.c        ****             sendMessage(userMessage);
 326              		.loc 1 153 0
 327 00e2 064C     		ldr	r4, .L29+8
 328 00e4 2046     		mov	r0, r4
 329 00e6 FFF7FEFF 		bl	sendMessage
 330              	.LVL50:
 154:main.c        ****             
 155:main.c        ****             strcpy(userMessage, ""); // userMessage is reset
 331              		.loc 1 155 0
 332 00ea 0023     		movs	r3, #0
 333 00ec 2370     		strb	r3, [r4]
 156:main.c        ****             aMessageIsReadyToBeSendflag = 0;
 334              		.loc 1 156 0
 335 00ee 024A     		ldr	r2, .L29+4
 336 00f0 1360     		str	r3, [r2]
 337 00f2 9EE7     		b	.L10
 338              	.L30:
 339              		.align	2
 340              	.L29:
 341 00f4 00000000 		.word	Rx_Handler
 342 00f8 00000000 		.word	aMessageIsReadyToBeSendflag
 343 00fc 00000000 		.word	userMessage
 344              		.cfi_endproc
 345              	.LFE64:
 346              		.size	main, .-main
 347              		.comm	aMessageIsReadyToBeSendflag,4,4
 348              		.comm	rxData,1,1
 349              		.comm	userMessage,50,4
 350              		.section	.rodata
ARM GAS  C:\Users\laure\AppData\Local\Temp\ccBcDZnM.s 			page 10


 351              		.align	2
 352              		.set	.LANCHOR0,. + 0
 353              	.LC1:
 354 0000 000000   		.ascii	"\000\000\000"
 355              		.section	.rodata.str1.4,"aMS",%progbits,1
 356              		.align	2
 357              	.LC0:
 358 0000 55415254 		.ascii	"UART err\000"
 358      20657272 
 358      00
 359              		.text
 360              	.Letext0:
 361              		.file 2 "c:\\program files (x86)\\cypress\\psoc creator\\4.3\\psoc creator\\import\\gnu\\arm\\5.4.
 362              		.file 3 "c:\\program files (x86)\\cypress\\psoc creator\\4.3\\psoc creator\\import\\gnu\\arm\\5.4.
 363              		.file 4 "Generated_Source\\PSoC5/cytypes.h"
 364              		.file 5 "Generated_Source\\PSoC5/core_cm3.h"
 365              		.file 6 "c:\\program files (x86)\\cypress\\psoc creator\\4.3\\psoc creator\\import\\gnu\\arm\\5.4.
 366              		.file 7 "Generated_Source\\PSoC5/UART.h"
 367              		.file 8 "Generated_Source\\PSoC5/LCD_Screen.h"
 368              		.file 9 "soundhandler.h"
 369              		.file 10 "printer.h"
 370              		.file 11 "keypad.h"
 371              		.file 12 "morse.h"
 372              		.file 13 "Generated_Source\\PSoC5/ADC_DelSig.h"
 373              		.file 14 "Generated_Source\\PSoC5/Timer.h"
 374              		.file 15 "Generated_Source\\PSoC5/VDAC.h"
 375              		.file 16 "Generated_Source\\PSoC5/PWM_1.h"
 376              		.file 17 "Generated_Source\\PSoC5/PWM_2.h"
 377              		.file 18 "Generated_Source\\PSoC5/Rx_Int.h"
 378              		.file 19 "Generated_Source\\PSoC5/Pin_SW1.h"
 379              		.file 20 "lighter.h"
 380              		.file 21 "Generated_Source\\PSoC5/Pin_SW2.h"
 381              		.file 22 "Generated_Source\\PSoC5/Pin_SW3.h"
 382              		.file 23 "Generated_Source\\PSoC5/Pin_SW4.h"
 383              		.file 24 "semaphores.h"
 384              		.file 25 "Generated_Source\\PSoC5/CyLib.h"
 385              		.section	.debug_info,"",%progbits
 386              	.Ldebug_info0:
 387 0000 16050000 		.4byte	0x516
 388 0004 0400     		.2byte	0x4
 389 0006 00000000 		.4byte	.Ldebug_abbrev0
 390 000a 04       		.byte	0x4
 391 000b 01       		.uleb128 0x1
 392 000c 4F030000 		.4byte	.LASF60
 393 0010 0C       		.byte	0xc
 394 0011 FB020000 		.4byte	.LASF61
 395 0015 18020000 		.4byte	.LASF62
 396 0019 00000000 		.4byte	.Ldebug_ranges0+0
 397 001d 00000000 		.4byte	0
 398 0021 00000000 		.4byte	.Ldebug_line0
 399 0025 02       		.uleb128 0x2
 400 0026 01       		.byte	0x1
 401 0027 06       		.byte	0x6
 402 0028 DB010000 		.4byte	.LASF0
 403 002c 03       		.uleb128 0x3
 404 002d 5A010000 		.4byte	.LASF4
 405 0031 02       		.byte	0x2
ARM GAS  C:\Users\laure\AppData\Local\Temp\ccBcDZnM.s 			page 11


 406 0032 1D       		.byte	0x1d
 407 0033 37000000 		.4byte	0x37
 408 0037 02       		.uleb128 0x2
 409 0038 01       		.byte	0x1
 410 0039 08       		.byte	0x8
 411 003a B0010000 		.4byte	.LASF1
 412 003e 02       		.uleb128 0x2
 413 003f 02       		.byte	0x2
 414 0040 05       		.byte	0x5
 415 0041 50000000 		.4byte	.LASF2
 416 0045 02       		.uleb128 0x2
 417 0046 02       		.byte	0x2
 418 0047 07       		.byte	0x7
 419 0048 71020000 		.4byte	.LASF3
 420 004c 03       		.uleb128 0x3
 421 004d 31030000 		.4byte	.LASF5
 422 0051 02       		.byte	0x2
 423 0052 3F       		.byte	0x3f
 424 0053 57000000 		.4byte	0x57
 425 0057 02       		.uleb128 0x2
 426 0058 04       		.byte	0x4
 427 0059 05       		.byte	0x5
 428 005a 3E010000 		.4byte	.LASF6
 429 005e 02       		.uleb128 0x2
 430 005f 04       		.byte	0x4
 431 0060 07       		.byte	0x7
 432 0061 02030000 		.4byte	.LASF7
 433 0065 02       		.uleb128 0x2
 434 0066 08       		.byte	0x8
 435 0067 05       		.byte	0x5
 436 0068 24010000 		.4byte	.LASF8
 437 006c 02       		.uleb128 0x2
 438 006d 08       		.byte	0x8
 439 006e 07       		.byte	0x7
 440 006f E7010000 		.4byte	.LASF9
 441 0073 04       		.uleb128 0x4
 442 0074 04       		.byte	0x4
 443 0075 05       		.byte	0x5
 444 0076 696E7400 		.ascii	"int\000"
 445 007a 02       		.uleb128 0x2
 446 007b 04       		.byte	0x4
 447 007c 07       		.byte	0x7
 448 007d 0B020000 		.4byte	.LASF10
 449 0081 03       		.uleb128 0x3
 450 0082 E1000000 		.4byte	.LASF11
 451 0086 03       		.byte	0x3
 452 0087 18       		.byte	0x18
 453 0088 2C000000 		.4byte	0x2c
 454 008c 03       		.uleb128 0x3
 455 008d B1020000 		.4byte	.LASF12
 456 0091 03       		.byte	0x3
 457 0092 2C       		.byte	0x2c
 458 0093 4C000000 		.4byte	0x4c
 459 0097 05       		.uleb128 0x5
 460 0098 E9000000 		.4byte	.LASF13
 461 009c 04       		.byte	0x4
 462 009d E401     		.2byte	0x1e4
ARM GAS  C:\Users\laure\AppData\Local\Temp\ccBcDZnM.s 			page 12


 463 009f 37000000 		.4byte	0x37
 464 00a3 02       		.uleb128 0x2
 465 00a4 04       		.byte	0x4
 466 00a5 04       		.byte	0x4
 467 00a6 12010000 		.4byte	.LASF14
 468 00aa 02       		.uleb128 0x2
 469 00ab 08       		.byte	0x8
 470 00ac 04       		.byte	0x4
 471 00ad 14030000 		.4byte	.LASF15
 472 00b1 02       		.uleb128 0x2
 473 00b2 01       		.byte	0x1
 474 00b3 08       		.byte	0x8
 475 00b4 9A020000 		.4byte	.LASF16
 476 00b8 02       		.uleb128 0x2
 477 00b9 08       		.byte	0x8
 478 00ba 04       		.byte	0x4
 479 00bb 96000000 		.4byte	.LASF17
 480 00bf 02       		.uleb128 0x2
 481 00c0 04       		.byte	0x4
 482 00c1 07       		.byte	0x7
 483 00c2 5A000000 		.4byte	.LASF18
 484 00c6 06       		.uleb128 0x6
 485 00c7 04       		.byte	0x4
 486 00c8 B1000000 		.4byte	0xb1
 487 00cc 07       		.uleb128 0x7
 488 00cd 7C010000 		.4byte	.LASF63
 489 00d1 01       		.byte	0x1
 490 00d2 20       		.byte	0x20
 491 00d3 00000000 		.4byte	.LFB63
 492 00d7 6C000000 		.4byte	.LFE63-.LFB63
 493 00db 01       		.uleb128 0x1
 494 00dc 9C       		.byte	0x9c
 495 00dd 67010000 		.4byte	0x167
 496 00e1 08       		.uleb128 0x8
 497 00e2 84020000 		.4byte	.LASF19
 498 00e6 01       		.byte	0x1
 499 00e7 21       		.byte	0x21
 500 00e8 81000000 		.4byte	0x81
 501 00ec 00000000 		.4byte	.LLST0
 502 00f0 09       		.uleb128 0x9
 503 00f1 34000000 		.4byte	.LBB2
 504 00f5 14000000 		.4byte	.LBE2-.LBB2
 505 00f9 25010000 		.4byte	0x125
 506 00fd 0A       		.uleb128 0xa
 507 00fe A2000000 		.4byte	.LASF20
 508 0102 01       		.byte	0x1
 509 0103 32       		.byte	0x32
 510 0104 67010000 		.4byte	0x167
 511 0108 02       		.uleb128 0x2
 512 0109 91       		.byte	0x91
 513 010a 6C       		.sleb128 -20
 514 010b 0B       		.uleb128 0xb
 515 010c 48000000 		.4byte	.LVL6
 516 0110 CF030000 		.4byte	0x3cf
 517 0114 0C       		.uleb128 0xc
 518 0115 01       		.uleb128 0x1
 519 0116 50       		.byte	0x50
ARM GAS  C:\Users\laure\AppData\Local\Temp\ccBcDZnM.s 			page 13


 520 0117 05       		.uleb128 0x5
 521 0118 03       		.byte	0x3
 522 0119 00000000 		.4byte	userMessage
 523 011d 0C       		.uleb128 0xc
 524 011e 01       		.uleb128 0x1
 525 011f 51       		.byte	0x51
 526 0120 02       		.uleb128 0x2
 527 0121 91       		.byte	0x91
 528 0122 6C       		.sleb128 -20
 529 0123 00       		.byte	0
 530 0124 00       		.byte	0
 531 0125 0D       		.uleb128 0xd
 532 0126 08000000 		.4byte	.LVL0
 533 012a DA030000 		.4byte	0x3da
 534 012e 0E       		.uleb128 0xe
 535 012f 18000000 		.4byte	.LVL3
 536 0133 E5030000 		.4byte	0x3e5
 537 0137 46010000 		.4byte	0x146
 538 013b 0C       		.uleb128 0xc
 539 013c 01       		.uleb128 0x1
 540 013d 50       		.byte	0x50
 541 013e 01       		.uleb128 0x1
 542 013f 31       		.byte	0x31
 543 0140 0C       		.uleb128 0xc
 544 0141 01       		.uleb128 0x1
 545 0142 51       		.byte	0x51
 546 0143 01       		.uleb128 0x1
 547 0144 30       		.byte	0x30
 548 0145 00       		.byte	0
 549 0146 0E       		.uleb128 0xe
 550 0147 1E000000 		.4byte	.LVL4
 551 014b F0030000 		.4byte	0x3f0
 552 014f 5D010000 		.4byte	0x15d
 553 0153 0C       		.uleb128 0xc
 554 0154 01       		.uleb128 0x1
 555 0155 50       		.byte	0x50
 556 0156 05       		.uleb128 0x5
 557 0157 03       		.byte	0x3
 558 0158 00000000 		.4byte	.LC0
 559 015c 00       		.byte	0
 560 015d 0D       		.uleb128 0xd
 561 015e 2C000000 		.4byte	.LVL5
 562 0162 FB030000 		.4byte	0x3fb
 563 0166 00       		.byte	0
 564 0167 0F       		.uleb128 0xf
 565 0168 B1000000 		.4byte	0xb1
 566 016c 77010000 		.4byte	0x177
 567 0170 10       		.uleb128 0x10
 568 0171 BF000000 		.4byte	0xbf
 569 0175 01       		.byte	0x1
 570 0176 00       		.byte	0
 571 0177 11       		.uleb128 0x11
 572 0178 7F000000 		.4byte	.LASF64
 573 017c 01       		.byte	0x1
 574 017d 3E       		.byte	0x3e
 575 017e 73000000 		.4byte	0x73
 576 0182 00000000 		.4byte	.LFB64
ARM GAS  C:\Users\laure\AppData\Local\Temp\ccBcDZnM.s 			page 14


 577 0186 00010000 		.4byte	.LFE64-.LFB64
 578 018a 01       		.uleb128 0x1
 579 018b 9C       		.byte	0x9c
 580 018c 7B030000 		.4byte	0x37b
 581 0190 08       		.uleb128 0x8
 582 0191 26030000 		.4byte	.LASF21
 583 0195 01       		.byte	0x1
 584 0196 4D       		.byte	0x4d
 585 0197 B1000000 		.4byte	0xb1
 586 019b 13000000 		.4byte	.LLST1
 587 019f 08       		.uleb128 0x8
 588 01a0 CF020000 		.4byte	.LASF22
 589 01a4 01       		.byte	0x1
 590 01a5 4E       		.byte	0x4e
 591 01a6 B1000000 		.4byte	0xb1
 592 01aa 47000000 		.4byte	.LLST2
 593 01ae 12       		.uleb128 0x12
 594 01af 6A00     		.ascii	"j\000"
 595 01b1 01       		.byte	0x1
 596 01b2 50       		.byte	0x50
 597 01b3 73000000 		.4byte	0x73
 598 01b7 7B000000 		.4byte	.LLST3
 599 01bb 08       		.uleb128 0x8
 600 01bc 00040000 		.4byte	.LASF23
 601 01c0 01       		.byte	0x1
 602 01c1 55       		.byte	0x55
 603 01c2 73000000 		.4byte	0x73
 604 01c6 9A000000 		.4byte	.LLST4
 605 01ca 09       		.uleb128 0x9
 606 01cb 3E000000 		.4byte	.LBB3
 607 01cf 14000000 		.4byte	.LBE3-.LBB3
 608 01d3 00020000 		.4byte	0x200
 609 01d7 08       		.uleb128 0x8
 610 01d8 47010000 		.4byte	.LASF24
 611 01dc 01       		.byte	0x1
 612 01dd 61       		.byte	0x61
 613 01de 73000000 		.4byte	0x73
 614 01e2 C4000000 		.4byte	.LLST5
 615 01e6 0D       		.uleb128 0xd
 616 01e7 42000000 		.4byte	.LVL20
 617 01eb 06040000 		.4byte	0x406
 618 01ef 0B       		.uleb128 0xb
 619 01f0 4A000000 		.4byte	.LVL22
 620 01f4 11040000 		.4byte	0x411
 621 01f8 0C       		.uleb128 0xc
 622 01f9 01       		.uleb128 0x1
 623 01fa 50       		.byte	0x50
 624 01fb 02       		.uleb128 0x2
 625 01fc 75       		.byte	0x75
 626 01fd 00       		.sleb128 0
 627 01fe 00       		.byte	0
 628 01ff 00       		.byte	0
 629 0200 09       		.uleb128 0x9
 630 0201 B0000000 		.4byte	.LBB4
 631 0205 2A000000 		.4byte	.LBE4-.LBB4
 632 0209 6B020000 		.4byte	0x26b
 633 020d 08       		.uleb128 0x8
ARM GAS  C:\Users\laure\AppData\Local\Temp\ccBcDZnM.s 			page 15


 634 020e FF000000 		.4byte	.LASF25
 635 0212 01       		.byte	0x1
 636 0213 90       		.byte	0x90
 637 0214 C6000000 		.4byte	0xc6
 638 0218 D7000000 		.4byte	.LLST6
 639 021c 0E       		.uleb128 0xe
 640 021d B4000000 		.4byte	.LVL41
 641 0221 1C040000 		.4byte	0x41c
 642 0225 30020000 		.4byte	0x230
 643 0229 0C       		.uleb128 0xc
 644 022a 01       		.uleb128 0x1
 645 022b 50       		.byte	0x50
 646 022c 02       		.uleb128 0x2
 647 022d 74       		.byte	0x74
 648 022e 00       		.sleb128 0
 649 022f 00       		.byte	0
 650 0230 0D       		.uleb128 0xd
 651 0231 BC000000 		.4byte	.LVL43
 652 0235 27040000 		.4byte	0x427
 653 0239 0E       		.uleb128 0xe
 654 023a CA000000 		.4byte	.LVL46
 655 023e 1C040000 		.4byte	0x41c
 656 0242 4D020000 		.4byte	0x24d
 657 0246 0C       		.uleb128 0xc
 658 0247 01       		.uleb128 0x1
 659 0248 50       		.byte	0x50
 660 0249 02       		.uleb128 0x2
 661 024a 74       		.byte	0x74
 662 024b 00       		.sleb128 0
 663 024c 00       		.byte	0
 664 024d 0E       		.uleb128 0xe
 665 024e D6000000 		.4byte	.LVL48
 666 0252 32040000 		.4byte	0x432
 667 0256 61020000 		.4byte	0x261
 668 025a 0C       		.uleb128 0xc
 669 025b 01       		.uleb128 0x1
 670 025c 50       		.byte	0x50
 671 025d 02       		.uleb128 0x2
 672 025e 76       		.byte	0x76
 673 025f 00       		.sleb128 0
 674 0260 00       		.byte	0
 675 0261 0D       		.uleb128 0xd
 676 0262 DA000000 		.4byte	.LVL49
 677 0266 3D040000 		.4byte	0x43d
 678 026a 00       		.byte	0
 679 026b 0D       		.uleb128 0xd
 680 026c 08000000 		.4byte	.LVL7
 681 0270 48040000 		.4byte	0x448
 682 0274 0D       		.uleb128 0xd
 683 0275 0C000000 		.4byte	.LVL8
 684 0279 53040000 		.4byte	0x453
 685 027d 0D       		.uleb128 0xd
 686 027e 10000000 		.4byte	.LVL9
 687 0282 5E040000 		.4byte	0x45e
 688 0286 0D       		.uleb128 0xd
 689 0287 14000000 		.4byte	.LVL10
 690 028b 69040000 		.4byte	0x469
ARM GAS  C:\Users\laure\AppData\Local\Temp\ccBcDZnM.s 			page 16


 691 028f 0D       		.uleb128 0xd
 692 0290 18000000 		.4byte	.LVL11
 693 0294 74040000 		.4byte	0x474
 694 0298 0D       		.uleb128 0xd
 695 0299 1C000000 		.4byte	.LVL12
 696 029d 7F040000 		.4byte	0x47f
 697 02a1 0D       		.uleb128 0xd
 698 02a2 20000000 		.4byte	.LVL13
 699 02a6 8A040000 		.4byte	0x48a
 700 02aa 0D       		.uleb128 0xd
 701 02ab 24000000 		.4byte	.LVL14
 702 02af 95040000 		.4byte	0x495
 703 02b3 0D       		.uleb128 0xd
 704 02b4 28000000 		.4byte	.LVL15
 705 02b8 A0040000 		.4byte	0x4a0
 706 02bc 0E       		.uleb128 0xe
 707 02bd 2E000000 		.4byte	.LVL16
 708 02c1 AB040000 		.4byte	0x4ab
 709 02c5 D3020000 		.4byte	0x2d3
 710 02c9 0C       		.uleb128 0xc
 711 02ca 01       		.uleb128 0x1
 712 02cb 50       		.byte	0x50
 713 02cc 05       		.uleb128 0x5
 714 02cd 03       		.byte	0x3
 715 02ce 00000000 		.4byte	Rx_Handler
 716 02d2 00       		.byte	0
 717 02d3 0D       		.uleb128 0xd
 718 02d4 36000000 		.4byte	.LVL18
 719 02d8 B6040000 		.4byte	0x4b6
 720 02dc 0D       		.uleb128 0xd
 721 02dd 3C000000 		.4byte	.LVL19
 722 02e1 C1040000 		.4byte	0x4c1
 723 02e5 0D       		.uleb128 0xd
 724 02e6 56000000 		.4byte	.LVL25
 725 02ea B6040000 		.4byte	0x4b6
 726 02ee 0D       		.uleb128 0xd
 727 02ef 5E000000 		.4byte	.LVL26
 728 02f3 C1040000 		.4byte	0x4c1
 729 02f7 0D       		.uleb128 0xd
 730 02f8 64000000 		.4byte	.LVL27
 731 02fc CC040000 		.4byte	0x4cc
 732 0300 0D       		.uleb128 0xd
 733 0301 6A000000 		.4byte	.LVL28
 734 0305 D7040000 		.4byte	0x4d7
 735 0309 0D       		.uleb128 0xd
 736 030a 70000000 		.4byte	.LVL29
 737 030e E2040000 		.4byte	0x4e2
 738 0312 0D       		.uleb128 0xd
 739 0313 76000000 		.4byte	.LVL30
 740 0317 ED040000 		.4byte	0x4ed
 741 031b 0D       		.uleb128 0xd
 742 031c 7C000000 		.4byte	.LVL31
 743 0320 F8040000 		.4byte	0x4f8
 744 0324 0E       		.uleb128 0xe
 745 0325 94000000 		.4byte	.LVL35
 746 0329 03050000 		.4byte	0x503
 747 032d 38030000 		.4byte	0x338
ARM GAS  C:\Users\laure\AppData\Local\Temp\ccBcDZnM.s 			page 17


 748 0331 0C       		.uleb128 0xc
 749 0332 01       		.uleb128 0x1
 750 0333 50       		.byte	0x50
 751 0334 02       		.uleb128 0x2
 752 0335 77       		.byte	0x77
 753 0336 00       		.sleb128 0
 754 0337 00       		.byte	0
 755 0338 0E       		.uleb128 0xe
 756 0339 9C000000 		.4byte	.LVL36
 757 033d 0E050000 		.4byte	0x50e
 758 0341 4D030000 		.4byte	0x34d
 759 0345 0C       		.uleb128 0xc
 760 0346 01       		.uleb128 0x1
 761 0347 50       		.byte	0x50
 762 0348 03       		.uleb128 0x3
 763 0349 0A       		.byte	0xa
 764 034a F401     		.2byte	0x1f4
 765 034c 00       		.byte	0
 766 034d 0E       		.uleb128 0xe
 767 034e A2000000 		.4byte	.LVL37
 768 0352 03050000 		.4byte	0x503
 769 0356 61030000 		.4byte	0x361
 770 035a 0C       		.uleb128 0xc
 771 035b 01       		.uleb128 0x1
 772 035c 50       		.byte	0x50
 773 035d 02       		.uleb128 0x2
 774 035e 77       		.byte	0x77
 775 035f 00       		.sleb128 0
 776 0360 00       		.byte	0
 777 0361 0D       		.uleb128 0xd
 778 0362 A6000000 		.4byte	.LVL38
 779 0366 27040000 		.4byte	0x427
 780 036a 0B       		.uleb128 0xb
 781 036b EA000000 		.4byte	.LVL50
 782 036f 3D040000 		.4byte	0x43d
 783 0373 0C       		.uleb128 0xc
 784 0374 01       		.uleb128 0x1
 785 0375 50       		.byte	0x50
 786 0376 02       		.uleb128 0x2
 787 0377 74       		.byte	0x74
 788 0378 00       		.sleb128 0
 789 0379 00       		.byte	0
 790 037a 00       		.byte	0
 791 037b 13       		.uleb128 0x13
 792 037c 42030000 		.4byte	.LASF26
 793 0380 05       		.byte	0x5
 794 0381 1207     		.2byte	0x712
 795 0383 87030000 		.4byte	0x387
 796 0387 14       		.uleb128 0x14
 797 0388 8C000000 		.4byte	0x8c
 798 038c 0F       		.uleb128 0xf
 799 038d B1000000 		.4byte	0xb1
 800 0391 9C030000 		.4byte	0x39c
 801 0395 10       		.uleb128 0x10
 802 0396 BF000000 		.4byte	0xbf
 803 039a 31       		.byte	0x31
 804 039b 00       		.byte	0
ARM GAS  C:\Users\laure\AppData\Local\Temp\ccBcDZnM.s 			page 18


 805 039c 15       		.uleb128 0x15
 806 039d DE020000 		.4byte	.LASF27
 807 03a1 01       		.byte	0x1
 808 03a2 1B       		.byte	0x1b
 809 03a3 8C030000 		.4byte	0x38c
 810 03a7 05       		.uleb128 0x5
 811 03a8 03       		.byte	0x3
 812 03a9 00000000 		.4byte	userMessage
 813 03ad 15       		.uleb128 0x15
 814 03ae 3B030000 		.4byte	.LASF28
 815 03b2 01       		.byte	0x1
 816 03b3 1D       		.byte	0x1d
 817 03b4 97000000 		.4byte	0x97
 818 03b8 05       		.uleb128 0x5
 819 03b9 03       		.byte	0x3
 820 03ba 00000000 		.4byte	rxData
 821 03be 15       		.uleb128 0x15
 822 03bf 63000000 		.4byte	.LASF29
 823 03c3 01       		.byte	0x1
 824 03c4 1E       		.byte	0x1e
 825 03c5 73000000 		.4byte	0x73
 826 03c9 05       		.uleb128 0x5
 827 03ca 03       		.byte	0x3
 828 03cb 00000000 		.4byte	aMessageIsReadyToBeSendflag
 829 03cf 16       		.uleb128 0x16
 830 03d0 9F020000 		.4byte	.LASF30
 831 03d4 9F020000 		.4byte	.LASF30
 832 03d8 06       		.byte	0x6
 833 03d9 1A       		.byte	0x1a
 834 03da 16       		.uleb128 0x16
 835 03db 84000000 		.4byte	.LASF31
 836 03df 84000000 		.4byte	.LASF31
 837 03e3 07       		.byte	0x7
 838 03e4 70       		.byte	0x70
 839 03e5 16       		.uleb128 0x16
 840 03e6 31000000 		.4byte	.LASF32
 841 03ea 31000000 		.4byte	.LASF32
 842 03ee 08       		.byte	0x8
 843 03ef 3D       		.byte	0x3d
 844 03f0 16       		.uleb128 0x16
 845 03f1 CA000000 		.4byte	.LASF33
 846 03f5 CA000000 		.4byte	.LASF33
 847 03f9 08       		.byte	0x8
 848 03fa 3C       		.byte	0x3c
 849 03fb 16       		.uleb128 0x16
 850 03fc BE010000 		.4byte	.LASF34
 851 0400 BE010000 		.4byte	.LASF34
 852 0404 07       		.byte	0x7
 853 0405 6F       		.byte	0x6f
 854 0406 16       		.uleb128 0x16
 855 0407 6B020000 		.4byte	.LASF35
 856 040b 6B020000 		.4byte	.LASF35
 857 040f 09       		.byte	0x9
 858 0410 14       		.byte	0x14
 859 0411 16       		.uleb128 0x16
 860 0412 87010000 		.4byte	.LASF36
 861 0416 87010000 		.4byte	.LASF36
ARM GAS  C:\Users\laure\AppData\Local\Temp\ccBcDZnM.s 			page 19


 862 041a 09       		.byte	0x9
 863 041b 15       		.byte	0x15
 864 041c 16       		.uleb128 0x16
 865 041d 50010000 		.4byte	.LASF37
 866 0421 50010000 		.4byte	.LASF37
 867 0425 0A       		.byte	0xa
 868 0426 10       		.byte	0x10
 869 0427 16       		.uleb128 0x16
 870 0428 A5010000 		.4byte	.LASF38
 871 042c A5010000 		.4byte	.LASF38
 872 0430 0B       		.byte	0xb
 873 0431 0F       		.byte	0xf
 874 0432 16       		.uleb128 0x16
 875 0433 B9020000 		.4byte	.LASF39
 876 0437 B9020000 		.4byte	.LASF39
 877 043b 0C       		.byte	0xc
 878 043c 19       		.byte	0x19
 879 043d 16       		.uleb128 0x16
 880 043e 18010000 		.4byte	.LASF40
 881 0442 18010000 		.4byte	.LASF40
 882 0446 0C       		.byte	0xc
 883 0447 15       		.byte	0x15
 884 0448 16       		.uleb128 0x16
 885 0449 EA020000 		.4byte	.LASF41
 886 044d EA020000 		.4byte	.LASF41
 887 0451 08       		.byte	0x8
 888 0452 38       		.byte	0x38
 889 0453 16       		.uleb128 0x16
 890 0454 1B030000 		.4byte	.LASF42
 891 0458 1B030000 		.4byte	.LASF42
 892 045c 0B       		.byte	0xb
 893 045d 0E       		.byte	0xe
 894 045e 16       		.uleb128 0x16
 895 045f 94010000 		.4byte	.LASF43
 896 0463 94010000 		.4byte	.LASF43
 897 0467 0D       		.byte	0xd
 898 0468 3A       		.byte	0x3a
 899 0469 16       		.uleb128 0x16
 900 046a 32010000 		.4byte	.LASF44
 901 046e 32010000 		.4byte	.LASF44
 902 0472 0E       		.byte	0xe
 903 0473 5A       		.byte	0x5a
 904 0474 16       		.uleb128 0x16
 905 0475 0D000000 		.4byte	.LASF45
 906 0479 0D000000 		.4byte	.LASF45
 907 047d 09       		.byte	0x9
 908 047e 13       		.byte	0x13
 909 047f 16       		.uleb128 0x16
 910 0480 45000000 		.4byte	.LASF46
 911 0484 45000000 		.4byte	.LASF46
 912 0488 0F       		.byte	0xf
 913 0489 33       		.byte	0x33
 914 048a 16       		.uleb128 0x16
 915 048b 25000000 		.4byte	.LASF47
 916 048f 25000000 		.4byte	.LASF47
 917 0493 10       		.byte	0x10
 918 0494 92       		.byte	0x92
ARM GAS  C:\Users\laure\AppData\Local\Temp\ccBcDZnM.s 			page 20


 919 0495 16       		.uleb128 0x16
 920 0496 5F020000 		.4byte	.LASF48
 921 049a 5F020000 		.4byte	.LASF48
 922 049e 11       		.byte	0x11
 923 049f 92       		.byte	0x92
 924 04a0 16       		.uleb128 0x16
 925 04a1 A6020000 		.4byte	.LASF49
 926 04a5 A6020000 		.4byte	.LASF49
 927 04a9 07       		.byte	0x7
 928 04aa 54       		.byte	0x54
 929 04ab 16       		.uleb128 0x16
 930 04ac 8B020000 		.4byte	.LASF50
 931 04b0 8B020000 		.4byte	.LASF50
 932 04b4 12       		.byte	0x12
 933 04b5 18       		.byte	0x18
 934 04b6 16       		.uleb128 0x16
 935 04b7 18000000 		.4byte	.LASF51
 936 04bb 18000000 		.4byte	.LASF51
 937 04bf 13       		.byte	0x13
 938 04c0 29       		.byte	0x29
 939 04c1 16       		.uleb128 0x16
 940 04c2 EF000000 		.4byte	.LASF52
 941 04c6 EF000000 		.4byte	.LASF52
 942 04ca 14       		.byte	0x14
 943 04cb 0F       		.byte	0xf
 944 04cc 16       		.uleb128 0x16
 945 04cd FE010000 		.4byte	.LASF53
 946 04d1 FE010000 		.4byte	.LASF53
 947 04d5 15       		.byte	0x15
 948 04d6 29       		.byte	0x29
 949 04d7 16       		.uleb128 0x16
 950 04d8 AE000000 		.4byte	.LASF54
 951 04dc AE000000 		.4byte	.LASF54
 952 04e0 0C       		.byte	0xc
 953 04e1 12       		.byte	0x12
 954 04e2 16       		.uleb128 0x16
 955 04e3 CE010000 		.4byte	.LASF55
 956 04e7 CE010000 		.4byte	.LASF55
 957 04eb 16       		.byte	0x16
 958 04ec 29       		.byte	0x29
 959 04ed 16       		.uleb128 0x16
 960 04ee E5030000 		.4byte	.LASF56
 961 04f2 E5030000 		.4byte	.LASF56
 962 04f6 0C       		.byte	0xc
 963 04f7 13       		.byte	0x13
 964 04f8 16       		.uleb128 0x16
 965 04f9 00000000 		.4byte	.LASF57
 966 04fd 00000000 		.4byte	.LASF57
 967 0501 17       		.byte	0x17
 968 0502 29       		.byte	0x29
 969 0503 16       		.uleb128 0x16
 970 0504 64010000 		.4byte	.LASF58
 971 0508 64010000 		.4byte	.LASF58
 972 050c 18       		.byte	0x18
 973 050d 0F       		.byte	0xf
 974 050e 16       		.uleb128 0x16
 975 050f DD030000 		.4byte	.LASF59
ARM GAS  C:\Users\laure\AppData\Local\Temp\ccBcDZnM.s 			page 21


 976 0513 DD030000 		.4byte	.LASF59
 977 0517 19       		.byte	0x19
 978 0518 76       		.byte	0x76
 979 0519 00       		.byte	0
 980              		.section	.debug_abbrev,"",%progbits
 981              	.Ldebug_abbrev0:
 982 0000 01       		.uleb128 0x1
 983 0001 11       		.uleb128 0x11
 984 0002 01       		.byte	0x1
 985 0003 25       		.uleb128 0x25
 986 0004 0E       		.uleb128 0xe
 987 0005 13       		.uleb128 0x13
 988 0006 0B       		.uleb128 0xb
 989 0007 03       		.uleb128 0x3
 990 0008 0E       		.uleb128 0xe
 991 0009 1B       		.uleb128 0x1b
 992 000a 0E       		.uleb128 0xe
 993 000b 55       		.uleb128 0x55
 994 000c 17       		.uleb128 0x17
 995 000d 11       		.uleb128 0x11
 996 000e 01       		.uleb128 0x1
 997 000f 10       		.uleb128 0x10
 998 0010 17       		.uleb128 0x17
 999 0011 00       		.byte	0
 1000 0012 00       		.byte	0
 1001 0013 02       		.uleb128 0x2
 1002 0014 24       		.uleb128 0x24
 1003 0015 00       		.byte	0
 1004 0016 0B       		.uleb128 0xb
 1005 0017 0B       		.uleb128 0xb
 1006 0018 3E       		.uleb128 0x3e
 1007 0019 0B       		.uleb128 0xb
 1008 001a 03       		.uleb128 0x3
 1009 001b 0E       		.uleb128 0xe
 1010 001c 00       		.byte	0
 1011 001d 00       		.byte	0
 1012 001e 03       		.uleb128 0x3
 1013 001f 16       		.uleb128 0x16
 1014 0020 00       		.byte	0
 1015 0021 03       		.uleb128 0x3
 1016 0022 0E       		.uleb128 0xe
 1017 0023 3A       		.uleb128 0x3a
 1018 0024 0B       		.uleb128 0xb
 1019 0025 3B       		.uleb128 0x3b
 1020 0026 0B       		.uleb128 0xb
 1021 0027 49       		.uleb128 0x49
 1022 0028 13       		.uleb128 0x13
 1023 0029 00       		.byte	0
 1024 002a 00       		.byte	0
 1025 002b 04       		.uleb128 0x4
 1026 002c 24       		.uleb128 0x24
 1027 002d 00       		.byte	0
 1028 002e 0B       		.uleb128 0xb
 1029 002f 0B       		.uleb128 0xb
 1030 0030 3E       		.uleb128 0x3e
 1031 0031 0B       		.uleb128 0xb
 1032 0032 03       		.uleb128 0x3
ARM GAS  C:\Users\laure\AppData\Local\Temp\ccBcDZnM.s 			page 22


 1033 0033 08       		.uleb128 0x8
 1034 0034 00       		.byte	0
 1035 0035 00       		.byte	0
 1036 0036 05       		.uleb128 0x5
 1037 0037 16       		.uleb128 0x16
 1038 0038 00       		.byte	0
 1039 0039 03       		.uleb128 0x3
 1040 003a 0E       		.uleb128 0xe
 1041 003b 3A       		.uleb128 0x3a
 1042 003c 0B       		.uleb128 0xb
 1043 003d 3B       		.uleb128 0x3b
 1044 003e 05       		.uleb128 0x5
 1045 003f 49       		.uleb128 0x49
 1046 0040 13       		.uleb128 0x13
 1047 0041 00       		.byte	0
 1048 0042 00       		.byte	0
 1049 0043 06       		.uleb128 0x6
 1050 0044 0F       		.uleb128 0xf
 1051 0045 00       		.byte	0
 1052 0046 0B       		.uleb128 0xb
 1053 0047 0B       		.uleb128 0xb
 1054 0048 49       		.uleb128 0x49
 1055 0049 13       		.uleb128 0x13
 1056 004a 00       		.byte	0
 1057 004b 00       		.byte	0
 1058 004c 07       		.uleb128 0x7
 1059 004d 2E       		.uleb128 0x2e
 1060 004e 01       		.byte	0x1
 1061 004f 3F       		.uleb128 0x3f
 1062 0050 19       		.uleb128 0x19
 1063 0051 03       		.uleb128 0x3
 1064 0052 0E       		.uleb128 0xe
 1065 0053 3A       		.uleb128 0x3a
 1066 0054 0B       		.uleb128 0xb
 1067 0055 3B       		.uleb128 0x3b
 1068 0056 0B       		.uleb128 0xb
 1069 0057 27       		.uleb128 0x27
 1070 0058 19       		.uleb128 0x19
 1071 0059 11       		.uleb128 0x11
 1072 005a 01       		.uleb128 0x1
 1073 005b 12       		.uleb128 0x12
 1074 005c 06       		.uleb128 0x6
 1075 005d 40       		.uleb128 0x40
 1076 005e 18       		.uleb128 0x18
 1077 005f 9742     		.uleb128 0x2117
 1078 0061 19       		.uleb128 0x19
 1079 0062 01       		.uleb128 0x1
 1080 0063 13       		.uleb128 0x13
 1081 0064 00       		.byte	0
 1082 0065 00       		.byte	0
 1083 0066 08       		.uleb128 0x8
 1084 0067 34       		.uleb128 0x34
 1085 0068 00       		.byte	0
 1086 0069 03       		.uleb128 0x3
 1087 006a 0E       		.uleb128 0xe
 1088 006b 3A       		.uleb128 0x3a
 1089 006c 0B       		.uleb128 0xb
ARM GAS  C:\Users\laure\AppData\Local\Temp\ccBcDZnM.s 			page 23


 1090 006d 3B       		.uleb128 0x3b
 1091 006e 0B       		.uleb128 0xb
 1092 006f 49       		.uleb128 0x49
 1093 0070 13       		.uleb128 0x13
 1094 0071 02       		.uleb128 0x2
 1095 0072 17       		.uleb128 0x17
 1096 0073 00       		.byte	0
 1097 0074 00       		.byte	0
 1098 0075 09       		.uleb128 0x9
 1099 0076 0B       		.uleb128 0xb
 1100 0077 01       		.byte	0x1
 1101 0078 11       		.uleb128 0x11
 1102 0079 01       		.uleb128 0x1
 1103 007a 12       		.uleb128 0x12
 1104 007b 06       		.uleb128 0x6
 1105 007c 01       		.uleb128 0x1
 1106 007d 13       		.uleb128 0x13
 1107 007e 00       		.byte	0
 1108 007f 00       		.byte	0
 1109 0080 0A       		.uleb128 0xa
 1110 0081 34       		.uleb128 0x34
 1111 0082 00       		.byte	0
 1112 0083 03       		.uleb128 0x3
 1113 0084 0E       		.uleb128 0xe
 1114 0085 3A       		.uleb128 0x3a
 1115 0086 0B       		.uleb128 0xb
 1116 0087 3B       		.uleb128 0x3b
 1117 0088 0B       		.uleb128 0xb
 1118 0089 49       		.uleb128 0x49
 1119 008a 13       		.uleb128 0x13
 1120 008b 02       		.uleb128 0x2
 1121 008c 18       		.uleb128 0x18
 1122 008d 00       		.byte	0
 1123 008e 00       		.byte	0
 1124 008f 0B       		.uleb128 0xb
 1125 0090 898201   		.uleb128 0x4109
 1126 0093 01       		.byte	0x1
 1127 0094 11       		.uleb128 0x11
 1128 0095 01       		.uleb128 0x1
 1129 0096 31       		.uleb128 0x31
 1130 0097 13       		.uleb128 0x13
 1131 0098 00       		.byte	0
 1132 0099 00       		.byte	0
 1133 009a 0C       		.uleb128 0xc
 1134 009b 8A8201   		.uleb128 0x410a
 1135 009e 00       		.byte	0
 1136 009f 02       		.uleb128 0x2
 1137 00a0 18       		.uleb128 0x18
 1138 00a1 9142     		.uleb128 0x2111
 1139 00a3 18       		.uleb128 0x18
 1140 00a4 00       		.byte	0
 1141 00a5 00       		.byte	0
 1142 00a6 0D       		.uleb128 0xd
 1143 00a7 898201   		.uleb128 0x4109
 1144 00aa 00       		.byte	0
 1145 00ab 11       		.uleb128 0x11
 1146 00ac 01       		.uleb128 0x1
ARM GAS  C:\Users\laure\AppData\Local\Temp\ccBcDZnM.s 			page 24


 1147 00ad 31       		.uleb128 0x31
 1148 00ae 13       		.uleb128 0x13
 1149 00af 00       		.byte	0
 1150 00b0 00       		.byte	0
 1151 00b1 0E       		.uleb128 0xe
 1152 00b2 898201   		.uleb128 0x4109
 1153 00b5 01       		.byte	0x1
 1154 00b6 11       		.uleb128 0x11
 1155 00b7 01       		.uleb128 0x1
 1156 00b8 31       		.uleb128 0x31
 1157 00b9 13       		.uleb128 0x13
 1158 00ba 01       		.uleb128 0x1
 1159 00bb 13       		.uleb128 0x13
 1160 00bc 00       		.byte	0
 1161 00bd 00       		.byte	0
 1162 00be 0F       		.uleb128 0xf
 1163 00bf 01       		.uleb128 0x1
 1164 00c0 01       		.byte	0x1
 1165 00c1 49       		.uleb128 0x49
 1166 00c2 13       		.uleb128 0x13
 1167 00c3 01       		.uleb128 0x1
 1168 00c4 13       		.uleb128 0x13
 1169 00c5 00       		.byte	0
 1170 00c6 00       		.byte	0
 1171 00c7 10       		.uleb128 0x10
 1172 00c8 21       		.uleb128 0x21
 1173 00c9 00       		.byte	0
 1174 00ca 49       		.uleb128 0x49
 1175 00cb 13       		.uleb128 0x13
 1176 00cc 2F       		.uleb128 0x2f
 1177 00cd 0B       		.uleb128 0xb
 1178 00ce 00       		.byte	0
 1179 00cf 00       		.byte	0
 1180 00d0 11       		.uleb128 0x11
 1181 00d1 2E       		.uleb128 0x2e
 1182 00d2 01       		.byte	0x1
 1183 00d3 3F       		.uleb128 0x3f
 1184 00d4 19       		.uleb128 0x19
 1185 00d5 03       		.uleb128 0x3
 1186 00d6 0E       		.uleb128 0xe
 1187 00d7 3A       		.uleb128 0x3a
 1188 00d8 0B       		.uleb128 0xb
 1189 00d9 3B       		.uleb128 0x3b
 1190 00da 0B       		.uleb128 0xb
 1191 00db 27       		.uleb128 0x27
 1192 00dc 19       		.uleb128 0x19
 1193 00dd 49       		.uleb128 0x49
 1194 00de 13       		.uleb128 0x13
 1195 00df 8701     		.uleb128 0x87
 1196 00e1 19       		.uleb128 0x19
 1197 00e2 11       		.uleb128 0x11
 1198 00e3 01       		.uleb128 0x1
 1199 00e4 12       		.uleb128 0x12
 1200 00e5 06       		.uleb128 0x6
 1201 00e6 40       		.uleb128 0x40
 1202 00e7 18       		.uleb128 0x18
 1203 00e8 9742     		.uleb128 0x2117
ARM GAS  C:\Users\laure\AppData\Local\Temp\ccBcDZnM.s 			page 25


 1204 00ea 19       		.uleb128 0x19
 1205 00eb 01       		.uleb128 0x1
 1206 00ec 13       		.uleb128 0x13
 1207 00ed 00       		.byte	0
 1208 00ee 00       		.byte	0
 1209 00ef 12       		.uleb128 0x12
 1210 00f0 34       		.uleb128 0x34
 1211 00f1 00       		.byte	0
 1212 00f2 03       		.uleb128 0x3
 1213 00f3 08       		.uleb128 0x8
 1214 00f4 3A       		.uleb128 0x3a
 1215 00f5 0B       		.uleb128 0xb
 1216 00f6 3B       		.uleb128 0x3b
 1217 00f7 0B       		.uleb128 0xb
 1218 00f8 49       		.uleb128 0x49
 1219 00f9 13       		.uleb128 0x13
 1220 00fa 02       		.uleb128 0x2
 1221 00fb 17       		.uleb128 0x17
 1222 00fc 00       		.byte	0
 1223 00fd 00       		.byte	0
 1224 00fe 13       		.uleb128 0x13
 1225 00ff 34       		.uleb128 0x34
 1226 0100 00       		.byte	0
 1227 0101 03       		.uleb128 0x3
 1228 0102 0E       		.uleb128 0xe
 1229 0103 3A       		.uleb128 0x3a
 1230 0104 0B       		.uleb128 0xb
 1231 0105 3B       		.uleb128 0x3b
 1232 0106 05       		.uleb128 0x5
 1233 0107 49       		.uleb128 0x49
 1234 0108 13       		.uleb128 0x13
 1235 0109 3F       		.uleb128 0x3f
 1236 010a 19       		.uleb128 0x19
 1237 010b 3C       		.uleb128 0x3c
 1238 010c 19       		.uleb128 0x19
 1239 010d 00       		.byte	0
 1240 010e 00       		.byte	0
 1241 010f 14       		.uleb128 0x14
 1242 0110 35       		.uleb128 0x35
 1243 0111 00       		.byte	0
 1244 0112 49       		.uleb128 0x49
 1245 0113 13       		.uleb128 0x13
 1246 0114 00       		.byte	0
 1247 0115 00       		.byte	0
 1248 0116 15       		.uleb128 0x15
 1249 0117 34       		.uleb128 0x34
 1250 0118 00       		.byte	0
 1251 0119 03       		.uleb128 0x3
 1252 011a 0E       		.uleb128 0xe
 1253 011b 3A       		.uleb128 0x3a
 1254 011c 0B       		.uleb128 0xb
 1255 011d 3B       		.uleb128 0x3b
 1256 011e 0B       		.uleb128 0xb
 1257 011f 49       		.uleb128 0x49
 1258 0120 13       		.uleb128 0x13
 1259 0121 3F       		.uleb128 0x3f
 1260 0122 19       		.uleb128 0x19
ARM GAS  C:\Users\laure\AppData\Local\Temp\ccBcDZnM.s 			page 26


 1261 0123 02       		.uleb128 0x2
 1262 0124 18       		.uleb128 0x18
 1263 0125 00       		.byte	0
 1264 0126 00       		.byte	0
 1265 0127 16       		.uleb128 0x16
 1266 0128 2E       		.uleb128 0x2e
 1267 0129 00       		.byte	0
 1268 012a 3F       		.uleb128 0x3f
 1269 012b 19       		.uleb128 0x19
 1270 012c 3C       		.uleb128 0x3c
 1271 012d 19       		.uleb128 0x19
 1272 012e 6E       		.uleb128 0x6e
 1273 012f 0E       		.uleb128 0xe
 1274 0130 03       		.uleb128 0x3
 1275 0131 0E       		.uleb128 0xe
 1276 0132 3A       		.uleb128 0x3a
 1277 0133 0B       		.uleb128 0xb
 1278 0134 3B       		.uleb128 0x3b
 1279 0135 0B       		.uleb128 0xb
 1280 0136 00       		.byte	0
 1281 0137 00       		.byte	0
 1282 0138 00       		.byte	0
 1283              		.section	.debug_loc,"",%progbits
 1284              	.Ldebug_loc0:
 1285              	.LLST0:
 1286 0000 0A000000 		.4byte	.LVL1
 1287 0004 14000000 		.4byte	.LVL2
 1288 0008 0100     		.2byte	0x1
 1289 000a 50       		.byte	0x50
 1290 000b 00000000 		.4byte	0
 1291 000f 00000000 		.4byte	0
 1292              	.LLST1:
 1293 0013 A8000000 		.4byte	.LVL39
 1294 0017 B3000000 		.4byte	.LVL41-1
 1295 001b 0100     		.2byte	0x1
 1296 001d 50       		.byte	0x50
 1297 001e B8000000 		.4byte	.LVL42
 1298 0022 BE000000 		.4byte	.LVL44
 1299 0026 0100     		.2byte	0x1
 1300 0028 54       		.byte	0x54
 1301 0029 BE000000 		.4byte	.LVL44
 1302 002d C9000000 		.4byte	.LVL46-1
 1303 0031 0100     		.2byte	0x1
 1304 0033 50       		.byte	0x50
 1305 0034 CC000000 		.4byte	.LVL47
 1306 0038 DA000000 		.4byte	.LVL49
 1307 003c 0100     		.2byte	0x1
 1308 003e 54       		.byte	0x54
 1309 003f 00000000 		.4byte	0
 1310 0043 00000000 		.4byte	0
 1311              	.LLST2:
 1312 0047 B0000000 		.4byte	.LVL40
 1313 004b B3000000 		.4byte	.LVL41-1
 1314 004f 0100     		.2byte	0x1
 1315 0051 50       		.byte	0x50
 1316 0052 B8000000 		.4byte	.LVL42
 1317 0056 C6000000 		.4byte	.LVL45
ARM GAS  C:\Users\laure\AppData\Local\Temp\ccBcDZnM.s 			page 27


 1318 005a 0100     		.2byte	0x1
 1319 005c 56       		.byte	0x56
 1320 005d C6000000 		.4byte	.LVL45
 1321 0061 C9000000 		.4byte	.LVL46-1
 1322 0065 0100     		.2byte	0x1
 1323 0067 50       		.byte	0x50
 1324 0068 CC000000 		.4byte	.LVL47
 1325 006c DA000000 		.4byte	.LVL49
 1326 0070 0100     		.2byte	0x1
 1327 0072 56       		.byte	0x56
 1328 0073 00000000 		.4byte	0
 1329 0077 00000000 		.4byte	0
 1330              	.LLST3:
 1331 007b 1C000000 		.4byte	.LVL12
 1332 007f 32000000 		.4byte	.LVL17
 1333 0083 0200     		.2byte	0x2
 1334 0085 30       		.byte	0x30
 1335 0086 9F       		.byte	0x9f
 1336 0087 32000000 		.4byte	.LVL17
 1337 008b 00010000 		.4byte	.LFE64
 1338 008f 0100     		.2byte	0x1
 1339 0091 55       		.byte	0x55
 1340 0092 00000000 		.4byte	0
 1341 0096 00000000 		.4byte	0
 1342              	.LLST4:
 1343 009a 24000000 		.4byte	.LVL14
 1344 009e 32000000 		.4byte	.LVL17
 1345 00a2 0200     		.2byte	0x2
 1346 00a4 31       		.byte	0x31
 1347 00a5 9F       		.byte	0x9f
 1348 00a6 32000000 		.4byte	.LVL17
 1349 00aa 8A000000 		.4byte	.LVL32
 1350 00ae 0100     		.2byte	0x1
 1351 00b0 57       		.byte	0x57
 1352 00b1 8C000000 		.4byte	.LVL33
 1353 00b5 00010000 		.4byte	.LFE64
 1354 00b9 0100     		.2byte	0x1
 1355 00bb 57       		.byte	0x57
 1356 00bc 00000000 		.4byte	0
 1357 00c0 00000000 		.4byte	0
 1358              	.LLST5:
 1359 00c4 42000000 		.4byte	.LVL20
 1360 00c8 46000000 		.4byte	.LVL21
 1361 00cc 0100     		.2byte	0x1
 1362 00ce 50       		.byte	0x50
 1363 00cf 00000000 		.4byte	0
 1364 00d3 00000000 		.4byte	0
 1365              	.LLST6:
 1366 00d7 D6000000 		.4byte	.LVL48
 1367 00db D9000000 		.4byte	.LVL49-1
 1368 00df 0100     		.2byte	0x1
 1369 00e1 50       		.byte	0x50
 1370 00e2 00000000 		.4byte	0
 1371 00e6 00000000 		.4byte	0
 1372              		.section	.debug_aranges,"",%progbits
 1373 0000 24000000 		.4byte	0x24
 1374 0004 0200     		.2byte	0x2
ARM GAS  C:\Users\laure\AppData\Local\Temp\ccBcDZnM.s 			page 28


 1375 0006 00000000 		.4byte	.Ldebug_info0
 1376 000a 04       		.byte	0x4
 1377 000b 00       		.byte	0
 1378 000c 0000     		.2byte	0
 1379 000e 0000     		.2byte	0
 1380 0010 00000000 		.4byte	.LFB63
 1381 0014 6C000000 		.4byte	.LFE63-.LFB63
 1382 0018 00000000 		.4byte	.LFB64
 1383 001c 00010000 		.4byte	.LFE64-.LFB64
 1384 0020 00000000 		.4byte	0
 1385 0024 00000000 		.4byte	0
 1386              		.section	.debug_ranges,"",%progbits
 1387              	.Ldebug_ranges0:
 1388 0000 00000000 		.4byte	.LFB63
 1389 0004 6C000000 		.4byte	.LFE63
 1390 0008 00000000 		.4byte	.LFB64
 1391 000c 00010000 		.4byte	.LFE64
 1392 0010 00000000 		.4byte	0
 1393 0014 00000000 		.4byte	0
 1394              		.section	.debug_line,"",%progbits
 1395              	.Ldebug_line0:
 1396 0000 2B030000 		.section	.debug_str,"MS",%progbits,1
 1396      0200B302 
 1396      00000201 
 1396      FB0E0D00 
 1396      01010101 
 1397              	.LASF57:
 1398 0000 50696E5F 		.ascii	"Pin_SW4_Read\000"
 1398      5357345F 
 1398      52656164 
 1398      00
 1399              	.LASF45:
 1400 000d 696E6974 		.ascii	"initVector\000"
 1400      56656374 
 1400      6F7200
 1401              	.LASF51:
 1402 0018 50696E5F 		.ascii	"Pin_SW1_Read\000"
 1402      5357315F 
 1402      52656164 
 1402      00
 1403              	.LASF47:
 1404 0025 50574D5F 		.ascii	"PWM_1_Start\000"
 1404      315F5374 
 1404      61727400 
 1405              	.LASF32:
 1406 0031 4C43445F 		.ascii	"LCD_Screen_Position\000"
 1406      53637265 
 1406      656E5F50 
 1406      6F736974 
 1406      696F6E00 
 1407              	.LASF46:
 1408 0045 56444143 		.ascii	"VDAC_Start\000"
 1408      5F537461 
 1408      727400
 1409              	.LASF2:
 1410 0050 73686F72 		.ascii	"short int\000"
 1410      7420696E 
ARM GAS  C:\Users\laure\AppData\Local\Temp\ccBcDZnM.s 			page 29


 1410      7400
 1411              	.LASF18:
 1412 005a 73697A65 		.ascii	"sizetype\000"
 1412      74797065 
 1412      00
 1413              	.LASF29:
 1414 0063 614D6573 		.ascii	"aMessageIsReadyToBeSendflag\000"
 1414      73616765 
 1414      49735265 
 1414      61647954 
 1414      6F426553 
 1415              	.LASF64:
 1416 007f 6D61696E 		.ascii	"main\000"
 1416      00
 1417              	.LASF31:
 1418 0084 55415254 		.ascii	"UART_ReadRxStatus\000"
 1418      5F526561 
 1418      64527853 
 1418      74617475 
 1418      7300
 1419              	.LASF17:
 1420 0096 6C6F6E67 		.ascii	"long double\000"
 1420      20646F75 
 1420      626C6500 
 1421              	.LASF20:
 1422 00a2 73747254 		.ascii	"strToConcat\000"
 1422      6F436F6E 
 1422      63617400 
 1423              	.LASF54:
 1424 00ae 656D6974 		.ascii	"emitShortSignalWithBlinking\000"
 1424      53686F72 
 1424      74536967 
 1424      6E616C57 
 1424      69746842 
 1425              	.LASF33:
 1426 00ca 4C43445F 		.ascii	"LCD_Screen_PrintString\000"
 1426      53637265 
 1426      656E5F50 
 1426      72696E74 
 1426      53747269 
 1427              	.LASF11:
 1428 00e1 75696E74 		.ascii	"uint8_t\000"
 1428      385F7400 
 1429              	.LASF13:
 1430 00e9 75696E74 		.ascii	"uint8\000"
 1430      3800
 1431              	.LASF52:
 1432 00ef 746F6767 		.ascii	"toggleAllLights\000"
 1432      6C65416C 
 1432      6C4C6967 
 1432      68747300 
 1433              	.LASF25:
 1434 00ff 70726572 		.ascii	"prerecordedMessage\000"
 1434      65636F72 
 1434      6465644D 
 1434      65737361 
 1434      676500
ARM GAS  C:\Users\laure\AppData\Local\Temp\ccBcDZnM.s 			page 30


 1435              	.LASF14:
 1436 0112 666C6F61 		.ascii	"float\000"
 1436      7400
 1437              	.LASF40:
 1438 0118 73656E64 		.ascii	"sendMessage\000"
 1438      4D657373 
 1438      61676500 
 1439              	.LASF8:
 1440 0124 6C6F6E67 		.ascii	"long long int\000"
 1440      206C6F6E 
 1440      6720696E 
 1440      7400
 1441              	.LASF44:
 1442 0132 54696D65 		.ascii	"Timer_Start\000"
 1442      725F5374 
 1442      61727400 
 1443              	.LASF6:
 1444 013e 6C6F6E67 		.ascii	"long int\000"
 1444      20696E74 
 1444      00
 1445              	.LASF24:
 1446 0147 6F766572 		.ascii	"overFlow\000"
 1446      466C6F77 
 1446      00
 1447              	.LASF37:
 1448 0150 7072696E 		.ascii	"printChar\000"
 1448      74436861 
 1448      7200
 1449              	.LASF4:
 1450 015a 5F5F7569 		.ascii	"__uint8_t\000"
 1450      6E74385F 
 1450      7400
 1451              	.LASF58:
 1452 0164 75706461 		.ascii	"updateSemaphorePosition\000"
 1452      74655365 
 1452      6D617068 
 1452      6F726550 
 1452      6F736974 
 1453              	.LASF63:
 1454 017c 52785F48 		.ascii	"Rx_Handler\000"
 1454      616E646C 
 1454      657200
 1455              	.LASF36:
 1456 0187 73657456 		.ascii	"setVDACvalue\000"
 1456      44414376 
 1456      616C7565 
 1456      00
 1457              	.LASF43:
 1458 0194 4144435F 		.ascii	"ADC_DelSig_Start\000"
 1458      44656C53 
 1458      69675F53 
 1458      74617274 
 1458      00
 1459              	.LASF38:
 1460 01a5 6B657970 		.ascii	"keypadScan\000"
 1460      61645363 
 1460      616E00
ARM GAS  C:\Users\laure\AppData\Local\Temp\ccBcDZnM.s 			page 31


 1461              	.LASF1:
 1462 01b0 756E7369 		.ascii	"unsigned char\000"
 1462      676E6564 
 1462      20636861 
 1462      7200
 1463              	.LASF34:
 1464 01be 55415254 		.ascii	"UART_ReadRxData\000"
 1464      5F526561 
 1464      64527844 
 1464      61746100 
 1465              	.LASF55:
 1466 01ce 50696E5F 		.ascii	"Pin_SW3_Read\000"
 1466      5357335F 
 1466      52656164 
 1466      00
 1467              	.LASF0:
 1468 01db 7369676E 		.ascii	"signed char\000"
 1468      65642063 
 1468      68617200 
 1469              	.LASF9:
 1470 01e7 6C6F6E67 		.ascii	"long long unsigned int\000"
 1470      206C6F6E 
 1470      6720756E 
 1470      7369676E 
 1470      65642069 
 1471              	.LASF53:
 1472 01fe 50696E5F 		.ascii	"Pin_SW2_Read\000"
 1472      5357325F 
 1472      52656164 
 1472      00
 1473              	.LASF10:
 1474 020b 756E7369 		.ascii	"unsigned int\000"
 1474      676E6564 
 1474      20696E74 
 1474      00
 1475              	.LASF62:
 1476 0218 433A5C55 		.ascii	"C:\\Users\\laure\\OneDrive\\Documents\\PSoC Creator"
 1476      73657273 
 1476      5C6C6175 
 1476      72655C4F 
 1476      6E654472 
 1477 0246 5C50536F 		.ascii	"\\PSoC 5LP\\FirstLab.cydsn\000"
 1477      4320354C 
 1477      505C4669 
 1477      7273744C 
 1477      61622E63 
 1478              	.LASF48:
 1479 025f 50574D5F 		.ascii	"PWM_2_Start\000"
 1479      325F5374 
 1479      61727400 
 1480              	.LASF35:
 1481 026b 67657454 		.ascii	"getTC\000"
 1481      4300
 1482              	.LASF3:
 1483 0271 73686F72 		.ascii	"short unsigned int\000"
 1483      7420756E 
 1483      7369676E 
ARM GAS  C:\Users\laure\AppData\Local\Temp\ccBcDZnM.s 			page 32


 1483      65642069 
 1483      6E7400
 1484              	.LASF19:
 1485 0284 73746174 		.ascii	"status\000"
 1485      757300
 1486              	.LASF50:
 1487 028b 52785F49 		.ascii	"Rx_Int_StartEx\000"
 1487      6E745F53 
 1487      74617274 
 1487      457800
 1488              	.LASF16:
 1489 029a 63686172 		.ascii	"char\000"
 1489      00
 1490              	.LASF30:
 1491 029f 73747263 		.ascii	"strcat\000"
 1491      617400
 1492              	.LASF49:
 1493 02a6 55415254 		.ascii	"UART_Start\000"
 1493      5F537461 
 1493      727400
 1494              	.LASF12:
 1495 02b1 696E7433 		.ascii	"int32_t\000"
 1495      325F7400 
 1496              	.LASF39:
 1497 02b9 67657450 		.ascii	"getPrerecordedMessage\000"
 1497      72657265 
 1497      636F7264 
 1497      65644D65 
 1497      73736167 
 1498              	.LASF22:
 1499 02cf 6C617374 		.ascii	"lastKeyPressed\000"
 1499      4B657950 
 1499      72657373 
 1499      656400
 1500              	.LASF27:
 1501 02de 75736572 		.ascii	"userMessage\000"
 1501      4D657373 
 1501      61676500 
 1502              	.LASF41:
 1503 02ea 4C43445F 		.ascii	"LCD_Screen_Start\000"
 1503      53637265 
 1503      656E5F53 
 1503      74617274 
 1503      00
 1504              	.LASF61:
 1505 02fb 6D61696E 		.ascii	"main.c\000"
 1505      2E6300
 1506              	.LASF7:
 1507 0302 6C6F6E67 		.ascii	"long unsigned int\000"
 1507      20756E73 
 1507      69676E65 
 1507      6420696E 
 1507      7400
 1508              	.LASF15:
 1509 0314 646F7562 		.ascii	"double\000"
 1509      6C6500
 1510              	.LASF42:
ARM GAS  C:\Users\laure\AppData\Local\Temp\ccBcDZnM.s 			page 33


 1511 031b 6B657970 		.ascii	"keypadInit\000"
 1511      6164496E 
 1511      697400
 1512              	.LASF21:
 1513 0326 6B657950 		.ascii	"keyPressed\000"
 1513      72657373 
 1513      656400
 1514              	.LASF5:
 1515 0331 5F5F696E 		.ascii	"__int32_t\000"
 1515      7433325F 
 1515      7400
 1516              	.LASF28:
 1517 033b 72784461 		.ascii	"rxData\000"
 1517      746100
 1518              	.LASF26:
 1519 0342 49544D5F 		.ascii	"ITM_RxBuffer\000"
 1519      52784275 
 1519      66666572 
 1519      00
 1520              	.LASF60:
 1521 034f 474E5520 		.ascii	"GNU C11 5.4.1 20160609 (release) [ARM/embedded-5-br"
 1521      43313120 
 1521      352E342E 
 1521      31203230 
 1521      31363036 
 1522 0382 616E6368 		.ascii	"anch revision 237715] -mcpu=cortex-m3 -mthumb -g -O"
 1522      20726576 
 1522      6973696F 
 1522      6E203233 
 1522      37373135 
 1523 03b5 67202D66 		.ascii	"g -ffunction-sections -ffat-lto-objects\000"
 1523      66756E63 
 1523      74696F6E 
 1523      2D736563 
 1523      74696F6E 
 1524              	.LASF59:
 1525 03dd 43794465 		.ascii	"CyDelay\000"
 1525      6C617900 
 1526              	.LASF56:
 1527 03e5 656D6974 		.ascii	"emitLongSignalWithBlinking\000"
 1527      4C6F6E67 
 1527      5369676E 
 1527      616C5769 
 1527      7468426C 
 1528              	.LASF23:
 1529 0400 73656C65 		.ascii	"selectedServo\000"
 1529      63746564 
 1529      53657276 
 1529      6F00
 1530              		.ident	"GCC: (GNU Tools for ARM Embedded Processors) 5.4.1 20160609 (release) [ARM/embedded-5-bran
