ARM GAS  C:\Users\laure\AppData\Local\Temp\cctASKJ3.s 			page 1


   1              		.syntax unified
   2              		.cpu cortex-m3
   3              		.fpu softvfp
   4              		.eabi_attribute 20, 1
   5              		.eabi_attribute 21, 1
   6              		.eabi_attribute 23, 3
   7              		.eabi_attribute 24, 1
   8              		.eabi_attribute 25, 1
   9              		.eabi_attribute 26, 1
  10              		.eabi_attribute 30, 1
  11              		.eabi_attribute 34, 1
  12              		.eabi_attribute 18, 4
  13              		.thumb
  14              		.syntax unified
  15              		.file	"morse.c"
  16              		.text
  17              	.Ltext0:
  18              		.cfi_sections	.debug_frame
  19              		.section	.text.emitSoundSignal,"ax",%progbits
  20              		.align	2
  21              		.global	emitSoundSignal
  22              		.thumb
  23              		.thumb_func
  24              		.type	emitSoundSignal, %function
  25              	emitSoundSignal:
  26              	.LFB63:
  27              		.file 1 "morse.c"
   1:morse.c       **** /* ========================================
   2:morse.c       ****  *
   3:morse.c       ****  * Copyright YOUR COMPANY, THE YEAR
   4:morse.c       ****  * All Rights Reserved
   5:morse.c       ****  * UNPUBLISHED, LICENSED SOFTWARE.
   6:morse.c       ****  *
   7:morse.c       ****  * CONFIDENTIAL AND PROPRIETARY INFORMATION
   8:morse.c       ****  * WHICH IS THE PROPERTY OF your company.
   9:morse.c       ****  *
  10:morse.c       ****  * ========================================
  11:morse.c       **** */
  12:morse.c       **** 
  13:morse.c       **** #include "project.h"
  14:morse.c       **** #include "morse.h"
  15:morse.c       **** 
  16:morse.c       **** #include "lighter.h"
  17:morse.c       **** #include "printer.h"
  18:morse.c       **** #include "soundhandler.h"
  19:morse.c       **** #include "lightsensor.h"
  20:morse.c       **** #include "translator.h"
  21:morse.c       **** #include "semaphores.h"
  22:morse.c       **** 
  23:morse.c       **** #define MAX_MESSAGE_LENGTH 50
  24:morse.c       **** 
  25:morse.c       **** #define TI_DELAY 250
  26:morse.c       **** #define TAAH_DELAY 750
  27:morse.c       **** 
  28:morse.c       **** /* play a sound for as long as the duration
  29:morse.c       ****    value passed in parameter */
  30:morse.c       **** void emitSoundSignal (int duration) {
ARM GAS  C:\Users\laure\AppData\Local\Temp\cctASKJ3.s 			page 2


  28              		.loc 1 30 0
  29              		.cfi_startproc
  30              		@ args = 0, pretend = 0, frame = 0
  31              		@ frame_needed = 0, uses_anonymous_args = 0
  32              	.LVL0:
  33 0000 70B5     		push	{r4, r5, r6, lr}
  34              		.cfi_def_cfa_offset 16
  35              		.cfi_offset 4, -16
  36              		.cfi_offset 5, -12
  37              		.cfi_offset 6, -8
  38              		.cfi_offset 14, -4
  39 0002 0546     		mov	r5, r0
  40              	.LVL1:
  31:morse.c       ****     int j = 0;
  32:morse.c       ****     int timeElapsed = 0;
  41              		.loc 1 32 0
  42 0004 0024     		movs	r4, #0
  31:morse.c       ****     int j = 0;
  43              		.loc 1 31 0
  44 0006 2646     		mov	r6, r4
  33:morse.c       ****     
  34:morse.c       ****     while (timeElapsed < duration * 1000) {
  45              		.loc 1 34 0
  46 0008 0AE0     		b	.L3
  47              	.LVL2:
  48              	.L5:
  49              	.LBB2:
  35:morse.c       ****         int overFlow = getTC();
  50              		.loc 1 35 0
  51 000a FFF7FEFF 		bl	getTC
  52              	.LVL3:
  36:morse.c       ****         if (overFlow) {
  53              		.loc 1 36 0
  54 000e 38B1     		cbz	r0, .L3
  37:morse.c       ****             setVDACvalue (j);
  55              		.loc 1 37 0
  56 0010 3046     		mov	r0, r6
  57              	.LVL4:
  58 0012 FFF7FEFF 		bl	setVDACvalue
  59              	.LVL5:
  38:morse.c       ****             if (++j > 99)
  60              		.loc 1 38 0
  61 0016 0136     		adds	r6, r6, #1
  62              	.LVL6:
  63 0018 632E     		cmp	r6, #99
  64 001a 00DD     		ble	.L4
  39:morse.c       ****                 j = 0;
  65              		.loc 1 39 0
  66 001c 0026     		movs	r6, #0
  67              	.LVL7:
  68              	.L4:
  40:morse.c       ****             timeElapsed += 50;
  69              		.loc 1 40 0
  70 001e 3234     		adds	r4, r4, #50
  71              	.LVL8:
  72              	.L3:
  73              	.LBE2:
ARM GAS  C:\Users\laure\AppData\Local\Temp\cctASKJ3.s 			page 3


  34:morse.c       ****         int overFlow = getTC();
  74              		.loc 1 34 0
  75 0020 4FF47A73 		mov	r3, #1000
  76 0024 03FB05F3 		mul	r3, r3, r5
  77 0028 9C42     		cmp	r4, r3
  78 002a EEDB     		blt	.L5
  41:morse.c       ****         }
  42:morse.c       ****     } 
  43:morse.c       **** }
  79              		.loc 1 43 0
  80 002c 70BD     		pop	{r4, r5, r6, pc}
  81              		.cfi_endproc
  82              	.LFE63:
  83              		.size	emitSoundSignal, .-emitSoundSignal
  84 002e 00BF     		.section	.text.emitShortSoundSignal,"ax",%progbits
  85              		.align	2
  86              		.global	emitShortSoundSignal
  87              		.thumb
  88              		.thumb_func
  89              		.type	emitShortSoundSignal, %function
  90              	emitShortSoundSignal:
  91              	.LFB64:
  44:morse.c       **** 
  45:morse.c       **** /* play a sound for as long as a ti signal */
  46:morse.c       **** void emitShortSoundSignal (void) {
  92              		.loc 1 46 0
  93              		.cfi_startproc
  94              		@ args = 0, pretend = 0, frame = 0
  95              		@ frame_needed = 0, uses_anonymous_args = 0
  96 0000 08B5     		push	{r3, lr}
  97              		.cfi_def_cfa_offset 8
  98              		.cfi_offset 3, -8
  99              		.cfi_offset 14, -4
  47:morse.c       ****     emitSoundSignal(TI_DELAY);
 100              		.loc 1 47 0
 101 0002 FA20     		movs	r0, #250
 102 0004 FFF7FEFF 		bl	emitSoundSignal
 103              	.LVL9:
 104 0008 08BD     		pop	{r3, pc}
 105              		.cfi_endproc
 106              	.LFE64:
 107              		.size	emitShortSoundSignal, .-emitShortSoundSignal
 108 000a 00BF     		.section	.text.emitLongSoundSignal,"ax",%progbits
 109              		.align	2
 110              		.global	emitLongSoundSignal
 111              		.thumb
 112              		.thumb_func
 113              		.type	emitLongSoundSignal, %function
 114              	emitLongSoundSignal:
 115              	.LFB65:
  48:morse.c       **** }
  49:morse.c       **** 
  50:morse.c       **** /* play a sound for as long as a taah signal */
  51:morse.c       **** void emitLongSoundSignal (void) {
 116              		.loc 1 51 0
 117              		.cfi_startproc
 118              		@ args = 0, pretend = 0, frame = 0
ARM GAS  C:\Users\laure\AppData\Local\Temp\cctASKJ3.s 			page 4


 119              		@ frame_needed = 0, uses_anonymous_args = 0
 120 0000 08B5     		push	{r3, lr}
 121              		.cfi_def_cfa_offset 8
 122              		.cfi_offset 3, -8
 123              		.cfi_offset 14, -4
  52:morse.c       ****     emitSoundSignal(TAAH_DELAY);
 124              		.loc 1 52 0
 125 0002 40F2EE20 		movw	r0, #750
 126 0006 FFF7FEFF 		bl	emitSoundSignal
 127              	.LVL10:
 128 000a 08BD     		pop	{r3, pc}
 129              		.cfi_endproc
 130              	.LFE65:
 131              		.size	emitLongSoundSignal, .-emitLongSoundSignal
 132              		.section	.text.emitShortSignalWithBlinking,"ax",%progbits
 133              		.align	2
 134              		.global	emitShortSignalWithBlinking
 135              		.thumb
 136              		.thumb_func
 137              		.type	emitShortSignalWithBlinking, %function
 138              	emitShortSignalWithBlinking:
 139              	.LFB66:
  53:morse.c       **** }
  54:morse.c       **** 
  55:morse.c       **** /* emit a short morse signal using the LEDs */
  56:morse.c       **** void emitShortSignalWithBlinking (void) {
 140              		.loc 1 56 0
 141              		.cfi_startproc
 142              		@ args = 0, pretend = 0, frame = 0
 143              		@ frame_needed = 0, uses_anonymous_args = 0
 144 0000 08B5     		push	{r3, lr}
 145              		.cfi_def_cfa_offset 8
 146              		.cfi_offset 3, -8
 147              		.cfi_offset 14, -4
  57:morse.c       ****     
  58:morse.c       ****     toggleAllLights(); // turn on the lights
 148              		.loc 1 58 0
 149 0002 FFF7FEFF 		bl	toggleAllLights
 150              	.LVL11:
  59:morse.c       ****     emitShortSoundSignal();
 151              		.loc 1 59 0
 152 0006 FFF7FEFF 		bl	emitShortSoundSignal
 153              	.LVL12:
  60:morse.c       ****     toggleAllLights(); // turn off the lights
 154              		.loc 1 60 0
 155 000a FFF7FEFF 		bl	toggleAllLights
 156              	.LVL13:
 157 000e 08BD     		pop	{r3, pc}
 158              		.cfi_endproc
 159              	.LFE66:
 160              		.size	emitShortSignalWithBlinking, .-emitShortSignalWithBlinking
 161              		.section	.text.emitLongSignalWithBlinking,"ax",%progbits
 162              		.align	2
 163              		.global	emitLongSignalWithBlinking
 164              		.thumb
 165              		.thumb_func
 166              		.type	emitLongSignalWithBlinking, %function
ARM GAS  C:\Users\laure\AppData\Local\Temp\cctASKJ3.s 			page 5


 167              	emitLongSignalWithBlinking:
 168              	.LFB67:
  61:morse.c       **** }
  62:morse.c       **** 
  63:morse.c       **** /* emit a long morse signal using the LEDs */
  64:morse.c       **** void emitLongSignalWithBlinking (void) {
 169              		.loc 1 64 0
 170              		.cfi_startproc
 171              		@ args = 0, pretend = 0, frame = 0
 172              		@ frame_needed = 0, uses_anonymous_args = 0
 173 0000 08B5     		push	{r3, lr}
 174              		.cfi_def_cfa_offset 8
 175              		.cfi_offset 3, -8
 176              		.cfi_offset 14, -4
  65:morse.c       ****     
  66:morse.c       ****     toggleAllLights(); // turn on the lights
 177              		.loc 1 66 0
 178 0002 FFF7FEFF 		bl	toggleAllLights
 179              	.LVL14:
  67:morse.c       ****     emitLongSoundSignal();
 180              		.loc 1 67 0
 181 0006 FFF7FEFF 		bl	emitLongSoundSignal
 182              	.LVL15:
  68:morse.c       ****     toggleAllLights(); // turn off the lights
 183              		.loc 1 68 0
 184 000a FFF7FEFF 		bl	toggleAllLights
 185              	.LVL16:
 186 000e 08BD     		pop	{r3, pc}
 187              		.cfi_endproc
 188              	.LFE67:
 189              		.size	emitLongSignalWithBlinking, .-emitLongSignalWithBlinking
 190              		.section	.text.emitMorseMessage,"ax",%progbits
 191              		.align	2
 192              		.global	emitMorseMessage
 193              		.thumb
 194              		.thumb_func
 195              		.type	emitMorseMessage, %function
 196              	emitMorseMessage:
 197              	.LFB69:
  69:morse.c       **** }
  70:morse.c       **** 
  71:morse.c       **** void sendMessage(char message[]) {
  72:morse.c       ****     int night = isNight();
  73:morse.c       ****     
  74:morse.c       ****     const int MSG_LENGTH = strlen(message);
  75:morse.c       ****             
  76:morse.c       ****     char morseMessage[MSG_LENGTH * 7]; // 7 is the max length of the
  77:morse.c       ****                                        // morse equivalent of any character
  78:morse.c       ****             
  79:morse.c       ****     strcpy(morseMessage, msgToMorse(message)); // morseMessage := msgToMorse(userMessage)
  80:morse.c       ****             
  81:morse.c       ****     adequatePrint(message);
  82:morse.c       ****     emitMorseMessage(morseMessage, night);
  83:morse.c       ****     if (! night) displayMessageAsSemaphoreMorseCode(morseMessage);
  84:morse.c       **** 
  85:morse.c       ****     
  86:morse.c       **** }
ARM GAS  C:\Users\laure\AppData\Local\Temp\cctASKJ3.s 			page 6


  87:morse.c       **** 
  88:morse.c       **** /* emit the morse message passed in parameter with sound 
  89:morse.c       ****    if the parameter is set to 1, LEDs are also used */
  90:morse.c       **** void emitMorseMessage(char param[], int night) {
 198              		.loc 1 90 0
 199              		.cfi_startproc
 200              		@ args = 0, pretend = 0, frame = 16
 201              		@ frame_needed = 0, uses_anonymous_args = 0
 202              	.LVL17:
 203 0000 2DE9F041 		push	{r4, r5, r6, r7, r8, lr}
 204              		.cfi_def_cfa_offset 24
 205              		.cfi_offset 4, -24
 206              		.cfi_offset 5, -20
 207              		.cfi_offset 6, -16
 208              		.cfi_offset 7, -12
 209              		.cfi_offset 8, -8
 210              		.cfi_offset 14, -4
 211 0004 84B0     		sub	sp, sp, #16
 212              		.cfi_def_cfa_offset 40
 213 0006 0546     		mov	r5, r0
 214 0008 0F46     		mov	r7, r1
  91:morse.c       ****     LCD_Screen_ClearDisplay();
 215              		.loc 1 91 0
 216 000a 0120     		movs	r0, #1
 217              	.LVL18:
 218 000c FFF7FEFF 		bl	LCD_Screen_WriteControl
 219              	.LVL19:
  92:morse.c       ****     
  93:morse.c       ****     const int LENGTH = strlen(param);
 220              		.loc 1 93 0
 221 0010 2846     		mov	r0, r5
 222 0012 FFF7FEFF 		bl	strlen
 223              	.LVL20:
 224 0016 0646     		mov	r6, r0
 225              	.LVL21:
  94:morse.c       ****     
  95:morse.c       ****     char firstRow[8] = "        ";
 226              		.loc 1 95 0
 227 0018 414B     		ldr	r3, .L30
 228 001a 0DF10808 		add	r8, sp, #8
 229 001e 93E80300 		ldmia	r3, {r0, r1}
 230              	.LVL22:
 231 0022 88E80300 		stmia	r8, {r0, r1}
  96:morse.c       ****     char secondRow[8] = "        ";
 232              		.loc 1 96 0
 233 0026 8DE80300 		stmia	sp, {r0, r1}
  97:morse.c       ****     
  98:morse.c       ****     /* displays a blank screen for one second */
  99:morse.c       ****     LCD_Screen_Position(0,0);
 234              		.loc 1 99 0
 235 002a 0021     		movs	r1, #0
 236 002c 0846     		mov	r0, r1
 237 002e FFF7FEFF 		bl	LCD_Screen_Position
 238              	.LVL23:
 100:morse.c       ****     LCD_Screen_PrintString(firstRow);
 239              		.loc 1 100 0
 240 0032 4046     		mov	r0, r8
ARM GAS  C:\Users\laure\AppData\Local\Temp\cctASKJ3.s 			page 7


 241 0034 FFF7FEFF 		bl	LCD_Screen_PrintString
 242              	.LVL24:
 101:morse.c       ****     LCD_Screen_Position(1,0);
 243              		.loc 1 101 0
 244 0038 0021     		movs	r1, #0
 245 003a 0120     		movs	r0, #1
 246 003c FFF7FEFF 		bl	LCD_Screen_Position
 247              	.LVL25:
 102:morse.c       ****     LCD_Screen_PrintString(secondRow);
 248              		.loc 1 102 0
 249 0040 6846     		mov	r0, sp
 250 0042 FFF7FEFF 		bl	LCD_Screen_PrintString
 251              	.LVL26:
 103:morse.c       ****     CyDelay(250);
 252              		.loc 1 103 0
 253 0046 FA20     		movs	r0, #250
 254 0048 FFF7FEFF 		bl	CyDelay
 255              	.LVL27:
 256              	.LBB3:
 104:morse.c       ****     
 105:morse.c       ****     for (int j = 0; j < LENGTH; j++)
 257              		.loc 1 105 0
 258 004c 0024     		movs	r4, #0
 259 004e 57E0     		b	.L17
 260              	.LVL28:
 261              	.L18:
 262              	.LBB4:
 106:morse.c       ****     {
 107:morse.c       ****         /* updates the variables to print */
 108:morse.c       ****         for (int i = 0; i < 7; i++) {
 109:morse.c       ****             firstRow[i] = firstRow[i+1];
 263              		.loc 1 109 0 discriminator 3
 264 0050 5A1C     		adds	r2, r3, #1
 265 0052 04A9     		add	r1, sp, #16
 266 0054 1144     		add	r1, r1, r2
 267 0056 11F8081C 		ldrb	r1, [r1, #-8]	@ zero_extendqisi2
 268 005a 04A8     		add	r0, sp, #16
 269 005c 0344     		add	r3, r3, r0
 270              	.LVL29:
 271 005e 03F8081C 		strb	r1, [r3, #-8]
 272              	.LVL30:
 108:morse.c       ****             firstRow[i] = firstRow[i+1];
 273              		.loc 1 108 0 discriminator 3
 274 0062 1346     		mov	r3, r2
 275 0064 00E0     		b	.L27
 276              	.LVL31:
 277              	.L28:
 278              	.LBE4:
 279 0066 0023     		movs	r3, #0
 280              	.L27:
 281              	.LVL32:
 282              	.LBB5:
 108:morse.c       ****             firstRow[i] = firstRow[i+1];
 283              		.loc 1 108 0 is_stmt 0 discriminator 1
 284 0068 062B     		cmp	r3, #6
 285 006a F1DD     		ble	.L18
 286              	.LBE5:
ARM GAS  C:\Users\laure\AppData\Local\Temp\cctASKJ3.s 			page 8


 110:morse.c       ****         }
 111:morse.c       ****         firstRow[7] = secondRow[0];
 287              		.loc 1 111 0 is_stmt 1
 288 006c 9DF80030 		ldrb	r3, [sp]	@ zero_extendqisi2
 289              	.LVL33:
 290 0070 8DF80F30 		strb	r3, [sp, #15]
 291              	.LVL34:
 292              	.LBB6:
 112:morse.c       ****         for (int i = 0; i < 7; i++) {
 293              		.loc 1 112 0
 294 0074 0023     		movs	r3, #0
 295 0076 09E0     		b	.L19
 296              	.LVL35:
 297              	.L20:
 113:morse.c       ****             secondRow[i] = secondRow[i+1];    
 298              		.loc 1 113 0 discriminator 3
 299 0078 5A1C     		adds	r2, r3, #1
 300 007a 04A9     		add	r1, sp, #16
 301 007c 1144     		add	r1, r1, r2
 302 007e 11F8101C 		ldrb	r1, [r1, #-16]	@ zero_extendqisi2
 303 0082 04A8     		add	r0, sp, #16
 304 0084 0344     		add	r3, r3, r0
 305              	.LVL36:
 306 0086 03F8101C 		strb	r1, [r3, #-16]
 307              	.LVL37:
 112:morse.c       ****         for (int i = 0; i < 7; i++) {
 308              		.loc 1 112 0 discriminator 3
 309 008a 1346     		mov	r3, r2
 310              	.LVL38:
 311              	.L19:
 112:morse.c       ****         for (int i = 0; i < 7; i++) {
 312              		.loc 1 112 0 is_stmt 0 discriminator 1
 313 008c 062B     		cmp	r3, #6
 314 008e F3DD     		ble	.L20
 315              	.LBE6:
 114:morse.c       ****         }
 115:morse.c       ****         
 116:morse.c       ****         secondRow[7] = param[j];
 316              		.loc 1 116 0 is_stmt 1
 317 0090 2B5D     		ldrb	r3, [r5, r4]	@ zero_extendqisi2
 318              	.LVL39:
 319 0092 8DF80730 		strb	r3, [sp, #7]
 117:morse.c       ****         
 118:morse.c       ****         /* displays the value of the variables */
 119:morse.c       ****         LCD_Screen_Position(0,0);
 320              		.loc 1 119 0
 321 0096 0021     		movs	r1, #0
 322 0098 0846     		mov	r0, r1
 323 009a FFF7FEFF 		bl	LCD_Screen_Position
 324              	.LVL40:
 120:morse.c       ****         LCD_Screen_PrintString(firstRow);
 325              		.loc 1 120 0
 326 009e 02A8     		add	r0, sp, #8
 327 00a0 FFF7FEFF 		bl	LCD_Screen_PrintString
 328              	.LVL41:
 121:morse.c       ****         LCD_Screen_Position(1,0);
 329              		.loc 1 121 0
ARM GAS  C:\Users\laure\AppData\Local\Temp\cctASKJ3.s 			page 9


 330 00a4 0021     		movs	r1, #0
 331 00a6 0120     		movs	r0, #1
 332 00a8 FFF7FEFF 		bl	LCD_Screen_Position
 333              	.LVL42:
 122:morse.c       ****         LCD_Screen_PrintString(secondRow);
 334              		.loc 1 122 0
 335 00ac 6846     		mov	r0, sp
 336 00ae FFF7FEFF 		bl	LCD_Screen_PrintString
 337              	.LVL43:
 123:morse.c       ****         
 124:morse.c       ****         UART_PutChar(param[j]);
 338              		.loc 1 124 0
 339 00b2 285D     		ldrb	r0, [r5, r4]	@ zero_extendqisi2
 340 00b4 FFF7FEFF 		bl	UART_PutChar
 341              	.LVL44:
 125:morse.c       ****          
 126:morse.c       ****         if (secondRow[7] == '.') {
 342              		.loc 1 126 0
 343 00b8 9DF80730 		ldrb	r3, [sp, #7]	@ zero_extendqisi2
 344 00bc 2E2B     		cmp	r3, #46
 345 00be 06D1     		bne	.L21
 127:morse.c       ****             if (night)
 346              		.loc 1 127 0
 347 00c0 17B1     		cbz	r7, .L22
 128:morse.c       ****                 emitShortSignalWithBlinking();
 348              		.loc 1 128 0
 349 00c2 FFF7FEFF 		bl	emitShortSignalWithBlinking
 350              	.LVL45:
 351 00c6 17E0     		b	.L23
 352              	.L22:
 129:morse.c       ****             else
 130:morse.c       ****                 emitShortSoundSignal();
 353              		.loc 1 130 0
 354 00c8 FFF7FEFF 		bl	emitShortSoundSignal
 355              	.LVL46:
 356 00cc 14E0     		b	.L23
 357              	.L21:
 131:morse.c       ****         }
 132:morse.c       ****         
 133:morse.c       ****         else if (secondRow[7] == '-') {
 358              		.loc 1 133 0
 359 00ce 2D2B     		cmp	r3, #45
 360 00d0 06D1     		bne	.L24
 134:morse.c       ****             if (night)
 361              		.loc 1 134 0
 362 00d2 17B1     		cbz	r7, .L25
 135:morse.c       ****                 emitLongSignalWithBlinking();
 363              		.loc 1 135 0
 364 00d4 FFF7FEFF 		bl	emitLongSignalWithBlinking
 365              	.LVL47:
 366 00d8 0EE0     		b	.L23
 367              	.L25:
 136:morse.c       ****             else
 137:morse.c       ****                 emitLongSoundSignal();
 368              		.loc 1 137 0
 369 00da FFF7FEFF 		bl	emitLongSoundSignal
 370              	.LVL48:
ARM GAS  C:\Users\laure\AppData\Local\Temp\cctASKJ3.s 			page 10


 371 00de 0BE0     		b	.L23
 372              	.L24:
 138:morse.c       ****         }
 139:morse.c       ****         
 140:morse.c       ****         else if (secondRow[7] == ' ')
 373              		.loc 1 140 0
 374 00e0 202B     		cmp	r3, #32
 375 00e2 04D1     		bne	.L26
 141:morse.c       ****             CyDelay(TAAH_DELAY);
 376              		.loc 1 141 0
 377 00e4 40F2EE20 		movw	r0, #750
 378 00e8 FFF7FEFF 		bl	CyDelay
 379              	.LVL49:
 380 00ec 04E0     		b	.L23
 381              	.L26:
 142:morse.c       ****         else if (secondRow[7] == '/')
 382              		.loc 1 142 0
 383 00ee 2F2B     		cmp	r3, #47
 384 00f0 02D1     		bne	.L23
 143:morse.c       ****             CyDelay(TI_DELAY);
 385              		.loc 1 143 0
 386 00f2 FA20     		movs	r0, #250
 387 00f4 FFF7FEFF 		bl	CyDelay
 388              	.LVL50:
 389              	.L23:
 144:morse.c       ****         
 145:morse.c       ****         CyDelay(TI_DELAY);
 390              		.loc 1 145 0 discriminator 2
 391 00f8 FA20     		movs	r0, #250
 392 00fa FFF7FEFF 		bl	CyDelay
 393              	.LVL51:
 105:morse.c       ****     {
 394              		.loc 1 105 0 discriminator 2
 395 00fe 0134     		adds	r4, r4, #1
 396              	.LVL52:
 397              	.L17:
 105:morse.c       ****     {
 398              		.loc 1 105 0 is_stmt 0 discriminator 1
 399 0100 B442     		cmp	r4, r6
 400 0102 B0DB     		blt	.L28
 401              	.LBE3:
 146:morse.c       ****     }
 147:morse.c       ****     
 148:morse.c       ****     CyDelay(500);
 402              		.loc 1 148 0 is_stmt 1
 403 0104 4FF4FA70 		mov	r0, #500
 404 0108 FFF7FEFF 		bl	CyDelay
 405              	.LVL53:
 149:morse.c       ****     LCD_Screen_ClearDisplay();
 406              		.loc 1 149 0
 407 010c 0120     		movs	r0, #1
 408 010e FFF7FEFF 		bl	LCD_Screen_WriteControl
 409              	.LVL54:
 150:morse.c       ****     UART_PutChar(0x0A); // line feed
 410              		.loc 1 150 0
 411 0112 0A20     		movs	r0, #10
 412 0114 FFF7FEFF 		bl	UART_PutChar
ARM GAS  C:\Users\laure\AppData\Local\Temp\cctASKJ3.s 			page 11


 413              	.LVL55:
 151:morse.c       **** }
 414              		.loc 1 151 0
 415 0118 04B0     		add	sp, sp, #16
 416              		.cfi_def_cfa_offset 24
 417              		@ sp needed
 418 011a BDE8F081 		pop	{r4, r5, r6, r7, r8, pc}
 419              	.LVL56:
 420              	.L31:
 421 011e 00BF     		.align	2
 422              	.L30:
 423 0120 00000000 		.word	.LANCHOR0
 424              		.cfi_endproc
 425              	.LFE69:
 426              		.size	emitMorseMessage, .-emitMorseMessage
 427              		.section	.text.sendMessage,"ax",%progbits
 428              		.align	2
 429              		.global	sendMessage
 430              		.thumb
 431              		.thumb_func
 432              		.type	sendMessage, %function
 433              	sendMessage:
 434              	.LFB68:
  71:morse.c       ****     int night = isNight();
 435              		.loc 1 71 0
 436              		.cfi_startproc
 437              		@ args = 0, pretend = 0, frame = 0
 438              		@ frame_needed = 1, uses_anonymous_args = 0
 439              	.LVL57:
 440 0000 F8B5     		push	{r3, r4, r5, r6, r7, lr}
 441              		.cfi_def_cfa_offset 24
 442              		.cfi_offset 3, -24
 443              		.cfi_offset 4, -20
 444              		.cfi_offset 5, -16
 445              		.cfi_offset 6, -12
 446              		.cfi_offset 7, -8
 447              		.cfi_offset 14, -4
 448 0002 00AF     		add	r7, sp, #0
 449              		.cfi_def_cfa_register 7
 450 0004 0446     		mov	r4, r0
  72:morse.c       ****     
 451              		.loc 1 72 0
 452 0006 FFF7FEFF 		bl	isNight
 453              	.LVL58:
 454 000a 0546     		mov	r5, r0
 455              	.LVL59:
  74:morse.c       ****             
 456              		.loc 1 74 0
 457 000c 2046     		mov	r0, r4
 458              	.LVL60:
 459 000e FFF7FEFF 		bl	strlen
 460              	.LVL61:
  76:morse.c       ****                                        // morse equivalent of any character
 461              		.loc 1 76 0
 462 0012 C0EBC000 		rsb	r0, r0, r0, lsl #3
 463              	.LVL62:
 464 0016 0730     		adds	r0, r0, #7
ARM GAS  C:\Users\laure\AppData\Local\Temp\cctASKJ3.s 			page 12


 465              	.LVL63:
 466 0018 20F00700 		bic	r0, r0, #7
 467              	.LVL64:
 468 001c ADEB000D 		sub	sp, sp, r0
 469              	.LVL65:
  79:morse.c       ****             
 470              		.loc 1 79 0
 471 0020 2046     		mov	r0, r4
 472 0022 FFF7FEFF 		bl	msgToMorse
 473              	.LVL66:
 474 0026 0146     		mov	r1, r0
 475 0028 6846     		mov	r0, sp
 476 002a FFF7FEFF 		bl	strcpy
 477              	.LVL67:
  81:morse.c       ****     emitMorseMessage(morseMessage, night);
 478              		.loc 1 81 0
 479 002e 2046     		mov	r0, r4
 480 0030 FFF7FEFF 		bl	adequatePrint
 481              	.LVL68:
  82:morse.c       ****     if (! night) displayMessageAsSemaphoreMorseCode(morseMessage);
 482              		.loc 1 82 0
 483 0034 2946     		mov	r1, r5
 484 0036 6846     		mov	r0, sp
 485 0038 FFF7FEFF 		bl	emitMorseMessage
 486              	.LVL69:
  83:morse.c       **** 
 487              		.loc 1 83 0
 488 003c 15B9     		cbnz	r5, .L32
  83:morse.c       **** 
 489              		.loc 1 83 0 is_stmt 0 discriminator 1
 490 003e 6846     		mov	r0, sp
 491 0040 FFF7FEFF 		bl	displayMessageAsSemaphoreMorseCode
 492              	.LVL70:
 493              	.L32:
  86:morse.c       **** 
 494              		.loc 1 86 0 is_stmt 1
 495 0044 BD46     		mov	sp, r7
 496              		.cfi_def_cfa_register 13
 497              	.LVL71:
 498              		@ sp needed
 499 0046 F8BD     		pop	{r3, r4, r5, r6, r7, pc}
 500              		.cfi_endproc
 501              	.LFE68:
 502              		.size	sendMessage, .-sendMessage
 503              		.section	.text.getPrerecordedMessage,"ax",%progbits
 504              		.align	2
 505              		.global	getPrerecordedMessage
 506              		.thumb
 507              		.thumb_func
 508              		.type	getPrerecordedMessage, %function
 509              	getPrerecordedMessage:
 510              	.LFB70:
 152:morse.c       **** 
 153:morse.c       **** /* return the prerecorded message associated
 154:morse.c       ****    with the character passed in parameter */
 155:morse.c       **** char* getPrerecordedMessage (char c) {
 511              		.loc 1 155 0
ARM GAS  C:\Users\laure\AppData\Local\Temp\cctASKJ3.s 			page 13


 512              		.cfi_startproc
 513              		@ args = 0, pretend = 0, frame = 0
 514              		@ frame_needed = 0, uses_anonymous_args = 0
 515              		@ link register save eliminated.
 516              	.LVL72:
 156:morse.c       ****  
 157:morse.c       ****     char* prerecordedMessage = "";
 158:morse.c       ****     
 159:morse.c       ****     switch (c)
 517              		.loc 1 159 0
 518 0000 2338     		subs	r0, r0, #35
 519              	.LVL73:
 520 0002 1628     		cmp	r0, #22
 521 0004 0DD8     		bhi	.L36
 522 0006 DFE800F0 		tbb	[pc, r0]
 523              	.L38:
 524 000a 20       		.byte	(.L37-.L38)/2
 525 000b 0C       		.byte	(.L36-.L38)/2
 526 000c 0C       		.byte	(.L36-.L38)/2
 527 000d 0C       		.byte	(.L36-.L38)/2
 528 000e 0C       		.byte	(.L36-.L38)/2
 529 000f 0C       		.byte	(.L36-.L38)/2
 530 0010 0C       		.byte	(.L36-.L38)/2
 531 0011 0C       		.byte	(.L36-.L38)/2
 532 0012 0C       		.byte	(.L36-.L38)/2
 533 0013 0C       		.byte	(.L36-.L38)/2
 534 0014 0C       		.byte	(.L36-.L38)/2
 535 0015 0C       		.byte	(.L36-.L38)/2
 536 0016 0C       		.byte	(.L36-.L38)/2
 537 0017 1E       		.byte	(.L39-.L38)/2
 538 0018 22       		.byte	(.L49-.L38)/2
 539 0019 0E       		.byte	(.L41-.L38)/2
 540 001a 10       		.byte	(.L42-.L38)/2
 541 001b 12       		.byte	(.L43-.L38)/2
 542 001c 14       		.byte	(.L44-.L38)/2
 543 001d 16       		.byte	(.L45-.L38)/2
 544 001e 18       		.byte	(.L46-.L38)/2
 545 001f 1A       		.byte	(.L47-.L38)/2
 546 0020 1C       		.byte	(.L48-.L38)/2
 547 0021 00       		.p2align 1
 548              	.L36:
 157:morse.c       ****     
 549              		.loc 1 157 0
 550 0022 0C48     		ldr	r0, .L50
 551 0024 7047     		bx	lr
 552              	.L41:
 553              	.LVL74:
 160:morse.c       ****     {
 161:morse.c       ****         case '1':
 162:morse.c       ****             prerecordedMessage = "SOS";
 163:morse.c       ****             break;
 164:morse.c       ****         case '2':
 165:morse.c       ****             prerecordedMessage = "BEAMS";
 554              		.loc 1 165 0
 555 0026 0C48     		ldr	r0, .L50+4
 166:morse.c       ****             break;
 556              		.loc 1 166 0
ARM GAS  C:\Users\laure\AppData\Local\Temp\cctASKJ3.s 			page 14


 557 0028 7047     		bx	lr
 558              	.LVL75:
 559              	.L42:
 167:morse.c       ****         case '3':
 168:morse.c       ****             prerecordedMessage = "Coucou :-)";
 560              		.loc 1 168 0
 561 002a 0C48     		ldr	r0, .L50+8
 169:morse.c       ****             break;
 562              		.loc 1 169 0
 563 002c 7047     		bx	lr
 564              	.LVL76:
 565              	.L43:
 170:morse.c       ****         case '4':
 171:morse.c       ****             prerecordedMessage = "Au revoir !";
 566              		.loc 1 171 0
 567 002e 0C48     		ldr	r0, .L50+12
 172:morse.c       ****             break;
 568              		.loc 1 172 0
 569 0030 7047     		bx	lr
 570              	.LVL77:
 571              	.L44:
 173:morse.c       ****         case '5':
 174:morse.c       ****             prerecordedMessage = "+-+ UrLab +-+";
 572              		.loc 1 174 0
 573 0032 0C48     		ldr	r0, .L50+16
 175:morse.c       ****             break;
 574              		.loc 1 175 0
 575 0034 7047     		bx	lr
 576              	.LVL78:
 577              	.L45:
 176:morse.c       ****         case '6':
 177:morse.c       ****             prerecordedMessage = "Scientia vincere tenebras";
 578              		.loc 1 177 0
 579 0036 0C48     		ldr	r0, .L50+20
 178:morse.c       ****             break;
 580              		.loc 1 178 0
 581 0038 7047     		bx	lr
 582              	.LVL79:
 583              	.L46:
 179:morse.c       ****         case '7':
 180:morse.c       ****             prerecordedMessage = "O Belgique...";
 584              		.loc 1 180 0
 585 003a 0C48     		ldr	r0, .L50+24
 181:morse.c       ****             break;
 586              		.loc 1 181 0
 587 003c 7047     		bx	lr
 588              	.LVL80:
 589              	.L47:
 182:morse.c       ****         case '8':
 183:morse.c       ****             prerecordedMessage = "Allo ?";
 590              		.loc 1 183 0
 591 003e 0C48     		ldr	r0, .L50+28
 184:morse.c       ****             break;
 592              		.loc 1 184 0
 593 0040 7047     		bx	lr
 594              	.LVL81:
 595              	.L48:
ARM GAS  C:\Users\laure\AppData\Local\Temp\cctASKJ3.s 			page 15


 185:morse.c       ****         case '9':
 186:morse.c       ****             prerecordedMessage = "CI ! CI ! CI ! S*x & chopes !";
 596              		.loc 1 186 0
 597 0042 0C48     		ldr	r0, .L50+32
 187:morse.c       ****             break;
 598              		.loc 1 187 0
 599 0044 7047     		bx	lr
 600              	.LVL82:
 601              	.L39:
 188:morse.c       ****         case '0':
 189:morse.c       ****             prerecordedMessage = "One Two Three Viva l'Algerie !"; // choix de Robin #DZ
 602              		.loc 1 189 0
 603 0046 0C48     		ldr	r0, .L50+36
 190:morse.c       ****             break;
 604              		.loc 1 190 0
 605 0048 7047     		bx	lr
 606              	.LVL83:
 607              	.L37:
 191:morse.c       ****         case '#':
 192:morse.c       ****             prerecordedMessage = "Hello World !";
 608              		.loc 1 192 0
 609 004a 0C48     		ldr	r0, .L50+40
 193:morse.c       ****             break;
 610              		.loc 1 193 0
 611 004c 7047     		bx	lr
 612              	.LVL84:
 613              	.L49:
 162:morse.c       ****             break;
 614              		.loc 1 162 0
 615 004e 0C48     		ldr	r0, .L50+44
 616              	.LVL85:
 194:morse.c       ****     }
 195:morse.c       ****     
 196:morse.c       ****     return prerecordedMessage;
 197:morse.c       **** }
 617              		.loc 1 197 0
 618 0050 7047     		bx	lr
 619              	.L51:
 620 0052 00BF     		.align	2
 621              	.L50:
 622 0054 00000000 		.word	.LC1
 623 0058 08000000 		.word	.LC3
 624 005c 10000000 		.word	.LC4
 625 0060 1C000000 		.word	.LC5
 626 0064 28000000 		.word	.LC6
 627 0068 38000000 		.word	.LC7
 628 006c 54000000 		.word	.LC8
 629 0070 64000000 		.word	.LC9
 630 0074 6C000000 		.word	.LC10
 631 0078 8C000000 		.word	.LC11
 632 007c AC000000 		.word	.LC12
 633 0080 04000000 		.word	.LC2
 634              		.cfi_endproc
 635              	.LFE70:
 636              		.size	getPrerecordedMessage, .-getPrerecordedMessage
 637              		.section	.rodata
 638              		.align	2
ARM GAS  C:\Users\laure\AppData\Local\Temp\cctASKJ3.s 			page 16


 639              		.set	.LANCHOR0,. + 0
 640              	.LC0:
 641 0000 20202020 		.ascii	"        \000"
 641      20202020 
 641      00
 642              		.section	.rodata.str1.4,"aMS",%progbits,1
 643              		.align	2
 644              	.LC1:
 645 0000 00       		.ascii	"\000"
 646 0001 000000   		.space	3
 647              	.LC2:
 648 0004 534F5300 		.ascii	"SOS\000"
 649              	.LC3:
 650 0008 4245414D 		.ascii	"BEAMS\000"
 650      5300
 651 000e 0000     		.space	2
 652              	.LC4:
 653 0010 436F7563 		.ascii	"Coucou :-)\000"
 653      6F75203A 
 653      2D2900
 654 001b 00       		.space	1
 655              	.LC5:
 656 001c 41752072 		.ascii	"Au revoir !\000"
 656      65766F69 
 656      72202100 
 657              	.LC6:
 658 0028 2B2D2B20 		.ascii	"+-+ UrLab +-+\000"
 658      55724C61 
 658      62202B2D 
 658      2B00
 659 0036 0000     		.space	2
 660              	.LC7:
 661 0038 53636965 		.ascii	"Scientia vincere tenebras\000"
 661      6E746961 
 661      2076696E 
 661      63657265 
 661      2074656E 
 662 0052 0000     		.space	2
 663              	.LC8:
 664 0054 4F204265 		.ascii	"O Belgique...\000"
 664      6C676971 
 664      75652E2E 
 664      2E00
 665 0062 0000     		.space	2
 666              	.LC9:
 667 0064 416C6C6F 		.ascii	"Allo ?\000"
 667      203F00
 668 006b 00       		.space	1
 669              	.LC10:
 670 006c 43492021 		.ascii	"CI ! CI ! CI ! S*x & chopes !\000"
 670      20434920 
 670      21204349 
 670      20212053 
 670      2A782026 
 671 008a 0000     		.space	2
 672              	.LC11:
 673 008c 4F6E6520 		.ascii	"One Two Three Viva l'Algerie !\000"
ARM GAS  C:\Users\laure\AppData\Local\Temp\cctASKJ3.s 			page 17


 673      54776F20 
 673      54687265 
 673      65205669 
 673      7661206C 
 674 00ab 00       		.space	1
 675              	.LC12:
 676 00ac 48656C6C 		.ascii	"Hello World !\000"
 676      6F20576F 
 676      726C6420 
 676      2100
 677              		.text
 678              	.Letext0:
 679              		.file 2 "c:\\program files (x86)\\cypress\\psoc creator\\4.3\\psoc creator\\import\\gnu\\arm\\5.4.
 680              		.file 3 "c:\\program files (x86)\\cypress\\psoc creator\\4.3\\psoc creator\\import\\gnu\\arm\\5.4.
 681              		.file 4 "soundhandler.h"
 682              		.file 5 "lighter.h"
 683              		.file 6 "Generated_Source\\PSoC5/LCD_Screen.h"
 684              		.file 7 "Generated_Source\\PSoC5/UART.h"
 685              		.file 8 "Generated_Source\\PSoC5/CyLib.h"
 686              		.file 9 "c:\\program files (x86)\\cypress\\psoc creator\\4.3\\psoc creator\\import\\gnu\\arm\\5.4.
 687              		.file 10 "lightsensor.h"
 688              		.file 11 "translator.h"
 689              		.file 12 "printer.h"
 690              		.file 13 "semaphores.h"
 691              		.file 14 "Generated_Source\\PSoC5/core_cm3.h"
 692              		.section	.debug_info,"",%progbits
 693              	.Ldebug_info0:
 694 0000 E9050000 		.4byte	0x5e9
 695 0004 0400     		.2byte	0x4
 696 0006 00000000 		.4byte	.Ldebug_abbrev0
 697 000a 04       		.byte	0x4
 698 000b 01       		.uleb128 0x1
 699 000c FC000000 		.4byte	.LASF49
 700 0010 0C       		.byte	0xc
 701 0011 7A000000 		.4byte	.LASF50
 702 0015 2C000000 		.4byte	.LASF51
 703 0019 18000000 		.4byte	.Ldebug_ranges0+0x18
 704 001d 00000000 		.4byte	0
 705 0021 00000000 		.4byte	.Ldebug_line0
 706 0025 02       		.uleb128 0x2
 707 0026 01       		.byte	0x1
 708 0027 06       		.byte	0x6
 709 0028 63030000 		.4byte	.LASF0
 710 002c 02       		.uleb128 0x2
 711 002d 01       		.byte	0x1
 712 002e 08       		.byte	0x8
 713 002f EE000000 		.4byte	.LASF1
 714 0033 02       		.uleb128 0x2
 715 0034 02       		.byte	0x2
 716 0035 05       		.byte	0x5
 717 0036 39030000 		.4byte	.LASF2
 718 003a 02       		.uleb128 0x2
 719 003b 02       		.byte	0x2
 720 003c 07       		.byte	0x7
 721 003d AC010000 		.4byte	.LASF3
 722 0041 03       		.uleb128 0x3
 723 0042 8A000000 		.4byte	.LASF9
ARM GAS  C:\Users\laure\AppData\Local\Temp\cctASKJ3.s 			page 18


 724 0046 02       		.byte	0x2
 725 0047 3F       		.byte	0x3f
 726 0048 4C000000 		.4byte	0x4c
 727 004c 02       		.uleb128 0x2
 728 004d 04       		.byte	0x4
 729 004e 05       		.byte	0x5
 730 004f 4E030000 		.4byte	.LASF4
 731 0053 02       		.uleb128 0x2
 732 0054 04       		.byte	0x4
 733 0055 07       		.byte	0x7
 734 0056 27020000 		.4byte	.LASF5
 735 005a 02       		.uleb128 0x2
 736 005b 08       		.byte	0x8
 737 005c 05       		.byte	0x5
 738 005d EA020000 		.4byte	.LASF6
 739 0061 02       		.uleb128 0x2
 740 0062 08       		.byte	0x8
 741 0063 07       		.byte	0x7
 742 0064 5C020000 		.4byte	.LASF7
 743 0068 04       		.uleb128 0x4
 744 0069 04       		.byte	0x4
 745 006a 05       		.byte	0x5
 746 006b 696E7400 		.ascii	"int\000"
 747 006f 02       		.uleb128 0x2
 748 0070 04       		.byte	0x4
 749 0071 07       		.byte	0x7
 750 0072 B9000000 		.4byte	.LASF8
 751 0076 03       		.uleb128 0x3
 752 0077 CC020000 		.4byte	.LASF10
 753 007b 03       		.byte	0x3
 754 007c 2C       		.byte	0x2c
 755 007d 41000000 		.4byte	0x41
 756 0081 02       		.uleb128 0x2
 757 0082 04       		.byte	0x4
 758 0083 04       		.byte	0x4
 759 0084 E8000000 		.4byte	.LASF11
 760 0088 02       		.uleb128 0x2
 761 0089 08       		.byte	0x8
 762 008a 04       		.byte	0x4
 763 008b C6000000 		.4byte	.LASF12
 764 008f 02       		.uleb128 0x2
 765 0090 01       		.byte	0x1
 766 0091 08       		.byte	0x8
 767 0092 F8020000 		.4byte	.LASF13
 768 0096 02       		.uleb128 0x2
 769 0097 08       		.byte	0x8
 770 0098 04       		.byte	0x4
 771 0099 57030000 		.4byte	.LASF14
 772 009d 02       		.uleb128 0x2
 773 009e 04       		.byte	0x4
 774 009f 07       		.byte	0x7
 775 00a0 E1020000 		.4byte	.LASF15
 776 00a4 05       		.uleb128 0x5
 777 00a5 04       		.byte	0x4
 778 00a6 8F000000 		.4byte	0x8f
 779 00aa 06       		.uleb128 0x6
 780 00ab 8F000000 		.4byte	0x8f
ARM GAS  C:\Users\laure\AppData\Local\Temp\cctASKJ3.s 			page 19


 781 00af BA000000 		.4byte	0xba
 782 00b3 07       		.uleb128 0x7
 783 00b4 9D000000 		.4byte	0x9d
 784 00b8 07       		.byte	0x7
 785 00b9 00       		.byte	0
 786 00ba 08       		.uleb128 0x8
 787 00bb CD000000 		.4byte	.LASF18
 788 00bf 01       		.byte	0x1
 789 00c0 1E       		.byte	0x1e
 790 00c1 00000000 		.4byte	.LFB63
 791 00c5 2E000000 		.4byte	.LFE63-.LFB63
 792 00c9 01       		.uleb128 0x1
 793 00ca 9C       		.byte	0x9c
 794 00cb 2D010000 		.4byte	0x12d
 795 00cf 09       		.uleb128 0x9
 796 00d0 94000000 		.4byte	.LASF24
 797 00d4 01       		.byte	0x1
 798 00d5 1E       		.byte	0x1e
 799 00d6 68000000 		.4byte	0x68
 800 00da 00000000 		.4byte	.LLST0
 801 00de 0A       		.uleb128 0xa
 802 00df 6A00     		.ascii	"j\000"
 803 00e1 01       		.byte	0x1
 804 00e2 1F       		.byte	0x1f
 805 00e3 68000000 		.4byte	0x68
 806 00e7 1E000000 		.4byte	.LLST1
 807 00eb 0B       		.uleb128 0xb
 808 00ec 87020000 		.4byte	.LASF16
 809 00f0 01       		.byte	0x1
 810 00f1 20       		.byte	0x20
 811 00f2 68000000 		.4byte	0x68
 812 00f6 3D000000 		.4byte	.LLST2
 813 00fa 0C       		.uleb128 0xc
 814 00fb 0A000000 		.4byte	.LBB2
 815 00ff 16000000 		.4byte	.LBE2-.LBB2
 816 0103 0B       		.uleb128 0xb
 817 0104 E3010000 		.4byte	.LASF17
 818 0108 01       		.byte	0x1
 819 0109 23       		.byte	0x23
 820 010a 68000000 		.4byte	0x68
 821 010e 5C000000 		.4byte	.LLST3
 822 0112 0D       		.uleb128 0xd
 823 0113 0E000000 		.4byte	.LVL3
 824 0117 52050000 		.4byte	0x552
 825 011b 0E       		.uleb128 0xe
 826 011c 16000000 		.4byte	.LVL5
 827 0120 5D050000 		.4byte	0x55d
 828 0124 0F       		.uleb128 0xf
 829 0125 01       		.uleb128 0x1
 830 0126 50       		.byte	0x50
 831 0127 02       		.uleb128 0x2
 832 0128 76       		.byte	0x76
 833 0129 00       		.sleb128 0
 834 012a 00       		.byte	0
 835 012b 00       		.byte	0
 836 012c 00       		.byte	0
 837 012d 08       		.uleb128 0x8
ARM GAS  C:\Users\laure\AppData\Local\Temp\cctASKJ3.s 			page 20


 838 012e 8A010000 		.4byte	.LASF19
 839 0132 01       		.byte	0x1
 840 0133 2E       		.byte	0x2e
 841 0134 00000000 		.4byte	.LFB64
 842 0138 0A000000 		.4byte	.LFE64-.LFB64
 843 013c 01       		.uleb128 0x1
 844 013d 9C       		.byte	0x9c
 845 013e 53010000 		.4byte	0x153
 846 0142 0E       		.uleb128 0xe
 847 0143 08000000 		.4byte	.LVL9
 848 0147 BA000000 		.4byte	0xba
 849 014b 0F       		.uleb128 0xf
 850 014c 01       		.uleb128 0x1
 851 014d 50       		.byte	0x50
 852 014e 02       		.uleb128 0x2
 853 014f 08       		.byte	0x8
 854 0150 FA       		.byte	0xfa
 855 0151 00       		.byte	0
 856 0152 00       		.byte	0
 857 0153 08       		.uleb128 0x8
 858 0154 FD020000 		.4byte	.LASF20
 859 0158 01       		.byte	0x1
 860 0159 33       		.byte	0x33
 861 015a 00000000 		.4byte	.LFB65
 862 015e 0C000000 		.4byte	.LFE65-.LFB65
 863 0162 01       		.uleb128 0x1
 864 0163 9C       		.byte	0x9c
 865 0164 7A010000 		.4byte	0x17a
 866 0168 0E       		.uleb128 0xe
 867 0169 0A000000 		.4byte	.LVL10
 868 016d BA000000 		.4byte	0xba
 869 0171 0F       		.uleb128 0xf
 870 0172 01       		.uleb128 0x1
 871 0173 50       		.byte	0x50
 872 0174 03       		.uleb128 0x3
 873 0175 0A       		.byte	0xa
 874 0176 EE02     		.2byte	0x2ee
 875 0178 00       		.byte	0
 876 0179 00       		.byte	0
 877 017a 08       		.uleb128 0x8
 878 017b 40020000 		.4byte	.LASF21
 879 017f 01       		.byte	0x1
 880 0180 38       		.byte	0x38
 881 0181 00000000 		.4byte	.LFB66
 882 0185 10000000 		.4byte	.LFE66-.LFB66
 883 0189 01       		.uleb128 0x1
 884 018a 9C       		.byte	0x9c
 885 018b AB010000 		.4byte	0x1ab
 886 018f 0D       		.uleb128 0xd
 887 0190 06000000 		.4byte	.LVL11
 888 0194 68050000 		.4byte	0x568
 889 0198 0D       		.uleb128 0xd
 890 0199 0A000000 		.4byte	.LVL12
 891 019d 2D010000 		.4byte	0x12d
 892 01a1 0D       		.uleb128 0xd
 893 01a2 0E000000 		.4byte	.LVL13
 894 01a6 68050000 		.4byte	0x568
ARM GAS  C:\Users\laure\AppData\Local\Temp\cctASKJ3.s 			page 21


 895 01aa 00       		.byte	0
 896 01ab 08       		.uleb128 0x8
 897 01ac 1E030000 		.4byte	.LASF22
 898 01b0 01       		.byte	0x1
 899 01b1 40       		.byte	0x40
 900 01b2 00000000 		.4byte	.LFB67
 901 01b6 10000000 		.4byte	.LFE67-.LFB67
 902 01ba 01       		.uleb128 0x1
 903 01bb 9C       		.byte	0x9c
 904 01bc DC010000 		.4byte	0x1dc
 905 01c0 0D       		.uleb128 0xd
 906 01c1 06000000 		.4byte	.LVL14
 907 01c5 68050000 		.4byte	0x568
 908 01c9 0D       		.uleb128 0xd
 909 01ca 0A000000 		.4byte	.LVL15
 910 01ce 53010000 		.4byte	0x153
 911 01d2 0D       		.uleb128 0xd
 912 01d3 0E000000 		.4byte	.LVL16
 913 01d7 68050000 		.4byte	0x568
 914 01db 00       		.byte	0
 915 01dc 08       		.uleb128 0x8
 916 01dd BB020000 		.4byte	.LASF23
 917 01e1 01       		.byte	0x1
 918 01e2 5A       		.byte	0x5a
 919 01e3 00000000 		.4byte	.LFB69
 920 01e7 24010000 		.4byte	.LFE69-.LFB69
 921 01eb 01       		.uleb128 0x1
 922 01ec 9C       		.byte	0x9c
 923 01ed 10040000 		.4byte	0x410
 924 01f1 09       		.uleb128 0x9
 925 01f2 A6010000 		.4byte	.LASF25
 926 01f6 01       		.byte	0x1
 927 01f7 5A       		.byte	0x5a
 928 01f8 A4000000 		.4byte	0xa4
 929 01fc 6F000000 		.4byte	.LLST4
 930 0200 09       		.uleb128 0x9
 931 0201 F8010000 		.4byte	.LASF26
 932 0205 01       		.byte	0x1
 933 0206 5A       		.byte	0x5a
 934 0207 68000000 		.4byte	0x68
 935 020b 9B000000 		.4byte	.LLST5
 936 020f 0B       		.uleb128 0xb
 937 0210 73000000 		.4byte	.LASF27
 938 0214 01       		.byte	0x1
 939 0215 5D       		.byte	0x5d
 940 0216 10040000 		.4byte	0x410
 941 021a C7000000 		.4byte	.LLST6
 942 021e 10       		.uleb128 0x10
 943 021f 9D000000 		.4byte	.LASF28
 944 0223 01       		.byte	0x1
 945 0224 5F       		.byte	0x5f
 946 0225 AA000000 		.4byte	0xaa
 947 0229 02       		.uleb128 0x2
 948 022a 91       		.byte	0x91
 949 022b 60       		.sleb128 -32
 950 022c 10       		.uleb128 0x10
 951 022d 7C030000 		.4byte	.LASF29
ARM GAS  C:\Users\laure\AppData\Local\Temp\cctASKJ3.s 			page 22


 952 0231 01       		.byte	0x1
 953 0232 60       		.byte	0x60
 954 0233 AA000000 		.4byte	0xaa
 955 0237 02       		.uleb128 0x2
 956 0238 91       		.byte	0x91
 957 0239 58       		.sleb128 -40
 958 023a 11       		.uleb128 0x11
 959 023b 4C000000 		.4byte	.LBB3
 960 023f B8000000 		.4byte	.LBE3-.LBB3
 961 0243 45030000 		.4byte	0x345
 962 0247 0A       		.uleb128 0xa
 963 0248 6A00     		.ascii	"j\000"
 964 024a 01       		.byte	0x1
 965 024b 69       		.byte	0x69
 966 024c 68000000 		.4byte	0x68
 967 0250 E5000000 		.4byte	.LLST7
 968 0254 12       		.uleb128 0x12
 969 0255 00000000 		.4byte	.Ldebug_ranges0+0
 970 0259 6B020000 		.4byte	0x26b
 971 025d 0A       		.uleb128 0xa
 972 025e 6900     		.ascii	"i\000"
 973 0260 01       		.byte	0x1
 974 0261 6C       		.byte	0x6c
 975 0262 68000000 		.4byte	0x68
 976 0266 04010000 		.4byte	.LLST8
 977 026a 00       		.byte	0
 978 026b 11       		.uleb128 0x11
 979 026c 74000000 		.4byte	.LBB6
 980 0270 1C000000 		.4byte	.LBE6-.LBB6
 981 0274 86020000 		.4byte	0x286
 982 0278 0A       		.uleb128 0xa
 983 0279 6900     		.ascii	"i\000"
 984 027b 01       		.byte	0x1
 985 027c 70       		.byte	0x70
 986 027d 68000000 		.4byte	0x68
 987 0281 3A010000 		.4byte	.LLST9
 988 0285 00       		.byte	0
 989 0286 13       		.uleb128 0x13
 990 0287 9E000000 		.4byte	.LVL40
 991 028b 73050000 		.4byte	0x573
 992 028f 9E020000 		.4byte	0x29e
 993 0293 0F       		.uleb128 0xf
 994 0294 01       		.uleb128 0x1
 995 0295 50       		.byte	0x50
 996 0296 01       		.uleb128 0x1
 997 0297 30       		.byte	0x30
 998 0298 0F       		.uleb128 0xf
 999 0299 01       		.uleb128 0x1
 1000 029a 51       		.byte	0x51
 1001 029b 01       		.uleb128 0x1
 1002 029c 30       		.byte	0x30
 1003 029d 00       		.byte	0
 1004 029e 13       		.uleb128 0x13
 1005 029f A4000000 		.4byte	.LVL41
 1006 02a3 7E050000 		.4byte	0x57e
 1007 02a7 B2020000 		.4byte	0x2b2
 1008 02ab 0F       		.uleb128 0xf
ARM GAS  C:\Users\laure\AppData\Local\Temp\cctASKJ3.s 			page 23


 1009 02ac 01       		.uleb128 0x1
 1010 02ad 50       		.byte	0x50
 1011 02ae 02       		.uleb128 0x2
 1012 02af 78       		.byte	0x78
 1013 02b0 00       		.sleb128 0
 1014 02b1 00       		.byte	0
 1015 02b2 13       		.uleb128 0x13
 1016 02b3 AC000000 		.4byte	.LVL42
 1017 02b7 73050000 		.4byte	0x573
 1018 02bb CA020000 		.4byte	0x2ca
 1019 02bf 0F       		.uleb128 0xf
 1020 02c0 01       		.uleb128 0x1
 1021 02c1 50       		.byte	0x50
 1022 02c2 01       		.uleb128 0x1
 1023 02c3 31       		.byte	0x31
 1024 02c4 0F       		.uleb128 0xf
 1025 02c5 01       		.uleb128 0x1
 1026 02c6 51       		.byte	0x51
 1027 02c7 01       		.uleb128 0x1
 1028 02c8 30       		.byte	0x30
 1029 02c9 00       		.byte	0
 1030 02ca 13       		.uleb128 0x13
 1031 02cb B2000000 		.4byte	.LVL43
 1032 02cf 7E050000 		.4byte	0x57e
 1033 02d3 DE020000 		.4byte	0x2de
 1034 02d7 0F       		.uleb128 0xf
 1035 02d8 01       		.uleb128 0x1
 1036 02d9 50       		.byte	0x50
 1037 02da 02       		.uleb128 0x2
 1038 02db 7D       		.byte	0x7d
 1039 02dc 00       		.sleb128 0
 1040 02dd 00       		.byte	0
 1041 02de 0D       		.uleb128 0xd
 1042 02df B8000000 		.4byte	.LVL44
 1043 02e3 89050000 		.4byte	0x589
 1044 02e7 0D       		.uleb128 0xd
 1045 02e8 C6000000 		.4byte	.LVL45
 1046 02ec 7A010000 		.4byte	0x17a
 1047 02f0 0D       		.uleb128 0xd
 1048 02f1 CC000000 		.4byte	.LVL46
 1049 02f5 2D010000 		.4byte	0x12d
 1050 02f9 0D       		.uleb128 0xd
 1051 02fa D8000000 		.4byte	.LVL47
 1052 02fe AB010000 		.4byte	0x1ab
 1053 0302 0D       		.uleb128 0xd
 1054 0303 DE000000 		.4byte	.LVL48
 1055 0307 53010000 		.4byte	0x153
 1056 030b 13       		.uleb128 0x13
 1057 030c EC000000 		.4byte	.LVL49
 1058 0310 94050000 		.4byte	0x594
 1059 0314 20030000 		.4byte	0x320
 1060 0318 0F       		.uleb128 0xf
 1061 0319 01       		.uleb128 0x1
 1062 031a 50       		.byte	0x50
 1063 031b 03       		.uleb128 0x3
 1064 031c 0A       		.byte	0xa
 1065 031d EE02     		.2byte	0x2ee
ARM GAS  C:\Users\laure\AppData\Local\Temp\cctASKJ3.s 			page 24


 1066 031f 00       		.byte	0
 1067 0320 13       		.uleb128 0x13
 1068 0321 F8000000 		.4byte	.LVL50
 1069 0325 94050000 		.4byte	0x594
 1070 0329 34030000 		.4byte	0x334
 1071 032d 0F       		.uleb128 0xf
 1072 032e 01       		.uleb128 0x1
 1073 032f 50       		.byte	0x50
 1074 0330 02       		.uleb128 0x2
 1075 0331 08       		.byte	0x8
 1076 0332 FA       		.byte	0xfa
 1077 0333 00       		.byte	0
 1078 0334 0E       		.uleb128 0xe
 1079 0335 FE000000 		.4byte	.LVL51
 1080 0339 94050000 		.4byte	0x594
 1081 033d 0F       		.uleb128 0xf
 1082 033e 01       		.uleb128 0x1
 1083 033f 50       		.byte	0x50
 1084 0340 02       		.uleb128 0x2
 1085 0341 08       		.byte	0x8
 1086 0342 FA       		.byte	0xfa
 1087 0343 00       		.byte	0
 1088 0344 00       		.byte	0
 1089 0345 13       		.uleb128 0x13
 1090 0346 10000000 		.4byte	.LVL19
 1091 034a 9F050000 		.4byte	0x59f
 1092 034e 58030000 		.4byte	0x358
 1093 0352 0F       		.uleb128 0xf
 1094 0353 01       		.uleb128 0x1
 1095 0354 50       		.byte	0x50
 1096 0355 01       		.uleb128 0x1
 1097 0356 31       		.byte	0x31
 1098 0357 00       		.byte	0
 1099 0358 13       		.uleb128 0x13
 1100 0359 16000000 		.4byte	.LVL20
 1101 035d AA050000 		.4byte	0x5aa
 1102 0361 6C030000 		.4byte	0x36c
 1103 0365 0F       		.uleb128 0xf
 1104 0366 01       		.uleb128 0x1
 1105 0367 50       		.byte	0x50
 1106 0368 02       		.uleb128 0x2
 1107 0369 75       		.byte	0x75
 1108 036a 00       		.sleb128 0
 1109 036b 00       		.byte	0
 1110 036c 13       		.uleb128 0x13
 1111 036d 32000000 		.4byte	.LVL23
 1112 0371 73050000 		.4byte	0x573
 1113 0375 84030000 		.4byte	0x384
 1114 0379 0F       		.uleb128 0xf
 1115 037a 01       		.uleb128 0x1
 1116 037b 50       		.byte	0x50
 1117 037c 01       		.uleb128 0x1
 1118 037d 30       		.byte	0x30
 1119 037e 0F       		.uleb128 0xf
 1120 037f 01       		.uleb128 0x1
 1121 0380 51       		.byte	0x51
 1122 0381 01       		.uleb128 0x1
ARM GAS  C:\Users\laure\AppData\Local\Temp\cctASKJ3.s 			page 25


 1123 0382 30       		.byte	0x30
 1124 0383 00       		.byte	0
 1125 0384 13       		.uleb128 0x13
 1126 0385 38000000 		.4byte	.LVL24
 1127 0389 7E050000 		.4byte	0x57e
 1128 038d 98030000 		.4byte	0x398
 1129 0391 0F       		.uleb128 0xf
 1130 0392 01       		.uleb128 0x1
 1131 0393 50       		.byte	0x50
 1132 0394 02       		.uleb128 0x2
 1133 0395 78       		.byte	0x78
 1134 0396 00       		.sleb128 0
 1135 0397 00       		.byte	0
 1136 0398 13       		.uleb128 0x13
 1137 0399 40000000 		.4byte	.LVL25
 1138 039d 73050000 		.4byte	0x573
 1139 03a1 B0030000 		.4byte	0x3b0
 1140 03a5 0F       		.uleb128 0xf
 1141 03a6 01       		.uleb128 0x1
 1142 03a7 50       		.byte	0x50
 1143 03a8 01       		.uleb128 0x1
 1144 03a9 31       		.byte	0x31
 1145 03aa 0F       		.uleb128 0xf
 1146 03ab 01       		.uleb128 0x1
 1147 03ac 51       		.byte	0x51
 1148 03ad 01       		.uleb128 0x1
 1149 03ae 30       		.byte	0x30
 1150 03af 00       		.byte	0
 1151 03b0 13       		.uleb128 0x13
 1152 03b1 46000000 		.4byte	.LVL26
 1153 03b5 7E050000 		.4byte	0x57e
 1154 03b9 C4030000 		.4byte	0x3c4
 1155 03bd 0F       		.uleb128 0xf
 1156 03be 01       		.uleb128 0x1
 1157 03bf 50       		.byte	0x50
 1158 03c0 02       		.uleb128 0x2
 1159 03c1 7D       		.byte	0x7d
 1160 03c2 00       		.sleb128 0
 1161 03c3 00       		.byte	0
 1162 03c4 13       		.uleb128 0x13
 1163 03c5 4C000000 		.4byte	.LVL27
 1164 03c9 94050000 		.4byte	0x594
 1165 03cd D8030000 		.4byte	0x3d8
 1166 03d1 0F       		.uleb128 0xf
 1167 03d2 01       		.uleb128 0x1
 1168 03d3 50       		.byte	0x50
 1169 03d4 02       		.uleb128 0x2
 1170 03d5 08       		.byte	0x8
 1171 03d6 FA       		.byte	0xfa
 1172 03d7 00       		.byte	0
 1173 03d8 13       		.uleb128 0x13
 1174 03d9 0C010000 		.4byte	.LVL53
 1175 03dd 94050000 		.4byte	0x594
 1176 03e1 ED030000 		.4byte	0x3ed
 1177 03e5 0F       		.uleb128 0xf
 1178 03e6 01       		.uleb128 0x1
 1179 03e7 50       		.byte	0x50
ARM GAS  C:\Users\laure\AppData\Local\Temp\cctASKJ3.s 			page 26


 1180 03e8 03       		.uleb128 0x3
 1181 03e9 0A       		.byte	0xa
 1182 03ea F401     		.2byte	0x1f4
 1183 03ec 00       		.byte	0
 1184 03ed 13       		.uleb128 0x13
 1185 03ee 12010000 		.4byte	.LVL54
 1186 03f2 9F050000 		.4byte	0x59f
 1187 03f6 00040000 		.4byte	0x400
 1188 03fa 0F       		.uleb128 0xf
 1189 03fb 01       		.uleb128 0x1
 1190 03fc 50       		.byte	0x50
 1191 03fd 01       		.uleb128 0x1
 1192 03fe 31       		.byte	0x31
 1193 03ff 00       		.byte	0
 1194 0400 0E       		.uleb128 0xe
 1195 0401 18010000 		.4byte	.LVL55
 1196 0405 89050000 		.4byte	0x589
 1197 0409 0F       		.uleb128 0xf
 1198 040a 01       		.uleb128 0x1
 1199 040b 50       		.byte	0x50
 1200 040c 01       		.uleb128 0x1
 1201 040d 3A       		.byte	0x3a
 1202 040e 00       		.byte	0
 1203 040f 00       		.byte	0
 1204 0410 14       		.uleb128 0x14
 1205 0411 68000000 		.4byte	0x68
 1206 0415 08       		.uleb128 0x8
 1207 0416 EC010000 		.4byte	.LASF30
 1208 041a 01       		.byte	0x1
 1209 041b 47       		.byte	0x47
 1210 041c 00000000 		.4byte	.LFB68
 1211 0420 48000000 		.4byte	.LFE68-.LFB68
 1212 0424 01       		.uleb128 0x1
 1213 0425 9C       		.byte	0x9c
 1214 0426 F3040000 		.4byte	0x4f3
 1215 042a 09       		.uleb128 0x9
 1216 042b 00000000 		.4byte	.LASF31
 1217 042f 01       		.byte	0x1
 1218 0430 47       		.byte	0x47
 1219 0431 A4000000 		.4byte	0xa4
 1220 0435 7C010000 		.4byte	.LLST10
 1221 0439 0B       		.uleb128 0xb
 1222 043a F8010000 		.4byte	.LASF26
 1223 043e 01       		.byte	0x1
 1224 043f 48       		.byte	0x48
 1225 0440 68000000 		.4byte	0x68
 1226 0444 9A010000 		.4byte	.LLST11
 1227 0448 0B       		.uleb128 0xb
 1228 0449 43030000 		.4byte	.LASF32
 1229 044d 01       		.byte	0x1
 1230 044e 4A       		.byte	0x4a
 1231 044f 10040000 		.4byte	0x410
 1232 0453 B8010000 		.4byte	.LLST12
 1233 0457 15       		.uleb128 0x15
 1234 0458 06050000 		.4byte	0x506
 1235 045c CB010000 		.4byte	.LLST13
 1236 0460 0B       		.uleb128 0xb
ARM GAS  C:\Users\laure\AppData\Local\Temp\cctASKJ3.s 			page 27


 1237 0461 6F030000 		.4byte	.LASF33
 1238 0465 01       		.byte	0x1
 1239 0466 4C       		.byte	0x4c
 1240 0467 F3040000 		.4byte	0x4f3
 1241 046b ED010000 		.4byte	.LLST14
 1242 046f 0D       		.uleb128 0xd
 1243 0470 0A000000 		.4byte	.LVL58
 1244 0474 B5050000 		.4byte	0x5b5
 1245 0478 13       		.uleb128 0x13
 1246 0479 12000000 		.4byte	.LVL61
 1247 047d AA050000 		.4byte	0x5aa
 1248 0481 8C040000 		.4byte	0x48c
 1249 0485 0F       		.uleb128 0xf
 1250 0486 01       		.uleb128 0x1
 1251 0487 50       		.byte	0x50
 1252 0488 02       		.uleb128 0x2
 1253 0489 74       		.byte	0x74
 1254 048a 00       		.sleb128 0
 1255 048b 00       		.byte	0
 1256 048c 13       		.uleb128 0x13
 1257 048d 26000000 		.4byte	.LVL66
 1258 0491 C0050000 		.4byte	0x5c0
 1259 0495 A0040000 		.4byte	0x4a0
 1260 0499 0F       		.uleb128 0xf
 1261 049a 01       		.uleb128 0x1
 1262 049b 50       		.byte	0x50
 1263 049c 02       		.uleb128 0x2
 1264 049d 74       		.byte	0x74
 1265 049e 00       		.sleb128 0
 1266 049f 00       		.byte	0
 1267 04a0 13       		.uleb128 0x13
 1268 04a1 2E000000 		.4byte	.LVL67
 1269 04a5 CB050000 		.4byte	0x5cb
 1270 04a9 B4040000 		.4byte	0x4b4
 1271 04ad 0F       		.uleb128 0xf
 1272 04ae 01       		.uleb128 0x1
 1273 04af 50       		.byte	0x50
 1274 04b0 02       		.uleb128 0x2
 1275 04b1 7D       		.byte	0x7d
 1276 04b2 00       		.sleb128 0
 1277 04b3 00       		.byte	0
 1278 04b4 13       		.uleb128 0x13
 1279 04b5 34000000 		.4byte	.LVL68
 1280 04b9 D6050000 		.4byte	0x5d6
 1281 04bd C8040000 		.4byte	0x4c8
 1282 04c1 0F       		.uleb128 0xf
 1283 04c2 01       		.uleb128 0x1
 1284 04c3 50       		.byte	0x50
 1285 04c4 02       		.uleb128 0x2
 1286 04c5 74       		.byte	0x74
 1287 04c6 00       		.sleb128 0
 1288 04c7 00       		.byte	0
 1289 04c8 13       		.uleb128 0x13
 1290 04c9 3C000000 		.4byte	.LVL69
 1291 04cd DC010000 		.4byte	0x1dc
 1292 04d1 E2040000 		.4byte	0x4e2
 1293 04d5 0F       		.uleb128 0xf
ARM GAS  C:\Users\laure\AppData\Local\Temp\cctASKJ3.s 			page 28


 1294 04d6 01       		.uleb128 0x1
 1295 04d7 50       		.byte	0x50
 1296 04d8 02       		.uleb128 0x2
 1297 04d9 7D       		.byte	0x7d
 1298 04da 00       		.sleb128 0
 1299 04db 0F       		.uleb128 0xf
 1300 04dc 01       		.uleb128 0x1
 1301 04dd 51       		.byte	0x51
 1302 04de 02       		.uleb128 0x2
 1303 04df 75       		.byte	0x75
 1304 04e0 00       		.sleb128 0
 1305 04e1 00       		.byte	0
 1306 04e2 0E       		.uleb128 0xe
 1307 04e3 44000000 		.4byte	.LVL70
 1308 04e7 E1050000 		.4byte	0x5e1
 1309 04eb 0F       		.uleb128 0xf
 1310 04ec 01       		.uleb128 0x1
 1311 04ed 50       		.byte	0x50
 1312 04ee 02       		.uleb128 0x2
 1313 04ef 7D       		.byte	0x7d
 1314 04f0 00       		.sleb128 0
 1315 04f1 00       		.byte	0
 1316 04f2 00       		.byte	0
 1317 04f3 06       		.uleb128 0x6
 1318 04f4 8F000000 		.4byte	0x8f
 1319 04f8 06050000 		.4byte	0x506
 1320 04fc 16       		.uleb128 0x16
 1321 04fd 9D000000 		.4byte	0x9d
 1322 0501 57040000 		.4byte	0x457
 1323 0505 00       		.byte	0
 1324 0506 14       		.uleb128 0x14
 1325 0507 9D000000 		.4byte	0x9d
 1326 050b 17       		.uleb128 0x17
 1327 050c 16000000 		.4byte	.LASF52
 1328 0510 01       		.byte	0x1
 1329 0511 9B       		.byte	0x9b
 1330 0512 A4000000 		.4byte	0xa4
 1331 0516 00000000 		.4byte	.LFB70
 1332 051a 84000000 		.4byte	.LFE70-.LFB70
 1333 051e 01       		.uleb128 0x1
 1334 051f 9C       		.byte	0x9c
 1335 0520 41050000 		.4byte	0x541
 1336 0524 18       		.uleb128 0x18
 1337 0525 6300     		.ascii	"c\000"
 1338 0527 01       		.byte	0x1
 1339 0528 9B       		.byte	0x9b
 1340 0529 8F000000 		.4byte	0x8f
 1341 052d 01020000 		.4byte	.LLST15
 1342 0531 0B       		.uleb128 0xb
 1343 0532 A6000000 		.4byte	.LASF34
 1344 0536 01       		.byte	0x1
 1345 0537 9D       		.byte	0x9d
 1346 0538 A4000000 		.4byte	0xa4
 1347 053c 22020000 		.4byte	.LLST16
 1348 0540 00       		.byte	0
 1349 0541 19       		.uleb128 0x19
 1350 0542 D6010000 		.4byte	.LASF53
ARM GAS  C:\Users\laure\AppData\Local\Temp\cctASKJ3.s 			page 29


 1351 0546 0E       		.byte	0xe
 1352 0547 1207     		.2byte	0x712
 1353 0549 4D050000 		.4byte	0x54d
 1354 054d 1A       		.uleb128 0x1a
 1355 054e 76000000 		.4byte	0x76
 1356 0552 1B       		.uleb128 0x1b
 1357 0553 FE010000 		.4byte	.LASF35
 1358 0557 FE010000 		.4byte	.LASF35
 1359 055b 04       		.byte	0x4
 1360 055c 14       		.byte	0x14
 1361 055d 1B       		.uleb128 0x1b
 1362 055e 11030000 		.4byte	.LASF36
 1363 0562 11030000 		.4byte	.LASF36
 1364 0566 04       		.byte	0x4
 1365 0567 15       		.byte	0x15
 1366 0568 1B       		.uleb128 0x1b
 1367 0569 AB020000 		.4byte	.LASF37
 1368 056d AB020000 		.4byte	.LASF37
 1369 0571 05       		.byte	0x5
 1370 0572 0F       		.byte	0xf
 1371 0573 1B       		.uleb128 0x1b
 1372 0574 73020000 		.4byte	.LASF38
 1373 0578 73020000 		.4byte	.LASF38
 1374 057c 06       		.byte	0x6
 1375 057d 3D       		.byte	0x3d
 1376 057e 1B       		.uleb128 0x1b
 1377 057f BF010000 		.4byte	.LASF39
 1378 0583 BF010000 		.4byte	.LASF39
 1379 0587 06       		.byte	0x6
 1380 0588 3C       		.byte	0x3c
 1381 0589 1B       		.uleb128 0x1b
 1382 058a D4020000 		.4byte	.LASF40
 1383 058e D4020000 		.4byte	.LASF40
 1384 0592 07       		.byte	0x7
 1385 0593 8A       		.byte	0x8a
 1386 0594 1B       		.uleb128 0x1b
 1387 0595 86030000 		.4byte	.LASF41
 1388 0599 86030000 		.4byte	.LASF41
 1389 059d 08       		.byte	0x8
 1390 059e 76       		.byte	0x76
 1391 059f 1B       		.uleb128 0x1b
 1392 05a0 93020000 		.4byte	.LASF42
 1393 05a4 93020000 		.4byte	.LASF42
 1394 05a8 06       		.byte	0x6
 1395 05a9 3A       		.byte	0x3a
 1396 05aa 1B       		.uleb128 0x1b
 1397 05ab 39020000 		.4byte	.LASF43
 1398 05af 39020000 		.4byte	.LASF43
 1399 05b3 09       		.byte	0x9
 1400 05b4 21       		.byte	0x21
 1401 05b5 1B       		.uleb128 0x1b
 1402 05b6 82000000 		.4byte	.LASF44
 1403 05ba 82000000 		.4byte	.LASF44
 1404 05be 0A       		.byte	0xa
 1405 05bf 11       		.byte	0x11
 1406 05c0 1B       		.uleb128 0x1b
 1407 05c1 DD000000 		.4byte	.LASF45
ARM GAS  C:\Users\laure\AppData\Local\Temp\cctASKJ3.s 			page 30


 1408 05c5 DD000000 		.4byte	.LASF45
 1409 05c9 0B       		.byte	0xb
 1410 05ca 12       		.byte	0x12
 1411 05cb 1B       		.uleb128 0x1b
 1412 05cc 9F010000 		.4byte	.LASF46
 1413 05d0 9F010000 		.4byte	.LASF46
 1414 05d4 09       		.byte	0x9
 1415 05d5 1E       		.byte	0x1e
 1416 05d6 1B       		.uleb128 0x1b
 1417 05d7 08000000 		.4byte	.LASF47
 1418 05db 08000000 		.4byte	.LASF47
 1419 05df 0C       		.byte	0xc
 1420 05e0 12       		.byte	0x12
 1421 05e1 1B       		.uleb128 0x1b
 1422 05e2 04020000 		.4byte	.LASF48
 1423 05e6 04020000 		.4byte	.LASF48
 1424 05ea 0D       		.byte	0xd
 1425 05eb 16       		.byte	0x16
 1426 05ec 00       		.byte	0
 1427              		.section	.debug_abbrev,"",%progbits
 1428              	.Ldebug_abbrev0:
 1429 0000 01       		.uleb128 0x1
 1430 0001 11       		.uleb128 0x11
 1431 0002 01       		.byte	0x1
 1432 0003 25       		.uleb128 0x25
 1433 0004 0E       		.uleb128 0xe
 1434 0005 13       		.uleb128 0x13
 1435 0006 0B       		.uleb128 0xb
 1436 0007 03       		.uleb128 0x3
 1437 0008 0E       		.uleb128 0xe
 1438 0009 1B       		.uleb128 0x1b
 1439 000a 0E       		.uleb128 0xe
 1440 000b 55       		.uleb128 0x55
 1441 000c 17       		.uleb128 0x17
 1442 000d 11       		.uleb128 0x11
 1443 000e 01       		.uleb128 0x1
 1444 000f 10       		.uleb128 0x10
 1445 0010 17       		.uleb128 0x17
 1446 0011 00       		.byte	0
 1447 0012 00       		.byte	0
 1448 0013 02       		.uleb128 0x2
 1449 0014 24       		.uleb128 0x24
 1450 0015 00       		.byte	0
 1451 0016 0B       		.uleb128 0xb
 1452 0017 0B       		.uleb128 0xb
 1453 0018 3E       		.uleb128 0x3e
 1454 0019 0B       		.uleb128 0xb
 1455 001a 03       		.uleb128 0x3
 1456 001b 0E       		.uleb128 0xe
 1457 001c 00       		.byte	0
 1458 001d 00       		.byte	0
 1459 001e 03       		.uleb128 0x3
 1460 001f 16       		.uleb128 0x16
 1461 0020 00       		.byte	0
 1462 0021 03       		.uleb128 0x3
 1463 0022 0E       		.uleb128 0xe
 1464 0023 3A       		.uleb128 0x3a
ARM GAS  C:\Users\laure\AppData\Local\Temp\cctASKJ3.s 			page 31


 1465 0024 0B       		.uleb128 0xb
 1466 0025 3B       		.uleb128 0x3b
 1467 0026 0B       		.uleb128 0xb
 1468 0027 49       		.uleb128 0x49
 1469 0028 13       		.uleb128 0x13
 1470 0029 00       		.byte	0
 1471 002a 00       		.byte	0
 1472 002b 04       		.uleb128 0x4
 1473 002c 24       		.uleb128 0x24
 1474 002d 00       		.byte	0
 1475 002e 0B       		.uleb128 0xb
 1476 002f 0B       		.uleb128 0xb
 1477 0030 3E       		.uleb128 0x3e
 1478 0031 0B       		.uleb128 0xb
 1479 0032 03       		.uleb128 0x3
 1480 0033 08       		.uleb128 0x8
 1481 0034 00       		.byte	0
 1482 0035 00       		.byte	0
 1483 0036 05       		.uleb128 0x5
 1484 0037 0F       		.uleb128 0xf
 1485 0038 00       		.byte	0
 1486 0039 0B       		.uleb128 0xb
 1487 003a 0B       		.uleb128 0xb
 1488 003b 49       		.uleb128 0x49
 1489 003c 13       		.uleb128 0x13
 1490 003d 00       		.byte	0
 1491 003e 00       		.byte	0
 1492 003f 06       		.uleb128 0x6
 1493 0040 01       		.uleb128 0x1
 1494 0041 01       		.byte	0x1
 1495 0042 49       		.uleb128 0x49
 1496 0043 13       		.uleb128 0x13
 1497 0044 01       		.uleb128 0x1
 1498 0045 13       		.uleb128 0x13
 1499 0046 00       		.byte	0
 1500 0047 00       		.byte	0
 1501 0048 07       		.uleb128 0x7
 1502 0049 21       		.uleb128 0x21
 1503 004a 00       		.byte	0
 1504 004b 49       		.uleb128 0x49
 1505 004c 13       		.uleb128 0x13
 1506 004d 2F       		.uleb128 0x2f
 1507 004e 0B       		.uleb128 0xb
 1508 004f 00       		.byte	0
 1509 0050 00       		.byte	0
 1510 0051 08       		.uleb128 0x8
 1511 0052 2E       		.uleb128 0x2e
 1512 0053 01       		.byte	0x1
 1513 0054 3F       		.uleb128 0x3f
 1514 0055 19       		.uleb128 0x19
 1515 0056 03       		.uleb128 0x3
 1516 0057 0E       		.uleb128 0xe
 1517 0058 3A       		.uleb128 0x3a
 1518 0059 0B       		.uleb128 0xb
 1519 005a 3B       		.uleb128 0x3b
 1520 005b 0B       		.uleb128 0xb
 1521 005c 27       		.uleb128 0x27
ARM GAS  C:\Users\laure\AppData\Local\Temp\cctASKJ3.s 			page 32


 1522 005d 19       		.uleb128 0x19
 1523 005e 11       		.uleb128 0x11
 1524 005f 01       		.uleb128 0x1
 1525 0060 12       		.uleb128 0x12
 1526 0061 06       		.uleb128 0x6
 1527 0062 40       		.uleb128 0x40
 1528 0063 18       		.uleb128 0x18
 1529 0064 9742     		.uleb128 0x2117
 1530 0066 19       		.uleb128 0x19
 1531 0067 01       		.uleb128 0x1
 1532 0068 13       		.uleb128 0x13
 1533 0069 00       		.byte	0
 1534 006a 00       		.byte	0
 1535 006b 09       		.uleb128 0x9
 1536 006c 05       		.uleb128 0x5
 1537 006d 00       		.byte	0
 1538 006e 03       		.uleb128 0x3
 1539 006f 0E       		.uleb128 0xe
 1540 0070 3A       		.uleb128 0x3a
 1541 0071 0B       		.uleb128 0xb
 1542 0072 3B       		.uleb128 0x3b
 1543 0073 0B       		.uleb128 0xb
 1544 0074 49       		.uleb128 0x49
 1545 0075 13       		.uleb128 0x13
 1546 0076 02       		.uleb128 0x2
 1547 0077 17       		.uleb128 0x17
 1548 0078 00       		.byte	0
 1549 0079 00       		.byte	0
 1550 007a 0A       		.uleb128 0xa
 1551 007b 34       		.uleb128 0x34
 1552 007c 00       		.byte	0
 1553 007d 03       		.uleb128 0x3
 1554 007e 08       		.uleb128 0x8
 1555 007f 3A       		.uleb128 0x3a
 1556 0080 0B       		.uleb128 0xb
 1557 0081 3B       		.uleb128 0x3b
 1558 0082 0B       		.uleb128 0xb
 1559 0083 49       		.uleb128 0x49
 1560 0084 13       		.uleb128 0x13
 1561 0085 02       		.uleb128 0x2
 1562 0086 17       		.uleb128 0x17
 1563 0087 00       		.byte	0
 1564 0088 00       		.byte	0
 1565 0089 0B       		.uleb128 0xb
 1566 008a 34       		.uleb128 0x34
 1567 008b 00       		.byte	0
 1568 008c 03       		.uleb128 0x3
 1569 008d 0E       		.uleb128 0xe
 1570 008e 3A       		.uleb128 0x3a
 1571 008f 0B       		.uleb128 0xb
 1572 0090 3B       		.uleb128 0x3b
 1573 0091 0B       		.uleb128 0xb
 1574 0092 49       		.uleb128 0x49
 1575 0093 13       		.uleb128 0x13
 1576 0094 02       		.uleb128 0x2
 1577 0095 17       		.uleb128 0x17
 1578 0096 00       		.byte	0
ARM GAS  C:\Users\laure\AppData\Local\Temp\cctASKJ3.s 			page 33


 1579 0097 00       		.byte	0
 1580 0098 0C       		.uleb128 0xc
 1581 0099 0B       		.uleb128 0xb
 1582 009a 01       		.byte	0x1
 1583 009b 11       		.uleb128 0x11
 1584 009c 01       		.uleb128 0x1
 1585 009d 12       		.uleb128 0x12
 1586 009e 06       		.uleb128 0x6
 1587 009f 00       		.byte	0
 1588 00a0 00       		.byte	0
 1589 00a1 0D       		.uleb128 0xd
 1590 00a2 898201   		.uleb128 0x4109
 1591 00a5 00       		.byte	0
 1592 00a6 11       		.uleb128 0x11
 1593 00a7 01       		.uleb128 0x1
 1594 00a8 31       		.uleb128 0x31
 1595 00a9 13       		.uleb128 0x13
 1596 00aa 00       		.byte	0
 1597 00ab 00       		.byte	0
 1598 00ac 0E       		.uleb128 0xe
 1599 00ad 898201   		.uleb128 0x4109
 1600 00b0 01       		.byte	0x1
 1601 00b1 11       		.uleb128 0x11
 1602 00b2 01       		.uleb128 0x1
 1603 00b3 31       		.uleb128 0x31
 1604 00b4 13       		.uleb128 0x13
 1605 00b5 00       		.byte	0
 1606 00b6 00       		.byte	0
 1607 00b7 0F       		.uleb128 0xf
 1608 00b8 8A8201   		.uleb128 0x410a
 1609 00bb 00       		.byte	0
 1610 00bc 02       		.uleb128 0x2
 1611 00bd 18       		.uleb128 0x18
 1612 00be 9142     		.uleb128 0x2111
 1613 00c0 18       		.uleb128 0x18
 1614 00c1 00       		.byte	0
 1615 00c2 00       		.byte	0
 1616 00c3 10       		.uleb128 0x10
 1617 00c4 34       		.uleb128 0x34
 1618 00c5 00       		.byte	0
 1619 00c6 03       		.uleb128 0x3
 1620 00c7 0E       		.uleb128 0xe
 1621 00c8 3A       		.uleb128 0x3a
 1622 00c9 0B       		.uleb128 0xb
 1623 00ca 3B       		.uleb128 0x3b
 1624 00cb 0B       		.uleb128 0xb
 1625 00cc 49       		.uleb128 0x49
 1626 00cd 13       		.uleb128 0x13
 1627 00ce 02       		.uleb128 0x2
 1628 00cf 18       		.uleb128 0x18
 1629 00d0 00       		.byte	0
 1630 00d1 00       		.byte	0
 1631 00d2 11       		.uleb128 0x11
 1632 00d3 0B       		.uleb128 0xb
 1633 00d4 01       		.byte	0x1
 1634 00d5 11       		.uleb128 0x11
 1635 00d6 01       		.uleb128 0x1
ARM GAS  C:\Users\laure\AppData\Local\Temp\cctASKJ3.s 			page 34


 1636 00d7 12       		.uleb128 0x12
 1637 00d8 06       		.uleb128 0x6
 1638 00d9 01       		.uleb128 0x1
 1639 00da 13       		.uleb128 0x13
 1640 00db 00       		.byte	0
 1641 00dc 00       		.byte	0
 1642 00dd 12       		.uleb128 0x12
 1643 00de 0B       		.uleb128 0xb
 1644 00df 01       		.byte	0x1
 1645 00e0 55       		.uleb128 0x55
 1646 00e1 17       		.uleb128 0x17
 1647 00e2 01       		.uleb128 0x1
 1648 00e3 13       		.uleb128 0x13
 1649 00e4 00       		.byte	0
 1650 00e5 00       		.byte	0
 1651 00e6 13       		.uleb128 0x13
 1652 00e7 898201   		.uleb128 0x4109
 1653 00ea 01       		.byte	0x1
 1654 00eb 11       		.uleb128 0x11
 1655 00ec 01       		.uleb128 0x1
 1656 00ed 31       		.uleb128 0x31
 1657 00ee 13       		.uleb128 0x13
 1658 00ef 01       		.uleb128 0x1
 1659 00f0 13       		.uleb128 0x13
 1660 00f1 00       		.byte	0
 1661 00f2 00       		.byte	0
 1662 00f3 14       		.uleb128 0x14
 1663 00f4 26       		.uleb128 0x26
 1664 00f5 00       		.byte	0
 1665 00f6 49       		.uleb128 0x49
 1666 00f7 13       		.uleb128 0x13
 1667 00f8 00       		.byte	0
 1668 00f9 00       		.byte	0
 1669 00fa 15       		.uleb128 0x15
 1670 00fb 34       		.uleb128 0x34
 1671 00fc 00       		.byte	0
 1672 00fd 34       		.uleb128 0x34
 1673 00fe 19       		.uleb128 0x19
 1674 00ff 49       		.uleb128 0x49
 1675 0100 13       		.uleb128 0x13
 1676 0101 02       		.uleb128 0x2
 1677 0102 17       		.uleb128 0x17
 1678 0103 00       		.byte	0
 1679 0104 00       		.byte	0
 1680 0105 16       		.uleb128 0x16
 1681 0106 21       		.uleb128 0x21
 1682 0107 00       		.byte	0
 1683 0108 49       		.uleb128 0x49
 1684 0109 13       		.uleb128 0x13
 1685 010a 2F       		.uleb128 0x2f
 1686 010b 13       		.uleb128 0x13
 1687 010c 00       		.byte	0
 1688 010d 00       		.byte	0
 1689 010e 17       		.uleb128 0x17
 1690 010f 2E       		.uleb128 0x2e
 1691 0110 01       		.byte	0x1
 1692 0111 3F       		.uleb128 0x3f
ARM GAS  C:\Users\laure\AppData\Local\Temp\cctASKJ3.s 			page 35


 1693 0112 19       		.uleb128 0x19
 1694 0113 03       		.uleb128 0x3
 1695 0114 0E       		.uleb128 0xe
 1696 0115 3A       		.uleb128 0x3a
 1697 0116 0B       		.uleb128 0xb
 1698 0117 3B       		.uleb128 0x3b
 1699 0118 0B       		.uleb128 0xb
 1700 0119 27       		.uleb128 0x27
 1701 011a 19       		.uleb128 0x19
 1702 011b 49       		.uleb128 0x49
 1703 011c 13       		.uleb128 0x13
 1704 011d 11       		.uleb128 0x11
 1705 011e 01       		.uleb128 0x1
 1706 011f 12       		.uleb128 0x12
 1707 0120 06       		.uleb128 0x6
 1708 0121 40       		.uleb128 0x40
 1709 0122 18       		.uleb128 0x18
 1710 0123 9742     		.uleb128 0x2117
 1711 0125 19       		.uleb128 0x19
 1712 0126 01       		.uleb128 0x1
 1713 0127 13       		.uleb128 0x13
 1714 0128 00       		.byte	0
 1715 0129 00       		.byte	0
 1716 012a 18       		.uleb128 0x18
 1717 012b 05       		.uleb128 0x5
 1718 012c 00       		.byte	0
 1719 012d 03       		.uleb128 0x3
 1720 012e 08       		.uleb128 0x8
 1721 012f 3A       		.uleb128 0x3a
 1722 0130 0B       		.uleb128 0xb
 1723 0131 3B       		.uleb128 0x3b
 1724 0132 0B       		.uleb128 0xb
 1725 0133 49       		.uleb128 0x49
 1726 0134 13       		.uleb128 0x13
 1727 0135 02       		.uleb128 0x2
 1728 0136 17       		.uleb128 0x17
 1729 0137 00       		.byte	0
 1730 0138 00       		.byte	0
 1731 0139 19       		.uleb128 0x19
 1732 013a 34       		.uleb128 0x34
 1733 013b 00       		.byte	0
 1734 013c 03       		.uleb128 0x3
 1735 013d 0E       		.uleb128 0xe
 1736 013e 3A       		.uleb128 0x3a
 1737 013f 0B       		.uleb128 0xb
 1738 0140 3B       		.uleb128 0x3b
 1739 0141 05       		.uleb128 0x5
 1740 0142 49       		.uleb128 0x49
 1741 0143 13       		.uleb128 0x13
 1742 0144 3F       		.uleb128 0x3f
 1743 0145 19       		.uleb128 0x19
 1744 0146 3C       		.uleb128 0x3c
 1745 0147 19       		.uleb128 0x19
 1746 0148 00       		.byte	0
 1747 0149 00       		.byte	0
 1748 014a 1A       		.uleb128 0x1a
 1749 014b 35       		.uleb128 0x35
ARM GAS  C:\Users\laure\AppData\Local\Temp\cctASKJ3.s 			page 36


 1750 014c 00       		.byte	0
 1751 014d 49       		.uleb128 0x49
 1752 014e 13       		.uleb128 0x13
 1753 014f 00       		.byte	0
 1754 0150 00       		.byte	0
 1755 0151 1B       		.uleb128 0x1b
 1756 0152 2E       		.uleb128 0x2e
 1757 0153 00       		.byte	0
 1758 0154 3F       		.uleb128 0x3f
 1759 0155 19       		.uleb128 0x19
 1760 0156 3C       		.uleb128 0x3c
 1761 0157 19       		.uleb128 0x19
 1762 0158 6E       		.uleb128 0x6e
 1763 0159 0E       		.uleb128 0xe
 1764 015a 03       		.uleb128 0x3
 1765 015b 0E       		.uleb128 0xe
 1766 015c 3A       		.uleb128 0x3a
 1767 015d 0B       		.uleb128 0xb
 1768 015e 3B       		.uleb128 0x3b
 1769 015f 0B       		.uleb128 0xb
 1770 0160 00       		.byte	0
 1771 0161 00       		.byte	0
 1772 0162 00       		.byte	0
 1773              		.section	.debug_loc,"",%progbits
 1774              	.Ldebug_loc0:
 1775              	.LLST0:
 1776 0000 00000000 		.4byte	.LVL0
 1777 0004 0A000000 		.4byte	.LVL2
 1778 0008 0100     		.2byte	0x1
 1779 000a 50       		.byte	0x50
 1780 000b 0A000000 		.4byte	.LVL2
 1781 000f 2E000000 		.4byte	.LFE63
 1782 0013 0100     		.2byte	0x1
 1783 0015 55       		.byte	0x55
 1784 0016 00000000 		.4byte	0
 1785 001a 00000000 		.4byte	0
 1786              	.LLST1:
 1787 001e 04000000 		.4byte	.LVL1
 1788 0022 0A000000 		.4byte	.LVL2
 1789 0026 0200     		.2byte	0x2
 1790 0028 30       		.byte	0x30
 1791 0029 9F       		.byte	0x9f
 1792 002a 0A000000 		.4byte	.LVL2
 1793 002e 2E000000 		.4byte	.LFE63
 1794 0032 0100     		.2byte	0x1
 1795 0034 56       		.byte	0x56
 1796 0035 00000000 		.4byte	0
 1797 0039 00000000 		.4byte	0
 1798              	.LLST2:
 1799 003d 04000000 		.4byte	.LVL1
 1800 0041 0A000000 		.4byte	.LVL2
 1801 0045 0200     		.2byte	0x2
 1802 0047 30       		.byte	0x30
 1803 0048 9F       		.byte	0x9f
 1804 0049 0A000000 		.4byte	.LVL2
 1805 004d 2E000000 		.4byte	.LFE63
 1806 0051 0100     		.2byte	0x1
ARM GAS  C:\Users\laure\AppData\Local\Temp\cctASKJ3.s 			page 37


 1807 0053 54       		.byte	0x54
 1808 0054 00000000 		.4byte	0
 1809 0058 00000000 		.4byte	0
 1810              	.LLST3:
 1811 005c 0E000000 		.4byte	.LVL3
 1812 0060 12000000 		.4byte	.LVL4
 1813 0064 0100     		.2byte	0x1
 1814 0066 50       		.byte	0x50
 1815 0067 00000000 		.4byte	0
 1816 006b 00000000 		.4byte	0
 1817              	.LLST4:
 1818 006f 00000000 		.4byte	.LVL17
 1819 0073 0C000000 		.4byte	.LVL18
 1820 0077 0100     		.2byte	0x1
 1821 0079 50       		.byte	0x50
 1822 007a 0C000000 		.4byte	.LVL18
 1823 007e 1E010000 		.4byte	.LVL56
 1824 0082 0100     		.2byte	0x1
 1825 0084 55       		.byte	0x55
 1826 0085 1E010000 		.4byte	.LVL56
 1827 0089 24010000 		.4byte	.LFE69
 1828 008d 0400     		.2byte	0x4
 1829 008f F3       		.byte	0xf3
 1830 0090 01       		.uleb128 0x1
 1831 0091 50       		.byte	0x50
 1832 0092 9F       		.byte	0x9f
 1833 0093 00000000 		.4byte	0
 1834 0097 00000000 		.4byte	0
 1835              	.LLST5:
 1836 009b 00000000 		.4byte	.LVL17
 1837 009f 0F000000 		.4byte	.LVL19-1
 1838 00a3 0100     		.2byte	0x1
 1839 00a5 51       		.byte	0x51
 1840 00a6 0F000000 		.4byte	.LVL19-1
 1841 00aa 1E010000 		.4byte	.LVL56
 1842 00ae 0100     		.2byte	0x1
 1843 00b0 57       		.byte	0x57
 1844 00b1 1E010000 		.4byte	.LVL56
 1845 00b5 24010000 		.4byte	.LFE69
 1846 00b9 0400     		.2byte	0x4
 1847 00bb F3       		.byte	0xf3
 1848 00bc 01       		.uleb128 0x1
 1849 00bd 51       		.byte	0x51
 1850 00be 9F       		.byte	0x9f
 1851 00bf 00000000 		.4byte	0
 1852 00c3 00000000 		.4byte	0
 1853              	.LLST6:
 1854 00c7 18000000 		.4byte	.LVL21
 1855 00cb 22000000 		.4byte	.LVL22
 1856 00cf 0100     		.2byte	0x1
 1857 00d1 50       		.byte	0x50
 1858 00d2 22000000 		.4byte	.LVL22
 1859 00d6 1E010000 		.4byte	.LVL56
 1860 00da 0100     		.2byte	0x1
 1861 00dc 56       		.byte	0x56
 1862 00dd 00000000 		.4byte	0
 1863 00e1 00000000 		.4byte	0
ARM GAS  C:\Users\laure\AppData\Local\Temp\cctASKJ3.s 			page 38


 1864              	.LLST7:
 1865 00e5 4C000000 		.4byte	.LVL27
 1866 00e9 50000000 		.4byte	.LVL28
 1867 00ed 0200     		.2byte	0x2
 1868 00ef 30       		.byte	0x30
 1869 00f0 9F       		.byte	0x9f
 1870 00f1 50000000 		.4byte	.LVL28
 1871 00f5 1E010000 		.4byte	.LVL56
 1872 00f9 0100     		.2byte	0x1
 1873 00fb 54       		.byte	0x54
 1874 00fc 00000000 		.4byte	0
 1875 0100 00000000 		.4byte	0
 1876              	.LLST8:
 1877 0104 50000000 		.4byte	.LVL28
 1878 0108 5E000000 		.4byte	.LVL29
 1879 010c 0100     		.2byte	0x1
 1880 010e 53       		.byte	0x53
 1881 010f 5E000000 		.4byte	.LVL29
 1882 0113 62000000 		.4byte	.LVL30
 1883 0117 0300     		.2byte	0x3
 1884 0119 72       		.byte	0x72
 1885 011a 7F       		.sleb128 -1
 1886 011b 9F       		.byte	0x9f
 1887 011c 62000000 		.4byte	.LVL30
 1888 0120 66000000 		.4byte	.LVL31
 1889 0124 0100     		.2byte	0x1
 1890 0126 52       		.byte	0x52
 1891 0127 68000000 		.4byte	.LVL32
 1892 012b 70000000 		.4byte	.LVL33
 1893 012f 0100     		.2byte	0x1
 1894 0131 53       		.byte	0x53
 1895 0132 00000000 		.4byte	0
 1896 0136 00000000 		.4byte	0
 1897              	.LLST9:
 1898 013a 74000000 		.4byte	.LVL34
 1899 013e 78000000 		.4byte	.LVL35
 1900 0142 0200     		.2byte	0x2
 1901 0144 30       		.byte	0x30
 1902 0145 9F       		.byte	0x9f
 1903 0146 78000000 		.4byte	.LVL35
 1904 014a 86000000 		.4byte	.LVL36
 1905 014e 0100     		.2byte	0x1
 1906 0150 53       		.byte	0x53
 1907 0151 86000000 		.4byte	.LVL36
 1908 0155 8A000000 		.4byte	.LVL37
 1909 0159 0300     		.2byte	0x3
 1910 015b 72       		.byte	0x72
 1911 015c 7F       		.sleb128 -1
 1912 015d 9F       		.byte	0x9f
 1913 015e 8A000000 		.4byte	.LVL37
 1914 0162 8C000000 		.4byte	.LVL38
 1915 0166 0100     		.2byte	0x1
 1916 0168 52       		.byte	0x52
 1917 0169 8C000000 		.4byte	.LVL38
 1918 016d 92000000 		.4byte	.LVL39
 1919 0171 0100     		.2byte	0x1
 1920 0173 53       		.byte	0x53
ARM GAS  C:\Users\laure\AppData\Local\Temp\cctASKJ3.s 			page 39


 1921 0174 00000000 		.4byte	0
 1922 0178 00000000 		.4byte	0
 1923              	.LLST10:
 1924 017c 00000000 		.4byte	.LVL57
 1925 0180 09000000 		.4byte	.LVL58-1
 1926 0184 0100     		.2byte	0x1
 1927 0186 50       		.byte	0x50
 1928 0187 09000000 		.4byte	.LVL58-1
 1929 018b 48000000 		.4byte	.LFE68
 1930 018f 0100     		.2byte	0x1
 1931 0191 54       		.byte	0x54
 1932 0192 00000000 		.4byte	0
 1933 0196 00000000 		.4byte	0
 1934              	.LLST11:
 1935 019a 0C000000 		.4byte	.LVL59
 1936 019e 0E000000 		.4byte	.LVL60
 1937 01a2 0100     		.2byte	0x1
 1938 01a4 50       		.byte	0x50
 1939 01a5 0E000000 		.4byte	.LVL60
 1940 01a9 48000000 		.4byte	.LFE68
 1941 01ad 0100     		.2byte	0x1
 1942 01af 55       		.byte	0x55
 1943 01b0 00000000 		.4byte	0
 1944 01b4 00000000 		.4byte	0
 1945              	.LLST12:
 1946 01b8 12000000 		.4byte	.LVL61
 1947 01bc 16000000 		.4byte	.LVL62
 1948 01c0 0100     		.2byte	0x1
 1949 01c2 50       		.byte	0x50
 1950 01c3 00000000 		.4byte	0
 1951 01c7 00000000 		.4byte	0
 1952              	.LLST13:
 1953 01cb 16000000 		.4byte	.LVL62
 1954 01cf 18000000 		.4byte	.LVL63
 1955 01d3 0300     		.2byte	0x3
 1956 01d5 70       		.byte	0x70
 1957 01d6 7F       		.sleb128 -1
 1958 01d7 9F       		.byte	0x9f
 1959 01d8 18000000 		.4byte	.LVL63
 1960 01dc 1C000000 		.4byte	.LVL64
 1961 01e0 0300     		.2byte	0x3
 1962 01e2 70       		.byte	0x70
 1963 01e3 78       		.sleb128 -8
 1964 01e4 9F       		.byte	0x9f
 1965 01e5 00000000 		.4byte	0
 1966 01e9 00000000 		.4byte	0
 1967              	.LLST14:
 1968 01ed 20000000 		.4byte	.LVL65
 1969 01f1 46000000 		.4byte	.LVL71
 1970 01f5 0200     		.2byte	0x2
 1971 01f7 7D       		.byte	0x7d
 1972 01f8 00       		.sleb128 0
 1973 01f9 00000000 		.4byte	0
 1974 01fd 00000000 		.4byte	0
 1975              	.LLST15:
 1976 0201 00000000 		.4byte	.LVL72
 1977 0205 02000000 		.4byte	.LVL73
ARM GAS  C:\Users\laure\AppData\Local\Temp\cctASKJ3.s 			page 40


 1978 0209 0100     		.2byte	0x1
 1979 020b 50       		.byte	0x50
 1980 020c 02000000 		.4byte	.LVL73
 1981 0210 84000000 		.4byte	.LFE70
 1982 0214 0400     		.2byte	0x4
 1983 0216 F3       		.byte	0xf3
 1984 0217 01       		.uleb128 0x1
 1985 0218 50       		.byte	0x50
 1986 0219 9F       		.byte	0x9f
 1987 021a 00000000 		.4byte	0
 1988 021e 00000000 		.4byte	0
 1989              	.LLST16:
 1990 0222 00000000 		.4byte	.LVL72
 1991 0226 26000000 		.4byte	.LVL74
 1992 022a 0600     		.2byte	0x6
 1993 022c 03       		.byte	0x3
 1994 022d 00000000 		.4byte	.LC1
 1995 0231 9F       		.byte	0x9f
 1996 0232 26000000 		.4byte	.LVL74
 1997 0236 2A000000 		.4byte	.LVL75
 1998 023a 0600     		.2byte	0x6
 1999 023c 03       		.byte	0x3
 2000 023d 08000000 		.4byte	.LC3
 2001 0241 9F       		.byte	0x9f
 2002 0242 2A000000 		.4byte	.LVL75
 2003 0246 2E000000 		.4byte	.LVL76
 2004 024a 0600     		.2byte	0x6
 2005 024c 03       		.byte	0x3
 2006 024d 10000000 		.4byte	.LC4
 2007 0251 9F       		.byte	0x9f
 2008 0252 2E000000 		.4byte	.LVL76
 2009 0256 32000000 		.4byte	.LVL77
 2010 025a 0600     		.2byte	0x6
 2011 025c 03       		.byte	0x3
 2012 025d 1C000000 		.4byte	.LC5
 2013 0261 9F       		.byte	0x9f
 2014 0262 32000000 		.4byte	.LVL77
 2015 0266 36000000 		.4byte	.LVL78
 2016 026a 0600     		.2byte	0x6
 2017 026c 03       		.byte	0x3
 2018 026d 28000000 		.4byte	.LC6
 2019 0271 9F       		.byte	0x9f
 2020 0272 36000000 		.4byte	.LVL78
 2021 0276 3A000000 		.4byte	.LVL79
 2022 027a 0600     		.2byte	0x6
 2023 027c 03       		.byte	0x3
 2024 027d 38000000 		.4byte	.LC7
 2025 0281 9F       		.byte	0x9f
 2026 0282 3A000000 		.4byte	.LVL79
 2027 0286 3E000000 		.4byte	.LVL80
 2028 028a 0600     		.2byte	0x6
 2029 028c 03       		.byte	0x3
 2030 028d 54000000 		.4byte	.LC8
 2031 0291 9F       		.byte	0x9f
 2032 0292 3E000000 		.4byte	.LVL80
 2033 0296 42000000 		.4byte	.LVL81
 2034 029a 0600     		.2byte	0x6
ARM GAS  C:\Users\laure\AppData\Local\Temp\cctASKJ3.s 			page 41


 2035 029c 03       		.byte	0x3
 2036 029d 64000000 		.4byte	.LC9
 2037 02a1 9F       		.byte	0x9f
 2038 02a2 42000000 		.4byte	.LVL81
 2039 02a6 46000000 		.4byte	.LVL82
 2040 02aa 0600     		.2byte	0x6
 2041 02ac 03       		.byte	0x3
 2042 02ad 6C000000 		.4byte	.LC10
 2043 02b1 9F       		.byte	0x9f
 2044 02b2 46000000 		.4byte	.LVL82
 2045 02b6 4A000000 		.4byte	.LVL83
 2046 02ba 0600     		.2byte	0x6
 2047 02bc 03       		.byte	0x3
 2048 02bd 8C000000 		.4byte	.LC11
 2049 02c1 9F       		.byte	0x9f
 2050 02c2 4A000000 		.4byte	.LVL83
 2051 02c6 4E000000 		.4byte	.LVL84
 2052 02ca 0600     		.2byte	0x6
 2053 02cc 03       		.byte	0x3
 2054 02cd AC000000 		.4byte	.LC12
 2055 02d1 9F       		.byte	0x9f
 2056 02d2 4E000000 		.4byte	.LVL84
 2057 02d6 50000000 		.4byte	.LVL85
 2058 02da 0600     		.2byte	0x6
 2059 02dc 03       		.byte	0x3
 2060 02dd 00000000 		.4byte	.LC1
 2061 02e1 9F       		.byte	0x9f
 2062 02e2 50000000 		.4byte	.LVL85
 2063 02e6 84000000 		.4byte	.LFE70
 2064 02ea 0100     		.2byte	0x1
 2065 02ec 50       		.byte	0x50
 2066 02ed 00000000 		.4byte	0
 2067 02f1 00000000 		.4byte	0
 2068              		.section	.debug_aranges,"",%progbits
 2069 0000 54000000 		.4byte	0x54
 2070 0004 0200     		.2byte	0x2
 2071 0006 00000000 		.4byte	.Ldebug_info0
 2072 000a 04       		.byte	0x4
 2073 000b 00       		.byte	0
 2074 000c 0000     		.2byte	0
 2075 000e 0000     		.2byte	0
 2076 0010 00000000 		.4byte	.LFB63
 2077 0014 2E000000 		.4byte	.LFE63-.LFB63
 2078 0018 00000000 		.4byte	.LFB64
 2079 001c 0A000000 		.4byte	.LFE64-.LFB64
 2080 0020 00000000 		.4byte	.LFB65
 2081 0024 0C000000 		.4byte	.LFE65-.LFB65
 2082 0028 00000000 		.4byte	.LFB66
 2083 002c 10000000 		.4byte	.LFE66-.LFB66
 2084 0030 00000000 		.4byte	.LFB67
 2085 0034 10000000 		.4byte	.LFE67-.LFB67
 2086 0038 00000000 		.4byte	.LFB69
 2087 003c 24010000 		.4byte	.LFE69-.LFB69
 2088 0040 00000000 		.4byte	.LFB68
 2089 0044 48000000 		.4byte	.LFE68-.LFB68
 2090 0048 00000000 		.4byte	.LFB70
 2091 004c 84000000 		.4byte	.LFE70-.LFB70
ARM GAS  C:\Users\laure\AppData\Local\Temp\cctASKJ3.s 			page 42


 2092 0050 00000000 		.4byte	0
 2093 0054 00000000 		.4byte	0
 2094              		.section	.debug_ranges,"",%progbits
 2095              	.Ldebug_ranges0:
 2096 0000 50000000 		.4byte	.LBB4
 2097 0004 66000000 		.4byte	.LBE4
 2098 0008 68000000 		.4byte	.LBB5
 2099 000c 6C000000 		.4byte	.LBE5
 2100 0010 00000000 		.4byte	0
 2101 0014 00000000 		.4byte	0
 2102 0018 00000000 		.4byte	.LFB63
 2103 001c 2E000000 		.4byte	.LFE63
 2104 0020 00000000 		.4byte	.LFB64
 2105 0024 0A000000 		.4byte	.LFE64
 2106 0028 00000000 		.4byte	.LFB65
 2107 002c 0C000000 		.4byte	.LFE65
 2108 0030 00000000 		.4byte	.LFB66
 2109 0034 10000000 		.4byte	.LFE66
 2110 0038 00000000 		.4byte	.LFB67
 2111 003c 10000000 		.4byte	.LFE67
 2112 0040 00000000 		.4byte	.LFB69
 2113 0044 24010000 		.4byte	.LFE69
 2114 0048 00000000 		.4byte	.LFB68
 2115 004c 48000000 		.4byte	.LFE68
 2116 0050 00000000 		.4byte	.LFB70
 2117 0054 84000000 		.4byte	.LFE70
 2118 0058 00000000 		.4byte	0
 2119 005c 00000000 		.4byte	0
 2120              		.section	.debug_line,"",%progbits
 2121              	.Ldebug_line0:
 2122 0000 52030000 		.section	.debug_str,"MS",%progbits,1
 2122      02003602 
 2122      00000201 
 2122      FB0E0D00 
 2122      01010101 
 2123              	.LASF31:
 2124 0000 6D657373 		.ascii	"message\000"
 2124      61676500 
 2125              	.LASF47:
 2126 0008 61646571 		.ascii	"adequatePrint\000"
 2126      75617465 
 2126      5072696E 
 2126      7400
 2127              	.LASF52:
 2128 0016 67657450 		.ascii	"getPrerecordedMessage\000"
 2128      72657265 
 2128      636F7264 
 2128      65644D65 
 2128      73736167 
 2129              	.LASF51:
 2130 002c 433A5C55 		.ascii	"C:\\Users\\laure\\OneDrive\\Documents\\PSoC Creator"
 2130      73657273 
 2130      5C6C6175 
 2130      72655C4F 
 2130      6E654472 
 2131 005a 5C50536F 		.ascii	"\\PSoC 5LP\\FirstLab.cydsn\000"
 2131      4320354C 
ARM GAS  C:\Users\laure\AppData\Local\Temp\cctASKJ3.s 			page 43


 2131      505C4669 
 2131      7273744C 
 2131      61622E63 
 2132              	.LASF27:
 2133 0073 4C454E47 		.ascii	"LENGTH\000"
 2133      544800
 2134              	.LASF50:
 2135 007a 6D6F7273 		.ascii	"morse.c\000"
 2135      652E6300 
 2136              	.LASF44:
 2137 0082 69734E69 		.ascii	"isNight\000"
 2137      67687400 
 2138              	.LASF9:
 2139 008a 5F5F696E 		.ascii	"__int32_t\000"
 2139      7433325F 
 2139      7400
 2140              	.LASF24:
 2141 0094 64757261 		.ascii	"duration\000"
 2141      74696F6E 
 2141      00
 2142              	.LASF28:
 2143 009d 66697273 		.ascii	"firstRow\000"
 2143      74526F77 
 2143      00
 2144              	.LASF34:
 2145 00a6 70726572 		.ascii	"prerecordedMessage\000"
 2145      65636F72 
 2145      6465644D 
 2145      65737361 
 2145      676500
 2146              	.LASF8:
 2147 00b9 756E7369 		.ascii	"unsigned int\000"
 2147      676E6564 
 2147      20696E74 
 2147      00
 2148              	.LASF12:
 2149 00c6 646F7562 		.ascii	"double\000"
 2149      6C6500
 2150              	.LASF18:
 2151 00cd 656D6974 		.ascii	"emitSoundSignal\000"
 2151      536F756E 
 2151      64536967 
 2151      6E616C00 
 2152              	.LASF45:
 2153 00dd 6D736754 		.ascii	"msgToMorse\000"
 2153      6F4D6F72 
 2153      736500
 2154              	.LASF11:
 2155 00e8 666C6F61 		.ascii	"float\000"
 2155      7400
 2156              	.LASF1:
 2157 00ee 756E7369 		.ascii	"unsigned char\000"
 2157      676E6564 
 2157      20636861 
 2157      7200
 2158              	.LASF49:
 2159 00fc 474E5520 		.ascii	"GNU C11 5.4.1 20160609 (release) [ARM/embedded-5-br"
ARM GAS  C:\Users\laure\AppData\Local\Temp\cctASKJ3.s 			page 44


 2159      43313120 
 2159      352E342E 
 2159      31203230 
 2159      31363036 
 2160 012f 616E6368 		.ascii	"anch revision 237715] -mcpu=cortex-m3 -mthumb -g -O"
 2160      20726576 
 2160      6973696F 
 2160      6E203233 
 2160      37373135 
 2161 0162 67202D66 		.ascii	"g -ffunction-sections -ffat-lto-objects\000"
 2161      66756E63 
 2161      74696F6E 
 2161      2D736563 
 2161      74696F6E 
 2162              	.LASF19:
 2163 018a 656D6974 		.ascii	"emitShortSoundSignal\000"
 2163      53686F72 
 2163      74536F75 
 2163      6E645369 
 2163      676E616C 
 2164              	.LASF46:
 2165 019f 73747263 		.ascii	"strcpy\000"
 2165      707900
 2166              	.LASF25:
 2167 01a6 70617261 		.ascii	"param\000"
 2167      6D00
 2168              	.LASF3:
 2169 01ac 73686F72 		.ascii	"short unsigned int\000"
 2169      7420756E 
 2169      7369676E 
 2169      65642069 
 2169      6E7400
 2170              	.LASF39:
 2171 01bf 4C43445F 		.ascii	"LCD_Screen_PrintString\000"
 2171      53637265 
 2171      656E5F50 
 2171      72696E74 
 2171      53747269 
 2172              	.LASF53:
 2173 01d6 49544D5F 		.ascii	"ITM_RxBuffer\000"
 2173      52784275 
 2173      66666572 
 2173      00
 2174              	.LASF17:
 2175 01e3 6F766572 		.ascii	"overFlow\000"
 2175      466C6F77 
 2175      00
 2176              	.LASF30:
 2177 01ec 73656E64 		.ascii	"sendMessage\000"
 2177      4D657373 
 2177      61676500 
 2178              	.LASF26:
 2179 01f8 6E696768 		.ascii	"night\000"
 2179      7400
 2180              	.LASF35:
 2181 01fe 67657454 		.ascii	"getTC\000"
 2181      4300
ARM GAS  C:\Users\laure\AppData\Local\Temp\cctASKJ3.s 			page 45


 2182              	.LASF48:
 2183 0204 64697370 		.ascii	"displayMessageAsSemaphoreMorseCode\000"
 2183      6C61794D 
 2183      65737361 
 2183      67654173 
 2183      53656D61 
 2184              	.LASF5:
 2185 0227 6C6F6E67 		.ascii	"long unsigned int\000"
 2185      20756E73 
 2185      69676E65 
 2185      6420696E 
 2185      7400
 2186              	.LASF43:
 2187 0239 7374726C 		.ascii	"strlen\000"
 2187      656E00
 2188              	.LASF21:
 2189 0240 656D6974 		.ascii	"emitShortSignalWithBlinking\000"
 2189      53686F72 
 2189      74536967 
 2189      6E616C57 
 2189      69746842 
 2190              	.LASF7:
 2191 025c 6C6F6E67 		.ascii	"long long unsigned int\000"
 2191      206C6F6E 
 2191      6720756E 
 2191      7369676E 
 2191      65642069 
 2192              	.LASF38:
 2193 0273 4C43445F 		.ascii	"LCD_Screen_Position\000"
 2193      53637265 
 2193      656E5F50 
 2193      6F736974 
 2193      696F6E00 
 2194              	.LASF16:
 2195 0287 74696D65 		.ascii	"timeElapsed\000"
 2195      456C6170 
 2195      73656400 
 2196              	.LASF42:
 2197 0293 4C43445F 		.ascii	"LCD_Screen_WriteControl\000"
 2197      53637265 
 2197      656E5F57 
 2197      72697465 
 2197      436F6E74 
 2198              	.LASF37:
 2199 02ab 746F6767 		.ascii	"toggleAllLights\000"
 2199      6C65416C 
 2199      6C4C6967 
 2199      68747300 
 2200              	.LASF23:
 2201 02bb 656D6974 		.ascii	"emitMorseMessage\000"
 2201      4D6F7273 
 2201      654D6573 
 2201      73616765 
 2201      00
 2202              	.LASF10:
 2203 02cc 696E7433 		.ascii	"int32_t\000"
 2203      325F7400 
ARM GAS  C:\Users\laure\AppData\Local\Temp\cctASKJ3.s 			page 46


 2204              	.LASF40:
 2205 02d4 55415254 		.ascii	"UART_PutChar\000"
 2205      5F507574 
 2205      43686172 
 2205      00
 2206              	.LASF15:
 2207 02e1 73697A65 		.ascii	"sizetype\000"
 2207      74797065 
 2207      00
 2208              	.LASF6:
 2209 02ea 6C6F6E67 		.ascii	"long long int\000"
 2209      206C6F6E 
 2209      6720696E 
 2209      7400
 2210              	.LASF13:
 2211 02f8 63686172 		.ascii	"char\000"
 2211      00
 2212              	.LASF20:
 2213 02fd 656D6974 		.ascii	"emitLongSoundSignal\000"
 2213      4C6F6E67 
 2213      536F756E 
 2213      64536967 
 2213      6E616C00 
 2214              	.LASF36:
 2215 0311 73657456 		.ascii	"setVDACvalue\000"
 2215      44414376 
 2215      616C7565 
 2215      00
 2216              	.LASF22:
 2217 031e 656D6974 		.ascii	"emitLongSignalWithBlinking\000"
 2217      4C6F6E67 
 2217      5369676E 
 2217      616C5769 
 2217      7468426C 
 2218              	.LASF2:
 2219 0339 73686F72 		.ascii	"short int\000"
 2219      7420696E 
 2219      7400
 2220              	.LASF32:
 2221 0343 4D53475F 		.ascii	"MSG_LENGTH\000"
 2221      4C454E47 
 2221      544800
 2222              	.LASF4:
 2223 034e 6C6F6E67 		.ascii	"long int\000"
 2223      20696E74 
 2223      00
 2224              	.LASF14:
 2225 0357 6C6F6E67 		.ascii	"long double\000"
 2225      20646F75 
 2225      626C6500 
 2226              	.LASF0:
 2227 0363 7369676E 		.ascii	"signed char\000"
 2227      65642063 
 2227      68617200 
 2228              	.LASF33:
 2229 036f 6D6F7273 		.ascii	"morseMessage\000"
 2229      654D6573 
ARM GAS  C:\Users\laure\AppData\Local\Temp\cctASKJ3.s 			page 47


 2229      73616765 
 2229      00
 2230              	.LASF29:
 2231 037c 7365636F 		.ascii	"secondRow\000"
 2231      6E64526F 
 2231      7700
 2232              	.LASF41:
 2233 0386 43794465 		.ascii	"CyDelay\000"
 2233      6C617900 
 2234              		.ident	"GCC: (GNU Tools for ARM Embedded Processors) 5.4.1 20160609 (release) [ARM/embedded-5-bran
