ARM GAS  C:\Users\laure\AppData\Local\Temp\cc2rflRu.s 			page 1


   1              		.syntax unified
   2              		.cpu cortex-m3
   3              		.fpu softvfp
   4              		.eabi_attribute 20, 1
   5              		.eabi_attribute 21, 1
   6              		.eabi_attribute 23, 3
   7              		.eabi_attribute 24, 1
   8              		.eabi_attribute 25, 1
   9              		.eabi_attribute 26, 1
  10              		.eabi_attribute 30, 1
  11              		.eabi_attribute 34, 1
  12              		.eabi_attribute 18, 4
  13              		.thumb
  14              		.syntax unified
  15              		.file	"printer.c"
  16              		.text
  17              	.Ltext0:
  18              		.cfi_sections	.debug_frame
  19              		.section	.text.printChar,"ax",%progbits
  20              		.align	2
  21              		.global	printChar
  22              		.thumb
  23              		.thumb_func
  24              		.type	printChar, %function
  25              	printChar:
  26              	.LFB63:
  27              		.file 1 "printer.c"
   1:printer.c     **** /* ========================================
   2:printer.c     ****  *
   3:printer.c     ****  * Copyright YOUR COMPANY, THE YEAR
   4:printer.c     ****  * All Rights Reserved
   5:printer.c     ****  * UNPUBLISHED, LICENSED SOFTWARE.
   6:printer.c     ****  *
   7:printer.c     ****  * CONFIDENTIAL AND PROPRIETARY INFORMATION
   8:printer.c     ****  * WHICH IS THE PROPERTY OF your company.
   9:printer.c     ****  *
  10:printer.c     ****  * ========================================
  11:printer.c     **** */
  12:printer.c     **** 
  13:printer.c     **** #include "project.h"
  14:printer.c     **** 
  15:printer.c     **** #include "printer.h"
  16:printer.c     **** 
  17:printer.c     **** /*
  18:printer.c     ****     displays a character at the
  19:printer.c     ****     first place of the LCD screen
  20:printer.c     **** */
  21:printer.c     **** void printChar (char c) {
  28              		.loc 1 21 0
  29              		.cfi_startproc
  30              		@ args = 0, pretend = 0, frame = 0
  31              		@ frame_needed = 0, uses_anonymous_args = 0
  32              	.LVL0:
  33 0000 10B5     		push	{r4, lr}
  34              		.cfi_def_cfa_offset 8
  35              		.cfi_offset 4, -8
  36              		.cfi_offset 14, -4
ARM GAS  C:\Users\laure\AppData\Local\Temp\cc2rflRu.s 			page 2


  37 0002 0446     		mov	r4, r0
  22:printer.c     ****     LCD_Screen_ClearDisplay();
  38              		.loc 1 22 0
  39 0004 0120     		movs	r0, #1
  40              	.LVL1:
  41 0006 FFF7FEFF 		bl	LCD_Screen_WriteControl
  42              	.LVL2:
  23:printer.c     ****     LCD_Screen_Position(0,0);
  43              		.loc 1 23 0
  44 000a 0021     		movs	r1, #0
  45 000c 0846     		mov	r0, r1
  46 000e FFF7FEFF 		bl	LCD_Screen_Position
  47              	.LVL3:
  24:printer.c     ****     LCD_Screen_PutChar(c);
  48              		.loc 1 24 0
  49 0012 2046     		mov	r0, r4
  50 0014 FFF7FEFF 		bl	LCD_Screen_PutChar
  51              	.LVL4:
  25:printer.c     ****     
  26:printer.c     ****     CyDelay(50);
  52              		.loc 1 26 0
  53 0018 3220     		movs	r0, #50
  54 001a FFF7FEFF 		bl	CyDelay
  55              	.LVL5:
  56 001e 10BD     		pop	{r4, pc}
  57              		.cfi_endproc
  58              	.LFE63:
  59              		.size	printChar, .-printChar
  60              		.section	.text.staticPrint,"ax",%progbits
  61              		.align	2
  62              		.global	staticPrint
  63              		.thumb
  64              		.thumb_func
  65              		.type	staticPrint, %function
  66              	staticPrint:
  67              	.LFB65:
  27:printer.c     **** }
  28:printer.c     **** 
  29:printer.c     **** /*
  30:printer.c     ****     print the string passed in parameter according
  31:printer.c     ****     to the length of the string
  32:printer.c     **** */
  33:printer.c     **** void adequatePrint(char param[]) {
  34:printer.c     ****     
  35:printer.c     ****     const int LENGTH = strlen(param);
  36:printer.c     ****     
  37:printer.c     ****     if (LENGTH > 16)
  38:printer.c     ****         scrollingPrint(param);
  39:printer.c     ****     else
  40:printer.c     ****         staticPrint(param);
  41:printer.c     ****     
  42:printer.c     **** }
  43:printer.c     **** 
  44:printer.c     **** /*
  45:printer.c     ****     displays the string passed in parameter
  46:printer.c     **** */
  47:printer.c     **** void staticPrint(char param[]) {
ARM GAS  C:\Users\laure\AppData\Local\Temp\cc2rflRu.s 			page 3


  68              		.loc 1 47 0
  69              		.cfi_startproc
  70              		@ args = 0, pretend = 0, frame = 0
  71              		@ frame_needed = 0, uses_anonymous_args = 0
  72              	.LVL6:
  73 0000 70B5     		push	{r4, r5, r6, lr}
  74              		.cfi_def_cfa_offset 16
  75              		.cfi_offset 4, -16
  76              		.cfi_offset 5, -12
  77              		.cfi_offset 6, -8
  78              		.cfi_offset 14, -4
  79 0002 0546     		mov	r5, r0
  48:printer.c     ****     LCD_Screen_ClearDisplay();
  80              		.loc 1 48 0
  81 0004 0120     		movs	r0, #1
  82              	.LVL7:
  83 0006 FFF7FEFF 		bl	LCD_Screen_WriteControl
  84              	.LVL8:
  49:printer.c     ****     
  50:printer.c     ****     const int LENGTH = strlen(param);
  85              		.loc 1 50 0
  86 000a 2846     		mov	r0, r5
  87 000c FFF7FEFF 		bl	strlen
  88              	.LVL9:
  89 0010 0646     		mov	r6, r0
  90              	.LVL10:
  51:printer.c     ****     
  52:printer.c     ****     LCD_Screen_Position(0,0);
  91              		.loc 1 52 0
  92 0012 0021     		movs	r1, #0
  93 0014 0846     		mov	r0, r1
  94              	.LVL11:
  95 0016 FFF7FEFF 		bl	LCD_Screen_Position
  96              	.LVL12:
  97              	.LBB2:
  53:printer.c     ****     for (int i = 0; i < 8; i++) {
  98              		.loc 1 53 0
  99 001a 0024     		movs	r4, #0
 100 001c 05E0     		b	.L4
 101              	.LVL13:
 102              	.L6:
  54:printer.c     ****         if (i == LENGTH) // the whole msg has been printed
 103              		.loc 1 54 0
 104 001e B442     		cmp	r4, r6
 105 0020 05D0     		beq	.L5
  55:printer.c     ****             break;        
  56:printer.c     ****         LCD_Screen_PutChar( param[i] );
 106              		.loc 1 56 0 discriminator 2
 107 0022 285D     		ldrb	r0, [r5, r4]	@ zero_extendqisi2
 108 0024 FFF7FEFF 		bl	LCD_Screen_PutChar
 109              	.LVL14:
  53:printer.c     ****         if (i == LENGTH) // the whole msg has been printed
 110              		.loc 1 53 0 discriminator 2
 111 0028 0134     		adds	r4, r4, #1
 112              	.LVL15:
 113              	.L4:
  53:printer.c     ****         if (i == LENGTH) // the whole msg has been printed
ARM GAS  C:\Users\laure\AppData\Local\Temp\cc2rflRu.s 			page 4


 114              		.loc 1 53 0 is_stmt 0 discriminator 1
 115 002a 072C     		cmp	r4, #7
 116 002c F7DD     		ble	.L6
 117              	.L5:
 118              	.LBE2:
  57:printer.c     ****     }
  58:printer.c     ****     
  59:printer.c     ****     LCD_Screen_Position(1,0);    
 119              		.loc 1 59 0 is_stmt 1
 120 002e 0021     		movs	r1, #0
 121 0030 0120     		movs	r0, #1
 122 0032 FFF7FEFF 		bl	LCD_Screen_Position
 123              	.LVL16:
 124              	.LBB3:
  60:printer.c     ****     for (int i = 8; i < 16; i++) {
 125              		.loc 1 60 0
 126 0036 0824     		movs	r4, #8
 127              	.LVL17:
 128 0038 05E0     		b	.L7
 129              	.LVL18:
 130              	.L9:
  61:printer.c     ****         if (i >= LENGTH) // the whole msg has been printed
 131              		.loc 1 61 0
 132 003a B442     		cmp	r4, r6
 133 003c 05DA     		bge	.L8
  62:printer.c     ****             break;        
  63:printer.c     ****         LCD_Screen_PutChar( param[i] );
 134              		.loc 1 63 0 discriminator 2
 135 003e 285D     		ldrb	r0, [r5, r4]	@ zero_extendqisi2
 136 0040 FFF7FEFF 		bl	LCD_Screen_PutChar
 137              	.LVL19:
  60:printer.c     ****         if (i >= LENGTH) // the whole msg has been printed
 138              		.loc 1 60 0 discriminator 2
 139 0044 0134     		adds	r4, r4, #1
 140              	.LVL20:
 141              	.L7:
  60:printer.c     ****         if (i >= LENGTH) // the whole msg has been printed
 142              		.loc 1 60 0 is_stmt 0 discriminator 1
 143 0046 0F2C     		cmp	r4, #15
 144 0048 F7DD     		ble	.L9
 145              	.L8:
 146              	.LBE3:
  64:printer.c     ****     }
  65:printer.c     ****     
  66:printer.c     ****     CyDelay(1500);
 147              		.loc 1 66 0 is_stmt 1
 148 004a 40F2DC50 		movw	r0, #1500
 149 004e FFF7FEFF 		bl	CyDelay
 150              	.LVL21:
  67:printer.c     ****     LCD_Screen_ClearDisplay();
 151              		.loc 1 67 0
 152 0052 0120     		movs	r0, #1
 153 0054 FFF7FEFF 		bl	LCD_Screen_WriteControl
 154              	.LVL22:
 155 0058 70BD     		pop	{r4, r5, r6, pc}
 156              		.cfi_endproc
 157              	.LFE65:
ARM GAS  C:\Users\laure\AppData\Local\Temp\cc2rflRu.s 			page 5


 158              		.size	staticPrint, .-staticPrint
 159 005a 00BF     		.section	.text.scrollingPrint,"ax",%progbits
 160              		.align	2
 161              		.global	scrollingPrint
 162              		.thumb
 163              		.thumb_func
 164              		.type	scrollingPrint, %function
 165              	scrollingPrint:
 166              	.LFB66:
  68:printer.c     **** }
  69:printer.c     **** 
  70:printer.c     **** /*
  71:printer.c     ****     scrolls the string passed in parameter on the LCD screen for
  72:printer.c     ****     as long as the whole string has not been entirely showed on screen
  73:printer.c     **** */
  74:printer.c     **** void scrollingPrint( char param[] ) {
 167              		.loc 1 74 0
 168              		.cfi_startproc
 169              		@ args = 0, pretend = 0, frame = 16
 170              		@ frame_needed = 0, uses_anonymous_args = 0
 171              	.LVL23:
 172 0000 F0B5     		push	{r4, r5, r6, r7, lr}
 173              		.cfi_def_cfa_offset 20
 174              		.cfi_offset 4, -20
 175              		.cfi_offset 5, -16
 176              		.cfi_offset 6, -12
 177              		.cfi_offset 7, -8
 178              		.cfi_offset 14, -4
 179 0002 85B0     		sub	sp, sp, #20
 180              		.cfi_def_cfa_offset 40
 181 0004 0646     		mov	r6, r0
  75:printer.c     ****     LCD_Screen_ClearDisplay();
 182              		.loc 1 75 0
 183 0006 0120     		movs	r0, #1
 184              	.LVL24:
 185 0008 FFF7FEFF 		bl	LCD_Screen_WriteControl
 186              	.LVL25:
  76:printer.c     ****     
  77:printer.c     ****     const int LENGTH = strlen(param);
 187              		.loc 1 77 0
 188 000c 3046     		mov	r0, r6
 189 000e FFF7FEFF 		bl	strlen
 190              	.LVL26:
 191 0012 0546     		mov	r5, r0
 192              	.LVL27:
  78:printer.c     ****     
  79:printer.c     ****     char firstRow[8] = "        ";
 193              		.loc 1 79 0
 194 0014 314B     		ldr	r3, .L21
 195 0016 02AF     		add	r7, sp, #8
 196 0018 93E80300 		ldmia	r3, {r0, r1}
 197              	.LVL28:
 198 001c 87E80300 		stmia	r7, {r0, r1}
  80:printer.c     ****     char secondRow[8] = "        ";
 199              		.loc 1 80 0
 200 0020 8DE80300 		stmia	sp, {r0, r1}
  81:printer.c     ****     
ARM GAS  C:\Users\laure\AppData\Local\Temp\cc2rflRu.s 			page 6


  82:printer.c     ****     /* displays a blank screen for one second */
  83:printer.c     ****     LCD_Screen_Position(0,0);
 201              		.loc 1 83 0
 202 0024 0021     		movs	r1, #0
 203 0026 0846     		mov	r0, r1
 204 0028 FFF7FEFF 		bl	LCD_Screen_Position
 205              	.LVL29:
  84:printer.c     ****     LCD_Screen_PrintString(firstRow);
 206              		.loc 1 84 0
 207 002c 3846     		mov	r0, r7
 208 002e FFF7FEFF 		bl	LCD_Screen_PrintString
 209              	.LVL30:
  85:printer.c     ****     LCD_Screen_Position(1,0);
 210              		.loc 1 85 0
 211 0032 0021     		movs	r1, #0
 212 0034 0120     		movs	r0, #1
 213 0036 FFF7FEFF 		bl	LCD_Screen_Position
 214              	.LVL31:
  86:printer.c     ****     LCD_Screen_PrintString(secondRow);
 215              		.loc 1 86 0
 216 003a 6846     		mov	r0, sp
 217 003c FFF7FEFF 		bl	LCD_Screen_PrintString
 218              	.LVL32:
  87:printer.c     ****     CyDelay(250);
 219              		.loc 1 87 0
 220 0040 FA20     		movs	r0, #250
 221 0042 FFF7FEFF 		bl	CyDelay
 222              	.LVL33:
 223              	.LBB4:
  88:printer.c     ****     
  89:printer.c     ****     for (int j = 0; j < LENGTH + 1; j++)
 224              		.loc 1 89 0
 225 0046 0024     		movs	r4, #0
 226 0048 3BE0     		b	.L12
 227              	.LVL34:
 228              	.L13:
 229              	.LBB5:
  90:printer.c     ****     {
  91:printer.c     ****         /* updates the variables to print */
  92:printer.c     ****         for (int i = 0; i < 7; i++) {
  93:printer.c     ****             firstRow[i] = firstRow[i+1];
 230              		.loc 1 93 0 discriminator 3
 231 004a 5A1C     		adds	r2, r3, #1
 232 004c 04A9     		add	r1, sp, #16
 233 004e 1144     		add	r1, r1, r2
 234 0050 11F8081C 		ldrb	r1, [r1, #-8]	@ zero_extendqisi2
 235 0054 04A8     		add	r0, sp, #16
 236 0056 0344     		add	r3, r3, r0
 237              	.LVL35:
 238 0058 03F8081C 		strb	r1, [r3, #-8]
 239              	.LVL36:
  92:printer.c     ****             firstRow[i] = firstRow[i+1];
 240              		.loc 1 92 0 discriminator 3
 241 005c 1346     		mov	r3, r2
 242 005e 00E0     		b	.L18
 243              	.LVL37:
 244              	.L19:
ARM GAS  C:\Users\laure\AppData\Local\Temp\cc2rflRu.s 			page 7


 245              	.LBE5:
 246 0060 0023     		movs	r3, #0
 247              	.L18:
 248              	.LVL38:
 249              	.LBB6:
  92:printer.c     ****             firstRow[i] = firstRow[i+1];
 250              		.loc 1 92 0 is_stmt 0 discriminator 1
 251 0062 062B     		cmp	r3, #6
 252 0064 F1DD     		ble	.L13
 253              	.LBE6:
  94:printer.c     ****         }
  95:printer.c     ****         firstRow[7] = secondRow[0];
 254              		.loc 1 95 0 is_stmt 1
 255 0066 9DF80030 		ldrb	r3, [sp]	@ zero_extendqisi2
 256              	.LVL39:
 257 006a 8DF80F30 		strb	r3, [sp, #15]
 258              	.LVL40:
 259              	.LBB7:
  96:printer.c     ****         for (int i = 0; i < 7; i++) {
 260              		.loc 1 96 0
 261 006e 0023     		movs	r3, #0
 262 0070 09E0     		b	.L14
 263              	.LVL41:
 264              	.L15:
  97:printer.c     ****             secondRow[i] = secondRow[i+1];    
 265              		.loc 1 97 0 discriminator 3
 266 0072 5A1C     		adds	r2, r3, #1
 267 0074 04A9     		add	r1, sp, #16
 268 0076 1144     		add	r1, r1, r2
 269 0078 11F8101C 		ldrb	r1, [r1, #-16]	@ zero_extendqisi2
 270 007c 04A8     		add	r0, sp, #16
 271 007e 0344     		add	r3, r3, r0
 272              	.LVL42:
 273 0080 03F8101C 		strb	r1, [r3, #-16]
 274              	.LVL43:
  96:printer.c     ****         for (int i = 0; i < 7; i++) {
 275              		.loc 1 96 0 discriminator 3
 276 0084 1346     		mov	r3, r2
 277              	.LVL44:
 278              	.L14:
  96:printer.c     ****         for (int i = 0; i < 7; i++) {
 279              		.loc 1 96 0 is_stmt 0 discriminator 1
 280 0086 062B     		cmp	r3, #6
 281 0088 F3DD     		ble	.L15
 282              	.LBE7:
  98:printer.c     ****         }
  99:printer.c     ****         
 100:printer.c     ****         if (j < LENGTH) // puts the next character to display
 283              		.loc 1 100 0 is_stmt 1
 284 008a AC42     		cmp	r4, r5
 285 008c 03DA     		bge	.L16
 101:printer.c     ****             secondRow[7] = param[j]; // at the end of the screen
 286              		.loc 1 101 0
 287 008e 335D     		ldrb	r3, [r6, r4]	@ zero_extendqisi2
 288              	.LVL45:
 289 0090 8DF80730 		strb	r3, [sp, #7]
 290 0094 02E0     		b	.L17
ARM GAS  C:\Users\laure\AppData\Local\Temp\cc2rflRu.s 			page 8


 291              	.LVL46:
 292              	.L16:
 102:printer.c     ****         else
 103:printer.c     ****             secondRow[7] = ' ';
 293              		.loc 1 103 0
 294 0096 2023     		movs	r3, #32
 295              	.LVL47:
 296 0098 8DF80730 		strb	r3, [sp, #7]
 297              	.L17:
 104:printer.c     ****         
 105:printer.c     ****         /* displays the value of the variables */
 106:printer.c     ****         LCD_Screen_Position(0,0);
 298              		.loc 1 106 0 discriminator 2
 299 009c 0021     		movs	r1, #0
 300 009e 0846     		mov	r0, r1
 301 00a0 FFF7FEFF 		bl	LCD_Screen_Position
 302              	.LVL48:
 107:printer.c     ****         LCD_Screen_PrintString(firstRow);
 303              		.loc 1 107 0 discriminator 2
 304 00a4 02A8     		add	r0, sp, #8
 305 00a6 FFF7FEFF 		bl	LCD_Screen_PrintString
 306              	.LVL49:
 108:printer.c     ****         LCD_Screen_Position(1,0);
 307              		.loc 1 108 0 discriminator 2
 308 00aa 0021     		movs	r1, #0
 309 00ac 0120     		movs	r0, #1
 310 00ae FFF7FEFF 		bl	LCD_Screen_Position
 311              	.LVL50:
 109:printer.c     ****         LCD_Screen_PrintString(secondRow);
 312              		.loc 1 109 0 discriminator 2
 313 00b2 6846     		mov	r0, sp
 314 00b4 FFF7FEFF 		bl	LCD_Screen_PrintString
 315              	.LVL51:
 110:printer.c     ****         
 111:printer.c     ****         CyDelay(500);
 316              		.loc 1 111 0 discriminator 2
 317 00b8 4FF4FA70 		mov	r0, #500
 318 00bc FFF7FEFF 		bl	CyDelay
 319              	.LVL52:
  89:printer.c     ****     {
 320              		.loc 1 89 0 discriminator 2
 321 00c0 0134     		adds	r4, r4, #1
 322              	.LVL53:
 323              	.L12:
  89:printer.c     ****     {
 324              		.loc 1 89 0 is_stmt 0 discriminator 1
 325 00c2 6B1C     		adds	r3, r5, #1
 326 00c4 9C42     		cmp	r4, r3
 327 00c6 CBDB     		blt	.L19
 328              	.LBE4:
 112:printer.c     ****         
 113:printer.c     ****     }
 114:printer.c     ****     
 115:printer.c     ****     CyDelay(1500);
 329              		.loc 1 115 0 is_stmt 1
 330 00c8 40F2DC50 		movw	r0, #1500
 331 00cc FFF7FEFF 		bl	CyDelay
ARM GAS  C:\Users\laure\AppData\Local\Temp\cc2rflRu.s 			page 9


 332              	.LVL54:
 116:printer.c     ****     LCD_Screen_ClearDisplay();
 333              		.loc 1 116 0
 334 00d0 0120     		movs	r0, #1
 335 00d2 FFF7FEFF 		bl	LCD_Screen_WriteControl
 336              	.LVL55:
 117:printer.c     **** }
 337              		.loc 1 117 0
 338 00d6 05B0     		add	sp, sp, #20
 339              		.cfi_def_cfa_offset 20
 340              		@ sp needed
 341 00d8 F0BD     		pop	{r4, r5, r6, r7, pc}
 342              	.LVL56:
 343              	.L22:
 344 00da 00BF     		.align	2
 345              	.L21:
 346 00dc 00000000 		.word	.LANCHOR0
 347              		.cfi_endproc
 348              	.LFE66:
 349              		.size	scrollingPrint, .-scrollingPrint
 350              		.section	.text.adequatePrint,"ax",%progbits
 351              		.align	2
 352              		.global	adequatePrint
 353              		.thumb
 354              		.thumb_func
 355              		.type	adequatePrint, %function
 356              	adequatePrint:
 357              	.LFB64:
  33:printer.c     ****     
 358              		.loc 1 33 0
 359              		.cfi_startproc
 360              		@ args = 0, pretend = 0, frame = 0
 361              		@ frame_needed = 0, uses_anonymous_args = 0
 362              	.LVL57:
 363 0000 10B5     		push	{r4, lr}
 364              		.cfi_def_cfa_offset 8
 365              		.cfi_offset 4, -8
 366              		.cfi_offset 14, -4
 367 0002 0446     		mov	r4, r0
  35:printer.c     ****     
 368              		.loc 1 35 0
 369 0004 FFF7FEFF 		bl	strlen
 370              	.LVL58:
  37:printer.c     ****         scrollingPrint(param);
 371              		.loc 1 37 0
 372 0008 1028     		cmp	r0, #16
 373 000a 03DD     		ble	.L24
  38:printer.c     ****     else
 374              		.loc 1 38 0
 375 000c 2046     		mov	r0, r4
 376              	.LVL59:
 377 000e FFF7FEFF 		bl	scrollingPrint
 378              	.LVL60:
 379 0012 10BD     		pop	{r4, pc}
 380              	.LVL61:
 381              	.L24:
  40:printer.c     ****     
ARM GAS  C:\Users\laure\AppData\Local\Temp\cc2rflRu.s 			page 10


 382              		.loc 1 40 0
 383 0014 2046     		mov	r0, r4
 384              	.LVL62:
 385 0016 FFF7FEFF 		bl	staticPrint
 386              	.LVL63:
 387 001a 10BD     		pop	{r4, pc}
 388              		.cfi_endproc
 389              	.LFE64:
 390              		.size	adequatePrint, .-adequatePrint
 391              		.section	.rodata
 392              		.align	2
 393              		.set	.LANCHOR0,. + 0
 394              	.LC0:
 395 0000 20202020 		.ascii	"        \000"
 395      20202020 
 395      00
 396              		.text
 397              	.Letext0:
 398              		.file 2 "c:\\program files (x86)\\cypress\\psoc creator\\4.3\\psoc creator\\import\\gnu\\arm\\5.4.
 399              		.file 3 "c:\\program files (x86)\\cypress\\psoc creator\\4.3\\psoc creator\\import\\gnu\\arm\\5.4.
 400              		.file 4 "Generated_Source\\PSoC5/LCD_Screen.h"
 401              		.file 5 "Generated_Source\\PSoC5/CyLib.h"
 402              		.file 6 "c:\\program files (x86)\\cypress\\psoc creator\\4.3\\psoc creator\\import\\gnu\\arm\\5.4.
 403              		.file 7 "Generated_Source\\PSoC5/core_cm3.h"
 404              		.section	.debug_info,"",%progbits
 405              	.Ldebug_info0:
 406 0000 A1040000 		.4byte	0x4a1
 407 0004 0400     		.2byte	0x4
 408 0006 00000000 		.4byte	.Ldebug_abbrev0
 409 000a 04       		.byte	0x4
 410 000b 01       		.uleb128 0x1
 411 000c B9000000 		.4byte	.LASF30
 412 0010 0C       		.byte	0xc
 413 0011 45020000 		.4byte	.LASF31
 414 0015 0E000000 		.4byte	.LASF32
 415 0019 18000000 		.4byte	.Ldebug_ranges0+0x18
 416 001d 00000000 		.4byte	0
 417 0021 00000000 		.4byte	.Ldebug_line0
 418 0025 02       		.uleb128 0x2
 419 0026 01       		.byte	0x1
 420 0027 06       		.byte	0x6
 421 0028 9F000000 		.4byte	.LASF0
 422 002c 02       		.uleb128 0x2
 423 002d 01       		.byte	0x1
 424 002e 08       		.byte	0x8
 425 002f AB000000 		.4byte	.LASF1
 426 0033 02       		.uleb128 0x2
 427 0034 02       		.byte	0x2
 428 0035 05       		.byte	0x5
 429 0036 13020000 		.4byte	.LASF2
 430 003a 02       		.uleb128 0x2
 431 003b 02       		.byte	0x2
 432 003c 07       		.byte	0x7
 433 003d 4D010000 		.4byte	.LASF3
 434 0041 03       		.uleb128 0x3
 435 0042 5C000000 		.4byte	.LASF9
 436 0046 02       		.byte	0x2
ARM GAS  C:\Users\laure\AppData\Local\Temp\cc2rflRu.s 			page 11


 437 0047 3F       		.byte	0x3f
 438 0048 4C000000 		.4byte	0x4c
 439 004c 02       		.uleb128 0x2
 440 004d 04       		.byte	0x4
 441 004e 05       		.byte	0x5
 442 004f 1D020000 		.4byte	.LASF4
 443 0053 02       		.uleb128 0x2
 444 0054 04       		.byte	0x4
 445 0055 07       		.byte	0x7
 446 0056 93010000 		.4byte	.LASF5
 447 005a 02       		.uleb128 0x2
 448 005b 08       		.byte	0x8
 449 005c 05       		.byte	0x5
 450 005d 00020000 		.4byte	.LASF6
 451 0061 02       		.uleb128 0x2
 452 0062 08       		.byte	0x8
 453 0063 07       		.byte	0x7
 454 0064 AC010000 		.4byte	.LASF7
 455 0068 04       		.uleb128 0x4
 456 0069 04       		.byte	0x4
 457 006a 05       		.byte	0x5
 458 006b 696E7400 		.ascii	"int\000"
 459 006f 02       		.uleb128 0x2
 460 0070 04       		.byte	0x4
 461 0071 07       		.byte	0x7
 462 0072 6F000000 		.4byte	.LASF8
 463 0076 03       		.uleb128 0x3
 464 0077 EF010000 		.4byte	.LASF10
 465 007b 03       		.byte	0x3
 466 007c 2C       		.byte	0x2c
 467 007d 41000000 		.4byte	0x41
 468 0081 02       		.uleb128 0x2
 469 0082 04       		.byte	0x4
 470 0083 04       		.byte	0x4
 471 0084 8F000000 		.4byte	.LASF11
 472 0088 02       		.uleb128 0x2
 473 0089 08       		.byte	0x8
 474 008a 04       		.byte	0x4
 475 008b 7C000000 		.4byte	.LASF12
 476 008f 02       		.uleb128 0x2
 477 0090 01       		.byte	0x1
 478 0091 08       		.byte	0x8
 479 0092 0E020000 		.4byte	.LASF13
 480 0096 02       		.uleb128 0x2
 481 0097 08       		.byte	0x8
 482 0098 04       		.byte	0x4
 483 0099 26020000 		.4byte	.LASF14
 484 009d 02       		.uleb128 0x2
 485 009e 04       		.byte	0x4
 486 009f 07       		.byte	0x7
 487 00a0 F7010000 		.4byte	.LASF15
 488 00a4 05       		.uleb128 0x5
 489 00a5 04       		.byte	0x4
 490 00a6 8F000000 		.4byte	0x8f
 491 00aa 06       		.uleb128 0x6
 492 00ab 8F000000 		.4byte	0x8f
 493 00af BA000000 		.4byte	0xba
ARM GAS  C:\Users\laure\AppData\Local\Temp\cc2rflRu.s 			page 12


 494 00b3 07       		.uleb128 0x7
 495 00b4 9D000000 		.4byte	0x9d
 496 00b8 07       		.byte	0x7
 497 00b9 00       		.byte	0
 498 00ba 08       		.uleb128 0x8
 499 00bb 95000000 		.4byte	.LASF16
 500 00bf 01       		.byte	0x1
 501 00c0 15       		.byte	0x15
 502 00c1 00000000 		.4byte	.LFB63
 503 00c5 20000000 		.4byte	.LFE63-.LFB63
 504 00c9 01       		.uleb128 0x1
 505 00ca 9C       		.byte	0x9c
 506 00cb 2C010000 		.4byte	0x12c
 507 00cf 09       		.uleb128 0x9
 508 00d0 6300     		.ascii	"c\000"
 509 00d2 01       		.byte	0x1
 510 00d3 15       		.byte	0x15
 511 00d4 8F000000 		.4byte	0x8f
 512 00d8 00000000 		.4byte	.LLST0
 513 00dc 0A       		.uleb128 0xa
 514 00dd 0A000000 		.4byte	.LVL2
 515 00e1 62040000 		.4byte	0x462
 516 00e5 EF000000 		.4byte	0xef
 517 00e9 0B       		.uleb128 0xb
 518 00ea 01       		.uleb128 0x1
 519 00eb 50       		.byte	0x50
 520 00ec 01       		.uleb128 0x1
 521 00ed 31       		.byte	0x31
 522 00ee 00       		.byte	0
 523 00ef 0A       		.uleb128 0xa
 524 00f0 12000000 		.4byte	.LVL3
 525 00f4 6D040000 		.4byte	0x46d
 526 00f8 07010000 		.4byte	0x107
 527 00fc 0B       		.uleb128 0xb
 528 00fd 01       		.uleb128 0x1
 529 00fe 50       		.byte	0x50
 530 00ff 01       		.uleb128 0x1
 531 0100 30       		.byte	0x30
 532 0101 0B       		.uleb128 0xb
 533 0102 01       		.uleb128 0x1
 534 0103 51       		.byte	0x51
 535 0104 01       		.uleb128 0x1
 536 0105 30       		.byte	0x30
 537 0106 00       		.byte	0
 538 0107 0A       		.uleb128 0xa
 539 0108 18000000 		.4byte	.LVL4
 540 010c 78040000 		.4byte	0x478
 541 0110 1B010000 		.4byte	0x11b
 542 0114 0B       		.uleb128 0xb
 543 0115 01       		.uleb128 0x1
 544 0116 50       		.byte	0x50
 545 0117 02       		.uleb128 0x2
 546 0118 74       		.byte	0x74
 547 0119 00       		.sleb128 0
 548 011a 00       		.byte	0
 549 011b 0C       		.uleb128 0xc
 550 011c 1E000000 		.4byte	.LVL5
ARM GAS  C:\Users\laure\AppData\Local\Temp\cc2rflRu.s 			page 13


 551 0120 83040000 		.4byte	0x483
 552 0124 0B       		.uleb128 0xb
 553 0125 01       		.uleb128 0x1
 554 0126 50       		.byte	0x50
 555 0127 02       		.uleb128 0x2
 556 0128 08       		.byte	0x8
 557 0129 32       		.byte	0x32
 558 012a 00       		.byte	0
 559 012b 00       		.byte	0
 560 012c 08       		.uleb128 0x8
 561 012d 83000000 		.4byte	.LASF17
 562 0131 01       		.byte	0x1
 563 0132 2F       		.byte	0x2f
 564 0133 00000000 		.4byte	.LFB65
 565 0137 5A000000 		.4byte	.LFE65-.LFB65
 566 013b 01       		.uleb128 0x1
 567 013c 9C       		.byte	0x9c
 568 013d 23020000 		.4byte	0x223
 569 0141 0D       		.uleb128 0xd
 570 0142 47010000 		.4byte	.LASF18
 571 0146 01       		.byte	0x1
 572 0147 2F       		.byte	0x2f
 573 0148 A4000000 		.4byte	0xa4
 574 014c 21000000 		.4byte	.LLST1
 575 0150 0E       		.uleb128 0xe
 576 0151 55000000 		.4byte	.LASF19
 577 0155 01       		.byte	0x1
 578 0156 32       		.byte	0x32
 579 0157 23020000 		.4byte	0x223
 580 015b 3F000000 		.4byte	.LLST2
 581 015f 0F       		.uleb128 0xf
 582 0160 1A000000 		.4byte	.LBB2
 583 0164 14000000 		.4byte	.LBE2-.LBB2
 584 0168 83010000 		.4byte	0x183
 585 016c 10       		.uleb128 0x10
 586 016d 6900     		.ascii	"i\000"
 587 016f 01       		.byte	0x1
 588 0170 35       		.byte	0x35
 589 0171 68000000 		.4byte	0x68
 590 0175 5D000000 		.4byte	.LLST3
 591 0179 11       		.uleb128 0x11
 592 017a 28000000 		.4byte	.LVL14
 593 017e 78040000 		.4byte	0x478
 594 0182 00       		.byte	0
 595 0183 0F       		.uleb128 0xf
 596 0184 36000000 		.4byte	.LBB3
 597 0188 14000000 		.4byte	.LBE3-.LBB3
 598 018c A7010000 		.4byte	0x1a7
 599 0190 10       		.uleb128 0x10
 600 0191 6900     		.ascii	"i\000"
 601 0193 01       		.byte	0x1
 602 0194 3C       		.byte	0x3c
 603 0195 68000000 		.4byte	0x68
 604 0199 7C000000 		.4byte	.LLST4
 605 019d 11       		.uleb128 0x11
 606 019e 44000000 		.4byte	.LVL19
 607 01a2 78040000 		.4byte	0x478
ARM GAS  C:\Users\laure\AppData\Local\Temp\cc2rflRu.s 			page 14


 608 01a6 00       		.byte	0
 609 01a7 0A       		.uleb128 0xa
 610 01a8 0A000000 		.4byte	.LVL8
 611 01ac 62040000 		.4byte	0x462
 612 01b0 BA010000 		.4byte	0x1ba
 613 01b4 0B       		.uleb128 0xb
 614 01b5 01       		.uleb128 0x1
 615 01b6 50       		.byte	0x50
 616 01b7 01       		.uleb128 0x1
 617 01b8 31       		.byte	0x31
 618 01b9 00       		.byte	0
 619 01ba 0A       		.uleb128 0xa
 620 01bb 10000000 		.4byte	.LVL9
 621 01bf 8E040000 		.4byte	0x48e
 622 01c3 CE010000 		.4byte	0x1ce
 623 01c7 0B       		.uleb128 0xb
 624 01c8 01       		.uleb128 0x1
 625 01c9 50       		.byte	0x50
 626 01ca 02       		.uleb128 0x2
 627 01cb 75       		.byte	0x75
 628 01cc 00       		.sleb128 0
 629 01cd 00       		.byte	0
 630 01ce 0A       		.uleb128 0xa
 631 01cf 1A000000 		.4byte	.LVL12
 632 01d3 6D040000 		.4byte	0x46d
 633 01d7 E6010000 		.4byte	0x1e6
 634 01db 0B       		.uleb128 0xb
 635 01dc 01       		.uleb128 0x1
 636 01dd 50       		.byte	0x50
 637 01de 01       		.uleb128 0x1
 638 01df 30       		.byte	0x30
 639 01e0 0B       		.uleb128 0xb
 640 01e1 01       		.uleb128 0x1
 641 01e2 51       		.byte	0x51
 642 01e3 01       		.uleb128 0x1
 643 01e4 30       		.byte	0x30
 644 01e5 00       		.byte	0
 645 01e6 0A       		.uleb128 0xa
 646 01e7 36000000 		.4byte	.LVL16
 647 01eb 6D040000 		.4byte	0x46d
 648 01ef FE010000 		.4byte	0x1fe
 649 01f3 0B       		.uleb128 0xb
 650 01f4 01       		.uleb128 0x1
 651 01f5 50       		.byte	0x50
 652 01f6 01       		.uleb128 0x1
 653 01f7 31       		.byte	0x31
 654 01f8 0B       		.uleb128 0xb
 655 01f9 01       		.uleb128 0x1
 656 01fa 51       		.byte	0x51
 657 01fb 01       		.uleb128 0x1
 658 01fc 30       		.byte	0x30
 659 01fd 00       		.byte	0
 660 01fe 0A       		.uleb128 0xa
 661 01ff 52000000 		.4byte	.LVL21
 662 0203 83040000 		.4byte	0x483
 663 0207 13020000 		.4byte	0x213
 664 020b 0B       		.uleb128 0xb
ARM GAS  C:\Users\laure\AppData\Local\Temp\cc2rflRu.s 			page 15


 665 020c 01       		.uleb128 0x1
 666 020d 50       		.byte	0x50
 667 020e 03       		.uleb128 0x3
 668 020f 0A       		.byte	0xa
 669 0210 DC05     		.2byte	0x5dc
 670 0212 00       		.byte	0
 671 0213 0C       		.uleb128 0xc
 672 0214 58000000 		.4byte	.LVL22
 673 0218 62040000 		.4byte	0x462
 674 021c 0B       		.uleb128 0xb
 675 021d 01       		.uleb128 0x1
 676 021e 50       		.byte	0x50
 677 021f 01       		.uleb128 0x1
 678 0220 31       		.byte	0x31
 679 0221 00       		.byte	0
 680 0222 00       		.byte	0
 681 0223 12       		.uleb128 0x12
 682 0224 68000000 		.4byte	0x68
 683 0228 08       		.uleb128 0x8
 684 0229 84010000 		.4byte	.LASF20
 685 022d 01       		.byte	0x1
 686 022e 4A       		.byte	0x4a
 687 022f 00000000 		.4byte	.LFB66
 688 0233 E0000000 		.4byte	.LFE66-.LFB66
 689 0237 01       		.uleb128 0x1
 690 0238 9C       		.byte	0x9c
 691 0239 E5030000 		.4byte	0x3e5
 692 023d 0D       		.uleb128 0xd
 693 023e 47010000 		.4byte	.LASF18
 694 0242 01       		.byte	0x1
 695 0243 4A       		.byte	0x4a
 696 0244 A4000000 		.4byte	0xa4
 697 0248 9B000000 		.4byte	.LLST5
 698 024c 0E       		.uleb128 0xe
 699 024d 55000000 		.4byte	.LASF19
 700 0251 01       		.byte	0x1
 701 0252 4D       		.byte	0x4d
 702 0253 23020000 		.4byte	0x223
 703 0257 C7000000 		.4byte	.LLST6
 704 025b 13       		.uleb128 0x13
 705 025c 66000000 		.4byte	.LASF21
 706 0260 01       		.byte	0x1
 707 0261 4F       		.byte	0x4f
 708 0262 AA000000 		.4byte	0xaa
 709 0266 02       		.uleb128 0x2
 710 0267 91       		.byte	0x91
 711 0268 60       		.sleb128 -32
 712 0269 13       		.uleb128 0x13
 713 026a 4F020000 		.4byte	.LASF22
 714 026e 01       		.byte	0x1
 715 026f 50       		.byte	0x50
 716 0270 AA000000 		.4byte	0xaa
 717 0274 02       		.uleb128 0x2
 718 0275 91       		.byte	0x91
 719 0276 58       		.sleb128 -40
 720 0277 0F       		.uleb128 0xf
 721 0278 46000000 		.4byte	.LBB4
ARM GAS  C:\Users\laure\AppData\Local\Temp\cc2rflRu.s 			page 16


 722 027c 82000000 		.4byte	.LBE4-.LBB4
 723 0280 2D030000 		.4byte	0x32d
 724 0284 10       		.uleb128 0x10
 725 0285 6A00     		.ascii	"j\000"
 726 0287 01       		.byte	0x1
 727 0288 59       		.byte	0x59
 728 0289 68000000 		.4byte	0x68
 729 028d E5000000 		.4byte	.LLST7
 730 0291 14       		.uleb128 0x14
 731 0292 00000000 		.4byte	.Ldebug_ranges0+0
 732 0296 A8020000 		.4byte	0x2a8
 733 029a 10       		.uleb128 0x10
 734 029b 6900     		.ascii	"i\000"
 735 029d 01       		.byte	0x1
 736 029e 5C       		.byte	0x5c
 737 029f 68000000 		.4byte	0x68
 738 02a3 04010000 		.4byte	.LLST8
 739 02a7 00       		.byte	0
 740 02a8 0F       		.uleb128 0xf
 741 02a9 6E000000 		.4byte	.LBB7
 742 02ad 1C000000 		.4byte	.LBE7-.LBB7
 743 02b1 C3020000 		.4byte	0x2c3
 744 02b5 10       		.uleb128 0x10
 745 02b6 6900     		.ascii	"i\000"
 746 02b8 01       		.byte	0x1
 747 02b9 60       		.byte	0x60
 748 02ba 68000000 		.4byte	0x68
 749 02be 3A010000 		.4byte	.LLST9
 750 02c2 00       		.byte	0
 751 02c3 0A       		.uleb128 0xa
 752 02c4 A4000000 		.4byte	.LVL48
 753 02c8 6D040000 		.4byte	0x46d
 754 02cc DB020000 		.4byte	0x2db
 755 02d0 0B       		.uleb128 0xb
 756 02d1 01       		.uleb128 0x1
 757 02d2 50       		.byte	0x50
 758 02d3 01       		.uleb128 0x1
 759 02d4 30       		.byte	0x30
 760 02d5 0B       		.uleb128 0xb
 761 02d6 01       		.uleb128 0x1
 762 02d7 51       		.byte	0x51
 763 02d8 01       		.uleb128 0x1
 764 02d9 30       		.byte	0x30
 765 02da 00       		.byte	0
 766 02db 0A       		.uleb128 0xa
 767 02dc AA000000 		.4byte	.LVL49
 768 02e0 99040000 		.4byte	0x499
 769 02e4 EF020000 		.4byte	0x2ef
 770 02e8 0B       		.uleb128 0xb
 771 02e9 01       		.uleb128 0x1
 772 02ea 50       		.byte	0x50
 773 02eb 02       		.uleb128 0x2
 774 02ec 77       		.byte	0x77
 775 02ed 00       		.sleb128 0
 776 02ee 00       		.byte	0
 777 02ef 0A       		.uleb128 0xa
 778 02f0 B2000000 		.4byte	.LVL50
ARM GAS  C:\Users\laure\AppData\Local\Temp\cc2rflRu.s 			page 17


 779 02f4 6D040000 		.4byte	0x46d
 780 02f8 07030000 		.4byte	0x307
 781 02fc 0B       		.uleb128 0xb
 782 02fd 01       		.uleb128 0x1
 783 02fe 50       		.byte	0x50
 784 02ff 01       		.uleb128 0x1
 785 0300 31       		.byte	0x31
 786 0301 0B       		.uleb128 0xb
 787 0302 01       		.uleb128 0x1
 788 0303 51       		.byte	0x51
 789 0304 01       		.uleb128 0x1
 790 0305 30       		.byte	0x30
 791 0306 00       		.byte	0
 792 0307 0A       		.uleb128 0xa
 793 0308 B8000000 		.4byte	.LVL51
 794 030c 99040000 		.4byte	0x499
 795 0310 1B030000 		.4byte	0x31b
 796 0314 0B       		.uleb128 0xb
 797 0315 01       		.uleb128 0x1
 798 0316 50       		.byte	0x50
 799 0317 02       		.uleb128 0x2
 800 0318 7D       		.byte	0x7d
 801 0319 00       		.sleb128 0
 802 031a 00       		.byte	0
 803 031b 0C       		.uleb128 0xc
 804 031c C0000000 		.4byte	.LVL52
 805 0320 83040000 		.4byte	0x483
 806 0324 0B       		.uleb128 0xb
 807 0325 01       		.uleb128 0x1
 808 0326 50       		.byte	0x50
 809 0327 03       		.uleb128 0x3
 810 0328 0A       		.byte	0xa
 811 0329 F401     		.2byte	0x1f4
 812 032b 00       		.byte	0
 813 032c 00       		.byte	0
 814 032d 0A       		.uleb128 0xa
 815 032e 0C000000 		.4byte	.LVL25
 816 0332 62040000 		.4byte	0x462
 817 0336 40030000 		.4byte	0x340
 818 033a 0B       		.uleb128 0xb
 819 033b 01       		.uleb128 0x1
 820 033c 50       		.byte	0x50
 821 033d 01       		.uleb128 0x1
 822 033e 31       		.byte	0x31
 823 033f 00       		.byte	0
 824 0340 0A       		.uleb128 0xa
 825 0341 12000000 		.4byte	.LVL26
 826 0345 8E040000 		.4byte	0x48e
 827 0349 54030000 		.4byte	0x354
 828 034d 0B       		.uleb128 0xb
 829 034e 01       		.uleb128 0x1
 830 034f 50       		.byte	0x50
 831 0350 02       		.uleb128 0x2
 832 0351 76       		.byte	0x76
 833 0352 00       		.sleb128 0
 834 0353 00       		.byte	0
 835 0354 0A       		.uleb128 0xa
ARM GAS  C:\Users\laure\AppData\Local\Temp\cc2rflRu.s 			page 18


 836 0355 2C000000 		.4byte	.LVL29
 837 0359 6D040000 		.4byte	0x46d
 838 035d 6C030000 		.4byte	0x36c
 839 0361 0B       		.uleb128 0xb
 840 0362 01       		.uleb128 0x1
 841 0363 50       		.byte	0x50
 842 0364 01       		.uleb128 0x1
 843 0365 30       		.byte	0x30
 844 0366 0B       		.uleb128 0xb
 845 0367 01       		.uleb128 0x1
 846 0368 51       		.byte	0x51
 847 0369 01       		.uleb128 0x1
 848 036a 30       		.byte	0x30
 849 036b 00       		.byte	0
 850 036c 0A       		.uleb128 0xa
 851 036d 32000000 		.4byte	.LVL30
 852 0371 99040000 		.4byte	0x499
 853 0375 80030000 		.4byte	0x380
 854 0379 0B       		.uleb128 0xb
 855 037a 01       		.uleb128 0x1
 856 037b 50       		.byte	0x50
 857 037c 02       		.uleb128 0x2
 858 037d 77       		.byte	0x77
 859 037e 00       		.sleb128 0
 860 037f 00       		.byte	0
 861 0380 0A       		.uleb128 0xa
 862 0381 3A000000 		.4byte	.LVL31
 863 0385 6D040000 		.4byte	0x46d
 864 0389 98030000 		.4byte	0x398
 865 038d 0B       		.uleb128 0xb
 866 038e 01       		.uleb128 0x1
 867 038f 50       		.byte	0x50
 868 0390 01       		.uleb128 0x1
 869 0391 31       		.byte	0x31
 870 0392 0B       		.uleb128 0xb
 871 0393 01       		.uleb128 0x1
 872 0394 51       		.byte	0x51
 873 0395 01       		.uleb128 0x1
 874 0396 30       		.byte	0x30
 875 0397 00       		.byte	0
 876 0398 0A       		.uleb128 0xa
 877 0399 40000000 		.4byte	.LVL32
 878 039d 99040000 		.4byte	0x499
 879 03a1 AC030000 		.4byte	0x3ac
 880 03a5 0B       		.uleb128 0xb
 881 03a6 01       		.uleb128 0x1
 882 03a7 50       		.byte	0x50
 883 03a8 02       		.uleb128 0x2
 884 03a9 7D       		.byte	0x7d
 885 03aa 00       		.sleb128 0
 886 03ab 00       		.byte	0
 887 03ac 0A       		.uleb128 0xa
 888 03ad 46000000 		.4byte	.LVL33
 889 03b1 83040000 		.4byte	0x483
 890 03b5 C0030000 		.4byte	0x3c0
 891 03b9 0B       		.uleb128 0xb
 892 03ba 01       		.uleb128 0x1
ARM GAS  C:\Users\laure\AppData\Local\Temp\cc2rflRu.s 			page 19


 893 03bb 50       		.byte	0x50
 894 03bc 02       		.uleb128 0x2
 895 03bd 08       		.byte	0x8
 896 03be FA       		.byte	0xfa
 897 03bf 00       		.byte	0
 898 03c0 0A       		.uleb128 0xa
 899 03c1 D0000000 		.4byte	.LVL54
 900 03c5 83040000 		.4byte	0x483
 901 03c9 D5030000 		.4byte	0x3d5
 902 03cd 0B       		.uleb128 0xb
 903 03ce 01       		.uleb128 0x1
 904 03cf 50       		.byte	0x50
 905 03d0 03       		.uleb128 0x3
 906 03d1 0A       		.byte	0xa
 907 03d2 DC05     		.2byte	0x5dc
 908 03d4 00       		.byte	0
 909 03d5 0C       		.uleb128 0xc
 910 03d6 D6000000 		.4byte	.LVL55
 911 03da 62040000 		.4byte	0x462
 912 03de 0B       		.uleb128 0xb
 913 03df 01       		.uleb128 0x1
 914 03e0 50       		.byte	0x50
 915 03e1 01       		.uleb128 0x1
 916 03e2 31       		.byte	0x31
 917 03e3 00       		.byte	0
 918 03e4 00       		.byte	0
 919 03e5 08       		.uleb128 0x8
 920 03e6 00000000 		.4byte	.LASF23
 921 03ea 01       		.byte	0x1
 922 03eb 21       		.byte	0x21
 923 03ec 00000000 		.4byte	.LFB64
 924 03f0 1C000000 		.4byte	.LFE64-.LFB64
 925 03f4 01       		.uleb128 0x1
 926 03f5 9C       		.byte	0x9c
 927 03f6 51040000 		.4byte	0x451
 928 03fa 0D       		.uleb128 0xd
 929 03fb 47010000 		.4byte	.LASF18
 930 03ff 01       		.byte	0x1
 931 0400 21       		.byte	0x21
 932 0401 A4000000 		.4byte	0xa4
 933 0405 87010000 		.4byte	.LLST10
 934 0409 0E       		.uleb128 0xe
 935 040a 55000000 		.4byte	.LASF19
 936 040e 01       		.byte	0x1
 937 040f 23       		.byte	0x23
 938 0410 23020000 		.4byte	0x223
 939 0414 A5010000 		.4byte	.LLST11
 940 0418 0A       		.uleb128 0xa
 941 0419 08000000 		.4byte	.LVL58
 942 041d 8E040000 		.4byte	0x48e
 943 0421 2C040000 		.4byte	0x42c
 944 0425 0B       		.uleb128 0xb
 945 0426 01       		.uleb128 0x1
 946 0427 50       		.byte	0x50
 947 0428 02       		.uleb128 0x2
 948 0429 74       		.byte	0x74
 949 042a 00       		.sleb128 0
ARM GAS  C:\Users\laure\AppData\Local\Temp\cc2rflRu.s 			page 20


 950 042b 00       		.byte	0
 951 042c 0A       		.uleb128 0xa
 952 042d 12000000 		.4byte	.LVL60
 953 0431 28020000 		.4byte	0x228
 954 0435 40040000 		.4byte	0x440
 955 0439 0B       		.uleb128 0xb
 956 043a 01       		.uleb128 0x1
 957 043b 50       		.byte	0x50
 958 043c 02       		.uleb128 0x2
 959 043d 74       		.byte	0x74
 960 043e 00       		.sleb128 0
 961 043f 00       		.byte	0
 962 0440 0C       		.uleb128 0xc
 963 0441 1A000000 		.4byte	.LVL63
 964 0445 2C010000 		.4byte	0x12c
 965 0449 0B       		.uleb128 0xb
 966 044a 01       		.uleb128 0x1
 967 044b 50       		.byte	0x50
 968 044c 02       		.uleb128 0x2
 969 044d 74       		.byte	0x74
 970 044e 00       		.sleb128 0
 971 044f 00       		.byte	0
 972 0450 00       		.byte	0
 973 0451 15       		.uleb128 0x15
 974 0452 77010000 		.4byte	.LASF33
 975 0456 07       		.byte	0x7
 976 0457 1207     		.2byte	0x712
 977 0459 5D040000 		.4byte	0x45d
 978 045d 16       		.uleb128 0x16
 979 045e 76000000 		.4byte	0x76
 980 0462 17       		.uleb128 0x17
 981 0463 D7010000 		.4byte	.LASF24
 982 0467 D7010000 		.4byte	.LASF24
 983 046b 04       		.byte	0x4
 984 046c 3A       		.byte	0x3a
 985 046d 17       		.uleb128 0x17
 986 046e C3010000 		.4byte	.LASF25
 987 0472 C3010000 		.4byte	.LASF25
 988 0476 04       		.byte	0x4
 989 0477 3D       		.byte	0x3d
 990 0478 17       		.uleb128 0x17
 991 0479 32020000 		.4byte	.LASF26
 992 047d 32020000 		.4byte	.LASF26
 993 0481 04       		.byte	0x4
 994 0482 3E       		.byte	0x3e
 995 0483 17       		.uleb128 0x17
 996 0484 59020000 		.4byte	.LASF27
 997 0488 59020000 		.4byte	.LASF27
 998 048c 05       		.byte	0x5
 999 048d 76       		.byte	0x76
 1000 048e 17       		.uleb128 0x17
 1001 048f A5010000 		.4byte	.LASF28
 1002 0493 A5010000 		.4byte	.LASF28
 1003 0497 06       		.byte	0x6
 1004 0498 21       		.byte	0x21
 1005 0499 17       		.uleb128 0x17
 1006 049a 60010000 		.4byte	.LASF29
ARM GAS  C:\Users\laure\AppData\Local\Temp\cc2rflRu.s 			page 21


 1007 049e 60010000 		.4byte	.LASF29
 1008 04a2 04       		.byte	0x4
 1009 04a3 3C       		.byte	0x3c
 1010 04a4 00       		.byte	0
 1011              		.section	.debug_abbrev,"",%progbits
 1012              	.Ldebug_abbrev0:
 1013 0000 01       		.uleb128 0x1
 1014 0001 11       		.uleb128 0x11
 1015 0002 01       		.byte	0x1
 1016 0003 25       		.uleb128 0x25
 1017 0004 0E       		.uleb128 0xe
 1018 0005 13       		.uleb128 0x13
 1019 0006 0B       		.uleb128 0xb
 1020 0007 03       		.uleb128 0x3
 1021 0008 0E       		.uleb128 0xe
 1022 0009 1B       		.uleb128 0x1b
 1023 000a 0E       		.uleb128 0xe
 1024 000b 55       		.uleb128 0x55
 1025 000c 17       		.uleb128 0x17
 1026 000d 11       		.uleb128 0x11
 1027 000e 01       		.uleb128 0x1
 1028 000f 10       		.uleb128 0x10
 1029 0010 17       		.uleb128 0x17
 1030 0011 00       		.byte	0
 1031 0012 00       		.byte	0
 1032 0013 02       		.uleb128 0x2
 1033 0014 24       		.uleb128 0x24
 1034 0015 00       		.byte	0
 1035 0016 0B       		.uleb128 0xb
 1036 0017 0B       		.uleb128 0xb
 1037 0018 3E       		.uleb128 0x3e
 1038 0019 0B       		.uleb128 0xb
 1039 001a 03       		.uleb128 0x3
 1040 001b 0E       		.uleb128 0xe
 1041 001c 00       		.byte	0
 1042 001d 00       		.byte	0
 1043 001e 03       		.uleb128 0x3
 1044 001f 16       		.uleb128 0x16
 1045 0020 00       		.byte	0
 1046 0021 03       		.uleb128 0x3
 1047 0022 0E       		.uleb128 0xe
 1048 0023 3A       		.uleb128 0x3a
 1049 0024 0B       		.uleb128 0xb
 1050 0025 3B       		.uleb128 0x3b
 1051 0026 0B       		.uleb128 0xb
 1052 0027 49       		.uleb128 0x49
 1053 0028 13       		.uleb128 0x13
 1054 0029 00       		.byte	0
 1055 002a 00       		.byte	0
 1056 002b 04       		.uleb128 0x4
 1057 002c 24       		.uleb128 0x24
 1058 002d 00       		.byte	0
 1059 002e 0B       		.uleb128 0xb
 1060 002f 0B       		.uleb128 0xb
 1061 0030 3E       		.uleb128 0x3e
 1062 0031 0B       		.uleb128 0xb
 1063 0032 03       		.uleb128 0x3
ARM GAS  C:\Users\laure\AppData\Local\Temp\cc2rflRu.s 			page 22


 1064 0033 08       		.uleb128 0x8
 1065 0034 00       		.byte	0
 1066 0035 00       		.byte	0
 1067 0036 05       		.uleb128 0x5
 1068 0037 0F       		.uleb128 0xf
 1069 0038 00       		.byte	0
 1070 0039 0B       		.uleb128 0xb
 1071 003a 0B       		.uleb128 0xb
 1072 003b 49       		.uleb128 0x49
 1073 003c 13       		.uleb128 0x13
 1074 003d 00       		.byte	0
 1075 003e 00       		.byte	0
 1076 003f 06       		.uleb128 0x6
 1077 0040 01       		.uleb128 0x1
 1078 0041 01       		.byte	0x1
 1079 0042 49       		.uleb128 0x49
 1080 0043 13       		.uleb128 0x13
 1081 0044 01       		.uleb128 0x1
 1082 0045 13       		.uleb128 0x13
 1083 0046 00       		.byte	0
 1084 0047 00       		.byte	0
 1085 0048 07       		.uleb128 0x7
 1086 0049 21       		.uleb128 0x21
 1087 004a 00       		.byte	0
 1088 004b 49       		.uleb128 0x49
 1089 004c 13       		.uleb128 0x13
 1090 004d 2F       		.uleb128 0x2f
 1091 004e 0B       		.uleb128 0xb
 1092 004f 00       		.byte	0
 1093 0050 00       		.byte	0
 1094 0051 08       		.uleb128 0x8
 1095 0052 2E       		.uleb128 0x2e
 1096 0053 01       		.byte	0x1
 1097 0054 3F       		.uleb128 0x3f
 1098 0055 19       		.uleb128 0x19
 1099 0056 03       		.uleb128 0x3
 1100 0057 0E       		.uleb128 0xe
 1101 0058 3A       		.uleb128 0x3a
 1102 0059 0B       		.uleb128 0xb
 1103 005a 3B       		.uleb128 0x3b
 1104 005b 0B       		.uleb128 0xb
 1105 005c 27       		.uleb128 0x27
 1106 005d 19       		.uleb128 0x19
 1107 005e 11       		.uleb128 0x11
 1108 005f 01       		.uleb128 0x1
 1109 0060 12       		.uleb128 0x12
 1110 0061 06       		.uleb128 0x6
 1111 0062 40       		.uleb128 0x40
 1112 0063 18       		.uleb128 0x18
 1113 0064 9742     		.uleb128 0x2117
 1114 0066 19       		.uleb128 0x19
 1115 0067 01       		.uleb128 0x1
 1116 0068 13       		.uleb128 0x13
 1117 0069 00       		.byte	0
 1118 006a 00       		.byte	0
 1119 006b 09       		.uleb128 0x9
 1120 006c 05       		.uleb128 0x5
ARM GAS  C:\Users\laure\AppData\Local\Temp\cc2rflRu.s 			page 23


 1121 006d 00       		.byte	0
 1122 006e 03       		.uleb128 0x3
 1123 006f 08       		.uleb128 0x8
 1124 0070 3A       		.uleb128 0x3a
 1125 0071 0B       		.uleb128 0xb
 1126 0072 3B       		.uleb128 0x3b
 1127 0073 0B       		.uleb128 0xb
 1128 0074 49       		.uleb128 0x49
 1129 0075 13       		.uleb128 0x13
 1130 0076 02       		.uleb128 0x2
 1131 0077 17       		.uleb128 0x17
 1132 0078 00       		.byte	0
 1133 0079 00       		.byte	0
 1134 007a 0A       		.uleb128 0xa
 1135 007b 898201   		.uleb128 0x4109
 1136 007e 01       		.byte	0x1
 1137 007f 11       		.uleb128 0x11
 1138 0080 01       		.uleb128 0x1
 1139 0081 31       		.uleb128 0x31
 1140 0082 13       		.uleb128 0x13
 1141 0083 01       		.uleb128 0x1
 1142 0084 13       		.uleb128 0x13
 1143 0085 00       		.byte	0
 1144 0086 00       		.byte	0
 1145 0087 0B       		.uleb128 0xb
 1146 0088 8A8201   		.uleb128 0x410a
 1147 008b 00       		.byte	0
 1148 008c 02       		.uleb128 0x2
 1149 008d 18       		.uleb128 0x18
 1150 008e 9142     		.uleb128 0x2111
 1151 0090 18       		.uleb128 0x18
 1152 0091 00       		.byte	0
 1153 0092 00       		.byte	0
 1154 0093 0C       		.uleb128 0xc
 1155 0094 898201   		.uleb128 0x4109
 1156 0097 01       		.byte	0x1
 1157 0098 11       		.uleb128 0x11
 1158 0099 01       		.uleb128 0x1
 1159 009a 31       		.uleb128 0x31
 1160 009b 13       		.uleb128 0x13
 1161 009c 00       		.byte	0
 1162 009d 00       		.byte	0
 1163 009e 0D       		.uleb128 0xd
 1164 009f 05       		.uleb128 0x5
 1165 00a0 00       		.byte	0
 1166 00a1 03       		.uleb128 0x3
 1167 00a2 0E       		.uleb128 0xe
 1168 00a3 3A       		.uleb128 0x3a
 1169 00a4 0B       		.uleb128 0xb
 1170 00a5 3B       		.uleb128 0x3b
 1171 00a6 0B       		.uleb128 0xb
 1172 00a7 49       		.uleb128 0x49
 1173 00a8 13       		.uleb128 0x13
 1174 00a9 02       		.uleb128 0x2
 1175 00aa 17       		.uleb128 0x17
 1176 00ab 00       		.byte	0
 1177 00ac 00       		.byte	0
ARM GAS  C:\Users\laure\AppData\Local\Temp\cc2rflRu.s 			page 24


 1178 00ad 0E       		.uleb128 0xe
 1179 00ae 34       		.uleb128 0x34
 1180 00af 00       		.byte	0
 1181 00b0 03       		.uleb128 0x3
 1182 00b1 0E       		.uleb128 0xe
 1183 00b2 3A       		.uleb128 0x3a
 1184 00b3 0B       		.uleb128 0xb
 1185 00b4 3B       		.uleb128 0x3b
 1186 00b5 0B       		.uleb128 0xb
 1187 00b6 49       		.uleb128 0x49
 1188 00b7 13       		.uleb128 0x13
 1189 00b8 02       		.uleb128 0x2
 1190 00b9 17       		.uleb128 0x17
 1191 00ba 00       		.byte	0
 1192 00bb 00       		.byte	0
 1193 00bc 0F       		.uleb128 0xf
 1194 00bd 0B       		.uleb128 0xb
 1195 00be 01       		.byte	0x1
 1196 00bf 11       		.uleb128 0x11
 1197 00c0 01       		.uleb128 0x1
 1198 00c1 12       		.uleb128 0x12
 1199 00c2 06       		.uleb128 0x6
 1200 00c3 01       		.uleb128 0x1
 1201 00c4 13       		.uleb128 0x13
 1202 00c5 00       		.byte	0
 1203 00c6 00       		.byte	0
 1204 00c7 10       		.uleb128 0x10
 1205 00c8 34       		.uleb128 0x34
 1206 00c9 00       		.byte	0
 1207 00ca 03       		.uleb128 0x3
 1208 00cb 08       		.uleb128 0x8
 1209 00cc 3A       		.uleb128 0x3a
 1210 00cd 0B       		.uleb128 0xb
 1211 00ce 3B       		.uleb128 0x3b
 1212 00cf 0B       		.uleb128 0xb
 1213 00d0 49       		.uleb128 0x49
 1214 00d1 13       		.uleb128 0x13
 1215 00d2 02       		.uleb128 0x2
 1216 00d3 17       		.uleb128 0x17
 1217 00d4 00       		.byte	0
 1218 00d5 00       		.byte	0
 1219 00d6 11       		.uleb128 0x11
 1220 00d7 898201   		.uleb128 0x4109
 1221 00da 00       		.byte	0
 1222 00db 11       		.uleb128 0x11
 1223 00dc 01       		.uleb128 0x1
 1224 00dd 31       		.uleb128 0x31
 1225 00de 13       		.uleb128 0x13
 1226 00df 00       		.byte	0
 1227 00e0 00       		.byte	0
 1228 00e1 12       		.uleb128 0x12
 1229 00e2 26       		.uleb128 0x26
 1230 00e3 00       		.byte	0
 1231 00e4 49       		.uleb128 0x49
 1232 00e5 13       		.uleb128 0x13
 1233 00e6 00       		.byte	0
 1234 00e7 00       		.byte	0
ARM GAS  C:\Users\laure\AppData\Local\Temp\cc2rflRu.s 			page 25


 1235 00e8 13       		.uleb128 0x13
 1236 00e9 34       		.uleb128 0x34
 1237 00ea 00       		.byte	0
 1238 00eb 03       		.uleb128 0x3
 1239 00ec 0E       		.uleb128 0xe
 1240 00ed 3A       		.uleb128 0x3a
 1241 00ee 0B       		.uleb128 0xb
 1242 00ef 3B       		.uleb128 0x3b
 1243 00f0 0B       		.uleb128 0xb
 1244 00f1 49       		.uleb128 0x49
 1245 00f2 13       		.uleb128 0x13
 1246 00f3 02       		.uleb128 0x2
 1247 00f4 18       		.uleb128 0x18
 1248 00f5 00       		.byte	0
 1249 00f6 00       		.byte	0
 1250 00f7 14       		.uleb128 0x14
 1251 00f8 0B       		.uleb128 0xb
 1252 00f9 01       		.byte	0x1
 1253 00fa 55       		.uleb128 0x55
 1254 00fb 17       		.uleb128 0x17
 1255 00fc 01       		.uleb128 0x1
 1256 00fd 13       		.uleb128 0x13
 1257 00fe 00       		.byte	0
 1258 00ff 00       		.byte	0
 1259 0100 15       		.uleb128 0x15
 1260 0101 34       		.uleb128 0x34
 1261 0102 00       		.byte	0
 1262 0103 03       		.uleb128 0x3
 1263 0104 0E       		.uleb128 0xe
 1264 0105 3A       		.uleb128 0x3a
 1265 0106 0B       		.uleb128 0xb
 1266 0107 3B       		.uleb128 0x3b
 1267 0108 05       		.uleb128 0x5
 1268 0109 49       		.uleb128 0x49
 1269 010a 13       		.uleb128 0x13
 1270 010b 3F       		.uleb128 0x3f
 1271 010c 19       		.uleb128 0x19
 1272 010d 3C       		.uleb128 0x3c
 1273 010e 19       		.uleb128 0x19
 1274 010f 00       		.byte	0
 1275 0110 00       		.byte	0
 1276 0111 16       		.uleb128 0x16
 1277 0112 35       		.uleb128 0x35
 1278 0113 00       		.byte	0
 1279 0114 49       		.uleb128 0x49
 1280 0115 13       		.uleb128 0x13
 1281 0116 00       		.byte	0
 1282 0117 00       		.byte	0
 1283 0118 17       		.uleb128 0x17
 1284 0119 2E       		.uleb128 0x2e
 1285 011a 00       		.byte	0
 1286 011b 3F       		.uleb128 0x3f
 1287 011c 19       		.uleb128 0x19
 1288 011d 3C       		.uleb128 0x3c
 1289 011e 19       		.uleb128 0x19
 1290 011f 6E       		.uleb128 0x6e
 1291 0120 0E       		.uleb128 0xe
ARM GAS  C:\Users\laure\AppData\Local\Temp\cc2rflRu.s 			page 26


 1292 0121 03       		.uleb128 0x3
 1293 0122 0E       		.uleb128 0xe
 1294 0123 3A       		.uleb128 0x3a
 1295 0124 0B       		.uleb128 0xb
 1296 0125 3B       		.uleb128 0x3b
 1297 0126 0B       		.uleb128 0xb
 1298 0127 00       		.byte	0
 1299 0128 00       		.byte	0
 1300 0129 00       		.byte	0
 1301              		.section	.debug_loc,"",%progbits
 1302              	.Ldebug_loc0:
 1303              	.LLST0:
 1304 0000 00000000 		.4byte	.LVL0
 1305 0004 06000000 		.4byte	.LVL1
 1306 0008 0100     		.2byte	0x1
 1307 000a 50       		.byte	0x50
 1308 000b 06000000 		.4byte	.LVL1
 1309 000f 20000000 		.4byte	.LFE63
 1310 0013 0400     		.2byte	0x4
 1311 0015 F3       		.byte	0xf3
 1312 0016 01       		.uleb128 0x1
 1313 0017 50       		.byte	0x50
 1314 0018 9F       		.byte	0x9f
 1315 0019 00000000 		.4byte	0
 1316 001d 00000000 		.4byte	0
 1317              	.LLST1:
 1318 0021 00000000 		.4byte	.LVL6
 1319 0025 06000000 		.4byte	.LVL7
 1320 0029 0100     		.2byte	0x1
 1321 002b 50       		.byte	0x50
 1322 002c 06000000 		.4byte	.LVL7
 1323 0030 5A000000 		.4byte	.LFE65
 1324 0034 0100     		.2byte	0x1
 1325 0036 55       		.byte	0x55
 1326 0037 00000000 		.4byte	0
 1327 003b 00000000 		.4byte	0
 1328              	.LLST2:
 1329 003f 12000000 		.4byte	.LVL10
 1330 0043 16000000 		.4byte	.LVL11
 1331 0047 0100     		.2byte	0x1
 1332 0049 50       		.byte	0x50
 1333 004a 16000000 		.4byte	.LVL11
 1334 004e 5A000000 		.4byte	.LFE65
 1335 0052 0100     		.2byte	0x1
 1336 0054 56       		.byte	0x56
 1337 0055 00000000 		.4byte	0
 1338 0059 00000000 		.4byte	0
 1339              	.LLST3:
 1340 005d 1A000000 		.4byte	.LVL12
 1341 0061 1E000000 		.4byte	.LVL13
 1342 0065 0200     		.2byte	0x2
 1343 0067 30       		.byte	0x30
 1344 0068 9F       		.byte	0x9f
 1345 0069 1E000000 		.4byte	.LVL13
 1346 006d 38000000 		.4byte	.LVL17
 1347 0071 0100     		.2byte	0x1
 1348 0073 54       		.byte	0x54
ARM GAS  C:\Users\laure\AppData\Local\Temp\cc2rflRu.s 			page 27


 1349 0074 00000000 		.4byte	0
 1350 0078 00000000 		.4byte	0
 1351              	.LLST4:
 1352 007c 36000000 		.4byte	.LVL16
 1353 0080 3A000000 		.4byte	.LVL18
 1354 0084 0200     		.2byte	0x2
 1355 0086 38       		.byte	0x38
 1356 0087 9F       		.byte	0x9f
 1357 0088 3A000000 		.4byte	.LVL18
 1358 008c 5A000000 		.4byte	.LFE65
 1359 0090 0100     		.2byte	0x1
 1360 0092 54       		.byte	0x54
 1361 0093 00000000 		.4byte	0
 1362 0097 00000000 		.4byte	0
 1363              	.LLST5:
 1364 009b 00000000 		.4byte	.LVL23
 1365 009f 08000000 		.4byte	.LVL24
 1366 00a3 0100     		.2byte	0x1
 1367 00a5 50       		.byte	0x50
 1368 00a6 08000000 		.4byte	.LVL24
 1369 00aa DA000000 		.4byte	.LVL56
 1370 00ae 0100     		.2byte	0x1
 1371 00b0 56       		.byte	0x56
 1372 00b1 DA000000 		.4byte	.LVL56
 1373 00b5 E0000000 		.4byte	.LFE66
 1374 00b9 0400     		.2byte	0x4
 1375 00bb F3       		.byte	0xf3
 1376 00bc 01       		.uleb128 0x1
 1377 00bd 50       		.byte	0x50
 1378 00be 9F       		.byte	0x9f
 1379 00bf 00000000 		.4byte	0
 1380 00c3 00000000 		.4byte	0
 1381              	.LLST6:
 1382 00c7 14000000 		.4byte	.LVL27
 1383 00cb 1C000000 		.4byte	.LVL28
 1384 00cf 0100     		.2byte	0x1
 1385 00d1 50       		.byte	0x50
 1386 00d2 1C000000 		.4byte	.LVL28
 1387 00d6 DA000000 		.4byte	.LVL56
 1388 00da 0100     		.2byte	0x1
 1389 00dc 55       		.byte	0x55
 1390 00dd 00000000 		.4byte	0
 1391 00e1 00000000 		.4byte	0
 1392              	.LLST7:
 1393 00e5 46000000 		.4byte	.LVL33
 1394 00e9 4A000000 		.4byte	.LVL34
 1395 00ed 0200     		.2byte	0x2
 1396 00ef 30       		.byte	0x30
 1397 00f0 9F       		.byte	0x9f
 1398 00f1 4A000000 		.4byte	.LVL34
 1399 00f5 DA000000 		.4byte	.LVL56
 1400 00f9 0100     		.2byte	0x1
 1401 00fb 54       		.byte	0x54
 1402 00fc 00000000 		.4byte	0
 1403 0100 00000000 		.4byte	0
 1404              	.LLST8:
 1405 0104 4A000000 		.4byte	.LVL34
ARM GAS  C:\Users\laure\AppData\Local\Temp\cc2rflRu.s 			page 28


 1406 0108 58000000 		.4byte	.LVL35
 1407 010c 0100     		.2byte	0x1
 1408 010e 53       		.byte	0x53
 1409 010f 58000000 		.4byte	.LVL35
 1410 0113 5C000000 		.4byte	.LVL36
 1411 0117 0300     		.2byte	0x3
 1412 0119 72       		.byte	0x72
 1413 011a 7F       		.sleb128 -1
 1414 011b 9F       		.byte	0x9f
 1415 011c 5C000000 		.4byte	.LVL36
 1416 0120 60000000 		.4byte	.LVL37
 1417 0124 0100     		.2byte	0x1
 1418 0126 52       		.byte	0x52
 1419 0127 62000000 		.4byte	.LVL38
 1420 012b 6A000000 		.4byte	.LVL39
 1421 012f 0100     		.2byte	0x1
 1422 0131 53       		.byte	0x53
 1423 0132 00000000 		.4byte	0
 1424 0136 00000000 		.4byte	0
 1425              	.LLST9:
 1426 013a 6E000000 		.4byte	.LVL40
 1427 013e 72000000 		.4byte	.LVL41
 1428 0142 0200     		.2byte	0x2
 1429 0144 30       		.byte	0x30
 1430 0145 9F       		.byte	0x9f
 1431 0146 72000000 		.4byte	.LVL41
 1432 014a 80000000 		.4byte	.LVL42
 1433 014e 0100     		.2byte	0x1
 1434 0150 53       		.byte	0x53
 1435 0151 80000000 		.4byte	.LVL42
 1436 0155 84000000 		.4byte	.LVL43
 1437 0159 0300     		.2byte	0x3
 1438 015b 72       		.byte	0x72
 1439 015c 7F       		.sleb128 -1
 1440 015d 9F       		.byte	0x9f
 1441 015e 84000000 		.4byte	.LVL43
 1442 0162 86000000 		.4byte	.LVL44
 1443 0166 0100     		.2byte	0x1
 1444 0168 52       		.byte	0x52
 1445 0169 86000000 		.4byte	.LVL44
 1446 016d 90000000 		.4byte	.LVL45
 1447 0171 0100     		.2byte	0x1
 1448 0173 53       		.byte	0x53
 1449 0174 96000000 		.4byte	.LVL46
 1450 0178 98000000 		.4byte	.LVL47
 1451 017c 0100     		.2byte	0x1
 1452 017e 53       		.byte	0x53
 1453 017f 00000000 		.4byte	0
 1454 0183 00000000 		.4byte	0
 1455              	.LLST10:
 1456 0187 00000000 		.4byte	.LVL57
 1457 018b 07000000 		.4byte	.LVL58-1
 1458 018f 0100     		.2byte	0x1
 1459 0191 50       		.byte	0x50
 1460 0192 07000000 		.4byte	.LVL58-1
 1461 0196 1C000000 		.4byte	.LFE64
 1462 019a 0100     		.2byte	0x1
ARM GAS  C:\Users\laure\AppData\Local\Temp\cc2rflRu.s 			page 29


 1463 019c 54       		.byte	0x54
 1464 019d 00000000 		.4byte	0
 1465 01a1 00000000 		.4byte	0
 1466              	.LLST11:
 1467 01a5 08000000 		.4byte	.LVL58
 1468 01a9 0E000000 		.4byte	.LVL59
 1469 01ad 0100     		.2byte	0x1
 1470 01af 50       		.byte	0x50
 1471 01b0 14000000 		.4byte	.LVL61
 1472 01b4 16000000 		.4byte	.LVL62
 1473 01b8 0100     		.2byte	0x1
 1474 01ba 50       		.byte	0x50
 1475 01bb 00000000 		.4byte	0
 1476 01bf 00000000 		.4byte	0
 1477              		.section	.debug_aranges,"",%progbits
 1478 0000 34000000 		.4byte	0x34
 1479 0004 0200     		.2byte	0x2
 1480 0006 00000000 		.4byte	.Ldebug_info0
 1481 000a 04       		.byte	0x4
 1482 000b 00       		.byte	0
 1483 000c 0000     		.2byte	0
 1484 000e 0000     		.2byte	0
 1485 0010 00000000 		.4byte	.LFB63
 1486 0014 20000000 		.4byte	.LFE63-.LFB63
 1487 0018 00000000 		.4byte	.LFB65
 1488 001c 5A000000 		.4byte	.LFE65-.LFB65
 1489 0020 00000000 		.4byte	.LFB66
 1490 0024 E0000000 		.4byte	.LFE66-.LFB66
 1491 0028 00000000 		.4byte	.LFB64
 1492 002c 1C000000 		.4byte	.LFE64-.LFB64
 1493 0030 00000000 		.4byte	0
 1494 0034 00000000 		.4byte	0
 1495              		.section	.debug_ranges,"",%progbits
 1496              	.Ldebug_ranges0:
 1497 0000 4A000000 		.4byte	.LBB5
 1498 0004 60000000 		.4byte	.LBE5
 1499 0008 62000000 		.4byte	.LBB6
 1500 000c 66000000 		.4byte	.LBE6
 1501 0010 00000000 		.4byte	0
 1502 0014 00000000 		.4byte	0
 1503 0018 00000000 		.4byte	.LFB63
 1504 001c 20000000 		.4byte	.LFE63
 1505 0020 00000000 		.4byte	.LFB65
 1506 0024 5A000000 		.4byte	.LFE65
 1507 0028 00000000 		.4byte	.LFB66
 1508 002c E0000000 		.4byte	.LFE66
 1509 0030 00000000 		.4byte	.LFB64
 1510 0034 1C000000 		.4byte	.LFE64
 1511 0038 00000000 		.4byte	0
 1512 003c 00000000 		.4byte	0
 1513              		.section	.debug_line,"",%progbits
 1514              	.Ldebug_line0:
 1515 0000 A5020000 		.section	.debug_str,"MS",%progbits,1
 1515      0200D101 
 1515      00000201 
 1515      FB0E0D00 
 1515      01010101 
ARM GAS  C:\Users\laure\AppData\Local\Temp\cc2rflRu.s 			page 30


 1516              	.LASF23:
 1517 0000 61646571 		.ascii	"adequatePrint\000"
 1517      75617465 
 1517      5072696E 
 1517      7400
 1518              	.LASF32:
 1519 000e 433A5C55 		.ascii	"C:\\Users\\laure\\OneDrive\\Documents\\PSoC Creator"
 1519      73657273 
 1519      5C6C6175 
 1519      72655C4F 
 1519      6E654472 
 1520 003c 5C50536F 		.ascii	"\\PSoC 5LP\\FirstLab.cydsn\000"
 1520      4320354C 
 1520      505C4669 
 1520      7273744C 
 1520      61622E63 
 1521              	.LASF19:
 1522 0055 4C454E47 		.ascii	"LENGTH\000"
 1522      544800
 1523              	.LASF9:
 1524 005c 5F5F696E 		.ascii	"__int32_t\000"
 1524      7433325F 
 1524      7400
 1525              	.LASF21:
 1526 0066 66697273 		.ascii	"firstRow\000"
 1526      74526F77 
 1526      00
 1527              	.LASF8:
 1528 006f 756E7369 		.ascii	"unsigned int\000"
 1528      676E6564 
 1528      20696E74 
 1528      00
 1529              	.LASF12:
 1530 007c 646F7562 		.ascii	"double\000"
 1530      6C6500
 1531              	.LASF17:
 1532 0083 73746174 		.ascii	"staticPrint\000"
 1532      69635072 
 1532      696E7400 
 1533              	.LASF11:
 1534 008f 666C6F61 		.ascii	"float\000"
 1534      7400
 1535              	.LASF16:
 1536 0095 7072696E 		.ascii	"printChar\000"
 1536      74436861 
 1536      7200
 1537              	.LASF0:
 1538 009f 7369676E 		.ascii	"signed char\000"
 1538      65642063 
 1538      68617200 
 1539              	.LASF1:
 1540 00ab 756E7369 		.ascii	"unsigned char\000"
 1540      676E6564 
 1540      20636861 
 1540      7200
 1541              	.LASF30:
 1542 00b9 474E5520 		.ascii	"GNU C11 5.4.1 20160609 (release) [ARM/embedded-5-br"
ARM GAS  C:\Users\laure\AppData\Local\Temp\cc2rflRu.s 			page 31


 1542      43313120 
 1542      352E342E 
 1542      31203230 
 1542      31363036 
 1543 00ec 616E6368 		.ascii	"anch revision 237715] -mcpu=cortex-m3 -mthumb -g -O"
 1543      20726576 
 1543      6973696F 
 1543      6E203233 
 1543      37373135 
 1544 011f 67202D66 		.ascii	"g -ffunction-sections -ffat-lto-objects\000"
 1544      66756E63 
 1544      74696F6E 
 1544      2D736563 
 1544      74696F6E 
 1545              	.LASF18:
 1546 0147 70617261 		.ascii	"param\000"
 1546      6D00
 1547              	.LASF3:
 1548 014d 73686F72 		.ascii	"short unsigned int\000"
 1548      7420756E 
 1548      7369676E 
 1548      65642069 
 1548      6E7400
 1549              	.LASF29:
 1550 0160 4C43445F 		.ascii	"LCD_Screen_PrintString\000"
 1550      53637265 
 1550      656E5F50 
 1550      72696E74 
 1550      53747269 
 1551              	.LASF33:
 1552 0177 49544D5F 		.ascii	"ITM_RxBuffer\000"
 1552      52784275 
 1552      66666572 
 1552      00
 1553              	.LASF20:
 1554 0184 7363726F 		.ascii	"scrollingPrint\000"
 1554      6C6C696E 
 1554      67507269 
 1554      6E7400
 1555              	.LASF5:
 1556 0193 6C6F6E67 		.ascii	"long unsigned int\000"
 1556      20756E73 
 1556      69676E65 
 1556      6420696E 
 1556      7400
 1557              	.LASF28:
 1558 01a5 7374726C 		.ascii	"strlen\000"
 1558      656E00
 1559              	.LASF7:
 1560 01ac 6C6F6E67 		.ascii	"long long unsigned int\000"
 1560      206C6F6E 
 1560      6720756E 
 1560      7369676E 
 1560      65642069 
 1561              	.LASF25:
 1562 01c3 4C43445F 		.ascii	"LCD_Screen_Position\000"
 1562      53637265 
ARM GAS  C:\Users\laure\AppData\Local\Temp\cc2rflRu.s 			page 32


 1562      656E5F50 
 1562      6F736974 
 1562      696F6E00 
 1563              	.LASF24:
 1564 01d7 4C43445F 		.ascii	"LCD_Screen_WriteControl\000"
 1564      53637265 
 1564      656E5F57 
 1564      72697465 
 1564      436F6E74 
 1565              	.LASF10:
 1566 01ef 696E7433 		.ascii	"int32_t\000"
 1566      325F7400 
 1567              	.LASF15:
 1568 01f7 73697A65 		.ascii	"sizetype\000"
 1568      74797065 
 1568      00
 1569              	.LASF6:
 1570 0200 6C6F6E67 		.ascii	"long long int\000"
 1570      206C6F6E 
 1570      6720696E 
 1570      7400
 1571              	.LASF13:
 1572 020e 63686172 		.ascii	"char\000"
 1572      00
 1573              	.LASF2:
 1574 0213 73686F72 		.ascii	"short int\000"
 1574      7420696E 
 1574      7400
 1575              	.LASF4:
 1576 021d 6C6F6E67 		.ascii	"long int\000"
 1576      20696E74 
 1576      00
 1577              	.LASF14:
 1578 0226 6C6F6E67 		.ascii	"long double\000"
 1578      20646F75 
 1578      626C6500 
 1579              	.LASF26:
 1580 0232 4C43445F 		.ascii	"LCD_Screen_PutChar\000"
 1580      53637265 
 1580      656E5F50 
 1580      75744368 
 1580      617200
 1581              	.LASF31:
 1582 0245 7072696E 		.ascii	"printer.c\000"
 1582      7465722E 
 1582      6300
 1583              	.LASF22:
 1584 024f 7365636F 		.ascii	"secondRow\000"
 1584      6E64526F 
 1584      7700
 1585              	.LASF27:
 1586 0259 43794465 		.ascii	"CyDelay\000"
 1586      6C617900 
 1587              		.ident	"GCC: (GNU Tools for ARM Embedded Processors) 5.4.1 20160609 (release) [ARM/embedded-5-bran
