ARM GAS  C:\Users\laure\AppData\Local\Temp\cc9AzO3n.s 			page 1


   1              		.syntax unified
   2              		.cpu cortex-m3
   3              		.fpu softvfp
   4              		.eabi_attribute 20, 1
   5              		.eabi_attribute 21, 1
   6              		.eabi_attribute 23, 3
   7              		.eabi_attribute 24, 1
   8              		.eabi_attribute 25, 1
   9              		.eabi_attribute 26, 1
  10              		.eabi_attribute 30, 4
  11              		.eabi_attribute 34, 1
  12              		.eabi_attribute 18, 4
  13              		.thumb
  14              		.syntax unified
  15              		.file	"cymetadata.c"
  16              		.text
  17              	.Ltext0:
  18              		.cfi_sections	.debug_frame
  19              		.global	cy_metadata
  20              		.global	cy_meta_flashprotect
  21              		.global	cy_meta_wonvl
  22              		.global	cy_meta_custnvl
  23              		.global	cy_meta_configecc
  24              		.section	.cyconfigecc,"a",%progbits
  25              		.type	cy_meta_configecc, %object
  26              		.size	cy_meta_configecc, 56
  27              	cy_meta_configecc:
  28 0000 00       		.byte	0
  29 0001 63       		.byte	99
  30 0002 63       		.byte	99
  31 0003 00       		.byte	0
  32 0004 00       		.byte	0
  33 0005 00       		.byte	0
  34 0006 00       		.byte	0
  35 0007 00       		.byte	0
  36 0008 3C       		.byte	60
  37 0009 00       		.byte	0
  38 000a 00       		.byte	0
  39 000b 00       		.byte	0
  40 000c 00       		.byte	0
  41 000d 00       		.byte	0
  42 000e 00       		.byte	0
  43 000f 00       		.byte	0
  44 0010 01       		.byte	1
  45 0011 00       		.byte	0
  46 0012 00       		.byte	0
  47 0013 01       		.byte	1
  48 0014 00       		.byte	0
  49 0015 00       		.byte	0
  50 0016 00       		.byte	0
  51 0017 00       		.byte	0
  52 0018 00       		.byte	0
  53 0019 00       		.byte	0
  54 001a 00       		.byte	0
  55 001b 00       		.byte	0
  56 001c 00       		.byte	0
  57 001d 0B       		.byte	11
ARM GAS  C:\Users\laure\AppData\Local\Temp\cc9AzO3n.s 			page 2


  58 001e 0B       		.byte	11
  59 001f 00       		.byte	0
  60 0020 00       		.byte	0
  61 0021 00       		.byte	0
  62 0022 00       		.byte	0
  63 0023 00       		.byte	0
  64 0024 00       		.byte	0
  65 0025 7F       		.byte	127
  66 0026 7F       		.byte	127
  67 0027 00       		.byte	0
  68 0028 00       		.byte	0
  69 0029 00       		.byte	0
  70 002a 00       		.byte	0
  71 002b 00       		.byte	0
  72 002c E0       		.byte	-32
  73 002d 00       		.byte	0
  74 002e 00       		.byte	0
  75 002f E0       		.byte	-32
  76 0030 1A       		.byte	26
  77 0031 00       		.byte	0
  78 0032 00       		.byte	0
  79 0033 00       		.byte	0
  80 0034 00       		.byte	0
  81 0035 00       		.byte	0
  82 0036 00       		.byte	0
  83 0037 00       		.byte	0
  84              		.section	.cywolatch,"a",%progbits
  85              		.type	cy_meta_wonvl, %object
  86              		.size	cy_meta_wonvl, 4
  87              	cy_meta_wonvl:
  88 0000 BC       		.byte	-68
  89 0001 90       		.byte	-112
  90 0002 AC       		.byte	-84
  91 0003 AF       		.byte	-81
  92              		.section	.cycustnvl,"a",%progbits
  93              		.type	cy_meta_custnvl, %object
  94              		.size	cy_meta_custnvl, 4
  95              	cy_meta_custnvl:
  96 0000 00       		.byte	0
  97 0001 00       		.byte	0
  98 0002 40       		.byte	64
  99 0003 05       		.byte	5
 100              		.section	.cymeta,"a",%progbits
 101              		.type	cy_metadata, %object
 102              		.size	cy_metadata, 12
 103              	cy_metadata:
 104 0000 00       		.byte	0
 105 0001 01       		.byte	1
 106 0002 2E       		.byte	46
 107 0003 16       		.byte	22
 108 0004 10       		.byte	16
 109 0005 69       		.byte	105
 110 0006 00       		.byte	0
 111 0007 01       		.byte	1
 112 0008 00       		.byte	0
 113 0009 00       		.byte	0
 114 000a 00       		.byte	0
ARM GAS  C:\Users\laure\AppData\Local\Temp\cc9AzO3n.s 			page 3


 115 000b 00       		.byte	0
 116              		.section	.cyflashprotect,"a",%progbits
 117              		.type	cy_meta_flashprotect, %object
 118              		.size	cy_meta_flashprotect, 256
 119              	cy_meta_flashprotect:
 120 0000 00000000 		.space	256
 120      00000000 
 120      00000000 
 120      00000000 
 120      00000000 
 121              		.text
 122              	.Letext0:
 123              		.file 1 "c:\\program files (x86)\\cypress\\psoc creator\\4.3\\psoc creator\\import\\gnu\\arm\\5.4.
 124              		.file 2 "c:\\program files (x86)\\cypress\\psoc creator\\4.3\\psoc creator\\import\\gnu\\arm\\5.4.
 125              		.file 3 "Generated_Source\\PSoC5\\cymetadata.c"
 126              		.section	.debug_info,"",%progbits
 127              	.Ldebug_info0:
 128 0000 30010000 		.4byte	0x130
 129 0004 0400     		.2byte	0x4
 130 0006 00000000 		.4byte	.Ldebug_abbrev0
 131 000a 04       		.byte	0x4
 132 000b 01       		.uleb128 0x1
 133 000c D6000000 		.4byte	.LASF17
 134 0010 0C       		.byte	0xc
 135 0011 C5010000 		.4byte	.LASF18
 136 0015 0A000000 		.4byte	.LASF19
 137 0019 00000000 		.4byte	.Ldebug_line0
 138 001d 02       		.uleb128 0x2
 139 001e 01       		.byte	0x1
 140 001f 06       		.byte	0x6
 141 0020 B9010000 		.4byte	.LASF0
 142 0024 03       		.uleb128 0x3
 143 0025 00000000 		.4byte	.LASF9
 144 0029 01       		.byte	0x1
 145 002a 1D       		.byte	0x1d
 146 002b 2F000000 		.4byte	0x2f
 147 002f 02       		.uleb128 0x2
 148 0030 01       		.byte	0x1
 149 0031 08       		.byte	0x8
 150 0032 74000000 		.4byte	.LASF1
 151 0036 02       		.uleb128 0x2
 152 0037 02       		.byte	0x2
 153 0038 05       		.byte	0x5
 154 0039 A6010000 		.4byte	.LASF2
 155 003d 02       		.uleb128 0x2
 156 003e 02       		.byte	0x2
 157 003f 07       		.byte	0x7
 158 0040 94000000 		.4byte	.LASF3
 159 0044 02       		.uleb128 0x2
 160 0045 04       		.byte	0x4
 161 0046 05       		.byte	0x5
 162 0047 B0010000 		.4byte	.LASF4
 163 004b 02       		.uleb128 0x2
 164 004c 04       		.byte	0x4
 165 004d 07       		.byte	0x7
 166 004e 82000000 		.4byte	.LASF5
 167 0052 02       		.uleb128 0x2
ARM GAS  C:\Users\laure\AppData\Local\Temp\cc9AzO3n.s 			page 4


 168 0053 08       		.byte	0x8
 169 0054 05       		.byte	0x5
 170 0055 98010000 		.4byte	.LASF6
 171 0059 02       		.uleb128 0x2
 172 005a 08       		.byte	0x8
 173 005b 07       		.byte	0x7
 174 005c 5D000000 		.4byte	.LASF7
 175 0060 04       		.uleb128 0x4
 176 0061 04       		.byte	0x4
 177 0062 05       		.byte	0x5
 178 0063 696E7400 		.ascii	"int\000"
 179 0067 02       		.uleb128 0x2
 180 0068 04       		.byte	0x4
 181 0069 07       		.byte	0x7
 182 006a C9000000 		.4byte	.LASF8
 183 006e 03       		.uleb128 0x3
 184 006f 64010000 		.4byte	.LASF10
 185 0073 02       		.byte	0x2
 186 0074 18       		.byte	0x18
 187 0075 24000000 		.4byte	0x24
 188 0079 05       		.uleb128 0x5
 189 007a 90000000 		.4byte	0x90
 190 007e 89000000 		.4byte	0x89
 191 0082 06       		.uleb128 0x6
 192 0083 89000000 		.4byte	0x89
 193 0087 37       		.byte	0x37
 194 0088 00       		.byte	0
 195 0089 02       		.uleb128 0x2
 196 008a 04       		.byte	0x4
 197 008b 07       		.byte	0x7
 198 008c 8F010000 		.4byte	.LASF11
 199 0090 07       		.uleb128 0x7
 200 0091 6E000000 		.4byte	0x6e
 201 0095 08       		.uleb128 0x8
 202 0096 B7000000 		.4byte	.LASF12
 203 009a 03       		.byte	0x3
 204 009b 1F       		.byte	0x1f
 205 009c A6000000 		.4byte	0xa6
 206 00a0 05       		.uleb128 0x5
 207 00a1 03       		.byte	0x3
 208 00a2 00000000 		.4byte	cy_meta_configecc
 209 00a6 07       		.uleb128 0x7
 210 00a7 79000000 		.4byte	0x79
 211 00ab 05       		.uleb128 0x5
 212 00ac 90000000 		.4byte	0x90
 213 00b0 BB000000 		.4byte	0xbb
 214 00b4 06       		.uleb128 0x6
 215 00b5 89000000 		.4byte	0x89
 216 00b9 03       		.byte	0x3
 217 00ba 00       		.byte	0
 218 00bb 08       		.uleb128 0x8
 219 00bc A7000000 		.4byte	.LASF13
 220 00c0 03       		.byte	0x3
 221 00c1 33       		.byte	0x33
 222 00c2 CC000000 		.4byte	0xcc
 223 00c6 05       		.uleb128 0x5
 224 00c7 03       		.byte	0x3
ARM GAS  C:\Users\laure\AppData\Local\Temp\cc9AzO3n.s 			page 5


 225 00c8 00000000 		.4byte	cy_meta_custnvl
 226 00cc 07       		.uleb128 0x7
 227 00cd AB000000 		.4byte	0xab
 228 00d1 08       		.uleb128 0x8
 229 00d2 81010000 		.4byte	.LASF14
 230 00d6 03       		.byte	0x3
 231 00d7 41       		.byte	0x41
 232 00d8 E2000000 		.4byte	0xe2
 233 00dc 05       		.uleb128 0x5
 234 00dd 03       		.byte	0x3
 235 00de 00000000 		.4byte	cy_meta_wonvl
 236 00e2 07       		.uleb128 0x7
 237 00e3 AB000000 		.4byte	0xab
 238 00e7 05       		.uleb128 0x5
 239 00e8 90000000 		.4byte	0x90
 240 00ec F7000000 		.4byte	0xf7
 241 00f0 06       		.uleb128 0x6
 242 00f1 89000000 		.4byte	0x89
 243 00f5 FF       		.byte	0xff
 244 00f6 00       		.byte	0
 245 00f7 08       		.uleb128 0x8
 246 00f8 6C010000 		.4byte	.LASF15
 247 00fc 03       		.byte	0x3
 248 00fd 4F       		.byte	0x4f
 249 00fe 08010000 		.4byte	0x108
 250 0102 05       		.uleb128 0x5
 251 0103 03       		.byte	0x3
 252 0104 00000000 		.4byte	cy_meta_flashprotect
 253 0108 07       		.uleb128 0x7
 254 0109 E7000000 		.4byte	0xe7
 255 010d 05       		.uleb128 0x5
 256 010e 90000000 		.4byte	0x90
 257 0112 1D010000 		.4byte	0x11d
 258 0116 06       		.uleb128 0x6
 259 0117 89000000 		.4byte	0x89
 260 011b 0B       		.byte	0xb
 261 011c 00       		.byte	0
 262 011d 08       		.uleb128 0x8
 263 011e 51000000 		.4byte	.LASF16
 264 0122 03       		.byte	0x3
 265 0123 7C       		.byte	0x7c
 266 0124 2E010000 		.4byte	0x12e
 267 0128 05       		.uleb128 0x5
 268 0129 03       		.byte	0x3
 269 012a 00000000 		.4byte	cy_metadata
 270 012e 07       		.uleb128 0x7
 271 012f 0D010000 		.4byte	0x10d
 272 0133 00       		.byte	0
 273              		.section	.debug_abbrev,"",%progbits
 274              	.Ldebug_abbrev0:
 275 0000 01       		.uleb128 0x1
 276 0001 11       		.uleb128 0x11
 277 0002 01       		.byte	0x1
 278 0003 25       		.uleb128 0x25
 279 0004 0E       		.uleb128 0xe
 280 0005 13       		.uleb128 0x13
 281 0006 0B       		.uleb128 0xb
ARM GAS  C:\Users\laure\AppData\Local\Temp\cc9AzO3n.s 			page 6


 282 0007 03       		.uleb128 0x3
 283 0008 0E       		.uleb128 0xe
 284 0009 1B       		.uleb128 0x1b
 285 000a 0E       		.uleb128 0xe
 286 000b 10       		.uleb128 0x10
 287 000c 17       		.uleb128 0x17
 288 000d 00       		.byte	0
 289 000e 00       		.byte	0
 290 000f 02       		.uleb128 0x2
 291 0010 24       		.uleb128 0x24
 292 0011 00       		.byte	0
 293 0012 0B       		.uleb128 0xb
 294 0013 0B       		.uleb128 0xb
 295 0014 3E       		.uleb128 0x3e
 296 0015 0B       		.uleb128 0xb
 297 0016 03       		.uleb128 0x3
 298 0017 0E       		.uleb128 0xe
 299 0018 00       		.byte	0
 300 0019 00       		.byte	0
 301 001a 03       		.uleb128 0x3
 302 001b 16       		.uleb128 0x16
 303 001c 00       		.byte	0
 304 001d 03       		.uleb128 0x3
 305 001e 0E       		.uleb128 0xe
 306 001f 3A       		.uleb128 0x3a
 307 0020 0B       		.uleb128 0xb
 308 0021 3B       		.uleb128 0x3b
 309 0022 0B       		.uleb128 0xb
 310 0023 49       		.uleb128 0x49
 311 0024 13       		.uleb128 0x13
 312 0025 00       		.byte	0
 313 0026 00       		.byte	0
 314 0027 04       		.uleb128 0x4
 315 0028 24       		.uleb128 0x24
 316 0029 00       		.byte	0
 317 002a 0B       		.uleb128 0xb
 318 002b 0B       		.uleb128 0xb
 319 002c 3E       		.uleb128 0x3e
 320 002d 0B       		.uleb128 0xb
 321 002e 03       		.uleb128 0x3
 322 002f 08       		.uleb128 0x8
 323 0030 00       		.byte	0
 324 0031 00       		.byte	0
 325 0032 05       		.uleb128 0x5
 326 0033 01       		.uleb128 0x1
 327 0034 01       		.byte	0x1
 328 0035 49       		.uleb128 0x49
 329 0036 13       		.uleb128 0x13
 330 0037 01       		.uleb128 0x1
 331 0038 13       		.uleb128 0x13
 332 0039 00       		.byte	0
 333 003a 00       		.byte	0
 334 003b 06       		.uleb128 0x6
 335 003c 21       		.uleb128 0x21
 336 003d 00       		.byte	0
 337 003e 49       		.uleb128 0x49
 338 003f 13       		.uleb128 0x13
ARM GAS  C:\Users\laure\AppData\Local\Temp\cc9AzO3n.s 			page 7


 339 0040 2F       		.uleb128 0x2f
 340 0041 0B       		.uleb128 0xb
 341 0042 00       		.byte	0
 342 0043 00       		.byte	0
 343 0044 07       		.uleb128 0x7
 344 0045 26       		.uleb128 0x26
 345 0046 00       		.byte	0
 346 0047 49       		.uleb128 0x49
 347 0048 13       		.uleb128 0x13
 348 0049 00       		.byte	0
 349 004a 00       		.byte	0
 350 004b 08       		.uleb128 0x8
 351 004c 34       		.uleb128 0x34
 352 004d 00       		.byte	0
 353 004e 03       		.uleb128 0x3
 354 004f 0E       		.uleb128 0xe
 355 0050 3A       		.uleb128 0x3a
 356 0051 0B       		.uleb128 0xb
 357 0052 3B       		.uleb128 0x3b
 358 0053 0B       		.uleb128 0xb
 359 0054 49       		.uleb128 0x49
 360 0055 13       		.uleb128 0x13
 361 0056 3F       		.uleb128 0x3f
 362 0057 19       		.uleb128 0x19
 363 0058 02       		.uleb128 0x2
 364 0059 18       		.uleb128 0x18
 365 005a 00       		.byte	0
 366 005b 00       		.byte	0
 367 005c 00       		.byte	0
 368              		.section	.debug_aranges,"",%progbits
 369 0000 14000000 		.4byte	0x14
 370 0004 0200     		.2byte	0x2
 371 0006 00000000 		.4byte	.Ldebug_info0
 372 000a 04       		.byte	0x4
 373 000b 00       		.byte	0
 374 000c 0000     		.2byte	0
 375 000e 0000     		.2byte	0
 376 0010 00000000 		.4byte	0
 377 0014 00000000 		.4byte	0
 378              		.section	.debug_line,"",%progbits
 379              	.Ldebug_line0:
 380 0000 3D010000 		.section	.debug_str,"MS",%progbits,1
 380      02003701 
 380      00000201 
 380      FB0E0D00 
 380      01010101 
 381              	.LASF9:
 382 0000 5F5F7569 		.ascii	"__uint8_t\000"
 382      6E74385F 
 382      7400
 383              	.LASF19:
 384 000a 433A5C55 		.ascii	"C:\\Users\\laure\\OneDrive\\Documents\\PSoC Creator"
 384      73657273 
 384      5C6C6175 
 384      72655C4F 
 384      6E654472 
 385 0038 5C50536F 		.ascii	"\\PSoC 5LP\\FirstLab.cydsn\000"
ARM GAS  C:\Users\laure\AppData\Local\Temp\cc9AzO3n.s 			page 8


 385      4320354C 
 385      505C4669 
 385      7273744C 
 385      61622E63 
 386              	.LASF16:
 387 0051 63795F6D 		.ascii	"cy_metadata\000"
 387      65746164 
 387      61746100 
 388              	.LASF7:
 389 005d 6C6F6E67 		.ascii	"long long unsigned int\000"
 389      206C6F6E 
 389      6720756E 
 389      7369676E 
 389      65642069 
 390              	.LASF1:
 391 0074 756E7369 		.ascii	"unsigned char\000"
 391      676E6564 
 391      20636861 
 391      7200
 392              	.LASF5:
 393 0082 6C6F6E67 		.ascii	"long unsigned int\000"
 393      20756E73 
 393      69676E65 
 393      6420696E 
 393      7400
 394              	.LASF3:
 395 0094 73686F72 		.ascii	"short unsigned int\000"
 395      7420756E 
 395      7369676E 
 395      65642069 
 395      6E7400
 396              	.LASF13:
 397 00a7 63795F6D 		.ascii	"cy_meta_custnvl\000"
 397      6574615F 
 397      63757374 
 397      6E766C00 
 398              	.LASF12:
 399 00b7 63795F6D 		.ascii	"cy_meta_configecc\000"
 399      6574615F 
 399      636F6E66 
 399      69676563 
 399      6300
 400              	.LASF8:
 401 00c9 756E7369 		.ascii	"unsigned int\000"
 401      676E6564 
 401      20696E74 
 401      00
 402              	.LASF17:
 403 00d6 474E5520 		.ascii	"GNU C11 5.4.1 20160609 (release) [ARM/embedded-5-br"
 403      43313120 
 403      352E342E 
 403      31203230 
 403      31363036 
 404 0109 616E6368 		.ascii	"anch revision 237715] -mcpu=cortex-m3 -mthumb -g -O"
 404      20726576 
 404      6973696F 
 404      6E203233 
ARM GAS  C:\Users\laure\AppData\Local\Temp\cc9AzO3n.s 			page 9


 404      37373135 
 405 013c 73202D66 		.ascii	"s -ffunction-sections -ffat-lto-objects\000"
 405      66756E63 
 405      74696F6E 
 405      2D736563 
 405      74696F6E 
 406              	.LASF10:
 407 0164 75696E74 		.ascii	"uint8_t\000"
 407      385F7400 
 408              	.LASF15:
 409 016c 63795F6D 		.ascii	"cy_meta_flashprotect\000"
 409      6574615F 
 409      666C6173 
 409      6870726F 
 409      74656374 
 410              	.LASF14:
 411 0181 63795F6D 		.ascii	"cy_meta_wonvl\000"
 411      6574615F 
 411      776F6E76 
 411      6C00
 412              	.LASF11:
 413 018f 73697A65 		.ascii	"sizetype\000"
 413      74797065 
 413      00
 414              	.LASF6:
 415 0198 6C6F6E67 		.ascii	"long long int\000"
 415      206C6F6E 
 415      6720696E 
 415      7400
 416              	.LASF2:
 417 01a6 73686F72 		.ascii	"short int\000"
 417      7420696E 
 417      7400
 418              	.LASF4:
 419 01b0 6C6F6E67 		.ascii	"long int\000"
 419      20696E74 
 419      00
 420              	.LASF0:
 421 01b9 7369676E 		.ascii	"signed char\000"
 421      65642063 
 421      68617200 
 422              	.LASF18:
 423 01c5 47656E65 		.ascii	"Generated_Source\\PSoC5\\cymetadata.c\000"
 423      72617465 
 423      645F536F 
 423      75726365 
 423      5C50536F 
 424              		.ident	"GCC: (GNU Tools for ARM Embedded Processors) 5.4.1 20160609 (release) [ARM/embedded-5-bran
