ARM GAS  C:\Users\laure\AppData\Local\Temp\ccWKtNmQ.s 			page 1


   1              		.syntax unified
   2              		.cpu cortex-m3
   3              		.fpu softvfp
   4              		.eabi_attribute 20, 1
   5              		.eabi_attribute 21, 1
   6              		.eabi_attribute 23, 3
   7              		.eabi_attribute 24, 1
   8              		.eabi_attribute 25, 1
   9              		.eabi_attribute 26, 1
  10              		.eabi_attribute 30, 4
  11              		.eabi_attribute 34, 1
  12              		.eabi_attribute 18, 4
  13              		.thumb
  14              		.syntax unified
  15              		.file	"keypad.c"
  16              		.text
  17              	.Ltext0:
  18              		.cfi_sections	.debug_frame
  19              		.section	.text.keypadInit,"ax",%progbits
  20              		.align	1
  21              		.global	keypadInit
  22              		.thumb
  23              		.thumb_func
  24              		.type	keypadInit, %function
  25              	keypadInit:
  26              	.LFB63:
  27              		.file 1 "keypad.c"
   1:keypad.c      **** /* ========================================
   2:keypad.c      ****  *
   3:keypad.c      ****  * Copyright YOUR COMPANY, THE YEAR
   4:keypad.c      ****  * All Rights Reserved
   5:keypad.c      ****  * UNPUBLISHED, LICENSED SOFTWARE.
   6:keypad.c      ****  *
   7:keypad.c      ****  * CONFIDENTIAL AND PROPRIETARY INFORMATION
   8:keypad.c      ****  * WHICH IS THE PROPERTY OF your company.
   9:keypad.c      ****  *
  10:keypad.c      ****  * ========================================
  11:keypad.c      **** */
  12:keypad.c      **** #include "project.h"
  13:keypad.c      **** 
  14:keypad.c      **** #define KBD_DELAY   5
  15:keypad.c      **** 
  16:keypad.c      **** 
  17:keypad.c      **** void keypadInit (void) {
  28              		.loc 1 17 0
  29              		.cfi_startproc
  30              		@ args = 0, pretend = 0, frame = 0
  31              		@ frame_needed = 0, uses_anonymous_args = 0
  32 0000 08B5     		push	{r3, lr}
  33              		.cfi_def_cfa_offset 8
  34              		.cfi_offset 3, -8
  35              		.cfi_offset 14, -4
  18:keypad.c      ****     COL1_Write(1);
  36              		.loc 1 18 0
  37 0002 0120     		movs	r0, #1
  38 0004 FFF7FEFF 		bl	COL1_Write
  39              	.LVL0:
ARM GAS  C:\Users\laure\AppData\Local\Temp\ccWKtNmQ.s 			page 2


  19:keypad.c      ****     COL2_Write(1);
  40              		.loc 1 19 0
  41 0008 0120     		movs	r0, #1
  42 000a FFF7FEFF 		bl	COL2_Write
  43              	.LVL1:
  20:keypad.c      ****     COL3_Write(1);
  21:keypad.c      **** }
  44              		.loc 1 21 0
  45 000e BDE80840 		pop	{r3, lr}
  46              		.cfi_restore 14
  47              		.cfi_restore 3
  48              		.cfi_def_cfa_offset 0
  20:keypad.c      ****     COL3_Write(1);
  49              		.loc 1 20 0
  50 0012 0120     		movs	r0, #1
  51 0014 FFF7FEBF 		b	COL3_Write
  52              	.LVL2:
  53              		.cfi_endproc
  54              	.LFE63:
  55              		.size	keypadInit, .-keypadInit
  56              		.section	.text.keypadScan,"ax",%progbits
  57              		.align	1
  58              		.global	keypadScan
  59              		.thumb
  60              		.thumb_func
  61              		.type	keypadScan, %function
  62              	keypadScan:
  63              	.LFB64:
  22:keypad.c      **** 
  23:keypad.c      **** uint8_t keypadScan (void) {
  64              		.loc 1 23 0
  65              		.cfi_startproc
  66              		@ args = 0, pretend = 0, frame = 0
  67              		@ frame_needed = 0, uses_anonymous_args = 0
  68 0000 08B5     		push	{r3, lr}
  69              		.cfi_def_cfa_offset 8
  70              		.cfi_offset 3, -8
  71              		.cfi_offset 14, -4
  24:keypad.c      ****     COL1_Write(0);
  72              		.loc 1 24 0
  73 0002 0020     		movs	r0, #0
  74 0004 FFF7FEFF 		bl	COL1_Write
  75              	.LVL3:
  25:keypad.c      ****     CyDelay(KBD_DELAY);
  76              		.loc 1 25 0
  77 0008 0520     		movs	r0, #5
  78 000a FFF7FEFF 		bl	CyDelay
  79              	.LVL4:
  26:keypad.c      ****     if (!ROW0_Read()) {
  80              		.loc 1 26 0
  81 000e FFF7FEFF 		bl	ROW0_Read
  82              	.LVL5:
  83 0012 20B9     		cbnz	r0, .L3
  27:keypad.c      ****         COL1_Write(1);
  84              		.loc 1 27 0
  85 0014 0120     		movs	r0, #1
  86 0016 FFF7FEFF 		bl	COL1_Write
ARM GAS  C:\Users\laure\AppData\Local\Temp\ccWKtNmQ.s 			page 3


  87              	.LVL6:
  28:keypad.c      ****         return('#');
  88              		.loc 1 28 0
  89 001a 2320     		movs	r0, #35
  90 001c 08BD     		pop	{r3, pc}
  91              	.L3:
  29:keypad.c      ****     }
  30:keypad.c      ****     if (!ROW1_Read()) {
  92              		.loc 1 30 0
  93 001e FFF7FEFF 		bl	ROW1_Read
  94              	.LVL7:
  95 0022 20B9     		cbnz	r0, .L5
  31:keypad.c      ****         COL1_Write(1);
  96              		.loc 1 31 0
  97 0024 0120     		movs	r0, #1
  98 0026 FFF7FEFF 		bl	COL1_Write
  99              	.LVL8:
  32:keypad.c      ****         return('9');
 100              		.loc 1 32 0
 101 002a 3920     		movs	r0, #57
 102 002c 08BD     		pop	{r3, pc}
 103              	.L5:
  33:keypad.c      ****     }
  34:keypad.c      ****     if (!ROW2_Read()) {
 104              		.loc 1 34 0
 105 002e FFF7FEFF 		bl	ROW2_Read
 106              	.LVL9:
 107 0032 20B9     		cbnz	r0, .L6
  35:keypad.c      ****         COL1_Write(1);
 108              		.loc 1 35 0
 109 0034 0120     		movs	r0, #1
 110 0036 FFF7FEFF 		bl	COL1_Write
 111              	.LVL10:
  36:keypad.c      ****         return('6');
 112              		.loc 1 36 0
 113 003a 3620     		movs	r0, #54
 114 003c 08BD     		pop	{r3, pc}
 115              	.L6:
  37:keypad.c      ****     }
  38:keypad.c      ****     if (!ROW3_Read()) {
 116              		.loc 1 38 0
 117 003e FFF7FEFF 		bl	ROW3_Read
 118              	.LVL11:
 119 0042 20B9     		cbnz	r0, .L7
  39:keypad.c      ****         COL1_Write(1);
 120              		.loc 1 39 0
 121 0044 0120     		movs	r0, #1
 122 0046 FFF7FEFF 		bl	COL1_Write
 123              	.LVL12:
  40:keypad.c      ****         return('3');
 124              		.loc 1 40 0
 125 004a 3320     		movs	r0, #51
 126 004c 08BD     		pop	{r3, pc}
 127              	.L7:
  41:keypad.c      ****     }
  42:keypad.c      ****     COL1_Write(1);
 128              		.loc 1 42 0
ARM GAS  C:\Users\laure\AppData\Local\Temp\ccWKtNmQ.s 			page 4


 129 004e 0120     		movs	r0, #1
 130 0050 FFF7FEFF 		bl	COL1_Write
 131              	.LVL13:
  43:keypad.c      ****     
  44:keypad.c      ****     COL2_Write(0);
 132              		.loc 1 44 0
 133 0054 0020     		movs	r0, #0
 134 0056 FFF7FEFF 		bl	COL2_Write
 135              	.LVL14:
  45:keypad.c      ****     CyDelay(KBD_DELAY);
 136              		.loc 1 45 0
 137 005a 0520     		movs	r0, #5
 138 005c FFF7FEFF 		bl	CyDelay
 139              	.LVL15:
  46:keypad.c      ****     if (!ROW0_Read()) {
 140              		.loc 1 46 0
 141 0060 FFF7FEFF 		bl	ROW0_Read
 142              	.LVL16:
 143 0064 20B9     		cbnz	r0, .L8
  47:keypad.c      ****         COL2_Write(1);
 144              		.loc 1 47 0
 145 0066 0120     		movs	r0, #1
 146 0068 FFF7FEFF 		bl	COL2_Write
 147              	.LVL17:
  48:keypad.c      ****         return('0');
 148              		.loc 1 48 0
 149 006c 3020     		movs	r0, #48
 150 006e 08BD     		pop	{r3, pc}
 151              	.L8:
  49:keypad.c      ****     }
  50:keypad.c      ****     if (!ROW1_Read()) {
 152              		.loc 1 50 0
 153 0070 FFF7FEFF 		bl	ROW1_Read
 154              	.LVL18:
 155 0074 20B9     		cbnz	r0, .L9
  51:keypad.c      ****         COL2_Write(1);
 156              		.loc 1 51 0
 157 0076 0120     		movs	r0, #1
 158 0078 FFF7FEFF 		bl	COL2_Write
 159              	.LVL19:
  52:keypad.c      ****         return('8');
 160              		.loc 1 52 0
 161 007c 3820     		movs	r0, #56
 162 007e 08BD     		pop	{r3, pc}
 163              	.L9:
  53:keypad.c      ****     }
  54:keypad.c      ****     if (!ROW2_Read()) {
 164              		.loc 1 54 0
 165 0080 FFF7FEFF 		bl	ROW2_Read
 166              	.LVL20:
 167 0084 20B9     		cbnz	r0, .L10
  55:keypad.c      ****         COL2_Write(1);
 168              		.loc 1 55 0
 169 0086 0120     		movs	r0, #1
 170 0088 FFF7FEFF 		bl	COL2_Write
 171              	.LVL21:
  56:keypad.c      ****         return('5');
ARM GAS  C:\Users\laure\AppData\Local\Temp\ccWKtNmQ.s 			page 5


 172              		.loc 1 56 0
 173 008c 3520     		movs	r0, #53
 174 008e 08BD     		pop	{r3, pc}
 175              	.L10:
  57:keypad.c      ****     }
  58:keypad.c      ****     if (!ROW3_Read()) {
 176              		.loc 1 58 0
 177 0090 FFF7FEFF 		bl	ROW3_Read
 178              	.LVL22:
 179 0094 20B9     		cbnz	r0, .L11
  59:keypad.c      ****         COL2_Write(1);
 180              		.loc 1 59 0
 181 0096 0120     		movs	r0, #1
 182 0098 FFF7FEFF 		bl	COL2_Write
 183              	.LVL23:
  60:keypad.c      ****         return('2');
 184              		.loc 1 60 0
 185 009c 3220     		movs	r0, #50
 186 009e 08BD     		pop	{r3, pc}
 187              	.L11:
  61:keypad.c      ****     }
  62:keypad.c      ****     COL2_Write(1);
 188              		.loc 1 62 0
 189 00a0 0120     		movs	r0, #1
 190 00a2 FFF7FEFF 		bl	COL2_Write
 191              	.LVL24:
  63:keypad.c      **** 
  64:keypad.c      ****     COL3_Write(0);
 192              		.loc 1 64 0
 193 00a6 0020     		movs	r0, #0
 194 00a8 FFF7FEFF 		bl	COL3_Write
 195              	.LVL25:
  65:keypad.c      ****     CyDelay(KBD_DELAY);
 196              		.loc 1 65 0
 197 00ac 0520     		movs	r0, #5
 198 00ae FFF7FEFF 		bl	CyDelay
 199              	.LVL26:
  66:keypad.c      ****     if (!ROW0_Read()) {
 200              		.loc 1 66 0
 201 00b2 FFF7FEFF 		bl	ROW0_Read
 202              	.LVL27:
 203 00b6 20B9     		cbnz	r0, .L12
  67:keypad.c      ****         COL3_Write(1);
 204              		.loc 1 67 0
 205 00b8 0120     		movs	r0, #1
 206 00ba FFF7FEFF 		bl	COL3_Write
 207              	.LVL28:
  68:keypad.c      ****         return('*');
 208              		.loc 1 68 0
 209 00be 2A20     		movs	r0, #42
 210 00c0 08BD     		pop	{r3, pc}
 211              	.L12:
  69:keypad.c      ****     }
  70:keypad.c      ****     if (!ROW1_Read()) {
 212              		.loc 1 70 0
 213 00c2 FFF7FEFF 		bl	ROW1_Read
 214              	.LVL29:
ARM GAS  C:\Users\laure\AppData\Local\Temp\ccWKtNmQ.s 			page 6


 215 00c6 20B9     		cbnz	r0, .L13
  71:keypad.c      ****         COL3_Write(1);
 216              		.loc 1 71 0
 217 00c8 0120     		movs	r0, #1
 218 00ca FFF7FEFF 		bl	COL3_Write
 219              	.LVL30:
  72:keypad.c      ****         return('7');
 220              		.loc 1 72 0
 221 00ce 3720     		movs	r0, #55
 222 00d0 08BD     		pop	{r3, pc}
 223              	.L13:
  73:keypad.c      ****     }
  74:keypad.c      ****     if (!ROW2_Read()) {
 224              		.loc 1 74 0
 225 00d2 FFF7FEFF 		bl	ROW2_Read
 226              	.LVL31:
 227 00d6 20B9     		cbnz	r0, .L14
  75:keypad.c      ****         COL3_Write(1);
 228              		.loc 1 75 0
 229 00d8 0120     		movs	r0, #1
 230 00da FFF7FEFF 		bl	COL3_Write
 231              	.LVL32:
  76:keypad.c      ****         return('4');
 232              		.loc 1 76 0
 233 00de 3420     		movs	r0, #52
 234 00e0 08BD     		pop	{r3, pc}
 235              	.L14:
  77:keypad.c      ****     }
  78:keypad.c      ****     if (!ROW3_Read()) {
 236              		.loc 1 78 0
 237 00e2 FFF7FEFF 		bl	ROW3_Read
 238              	.LVL33:
 239 00e6 20B9     		cbnz	r0, .L15
  79:keypad.c      ****         COL3_Write(1);
 240              		.loc 1 79 0
 241 00e8 0120     		movs	r0, #1
 242 00ea FFF7FEFF 		bl	COL3_Write
 243              	.LVL34:
  80:keypad.c      ****         return('1');
 244              		.loc 1 80 0
 245 00ee 3120     		movs	r0, #49
 246 00f0 08BD     		pop	{r3, pc}
 247              	.L15:
  81:keypad.c      ****     }
  82:keypad.c      ****     COL3_Write(1);
 248              		.loc 1 82 0
 249 00f2 0120     		movs	r0, #1
 250 00f4 FFF7FEFF 		bl	COL3_Write
 251              	.LVL35:
  83:keypad.c      ****     
  84:keypad.c      ****     return('z');
 252              		.loc 1 84 0
 253 00f8 7A20     		movs	r0, #122
  85:keypad.c      **** }
 254              		.loc 1 85 0
 255 00fa 08BD     		pop	{r3, pc}
 256              		.cfi_endproc
ARM GAS  C:\Users\laure\AppData\Local\Temp\ccWKtNmQ.s 			page 7


 257              	.LFE64:
 258              		.size	keypadScan, .-keypadScan
 259              		.text
 260              	.Letext0:
 261              		.file 2 "c:\\program files (x86)\\cypress\\psoc creator\\4.3\\psoc creator\\import\\gnu\\arm\\5.4.
 262              		.file 3 "c:\\program files (x86)\\cypress\\psoc creator\\4.3\\psoc creator\\import\\gnu\\arm\\5.4.
 263              		.file 4 "Generated_Source\\PSoC5/COL1.h"
 264              		.file 5 "Generated_Source\\PSoC5/COL2.h"
 265              		.file 6 "Generated_Source\\PSoC5/COL3.h"
 266              		.file 7 "Generated_Source\\PSoC5/CyLib.h"
 267              		.file 8 "Generated_Source\\PSoC5/ROW0.h"
 268              		.file 9 "Generated_Source\\PSoC5/ROW1.h"
 269              		.file 10 "Generated_Source\\PSoC5/ROW2.h"
 270              		.file 11 "Generated_Source\\PSoC5/ROW3.h"
 271              		.file 12 "Generated_Source\\PSoC5/core_cm3.h"
 272              		.section	.debug_info,"",%progbits
 273              	.Ldebug_info0:
 274 0000 7C030000 		.4byte	0x37c
 275 0004 0400     		.2byte	0x4
 276 0006 00000000 		.4byte	.Ldebug_abbrev0
 277 000a 04       		.byte	0x4
 278 000b 01       		.uleb128 0x1
 279 000c 5F010000 		.4byte	.LASF26
 280 0010 0C       		.byte	0xc
 281 0011 0E000000 		.4byte	.LASF27
 282 0015 21000000 		.4byte	.LASF28
 283 0019 00000000 		.4byte	.Ldebug_ranges0+0
 284 001d 00000000 		.4byte	0
 285 0021 00000000 		.4byte	.Ldebug_line0
 286 0025 02       		.uleb128 0x2
 287 0026 01       		.byte	0x1
 288 0027 06       		.byte	0x6
 289 0028 0D020000 		.4byte	.LASF0
 290 002c 03       		.uleb128 0x3
 291 002d 17000000 		.4byte	.LASF4
 292 0031 02       		.byte	0x2
 293 0032 1D       		.byte	0x1d
 294 0033 37000000 		.4byte	0x37
 295 0037 02       		.uleb128 0x2
 296 0038 01       		.byte	0x1
 297 0039 08       		.byte	0x8
 298 003a 8C000000 		.4byte	.LASF1
 299 003e 02       		.uleb128 0x2
 300 003f 02       		.byte	0x2
 301 0040 05       		.byte	0x5
 302 0041 40010000 		.4byte	.LASF2
 303 0045 02       		.uleb128 0x2
 304 0046 02       		.byte	0x2
 305 0047 07       		.byte	0x7
 306 0048 AC000000 		.4byte	.LASF3
 307 004c 03       		.uleb128 0x3
 308 004d 72000000 		.4byte	.LASF5
 309 0051 02       		.byte	0x2
 310 0052 3F       		.byte	0x3f
 311 0053 57000000 		.4byte	0x57
 312 0057 02       		.uleb128 0x2
 313 0058 04       		.byte	0x4
ARM GAS  C:\Users\laure\AppData\Local\Temp\ccWKtNmQ.s 			page 8


 314 0059 05       		.byte	0x5
 315 005a ED010000 		.4byte	.LASF6
 316 005e 02       		.uleb128 0x2
 317 005f 04       		.byte	0x4
 318 0060 07       		.byte	0x7
 319 0061 9A000000 		.4byte	.LASF7
 320 0065 02       		.uleb128 0x2
 321 0066 08       		.byte	0x8
 322 0067 05       		.byte	0x5
 323 0068 00000000 		.4byte	.LASF8
 324 006c 02       		.uleb128 0x2
 325 006d 08       		.byte	0x8
 326 006e 07       		.byte	0x7
 327 006f EA000000 		.4byte	.LASF9
 328 0073 04       		.uleb128 0x4
 329 0074 04       		.byte	0x4
 330 0075 05       		.byte	0x5
 331 0076 696E7400 		.ascii	"int\000"
 332 007a 02       		.uleb128 0x2
 333 007b 04       		.byte	0x4
 334 007c 07       		.byte	0x7
 335 007d DD000000 		.4byte	.LASF10
 336 0081 03       		.uleb128 0x3
 337 0082 01010000 		.4byte	.LASF11
 338 0086 03       		.byte	0x3
 339 0087 18       		.byte	0x18
 340 0088 2C000000 		.4byte	0x2c
 341 008c 03       		.uleb128 0x3
 342 008d 09010000 		.4byte	.LASF12
 343 0091 03       		.byte	0x3
 344 0092 2C       		.byte	0x2c
 345 0093 4C000000 		.4byte	0x4c
 346 0097 02       		.uleb128 0x2
 347 0098 04       		.byte	0x4
 348 0099 04       		.byte	0x4
 349 009a 86000000 		.4byte	.LASF13
 350 009e 02       		.uleb128 0x2
 351 009f 08       		.byte	0x8
 352 00a0 04       		.byte	0x4
 353 00a1 D6000000 		.4byte	.LASF14
 354 00a5 02       		.uleb128 0x2
 355 00a6 01       		.byte	0x1
 356 00a7 08       		.byte	0x8
 357 00a8 30010000 		.4byte	.LASF15
 358 00ac 02       		.uleb128 0x2
 359 00ad 04       		.byte	0x4
 360 00ae 07       		.byte	0x7
 361 00af 11010000 		.4byte	.LASF16
 362 00b3 02       		.uleb128 0x2
 363 00b4 08       		.byte	0x8
 364 00b5 04       		.byte	0x4
 365 00b6 F6010000 		.4byte	.LASF17
 366 00ba 05       		.uleb128 0x5
 367 00bb 1A010000 		.4byte	.LASF29
 368 00bf 01       		.byte	0x1
 369 00c0 11       		.byte	0x11
 370 00c1 00000000 		.4byte	.LFB63
ARM GAS  C:\Users\laure\AppData\Local\Temp\ccWKtNmQ.s 			page 9


 371 00c5 18000000 		.4byte	.LFE63-.LFB63
 372 00c9 01       		.uleb128 0x1
 373 00ca 9C       		.byte	0x9c
 374 00cb 05010000 		.4byte	0x105
 375 00cf 06       		.uleb128 0x6
 376 00d0 08000000 		.4byte	.LVL0
 377 00d4 27030000 		.4byte	0x327
 378 00d8 E2000000 		.4byte	0xe2
 379 00dc 07       		.uleb128 0x7
 380 00dd 01       		.uleb128 0x1
 381 00de 50       		.byte	0x50
 382 00df 01       		.uleb128 0x1
 383 00e0 31       		.byte	0x31
 384 00e1 00       		.byte	0
 385 00e2 06       		.uleb128 0x6
 386 00e3 0E000000 		.4byte	.LVL1
 387 00e7 32030000 		.4byte	0x332
 388 00eb F5000000 		.4byte	0xf5
 389 00ef 07       		.uleb128 0x7
 390 00f0 01       		.uleb128 0x1
 391 00f1 50       		.byte	0x50
 392 00f2 01       		.uleb128 0x1
 393 00f3 31       		.byte	0x31
 394 00f4 00       		.byte	0
 395 00f5 08       		.uleb128 0x8
 396 00f6 18000000 		.4byte	.LVL2
 397 00fa 3D030000 		.4byte	0x33d
 398 00fe 07       		.uleb128 0x7
 399 00ff 01       		.uleb128 0x1
 400 0100 50       		.byte	0x50
 401 0101 01       		.uleb128 0x1
 402 0102 31       		.byte	0x31
 403 0103 00       		.byte	0
 404 0104 00       		.byte	0
 405 0105 09       		.uleb128 0x9
 406 0106 35010000 		.4byte	.LASF30
 407 010a 01       		.byte	0x1
 408 010b 17       		.byte	0x17
 409 010c 81000000 		.4byte	0x81
 410 0110 00000000 		.4byte	.LFB64
 411 0114 FC000000 		.4byte	.LFE64-.LFB64
 412 0118 01       		.uleb128 0x1
 413 0119 9C       		.byte	0x9c
 414 011a 16030000 		.4byte	0x316
 415 011e 06       		.uleb128 0x6
 416 011f 08000000 		.4byte	.LVL3
 417 0123 27030000 		.4byte	0x327
 418 0127 31010000 		.4byte	0x131
 419 012b 07       		.uleb128 0x7
 420 012c 01       		.uleb128 0x1
 421 012d 50       		.byte	0x50
 422 012e 01       		.uleb128 0x1
 423 012f 30       		.byte	0x30
 424 0130 00       		.byte	0
 425 0131 06       		.uleb128 0x6
 426 0132 0E000000 		.4byte	.LVL4
 427 0136 48030000 		.4byte	0x348
ARM GAS  C:\Users\laure\AppData\Local\Temp\ccWKtNmQ.s 			page 10


 428 013a 44010000 		.4byte	0x144
 429 013e 07       		.uleb128 0x7
 430 013f 01       		.uleb128 0x1
 431 0140 50       		.byte	0x50
 432 0141 01       		.uleb128 0x1
 433 0142 35       		.byte	0x35
 434 0143 00       		.byte	0
 435 0144 0A       		.uleb128 0xa
 436 0145 12000000 		.4byte	.LVL5
 437 0149 53030000 		.4byte	0x353
 438 014d 06       		.uleb128 0x6
 439 014e 1A000000 		.4byte	.LVL6
 440 0152 27030000 		.4byte	0x327
 441 0156 60010000 		.4byte	0x160
 442 015a 07       		.uleb128 0x7
 443 015b 01       		.uleb128 0x1
 444 015c 50       		.byte	0x50
 445 015d 01       		.uleb128 0x1
 446 015e 31       		.byte	0x31
 447 015f 00       		.byte	0
 448 0160 0A       		.uleb128 0xa
 449 0161 22000000 		.4byte	.LVL7
 450 0165 5E030000 		.4byte	0x35e
 451 0169 06       		.uleb128 0x6
 452 016a 2A000000 		.4byte	.LVL8
 453 016e 27030000 		.4byte	0x327
 454 0172 7C010000 		.4byte	0x17c
 455 0176 07       		.uleb128 0x7
 456 0177 01       		.uleb128 0x1
 457 0178 50       		.byte	0x50
 458 0179 01       		.uleb128 0x1
 459 017a 31       		.byte	0x31
 460 017b 00       		.byte	0
 461 017c 0A       		.uleb128 0xa
 462 017d 32000000 		.4byte	.LVL9
 463 0181 69030000 		.4byte	0x369
 464 0185 06       		.uleb128 0x6
 465 0186 3A000000 		.4byte	.LVL10
 466 018a 27030000 		.4byte	0x327
 467 018e 98010000 		.4byte	0x198
 468 0192 07       		.uleb128 0x7
 469 0193 01       		.uleb128 0x1
 470 0194 50       		.byte	0x50
 471 0195 01       		.uleb128 0x1
 472 0196 31       		.byte	0x31
 473 0197 00       		.byte	0
 474 0198 0A       		.uleb128 0xa
 475 0199 42000000 		.4byte	.LVL11
 476 019d 74030000 		.4byte	0x374
 477 01a1 06       		.uleb128 0x6
 478 01a2 4A000000 		.4byte	.LVL12
 479 01a6 27030000 		.4byte	0x327
 480 01aa B4010000 		.4byte	0x1b4
 481 01ae 07       		.uleb128 0x7
 482 01af 01       		.uleb128 0x1
 483 01b0 50       		.byte	0x50
 484 01b1 01       		.uleb128 0x1
ARM GAS  C:\Users\laure\AppData\Local\Temp\ccWKtNmQ.s 			page 11


 485 01b2 31       		.byte	0x31
 486 01b3 00       		.byte	0
 487 01b4 06       		.uleb128 0x6
 488 01b5 54000000 		.4byte	.LVL13
 489 01b9 27030000 		.4byte	0x327
 490 01bd C7010000 		.4byte	0x1c7
 491 01c1 07       		.uleb128 0x7
 492 01c2 01       		.uleb128 0x1
 493 01c3 50       		.byte	0x50
 494 01c4 01       		.uleb128 0x1
 495 01c5 31       		.byte	0x31
 496 01c6 00       		.byte	0
 497 01c7 06       		.uleb128 0x6
 498 01c8 5A000000 		.4byte	.LVL14
 499 01cc 32030000 		.4byte	0x332
 500 01d0 DA010000 		.4byte	0x1da
 501 01d4 07       		.uleb128 0x7
 502 01d5 01       		.uleb128 0x1
 503 01d6 50       		.byte	0x50
 504 01d7 01       		.uleb128 0x1
 505 01d8 30       		.byte	0x30
 506 01d9 00       		.byte	0
 507 01da 06       		.uleb128 0x6
 508 01db 60000000 		.4byte	.LVL15
 509 01df 48030000 		.4byte	0x348
 510 01e3 ED010000 		.4byte	0x1ed
 511 01e7 07       		.uleb128 0x7
 512 01e8 01       		.uleb128 0x1
 513 01e9 50       		.byte	0x50
 514 01ea 01       		.uleb128 0x1
 515 01eb 35       		.byte	0x35
 516 01ec 00       		.byte	0
 517 01ed 0A       		.uleb128 0xa
 518 01ee 64000000 		.4byte	.LVL16
 519 01f2 53030000 		.4byte	0x353
 520 01f6 06       		.uleb128 0x6
 521 01f7 6C000000 		.4byte	.LVL17
 522 01fb 32030000 		.4byte	0x332
 523 01ff 09020000 		.4byte	0x209
 524 0203 07       		.uleb128 0x7
 525 0204 01       		.uleb128 0x1
 526 0205 50       		.byte	0x50
 527 0206 01       		.uleb128 0x1
 528 0207 31       		.byte	0x31
 529 0208 00       		.byte	0
 530 0209 0A       		.uleb128 0xa
 531 020a 74000000 		.4byte	.LVL18
 532 020e 5E030000 		.4byte	0x35e
 533 0212 06       		.uleb128 0x6
 534 0213 7C000000 		.4byte	.LVL19
 535 0217 32030000 		.4byte	0x332
 536 021b 25020000 		.4byte	0x225
 537 021f 07       		.uleb128 0x7
 538 0220 01       		.uleb128 0x1
 539 0221 50       		.byte	0x50
 540 0222 01       		.uleb128 0x1
 541 0223 31       		.byte	0x31
ARM GAS  C:\Users\laure\AppData\Local\Temp\ccWKtNmQ.s 			page 12


 542 0224 00       		.byte	0
 543 0225 0A       		.uleb128 0xa
 544 0226 84000000 		.4byte	.LVL20
 545 022a 69030000 		.4byte	0x369
 546 022e 06       		.uleb128 0x6
 547 022f 8C000000 		.4byte	.LVL21
 548 0233 32030000 		.4byte	0x332
 549 0237 41020000 		.4byte	0x241
 550 023b 07       		.uleb128 0x7
 551 023c 01       		.uleb128 0x1
 552 023d 50       		.byte	0x50
 553 023e 01       		.uleb128 0x1
 554 023f 31       		.byte	0x31
 555 0240 00       		.byte	0
 556 0241 0A       		.uleb128 0xa
 557 0242 94000000 		.4byte	.LVL22
 558 0246 74030000 		.4byte	0x374
 559 024a 06       		.uleb128 0x6
 560 024b 9C000000 		.4byte	.LVL23
 561 024f 32030000 		.4byte	0x332
 562 0253 5D020000 		.4byte	0x25d
 563 0257 07       		.uleb128 0x7
 564 0258 01       		.uleb128 0x1
 565 0259 50       		.byte	0x50
 566 025a 01       		.uleb128 0x1
 567 025b 31       		.byte	0x31
 568 025c 00       		.byte	0
 569 025d 06       		.uleb128 0x6
 570 025e A6000000 		.4byte	.LVL24
 571 0262 32030000 		.4byte	0x332
 572 0266 70020000 		.4byte	0x270
 573 026a 07       		.uleb128 0x7
 574 026b 01       		.uleb128 0x1
 575 026c 50       		.byte	0x50
 576 026d 01       		.uleb128 0x1
 577 026e 31       		.byte	0x31
 578 026f 00       		.byte	0
 579 0270 06       		.uleb128 0x6
 580 0271 AC000000 		.4byte	.LVL25
 581 0275 3D030000 		.4byte	0x33d
 582 0279 83020000 		.4byte	0x283
 583 027d 07       		.uleb128 0x7
 584 027e 01       		.uleb128 0x1
 585 027f 50       		.byte	0x50
 586 0280 01       		.uleb128 0x1
 587 0281 30       		.byte	0x30
 588 0282 00       		.byte	0
 589 0283 06       		.uleb128 0x6
 590 0284 B2000000 		.4byte	.LVL26
 591 0288 48030000 		.4byte	0x348
 592 028c 96020000 		.4byte	0x296
 593 0290 07       		.uleb128 0x7
 594 0291 01       		.uleb128 0x1
 595 0292 50       		.byte	0x50
 596 0293 01       		.uleb128 0x1
 597 0294 35       		.byte	0x35
 598 0295 00       		.byte	0
ARM GAS  C:\Users\laure\AppData\Local\Temp\ccWKtNmQ.s 			page 13


 599 0296 0A       		.uleb128 0xa
 600 0297 B6000000 		.4byte	.LVL27
 601 029b 53030000 		.4byte	0x353
 602 029f 06       		.uleb128 0x6
 603 02a0 BE000000 		.4byte	.LVL28
 604 02a4 3D030000 		.4byte	0x33d
 605 02a8 B2020000 		.4byte	0x2b2
 606 02ac 07       		.uleb128 0x7
 607 02ad 01       		.uleb128 0x1
 608 02ae 50       		.byte	0x50
 609 02af 01       		.uleb128 0x1
 610 02b0 31       		.byte	0x31
 611 02b1 00       		.byte	0
 612 02b2 0A       		.uleb128 0xa
 613 02b3 C6000000 		.4byte	.LVL29
 614 02b7 5E030000 		.4byte	0x35e
 615 02bb 06       		.uleb128 0x6
 616 02bc CE000000 		.4byte	.LVL30
 617 02c0 3D030000 		.4byte	0x33d
 618 02c4 CE020000 		.4byte	0x2ce
 619 02c8 07       		.uleb128 0x7
 620 02c9 01       		.uleb128 0x1
 621 02ca 50       		.byte	0x50
 622 02cb 01       		.uleb128 0x1
 623 02cc 31       		.byte	0x31
 624 02cd 00       		.byte	0
 625 02ce 0A       		.uleb128 0xa
 626 02cf D6000000 		.4byte	.LVL31
 627 02d3 69030000 		.4byte	0x369
 628 02d7 06       		.uleb128 0x6
 629 02d8 DE000000 		.4byte	.LVL32
 630 02dc 3D030000 		.4byte	0x33d
 631 02e0 EA020000 		.4byte	0x2ea
 632 02e4 07       		.uleb128 0x7
 633 02e5 01       		.uleb128 0x1
 634 02e6 50       		.byte	0x50
 635 02e7 01       		.uleb128 0x1
 636 02e8 31       		.byte	0x31
 637 02e9 00       		.byte	0
 638 02ea 0A       		.uleb128 0xa
 639 02eb E6000000 		.4byte	.LVL33
 640 02ef 74030000 		.4byte	0x374
 641 02f3 06       		.uleb128 0x6
 642 02f4 EE000000 		.4byte	.LVL34
 643 02f8 3D030000 		.4byte	0x33d
 644 02fc 06030000 		.4byte	0x306
 645 0300 07       		.uleb128 0x7
 646 0301 01       		.uleb128 0x1
 647 0302 50       		.byte	0x50
 648 0303 01       		.uleb128 0x1
 649 0304 31       		.byte	0x31
 650 0305 00       		.byte	0
 651 0306 0B       		.uleb128 0xb
 652 0307 F8000000 		.4byte	.LVL35
 653 030b 3D030000 		.4byte	0x33d
 654 030f 07       		.uleb128 0x7
 655 0310 01       		.uleb128 0x1
ARM GAS  C:\Users\laure\AppData\Local\Temp\ccWKtNmQ.s 			page 14


 656 0311 50       		.byte	0x50
 657 0312 01       		.uleb128 0x1
 658 0313 31       		.byte	0x31
 659 0314 00       		.byte	0
 660 0315 00       		.byte	0
 661 0316 0C       		.uleb128 0xc
 662 0317 C9000000 		.4byte	.LASF31
 663 031b 0C       		.byte	0xc
 664 031c 1207     		.2byte	0x712
 665 031e 22030000 		.4byte	0x322
 666 0322 0D       		.uleb128 0xd
 667 0323 8C000000 		.4byte	0x8c
 668 0327 0E       		.uleb128 0xe
 669 0328 25010000 		.4byte	.LASF18
 670 032c 25010000 		.4byte	.LASF18
 671 0330 04       		.byte	0x4
 672 0331 26       		.byte	0x26
 673 0332 0E       		.uleb128 0xe
 674 0333 4A010000 		.4byte	.LASF19
 675 0337 4A010000 		.4byte	.LASF19
 676 033b 05       		.byte	0x5
 677 033c 26       		.byte	0x26
 678 033d 0E       		.uleb128 0xe
 679 033e 02020000 		.4byte	.LASF20
 680 0342 02020000 		.4byte	.LASF20
 681 0346 06       		.byte	0x6
 682 0347 26       		.byte	0x26
 683 0348 0E       		.uleb128 0xe
 684 0349 19020000 		.4byte	.LASF21
 685 034d 19020000 		.4byte	.LASF21
 686 0351 07       		.byte	0x7
 687 0352 76       		.byte	0x76
 688 0353 0E       		.uleb128 0xe
 689 0354 7C000000 		.4byte	.LASF22
 690 0358 7C000000 		.4byte	.LASF22
 691 035c 08       		.byte	0x8
 692 035d 29       		.byte	0x29
 693 035e 0E       		.uleb128 0xe
 694 035f BF000000 		.4byte	.LASF23
 695 0363 BF000000 		.4byte	.LASF23
 696 0367 09       		.byte	0x9
 697 0368 29       		.byte	0x29
 698 0369 0E       		.uleb128 0xe
 699 036a 55010000 		.4byte	.LASF24
 700 036e 55010000 		.4byte	.LASF24
 701 0372 0A       		.byte	0xa
 702 0373 29       		.byte	0x29
 703 0374 0E       		.uleb128 0xe
 704 0375 68000000 		.4byte	.LASF25
 705 0379 68000000 		.4byte	.LASF25
 706 037d 0B       		.byte	0xb
 707 037e 29       		.byte	0x29
 708 037f 00       		.byte	0
 709              		.section	.debug_abbrev,"",%progbits
 710              	.Ldebug_abbrev0:
 711 0000 01       		.uleb128 0x1
 712 0001 11       		.uleb128 0x11
ARM GAS  C:\Users\laure\AppData\Local\Temp\ccWKtNmQ.s 			page 15


 713 0002 01       		.byte	0x1
 714 0003 25       		.uleb128 0x25
 715 0004 0E       		.uleb128 0xe
 716 0005 13       		.uleb128 0x13
 717 0006 0B       		.uleb128 0xb
 718 0007 03       		.uleb128 0x3
 719 0008 0E       		.uleb128 0xe
 720 0009 1B       		.uleb128 0x1b
 721 000a 0E       		.uleb128 0xe
 722 000b 55       		.uleb128 0x55
 723 000c 17       		.uleb128 0x17
 724 000d 11       		.uleb128 0x11
 725 000e 01       		.uleb128 0x1
 726 000f 10       		.uleb128 0x10
 727 0010 17       		.uleb128 0x17
 728 0011 00       		.byte	0
 729 0012 00       		.byte	0
 730 0013 02       		.uleb128 0x2
 731 0014 24       		.uleb128 0x24
 732 0015 00       		.byte	0
 733 0016 0B       		.uleb128 0xb
 734 0017 0B       		.uleb128 0xb
 735 0018 3E       		.uleb128 0x3e
 736 0019 0B       		.uleb128 0xb
 737 001a 03       		.uleb128 0x3
 738 001b 0E       		.uleb128 0xe
 739 001c 00       		.byte	0
 740 001d 00       		.byte	0
 741 001e 03       		.uleb128 0x3
 742 001f 16       		.uleb128 0x16
 743 0020 00       		.byte	0
 744 0021 03       		.uleb128 0x3
 745 0022 0E       		.uleb128 0xe
 746 0023 3A       		.uleb128 0x3a
 747 0024 0B       		.uleb128 0xb
 748 0025 3B       		.uleb128 0x3b
 749 0026 0B       		.uleb128 0xb
 750 0027 49       		.uleb128 0x49
 751 0028 13       		.uleb128 0x13
 752 0029 00       		.byte	0
 753 002a 00       		.byte	0
 754 002b 04       		.uleb128 0x4
 755 002c 24       		.uleb128 0x24
 756 002d 00       		.byte	0
 757 002e 0B       		.uleb128 0xb
 758 002f 0B       		.uleb128 0xb
 759 0030 3E       		.uleb128 0x3e
 760 0031 0B       		.uleb128 0xb
 761 0032 03       		.uleb128 0x3
 762 0033 08       		.uleb128 0x8
 763 0034 00       		.byte	0
 764 0035 00       		.byte	0
 765 0036 05       		.uleb128 0x5
 766 0037 2E       		.uleb128 0x2e
 767 0038 01       		.byte	0x1
 768 0039 3F       		.uleb128 0x3f
 769 003a 19       		.uleb128 0x19
ARM GAS  C:\Users\laure\AppData\Local\Temp\ccWKtNmQ.s 			page 16


 770 003b 03       		.uleb128 0x3
 771 003c 0E       		.uleb128 0xe
 772 003d 3A       		.uleb128 0x3a
 773 003e 0B       		.uleb128 0xb
 774 003f 3B       		.uleb128 0x3b
 775 0040 0B       		.uleb128 0xb
 776 0041 27       		.uleb128 0x27
 777 0042 19       		.uleb128 0x19
 778 0043 11       		.uleb128 0x11
 779 0044 01       		.uleb128 0x1
 780 0045 12       		.uleb128 0x12
 781 0046 06       		.uleb128 0x6
 782 0047 40       		.uleb128 0x40
 783 0048 18       		.uleb128 0x18
 784 0049 9742     		.uleb128 0x2117
 785 004b 19       		.uleb128 0x19
 786 004c 01       		.uleb128 0x1
 787 004d 13       		.uleb128 0x13
 788 004e 00       		.byte	0
 789 004f 00       		.byte	0
 790 0050 06       		.uleb128 0x6
 791 0051 898201   		.uleb128 0x4109
 792 0054 01       		.byte	0x1
 793 0055 11       		.uleb128 0x11
 794 0056 01       		.uleb128 0x1
 795 0057 31       		.uleb128 0x31
 796 0058 13       		.uleb128 0x13
 797 0059 01       		.uleb128 0x1
 798 005a 13       		.uleb128 0x13
 799 005b 00       		.byte	0
 800 005c 00       		.byte	0
 801 005d 07       		.uleb128 0x7
 802 005e 8A8201   		.uleb128 0x410a
 803 0061 00       		.byte	0
 804 0062 02       		.uleb128 0x2
 805 0063 18       		.uleb128 0x18
 806 0064 9142     		.uleb128 0x2111
 807 0066 18       		.uleb128 0x18
 808 0067 00       		.byte	0
 809 0068 00       		.byte	0
 810 0069 08       		.uleb128 0x8
 811 006a 898201   		.uleb128 0x4109
 812 006d 01       		.byte	0x1
 813 006e 11       		.uleb128 0x11
 814 006f 01       		.uleb128 0x1
 815 0070 9542     		.uleb128 0x2115
 816 0072 19       		.uleb128 0x19
 817 0073 31       		.uleb128 0x31
 818 0074 13       		.uleb128 0x13
 819 0075 00       		.byte	0
 820 0076 00       		.byte	0
 821 0077 09       		.uleb128 0x9
 822 0078 2E       		.uleb128 0x2e
 823 0079 01       		.byte	0x1
 824 007a 3F       		.uleb128 0x3f
 825 007b 19       		.uleb128 0x19
 826 007c 03       		.uleb128 0x3
ARM GAS  C:\Users\laure\AppData\Local\Temp\ccWKtNmQ.s 			page 17


 827 007d 0E       		.uleb128 0xe
 828 007e 3A       		.uleb128 0x3a
 829 007f 0B       		.uleb128 0xb
 830 0080 3B       		.uleb128 0x3b
 831 0081 0B       		.uleb128 0xb
 832 0082 27       		.uleb128 0x27
 833 0083 19       		.uleb128 0x19
 834 0084 49       		.uleb128 0x49
 835 0085 13       		.uleb128 0x13
 836 0086 11       		.uleb128 0x11
 837 0087 01       		.uleb128 0x1
 838 0088 12       		.uleb128 0x12
 839 0089 06       		.uleb128 0x6
 840 008a 40       		.uleb128 0x40
 841 008b 18       		.uleb128 0x18
 842 008c 9742     		.uleb128 0x2117
 843 008e 19       		.uleb128 0x19
 844 008f 01       		.uleb128 0x1
 845 0090 13       		.uleb128 0x13
 846 0091 00       		.byte	0
 847 0092 00       		.byte	0
 848 0093 0A       		.uleb128 0xa
 849 0094 898201   		.uleb128 0x4109
 850 0097 00       		.byte	0
 851 0098 11       		.uleb128 0x11
 852 0099 01       		.uleb128 0x1
 853 009a 31       		.uleb128 0x31
 854 009b 13       		.uleb128 0x13
 855 009c 00       		.byte	0
 856 009d 00       		.byte	0
 857 009e 0B       		.uleb128 0xb
 858 009f 898201   		.uleb128 0x4109
 859 00a2 01       		.byte	0x1
 860 00a3 11       		.uleb128 0x11
 861 00a4 01       		.uleb128 0x1
 862 00a5 31       		.uleb128 0x31
 863 00a6 13       		.uleb128 0x13
 864 00a7 00       		.byte	0
 865 00a8 00       		.byte	0
 866 00a9 0C       		.uleb128 0xc
 867 00aa 34       		.uleb128 0x34
 868 00ab 00       		.byte	0
 869 00ac 03       		.uleb128 0x3
 870 00ad 0E       		.uleb128 0xe
 871 00ae 3A       		.uleb128 0x3a
 872 00af 0B       		.uleb128 0xb
 873 00b0 3B       		.uleb128 0x3b
 874 00b1 05       		.uleb128 0x5
 875 00b2 49       		.uleb128 0x49
 876 00b3 13       		.uleb128 0x13
 877 00b4 3F       		.uleb128 0x3f
 878 00b5 19       		.uleb128 0x19
 879 00b6 3C       		.uleb128 0x3c
 880 00b7 19       		.uleb128 0x19
 881 00b8 00       		.byte	0
 882 00b9 00       		.byte	0
 883 00ba 0D       		.uleb128 0xd
ARM GAS  C:\Users\laure\AppData\Local\Temp\ccWKtNmQ.s 			page 18


 884 00bb 35       		.uleb128 0x35
 885 00bc 00       		.byte	0
 886 00bd 49       		.uleb128 0x49
 887 00be 13       		.uleb128 0x13
 888 00bf 00       		.byte	0
 889 00c0 00       		.byte	0
 890 00c1 0E       		.uleb128 0xe
 891 00c2 2E       		.uleb128 0x2e
 892 00c3 00       		.byte	0
 893 00c4 3F       		.uleb128 0x3f
 894 00c5 19       		.uleb128 0x19
 895 00c6 3C       		.uleb128 0x3c
 896 00c7 19       		.uleb128 0x19
 897 00c8 6E       		.uleb128 0x6e
 898 00c9 0E       		.uleb128 0xe
 899 00ca 03       		.uleb128 0x3
 900 00cb 0E       		.uleb128 0xe
 901 00cc 3A       		.uleb128 0x3a
 902 00cd 0B       		.uleb128 0xb
 903 00ce 3B       		.uleb128 0x3b
 904 00cf 0B       		.uleb128 0xb
 905 00d0 00       		.byte	0
 906 00d1 00       		.byte	0
 907 00d2 00       		.byte	0
 908              		.section	.debug_aranges,"",%progbits
 909 0000 24000000 		.4byte	0x24
 910 0004 0200     		.2byte	0x2
 911 0006 00000000 		.4byte	.Ldebug_info0
 912 000a 04       		.byte	0x4
 913 000b 00       		.byte	0
 914 000c 0000     		.2byte	0
 915 000e 0000     		.2byte	0
 916 0010 00000000 		.4byte	.LFB63
 917 0014 18000000 		.4byte	.LFE63-.LFB63
 918 0018 00000000 		.4byte	.LFB64
 919 001c FC000000 		.4byte	.LFE64-.LFB64
 920 0020 00000000 		.4byte	0
 921 0024 00000000 		.4byte	0
 922              		.section	.debug_ranges,"",%progbits
 923              	.Ldebug_ranges0:
 924 0000 00000000 		.4byte	.LFB63
 925 0004 18000000 		.4byte	.LFE63
 926 0008 00000000 		.4byte	.LFB64
 927 000c FC000000 		.4byte	.LFE64
 928 0010 00000000 		.4byte	0
 929 0014 00000000 		.4byte	0
 930              		.section	.debug_line,"",%progbits
 931              	.Ldebug_line0:
 932 0000 E9010000 		.section	.debug_str,"MS",%progbits,1
 932      02009201 
 932      00000201 
 932      FB0E0D00 
 932      01010101 
 933              	.LASF8:
 934 0000 6C6F6E67 		.ascii	"long long int\000"
 934      206C6F6E 
 934      6720696E 
ARM GAS  C:\Users\laure\AppData\Local\Temp\ccWKtNmQ.s 			page 19


 934      7400
 935              	.LASF27:
 936 000e 6B657970 		.ascii	"keypad.c\000"
 936      61642E63 
 936      00
 937              	.LASF4:
 938 0017 5F5F7569 		.ascii	"__uint8_t\000"
 938      6E74385F 
 938      7400
 939              	.LASF28:
 940 0021 433A5C55 		.ascii	"C:\\Users\\laure\\OneDrive\\Documents\\PSoC Creator"
 940      73657273 
 940      5C6C6175 
 940      72655C4F 
 940      6E654472 
 941 004f 5C50536F 		.ascii	"\\PSoC 5LP\\FirstLab.cydsn\000"
 941      4320354C 
 941      505C4669 
 941      7273744C 
 941      61622E63 
 942              	.LASF25:
 943 0068 524F5733 		.ascii	"ROW3_Read\000"
 943      5F526561 
 943      6400
 944              	.LASF5:
 945 0072 5F5F696E 		.ascii	"__int32_t\000"
 945      7433325F 
 945      7400
 946              	.LASF22:
 947 007c 524F5730 		.ascii	"ROW0_Read\000"
 947      5F526561 
 947      6400
 948              	.LASF13:
 949 0086 666C6F61 		.ascii	"float\000"
 949      7400
 950              	.LASF1:
 951 008c 756E7369 		.ascii	"unsigned char\000"
 951      676E6564 
 951      20636861 
 951      7200
 952              	.LASF7:
 953 009a 6C6F6E67 		.ascii	"long unsigned int\000"
 953      20756E73 
 953      69676E65 
 953      6420696E 
 953      7400
 954              	.LASF3:
 955 00ac 73686F72 		.ascii	"short unsigned int\000"
 955      7420756E 
 955      7369676E 
 955      65642069 
 955      6E7400
 956              	.LASF23:
 957 00bf 524F5731 		.ascii	"ROW1_Read\000"
 957      5F526561 
 957      6400
 958              	.LASF31:
ARM GAS  C:\Users\laure\AppData\Local\Temp\ccWKtNmQ.s 			page 20


 959 00c9 49544D5F 		.ascii	"ITM_RxBuffer\000"
 959      52784275 
 959      66666572 
 959      00
 960              	.LASF14:
 961 00d6 646F7562 		.ascii	"double\000"
 961      6C6500
 962              	.LASF10:
 963 00dd 756E7369 		.ascii	"unsigned int\000"
 963      676E6564 
 963      20696E74 
 963      00
 964              	.LASF9:
 965 00ea 6C6F6E67 		.ascii	"long long unsigned int\000"
 965      206C6F6E 
 965      6720756E 
 965      7369676E 
 965      65642069 
 966              	.LASF11:
 967 0101 75696E74 		.ascii	"uint8_t\000"
 967      385F7400 
 968              	.LASF12:
 969 0109 696E7433 		.ascii	"int32_t\000"
 969      325F7400 
 970              	.LASF16:
 971 0111 73697A65 		.ascii	"sizetype\000"
 971      74797065 
 971      00
 972              	.LASF29:
 973 011a 6B657970 		.ascii	"keypadInit\000"
 973      6164496E 
 973      697400
 974              	.LASF18:
 975 0125 434F4C31 		.ascii	"COL1_Write\000"
 975      5F577269 
 975      746500
 976              	.LASF15:
 977 0130 63686172 		.ascii	"char\000"
 977      00
 978              	.LASF30:
 979 0135 6B657970 		.ascii	"keypadScan\000"
 979      61645363 
 979      616E00
 980              	.LASF2:
 981 0140 73686F72 		.ascii	"short int\000"
 981      7420696E 
 981      7400
 982              	.LASF19:
 983 014a 434F4C32 		.ascii	"COL2_Write\000"
 983      5F577269 
 983      746500
 984              	.LASF24:
 985 0155 524F5732 		.ascii	"ROW2_Read\000"
 985      5F526561 
 985      6400
 986              	.LASF26:
 987 015f 474E5520 		.ascii	"GNU C11 5.4.1 20160609 (release) [ARM/embedded-5-br"
ARM GAS  C:\Users\laure\AppData\Local\Temp\ccWKtNmQ.s 			page 21


 987      43313120 
 987      352E342E 
 987      31203230 
 987      31363036 
 988 0192 616E6368 		.ascii	"anch revision 237715] -mcpu=cortex-m3 -mthumb -g -O"
 988      20726576 
 988      6973696F 
 988      6E203233 
 988      37373135 
 989 01c5 73202D66 		.ascii	"s -ffunction-sections -ffat-lto-objects\000"
 989      66756E63 
 989      74696F6E 
 989      2D736563 
 989      74696F6E 
 990              	.LASF6:
 991 01ed 6C6F6E67 		.ascii	"long int\000"
 991      20696E74 
 991      00
 992              	.LASF17:
 993 01f6 6C6F6E67 		.ascii	"long double\000"
 993      20646F75 
 993      626C6500 
 994              	.LASF20:
 995 0202 434F4C33 		.ascii	"COL3_Write\000"
 995      5F577269 
 995      746500
 996              	.LASF0:
 997 020d 7369676E 		.ascii	"signed char\000"
 997      65642063 
 997      68617200 
 998              	.LASF21:
 999 0219 43794465 		.ascii	"CyDelay\000"
 999      6C617900 
 1000              		.ident	"GCC: (GNU Tools for ARM Embedded Processors) 5.4.1 20160609 (release) [ARM/embedded-5-bran
