ARM GAS  C:\Users\laure\AppData\Local\Temp\ccolGOci.s 			page 1


   1              		.syntax unified
   2              		.cpu cortex-m3
   3              		.fpu softvfp
   4              		.eabi_attribute 20, 1
   5              		.eabi_attribute 21, 1
   6              		.eabi_attribute 23, 3
   7              		.eabi_attribute 24, 1
   8              		.eabi_attribute 25, 1
   9              		.eabi_attribute 26, 1
  10              		.eabi_attribute 30, 4
  11              		.eabi_attribute 34, 1
  12              		.eabi_attribute 18, 4
  13              		.thumb
  14              		.syntax unified
  15              		.file	"LCD_Screen_BarGraph.c"
  16              		.text
  17              	.Ltext0:
  18              		.cfi_sections	.debug_frame
  19              		.section	.text.LCD_Screen_LoadCustomFonts,"ax",%progbits
  20              		.align	1
  21              		.global	LCD_Screen_LoadCustomFonts
  22              		.thumb
  23              		.thumb_func
  24              		.type	LCD_Screen_LoadCustomFonts, %function
  25              	LCD_Screen_LoadCustomFonts:
  26              	.LFB0:
  27              		.file 1 "Generated_Source\\PSoC5\\LCD_Screen_BarGraph.c"
   1:Generated_Source\PSoC5/LCD_Screen_BarGraph.c **** /*******************************************************************************
   2:Generated_Source\PSoC5/LCD_Screen_BarGraph.c **** * File Name: LCD_Screen_BarGraph.c
   3:Generated_Source\PSoC5/LCD_Screen_BarGraph.c **** * Version 2.20
   4:Generated_Source\PSoC5/LCD_Screen_BarGraph.c **** *
   5:Generated_Source\PSoC5/LCD_Screen_BarGraph.c **** * Description:
   6:Generated_Source\PSoC5/LCD_Screen_BarGraph.c **** *  This file provides the custom character data and API for creating and using
   7:Generated_Source\PSoC5/LCD_Screen_BarGraph.c **** *  bar graphs with the Character LCD component.
   8:Generated_Source\PSoC5/LCD_Screen_BarGraph.c **** *
   9:Generated_Source\PSoC5/LCD_Screen_BarGraph.c **** * Note:
  10:Generated_Source\PSoC5/LCD_Screen_BarGraph.c **** *
  11:Generated_Source\PSoC5/LCD_Screen_BarGraph.c **** ********************************************************************************
  12:Generated_Source\PSoC5/LCD_Screen_BarGraph.c **** * Copyright 2008-2014, Cypress Semiconductor Corporation.  All rights reserved.
  13:Generated_Source\PSoC5/LCD_Screen_BarGraph.c **** * You may use this file only in accordance with the license, terms, conditions,
  14:Generated_Source\PSoC5/LCD_Screen_BarGraph.c **** * disclaimers, and limitations in the end user license agreement accompanying
  15:Generated_Source\PSoC5/LCD_Screen_BarGraph.c **** * the software package with which this file was provided.
  16:Generated_Source\PSoC5/LCD_Screen_BarGraph.c **** *******************************************************************************/
  17:Generated_Source\PSoC5/LCD_Screen_BarGraph.c **** 
  18:Generated_Source\PSoC5/LCD_Screen_BarGraph.c **** #include "LCD_Screen.h"
  19:Generated_Source\PSoC5/LCD_Screen_BarGraph.c **** 
  20:Generated_Source\PSoC5/LCD_Screen_BarGraph.c **** 
  21:Generated_Source\PSoC5/LCD_Screen_BarGraph.c **** uint8 const CYCODE LCD_Screen_customFonts[] = \
  22:Generated_Source\PSoC5/LCD_Screen_BarGraph.c **** {
  23:Generated_Source\PSoC5/LCD_Screen_BarGraph.c ****     /* Character LCD_Screen_CUSTOM_0   */
  24:Generated_Source\PSoC5/LCD_Screen_BarGraph.c ****     0x00u,    0x00u,    0x00u,    0x00u,    0x00u,    0x00u,    0x00u,    0x00u, \
  25:Generated_Source\PSoC5/LCD_Screen_BarGraph.c ****     /* Character LCD_Screen_CUSTOM_1   */
  26:Generated_Source\PSoC5/LCD_Screen_BarGraph.c ****     0x10u,    0x10u,    0x10u,    0x10u,    0x10u,    0x10u,    0x10u,    0x10u, \
  27:Generated_Source\PSoC5/LCD_Screen_BarGraph.c ****     /* Character LCD_Screen_CUSTOM_2   */
  28:Generated_Source\PSoC5/LCD_Screen_BarGraph.c ****     0x18u,    0x18u,    0x18u,    0x18u,    0x18u,    0x18u,    0x18u,    0x18u, \
  29:Generated_Source\PSoC5/LCD_Screen_BarGraph.c ****     /* Character LCD_Screen_CUSTOM_3   */
  30:Generated_Source\PSoC5/LCD_Screen_BarGraph.c ****     0x1Cu,    0x1Cu,    0x1Cu,    0x1Cu,    0x1Cu,    0x1Cu,    0x1Cu,    0x1Cu, \
ARM GAS  C:\Users\laure\AppData\Local\Temp\ccolGOci.s 			page 2


  31:Generated_Source\PSoC5/LCD_Screen_BarGraph.c ****     /* Character LCD_Screen_CUSTOM_4   */
  32:Generated_Source\PSoC5/LCD_Screen_BarGraph.c ****     0x1Eu,    0x1Eu,    0x1Eu,    0x1Eu,    0x1Eu,    0x1Eu,    0x1Eu,    0x1Eu, \
  33:Generated_Source\PSoC5/LCD_Screen_BarGraph.c ****     /* Character LCD_Screen_CUSTOM_5   */
  34:Generated_Source\PSoC5/LCD_Screen_BarGraph.c ****     0x1Fu,    0x1Fu,    0x1Fu,    0x1Fu,    0x1Fu,    0x1Fu,    0x1Fu,    0x1Fu, \
  35:Generated_Source\PSoC5/LCD_Screen_BarGraph.c ****     /* Character LCD_Screen_CUSTOM_6   */
  36:Generated_Source\PSoC5/LCD_Screen_BarGraph.c ****     0x00u,    0x00u,    0x00u,    0x00u,    0x00u,    0x00u,    0x00u,    0x00u, \
  37:Generated_Source\PSoC5/LCD_Screen_BarGraph.c ****     /* Character LCD_Screen_CUSTOM_7   */
  38:Generated_Source\PSoC5/LCD_Screen_BarGraph.c ****     0x00u,    0x00u,    0x00u,    0x00u,    0x00u,    0x00u,    0x00u,    0x00u \
  39:Generated_Source\PSoC5/LCD_Screen_BarGraph.c **** };
  40:Generated_Source\PSoC5/LCD_Screen_BarGraph.c **** 
  41:Generated_Source\PSoC5/LCD_Screen_BarGraph.c **** 
  42:Generated_Source\PSoC5/LCD_Screen_BarGraph.c **** /*******************************************************************************
  43:Generated_Source\PSoC5/LCD_Screen_BarGraph.c **** * Function Name: LCD_Screen_LoadCustomFonts
  44:Generated_Source\PSoC5/LCD_Screen_BarGraph.c **** ********************************************************************************
  45:Generated_Source\PSoC5/LCD_Screen_BarGraph.c **** *
  46:Generated_Source\PSoC5/LCD_Screen_BarGraph.c **** * Summary:
  47:Generated_Source\PSoC5/LCD_Screen_BarGraph.c **** *  Loads 8 custom font characters into the LCD Module for use.  Cannot use
  48:Generated_Source\PSoC5/LCD_Screen_BarGraph.c **** *  characters from two different font sets at once, but font sets can be
  49:Generated_Source\PSoC5/LCD_Screen_BarGraph.c **** *  switched out during runtime.
  50:Generated_Source\PSoC5/LCD_Screen_BarGraph.c **** *
  51:Generated_Source\PSoC5/LCD_Screen_BarGraph.c **** * Parameters:
  52:Generated_Source\PSoC5/LCD_Screen_BarGraph.c **** *  customData:  pointer to a constant array of 64 bytes representing 8 custom
  53:Generated_Source\PSoC5/LCD_Screen_BarGraph.c **** *               font characters.
  54:Generated_Source\PSoC5/LCD_Screen_BarGraph.c **** * Return:
  55:Generated_Source\PSoC5/LCD_Screen_BarGraph.c **** *  None.
  56:Generated_Source\PSoC5/LCD_Screen_BarGraph.c **** *
  57:Generated_Source\PSoC5/LCD_Screen_BarGraph.c **** * Theory:
  58:Generated_Source\PSoC5/LCD_Screen_BarGraph.c **** *  Prior to using this function user need to import the pointer to custom
  59:Generated_Source\PSoC5/LCD_Screen_BarGraph.c **** *  font array to your project by writting the following in the source code file
  60:Generated_Source\PSoC5/LCD_Screen_BarGraph.c **** *  where custom font will be used:
  61:Generated_Source\PSoC5/LCD_Screen_BarGraph.c **** *       extern uint8 const CYCODE LCD_Char_customFonts[];
  62:Generated_Source\PSoC5/LCD_Screen_BarGraph.c **** *  This function is not automatically called by the Start() routine and must be
  63:Generated_Source\PSoC5/LCD_Screen_BarGraph.c **** *  called manually by the user.
  64:Generated_Source\PSoC5/LCD_Screen_BarGraph.c **** *******************************************************************************/
  65:Generated_Source\PSoC5/LCD_Screen_BarGraph.c **** void LCD_Screen_LoadCustomFonts(uint8 const customData[]) 
  66:Generated_Source\PSoC5/LCD_Screen_BarGraph.c **** {
  28              		.loc 1 66 0
  29              		.cfi_startproc
  30              		@ args = 0, pretend = 0, frame = 0
  31              		@ frame_needed = 0, uses_anonymous_args = 0
  32              	.LVL0:
  33 0000 38B5     		push	{r3, r4, r5, lr}
  34              		.cfi_def_cfa_offset 16
  35              		.cfi_offset 3, -16
  36              		.cfi_offset 4, -12
  37              		.cfi_offset 5, -8
  38              		.cfi_offset 14, -4
  39              		.loc 1 66 0
  40 0002 0446     		mov	r4, r0
  67:Generated_Source\PSoC5/LCD_Screen_BarGraph.c ****     uint8 indexU8;
  68:Generated_Source\PSoC5/LCD_Screen_BarGraph.c **** 
  69:Generated_Source\PSoC5/LCD_Screen_BarGraph.c ****     LCD_Screen_IsReady();
  41              		.loc 1 69 0
  42 0004 FFF7FEFF 		bl	LCD_Screen_IsReady
  43              	.LVL1:
  70:Generated_Source\PSoC5/LCD_Screen_BarGraph.c ****     /* Set starting address in the LCD Module */
  71:Generated_Source\PSoC5/LCD_Screen_BarGraph.c ****     /* Optionally: Read the current address to restore at a later time */
ARM GAS  C:\Users\laure\AppData\Local\Temp\ccolGOci.s 			page 3


  72:Generated_Source\PSoC5/LCD_Screen_BarGraph.c ****     LCD_Screen_WriteControl(LCD_Screen_CGRAM_0);
  44              		.loc 1 72 0
  45 0008 4020     		movs	r0, #64
  46 000a FFF7FEFF 		bl	LCD_Screen_WriteControl
  47              	.LVL2:
  48 000e 651E     		subs	r5, r4, #1
  49 0010 3F34     		adds	r4, r4, #63
  50              	.LVL3:
  51              	.L2:
  73:Generated_Source\PSoC5/LCD_Screen_BarGraph.c **** 
  74:Generated_Source\PSoC5/LCD_Screen_BarGraph.c ****     /* Load in the 64 bytes of CustomChar Data */
  75:Generated_Source\PSoC5/LCD_Screen_BarGraph.c ****     for(indexU8 = 0u; indexU8 < LCD_Screen_CUSTOM_CHAR_SET_LEN; indexU8++)
  76:Generated_Source\PSoC5/LCD_Screen_BarGraph.c ****     {
  77:Generated_Source\PSoC5/LCD_Screen_BarGraph.c ****         /* Delay between each write */
  78:Generated_Source\PSoC5/LCD_Screen_BarGraph.c ****         LCD_Screen_WriteData(customData[indexU8]);
  52              		.loc 1 78 0 discriminator 3
  53 0012 15F8010F 		ldrb	r0, [r5, #1]!	@ zero_extendqisi2
  54              	.LVL4:
  55 0016 FFF7FEFF 		bl	LCD_Screen_WriteData
  56              	.LVL5:
  75:Generated_Source\PSoC5/LCD_Screen_BarGraph.c ****     {
  57              		.loc 1 75 0 discriminator 3
  58 001a A542     		cmp	r5, r4
  59 001c F9D1     		bne	.L2
  79:Generated_Source\PSoC5/LCD_Screen_BarGraph.c ****     }
  80:Generated_Source\PSoC5/LCD_Screen_BarGraph.c **** 
  81:Generated_Source\PSoC5/LCD_Screen_BarGraph.c ****     LCD_Screen_IsReady();
  60              		.loc 1 81 0
  61 001e FFF7FEFF 		bl	LCD_Screen_IsReady
  62              	.LVL6:
  82:Generated_Source\PSoC5/LCD_Screen_BarGraph.c ****     LCD_Screen_WriteControl(LCD_Screen_DDRAM_0);
  83:Generated_Source\PSoC5/LCD_Screen_BarGraph.c **** }
  63              		.loc 1 83 0
  64 0022 BDE83840 		pop	{r3, r4, r5, lr}
  65              		.cfi_restore 14
  66              		.cfi_restore 5
  67              		.cfi_restore 4
  68              		.cfi_restore 3
  69              		.cfi_def_cfa_offset 0
  70              	.LVL7:
  82:Generated_Source\PSoC5/LCD_Screen_BarGraph.c ****     LCD_Screen_WriteControl(LCD_Screen_DDRAM_0);
  71              		.loc 1 82 0
  72 0026 8020     		movs	r0, #128
  73 0028 FFF7FEBF 		b	LCD_Screen_WriteControl
  74              	.LVL8:
  75              		.cfi_endproc
  76              	.LFE0:
  77              		.size	LCD_Screen_LoadCustomFonts, .-LCD_Screen_LoadCustomFonts
  78              		.section	.text.LCD_Screen_DrawHorizontalBG,"ax",%progbits
  79              		.align	1
  80              		.global	LCD_Screen_DrawHorizontalBG
  81              		.thumb
  82              		.thumb_func
  83              		.type	LCD_Screen_DrawHorizontalBG, %function
  84              	LCD_Screen_DrawHorizontalBG:
  85              	.LFB1:
  84:Generated_Source\PSoC5/LCD_Screen_BarGraph.c **** 
ARM GAS  C:\Users\laure\AppData\Local\Temp\ccolGOci.s 			page 4


  85:Generated_Source\PSoC5/LCD_Screen_BarGraph.c **** 
  86:Generated_Source\PSoC5/LCD_Screen_BarGraph.c **** #if (LCD_Screen_CUSTOM_CHAR_SET == LCD_Screen_HORIZONTAL_BG)
  87:Generated_Source\PSoC5/LCD_Screen_BarGraph.c **** 
  88:Generated_Source\PSoC5/LCD_Screen_BarGraph.c ****     /*******************************************************************************
  89:Generated_Source\PSoC5/LCD_Screen_BarGraph.c ****     * Function Name: LCD_Screen_DrawHorizontalBG
  90:Generated_Source\PSoC5/LCD_Screen_BarGraph.c ****     ********************************************************************************
  91:Generated_Source\PSoC5/LCD_Screen_BarGraph.c ****     *
  92:Generated_Source\PSoC5/LCD_Screen_BarGraph.c ****     * Summary:
  93:Generated_Source\PSoC5/LCD_Screen_BarGraph.c ****     *  Draws the horizontal bargraph.
  94:Generated_Source\PSoC5/LCD_Screen_BarGraph.c ****     *
  95:Generated_Source\PSoC5/LCD_Screen_BarGraph.c ****     * Parameters:
  96:Generated_Source\PSoC5/LCD_Screen_BarGraph.c ****     *  row:            The row in which the bar graph starts.
  97:Generated_Source\PSoC5/LCD_Screen_BarGraph.c ****     *  column:         The column in which the bar graph starts.
  98:Generated_Source\PSoC5/LCD_Screen_BarGraph.c ****     *  maxCharacters:  The max length of the graph in whole characters.
  99:Generated_Source\PSoC5/LCD_Screen_BarGraph.c ****     *  value:          The current length or height of the graph in pixels.
 100:Generated_Source\PSoC5/LCD_Screen_BarGraph.c ****     *
 101:Generated_Source\PSoC5/LCD_Screen_BarGraph.c ****     * Return:
 102:Generated_Source\PSoC5/LCD_Screen_BarGraph.c ****     *  void.
 103:Generated_Source\PSoC5/LCD_Screen_BarGraph.c ****     *
 104:Generated_Source\PSoC5/LCD_Screen_BarGraph.c ****     *******************************************************************************/
 105:Generated_Source\PSoC5/LCD_Screen_BarGraph.c ****     void LCD_Screen_DrawHorizontalBG(uint8 row, uint8 column, uint8 maxCharacters, uint8 value) \
 106:Generated_Source\PSoC5/LCD_Screen_BarGraph.c ****                                                             
 107:Generated_Source\PSoC5/LCD_Screen_BarGraph.c ****     {
  86              		.loc 1 107 0
  87              		.cfi_startproc
  88              		@ args = 0, pretend = 0, frame = 0
  89              		@ frame_needed = 0, uses_anonymous_args = 0
  90              	.LVL9:
  91 0000 F8B5     		push	{r3, r4, r5, r6, r7, lr}
  92              		.cfi_def_cfa_offset 24
  93              		.cfi_offset 3, -24
  94              		.cfi_offset 4, -20
  95              		.cfi_offset 5, -16
  96              		.cfi_offset 6, -12
  97              		.cfi_offset 7, -8
  98              		.cfi_offset 14, -4
  99 0002 0525     		movs	r5, #5
 100 0004 B3FBF5F5 		udiv	r5, r3, r5
 101 0008 9542     		cmp	r5, r2
 102              		.loc 1 107 0
 103 000a 1446     		mov	r4, r2
 104 000c 1E46     		mov	r6, r3
 105 000e 28BF     		it	cs
 106 0010 1546     		movcs	r5, r2
 107              	.LVL10:
 108:Generated_Source\PSoC5/LCD_Screen_BarGraph.c ****         /* 8-bit Counter */
 109:Generated_Source\PSoC5/LCD_Screen_BarGraph.c ****         uint8 count8;
 110:Generated_Source\PSoC5/LCD_Screen_BarGraph.c ****         uint8 fullChars;
 111:Generated_Source\PSoC5/LCD_Screen_BarGraph.c ****         uint8 remainingPixels;
 112:Generated_Source\PSoC5/LCD_Screen_BarGraph.c **** 
 113:Generated_Source\PSoC5/LCD_Screen_BarGraph.c ****         /* Number of full characters to draw */
 114:Generated_Source\PSoC5/LCD_Screen_BarGraph.c ****         fullChars = value / LCD_Screen_CHARACTER_WIDTH;
 115:Generated_Source\PSoC5/LCD_Screen_BarGraph.c **** 
 116:Generated_Source\PSoC5/LCD_Screen_BarGraph.c ****         /* Number of remaining pixels to draw */
 117:Generated_Source\PSoC5/LCD_Screen_BarGraph.c ****         remainingPixels = value % LCD_Screen_CHARACTER_WIDTH;
 118:Generated_Source\PSoC5/LCD_Screen_BarGraph.c **** 
 119:Generated_Source\PSoC5/LCD_Screen_BarGraph.c ****         /* Ensure that the maximum character limit is followed. */
ARM GAS  C:\Users\laure\AppData\Local\Temp\ccolGOci.s 			page 5


 120:Generated_Source\PSoC5/LCD_Screen_BarGraph.c ****         if(fullChars >= maxCharacters)
 121:Generated_Source\PSoC5/LCD_Screen_BarGraph.c ****         {
 122:Generated_Source\PSoC5/LCD_Screen_BarGraph.c ****             fullChars = maxCharacters;
 123:Generated_Source\PSoC5/LCD_Screen_BarGraph.c ****         }
 124:Generated_Source\PSoC5/LCD_Screen_BarGraph.c **** 
 125:Generated_Source\PSoC5/LCD_Screen_BarGraph.c ****         /* Put Cursor at start position */
 126:Generated_Source\PSoC5/LCD_Screen_BarGraph.c ****         LCD_Screen_Position(row, column);
 108              		.loc 1 126 0
 109 0012 FFF7FEFF 		bl	LCD_Screen_Position
 110              	.LVL11:
 127:Generated_Source\PSoC5/LCD_Screen_BarGraph.c **** 
 128:Generated_Source\PSoC5/LCD_Screen_BarGraph.c ****         /* Write full characters */
 129:Generated_Source\PSoC5/LCD_Screen_BarGraph.c ****         for(count8 = 0u; count8 < fullChars; count8++)
 111              		.loc 1 129 0
 112 0016 0027     		movs	r7, #0
 113              	.LVL12:
 114              	.L6:
 115              		.loc 1 129 0 is_stmt 0 discriminator 1
 116 0018 FBB2     		uxtb	r3, r7
 117 001a 9D42     		cmp	r5, r3
 118 001c 04D9     		bls	.L12
 130:Generated_Source\PSoC5/LCD_Screen_BarGraph.c ****         {
 131:Generated_Source\PSoC5/LCD_Screen_BarGraph.c ****             LCD_Screen_WriteData(LCD_Screen_CUSTOM_5);
 119              		.loc 1 131 0 is_stmt 1 discriminator 3
 120 001e 0520     		movs	r0, #5
 121 0020 FFF7FEFF 		bl	LCD_Screen_WriteData
 122              	.LVL13:
 123 0024 0137     		adds	r7, r7, #1
 124              	.LVL14:
 125 0026 F7E7     		b	.L6
 126              	.LVL15:
 127              	.L12:
 132:Generated_Source\PSoC5/LCD_Screen_BarGraph.c ****         }
 133:Generated_Source\PSoC5/LCD_Screen_BarGraph.c **** 
 134:Generated_Source\PSoC5/LCD_Screen_BarGraph.c ****         if(fullChars < maxCharacters)
 128              		.loc 1 134 0
 129 0028 AC42     		cmp	r4, r5
 130 002a 17D9     		bls	.L5
 135:Generated_Source\PSoC5/LCD_Screen_BarGraph.c ****         {
 136:Generated_Source\PSoC5/LCD_Screen_BarGraph.c ****             /* Write remaining pixels */
 137:Generated_Source\PSoC5/LCD_Screen_BarGraph.c ****             LCD_Screen_WriteData(remainingPixels);
 131              		.loc 1 137 0
 132 002c 0520     		movs	r0, #5
 133 002e B6FBF0F0 		udiv	r0, r6, r0
 134 0032 00EB8000 		add	r0, r0, r0, lsl #2
 135 0036 301A     		subs	r0, r6, r0
 136 0038 C0B2     		uxtb	r0, r0
 137 003a FFF7FEFF 		bl	LCD_Screen_WriteData
 138              	.LVL16:
 138:Generated_Source\PSoC5/LCD_Screen_BarGraph.c **** 
 139:Generated_Source\PSoC5/LCD_Screen_BarGraph.c ****             if(fullChars < (maxCharacters - 1u))
 139              		.loc 1 139 0
 140 003e 631E     		subs	r3, r4, #1
 141 0040 9D42     		cmp	r5, r3
 142 0042 0BD2     		bcs	.L5
 140:Generated_Source\PSoC5/LCD_Screen_BarGraph.c ****             {
 141:Generated_Source\PSoC5/LCD_Screen_BarGraph.c ****                 /* Fill with whitespace to end of bar graph */
ARM GAS  C:\Users\laure\AppData\Local\Temp\ccolGOci.s 			page 6


 142:Generated_Source\PSoC5/LCD_Screen_BarGraph.c ****                 for(count8 = 0u; count8 < (maxCharacters - fullChars - 1u); count8++)
 143              		.loc 1 142 0 discriminator 1
 144 0044 641B     		subs	r4, r4, r5
 145 0046 0026     		movs	r6, #0
 146 0048 013C     		subs	r4, r4, #1
 147              	.LVL17:
 148              	.L10:
 149 004a F3B2     		uxtb	r3, r6
 150              	.LVL18:
 151 004c A342     		cmp	r3, r4
 152 004e 06F10106 		add	r6, r6, #1
 153 0052 03D2     		bcs	.L5
 143:Generated_Source\PSoC5/LCD_Screen_BarGraph.c ****                 {
 144:Generated_Source\PSoC5/LCD_Screen_BarGraph.c ****                     LCD_Screen_WriteData(LCD_Screen_CUSTOM_0);
 154              		.loc 1 144 0 discriminator 3
 155 0054 0020     		movs	r0, #0
 156 0056 FFF7FEFF 		bl	LCD_Screen_WriteData
 157              	.LVL19:
 158 005a F6E7     		b	.L10
 159              	.LVL20:
 160              	.L5:
 161 005c F8BD     		pop	{r3, r4, r5, r6, r7, pc}
 162              		.cfi_endproc
 163              	.LFE1:
 164              		.size	LCD_Screen_DrawHorizontalBG, .-LCD_Screen_DrawHorizontalBG
 165              		.global	LCD_Screen_customFonts
 166              		.section	.rodata
 167              		.type	LCD_Screen_customFonts, %object
 168              		.size	LCD_Screen_customFonts, 64
 169              	LCD_Screen_customFonts:
 170 0000 00       		.byte	0
 171 0001 00       		.byte	0
 172 0002 00       		.byte	0
 173 0003 00       		.byte	0
 174 0004 00       		.byte	0
 175 0005 00       		.byte	0
 176 0006 00       		.byte	0
 177 0007 00       		.byte	0
 178 0008 10       		.byte	16
 179 0009 10       		.byte	16
 180 000a 10       		.byte	16
 181 000b 10       		.byte	16
 182 000c 10       		.byte	16
 183 000d 10       		.byte	16
 184 000e 10       		.byte	16
 185 000f 10       		.byte	16
 186 0010 18       		.byte	24
 187 0011 18       		.byte	24
 188 0012 18       		.byte	24
 189 0013 18       		.byte	24
 190 0014 18       		.byte	24
 191 0015 18       		.byte	24
 192 0016 18       		.byte	24
 193 0017 18       		.byte	24
 194 0018 1C       		.byte	28
 195 0019 1C       		.byte	28
 196 001a 1C       		.byte	28
ARM GAS  C:\Users\laure\AppData\Local\Temp\ccolGOci.s 			page 7


 197 001b 1C       		.byte	28
 198 001c 1C       		.byte	28
 199 001d 1C       		.byte	28
 200 001e 1C       		.byte	28
 201 001f 1C       		.byte	28
 202 0020 1E       		.byte	30
 203 0021 1E       		.byte	30
 204 0022 1E       		.byte	30
 205 0023 1E       		.byte	30
 206 0024 1E       		.byte	30
 207 0025 1E       		.byte	30
 208 0026 1E       		.byte	30
 209 0027 1E       		.byte	30
 210 0028 1F       		.byte	31
 211 0029 1F       		.byte	31
 212 002a 1F       		.byte	31
 213 002b 1F       		.byte	31
 214 002c 1F       		.byte	31
 215 002d 1F       		.byte	31
 216 002e 1F       		.byte	31
 217 002f 1F       		.byte	31
 218 0030 00       		.byte	0
 219 0031 00       		.byte	0
 220 0032 00       		.byte	0
 221 0033 00       		.byte	0
 222 0034 00       		.byte	0
 223 0035 00       		.byte	0
 224 0036 00       		.byte	0
 225 0037 00       		.byte	0
 226 0038 00       		.byte	0
 227 0039 00       		.byte	0
 228 003a 00       		.byte	0
 229 003b 00       		.byte	0
 230 003c 00       		.byte	0
 231 003d 00       		.byte	0
 232 003e 00       		.byte	0
 233 003f 00       		.byte	0
 234              		.text
 235              	.Letext0:
 236              		.file 2 "Generated_Source\\PSoC5\\LCD_Screen.h"
 237              		.file 3 "Generated_Source\\PSoC5\\cytypes.h"
 238              		.section	.debug_info,"",%progbits
 239              	.Ldebug_info0:
 240 0000 2B020000 		.4byte	0x22b
 241 0004 0400     		.2byte	0x4
 242 0006 00000000 		.4byte	.Ldebug_abbrev0
 243 000a 04       		.byte	0x4
 244 000b 01       		.uleb128 0x1
 245 000c A6010000 		.4byte	.LASF27
 246 0010 0C       		.byte	0xc
 247 0011 68000000 		.4byte	.LASF28
 248 0015 08000000 		.4byte	.LASF29
 249 0019 00000000 		.4byte	.Ldebug_ranges0+0
 250 001d 00000000 		.4byte	0
 251 0021 00000000 		.4byte	.Ldebug_line0
 252 0025 02       		.uleb128 0x2
 253 0026 04       		.byte	0x4
ARM GAS  C:\Users\laure\AppData\Local\Temp\ccolGOci.s 			page 8


 254 0027 07       		.byte	0x7
 255 0028 99010000 		.4byte	.LASF0
 256 002c 02       		.uleb128 0x2
 257 002d 01       		.byte	0x1
 258 002e 06       		.byte	0x6
 259 002f 76010000 		.4byte	.LASF1
 260 0033 02       		.uleb128 0x2
 261 0034 01       		.byte	0x1
 262 0035 08       		.byte	0x8
 263 0036 58010000 		.4byte	.LASF2
 264 003a 02       		.uleb128 0x2
 265 003b 02       		.byte	0x2
 266 003c 05       		.byte	0x5
 267 003d 95000000 		.4byte	.LASF3
 268 0041 02       		.uleb128 0x2
 269 0042 02       		.byte	0x2
 270 0043 07       		.byte	0x7
 271 0044 42020000 		.4byte	.LASF4
 272 0048 02       		.uleb128 0x2
 273 0049 04       		.byte	0x4
 274 004a 05       		.byte	0x5
 275 004b 25010000 		.4byte	.LASF5
 276 004f 02       		.uleb128 0x2
 277 0050 04       		.byte	0x4
 278 0051 07       		.byte	0x7
 279 0052 76020000 		.4byte	.LASF6
 280 0056 02       		.uleb128 0x2
 281 0057 08       		.byte	0x8
 282 0058 05       		.byte	0x5
 283 0059 17010000 		.4byte	.LASF7
 284 005d 02       		.uleb128 0x2
 285 005e 08       		.byte	0x8
 286 005f 07       		.byte	0x7
 287 0060 82010000 		.4byte	.LASF8
 288 0064 03       		.uleb128 0x3
 289 0065 04       		.byte	0x4
 290 0066 05       		.byte	0x5
 291 0067 696E7400 		.ascii	"int\000"
 292 006b 04       		.uleb128 0x4
 293 006c DC000000 		.4byte	.LASF30
 294 0070 03       		.byte	0x3
 295 0071 E401     		.2byte	0x1e4
 296 0073 33000000 		.4byte	0x33
 297 0077 02       		.uleb128 0x2
 298 0078 04       		.byte	0x4
 299 0079 04       		.byte	0x4
 300 007a 11010000 		.4byte	.LASF9
 301 007e 02       		.uleb128 0x2
 302 007f 08       		.byte	0x8
 303 0080 04       		.byte	0x4
 304 0081 88020000 		.4byte	.LASF10
 305 0085 02       		.uleb128 0x2
 306 0086 01       		.byte	0x1
 307 0087 08       		.byte	0x8
 308 0088 55020000 		.4byte	.LASF11
 309 008c 05       		.uleb128 0x5
 310 008d C1000000 		.4byte	.LASF12
ARM GAS  C:\Users\laure\AppData\Local\Temp\ccolGOci.s 			page 9


 311 0091 01       		.byte	0x1
 312 0092 41       		.byte	0x41
 313 0093 00000000 		.4byte	.LFB0
 314 0097 2C000000 		.4byte	.LFE0-.LFB0
 315 009b 01       		.uleb128 0x1
 316 009c 9C       		.byte	0x9c
 317 009d FF000000 		.4byte	0xff
 318 00a1 06       		.uleb128 0x6
 319 00a2 2E010000 		.4byte	.LASF14
 320 00a6 01       		.byte	0x1
 321 00a7 41       		.byte	0x41
 322 00a8 FF000000 		.4byte	0xff
 323 00ac 00000000 		.4byte	.LLST0
 324 00b0 07       		.uleb128 0x7
 325 00b1 00000000 		.4byte	.LASF18
 326 00b5 01       		.byte	0x1
 327 00b6 43       		.byte	0x43
 328 00b7 6B000000 		.4byte	0x6b
 329 00bb 39000000 		.4byte	.LLST1
 330 00bf 08       		.uleb128 0x8
 331 00c0 08000000 		.4byte	.LVL1
 332 00c4 02020000 		.4byte	0x202
 333 00c8 09       		.uleb128 0x9
 334 00c9 0E000000 		.4byte	.LVL2
 335 00cd 0D020000 		.4byte	0x20d
 336 00d1 DC000000 		.4byte	0xdc
 337 00d5 0A       		.uleb128 0xa
 338 00d6 01       		.uleb128 0x1
 339 00d7 50       		.byte	0x50
 340 00d8 02       		.uleb128 0x2
 341 00d9 08       		.byte	0x8
 342 00da 40       		.byte	0x40
 343 00db 00       		.byte	0
 344 00dc 08       		.uleb128 0x8
 345 00dd 1A000000 		.4byte	.LVL5
 346 00e1 18020000 		.4byte	0x218
 347 00e5 08       		.uleb128 0x8
 348 00e6 22000000 		.4byte	.LVL6
 349 00ea 02020000 		.4byte	0x202
 350 00ee 0B       		.uleb128 0xb
 351 00ef 2C000000 		.4byte	.LVL8
 352 00f3 0D020000 		.4byte	0x20d
 353 00f7 0A       		.uleb128 0xa
 354 00f8 01       		.uleb128 0x1
 355 00f9 50       		.byte	0x50
 356 00fa 02       		.uleb128 0x2
 357 00fb 09       		.byte	0x9
 358 00fc 80       		.byte	0x80
 359 00fd 00       		.byte	0
 360 00fe 00       		.byte	0
 361 00ff 0C       		.uleb128 0xc
 362 0100 04       		.byte	0x4
 363 0101 05010000 		.4byte	0x105
 364 0105 0D       		.uleb128 0xd
 365 0106 6B000000 		.4byte	0x6b
 366 010a 05       		.uleb128 0x5
 367 010b 5A020000 		.4byte	.LASF13
ARM GAS  C:\Users\laure\AppData\Local\Temp\ccolGOci.s 			page 10


 368 010f 01       		.byte	0x1
 369 0110 69       		.byte	0x69
 370 0111 00000000 		.4byte	.LFB1
 371 0115 5E000000 		.4byte	.LFE1-.LFB1
 372 0119 01       		.uleb128 0x1
 373 011a 9C       		.byte	0x9c
 374 011b D5010000 		.4byte	0x1d5
 375 011f 0E       		.uleb128 0xe
 376 0120 726F7700 		.ascii	"row\000"
 377 0124 01       		.byte	0x1
 378 0125 69       		.byte	0x69
 379 0126 6B000000 		.4byte	0x6b
 380 012a 6D000000 		.4byte	.LLST2
 381 012e 06       		.uleb128 0x6
 382 012f 4D000000 		.4byte	.LASF15
 383 0133 01       		.byte	0x1
 384 0134 69       		.byte	0x69
 385 0135 6B000000 		.4byte	0x6b
 386 0139 8E000000 		.4byte	.LLST3
 387 013d 06       		.uleb128 0x6
 388 013e 34020000 		.4byte	.LASF16
 389 0142 01       		.byte	0x1
 390 0143 69       		.byte	0x69
 391 0144 6B000000 		.4byte	0x6b
 392 0148 AF000000 		.4byte	.LLST4
 393 014c 06       		.uleb128 0x6
 394 014d BB000000 		.4byte	.LASF17
 395 0151 01       		.byte	0x1
 396 0152 69       		.byte	0x69
 397 0153 6B000000 		.4byte	0x6b
 398 0157 D0000000 		.4byte	.LLST5
 399 015b 07       		.uleb128 0x7
 400 015c 8F020000 		.4byte	.LASF19
 401 0160 01       		.byte	0x1
 402 0161 6D       		.byte	0x6d
 403 0162 6B000000 		.4byte	0x6b
 404 0166 F1000000 		.4byte	.LLST6
 405 016a 07       		.uleb128 0x7
 406 016b 39010000 		.4byte	.LASF20
 407 016f 01       		.byte	0x1
 408 0170 6E       		.byte	0x6e
 409 0171 6B000000 		.4byte	0x6b
 410 0175 49010000 		.4byte	.LLST7
 411 0179 07       		.uleb128 0x7
 412 017a 66010000 		.4byte	.LASF21
 413 017e 01       		.byte	0x1
 414 017f 6F       		.byte	0x6f
 415 0180 6B000000 		.4byte	0x6b
 416 0184 71010000 		.4byte	.LLST8
 417 0188 08       		.uleb128 0x8
 418 0189 16000000 		.4byte	.LVL11
 419 018d 23020000 		.4byte	0x223
 420 0191 09       		.uleb128 0x9
 421 0192 24000000 		.4byte	.LVL13
 422 0196 18020000 		.4byte	0x218
 423 019a A4010000 		.4byte	0x1a4
 424 019e 0A       		.uleb128 0xa
ARM GAS  C:\Users\laure\AppData\Local\Temp\ccolGOci.s 			page 11


 425 019f 01       		.uleb128 0x1
 426 01a0 50       		.byte	0x50
 427 01a1 01       		.uleb128 0x1
 428 01a2 35       		.byte	0x35
 429 01a3 00       		.byte	0
 430 01a4 09       		.uleb128 0x9
 431 01a5 3E000000 		.4byte	.LVL16
 432 01a9 18020000 		.4byte	0x218
 433 01ad C5010000 		.4byte	0x1c5
 434 01b1 0A       		.uleb128 0xa
 435 01b2 01       		.uleb128 0x1
 436 01b3 50       		.byte	0x50
 437 01b4 0F       		.uleb128 0xf
 438 01b5 76       		.byte	0x76
 439 01b6 00       		.sleb128 0
 440 01b7 76       		.byte	0x76
 441 01b8 00       		.sleb128 0
 442 01b9 F7       		.byte	0xf7
 443 01ba 25       		.uleb128 0x25
 444 01bb 35       		.byte	0x35
 445 01bc F7       		.byte	0xf7
 446 01bd 25       		.uleb128 0x25
 447 01be 1B       		.byte	0x1b
 448 01bf F7       		.byte	0xf7
 449 01c0 00       		.uleb128 0
 450 01c1 35       		.byte	0x35
 451 01c2 1E       		.byte	0x1e
 452 01c3 1C       		.byte	0x1c
 453 01c4 00       		.byte	0
 454 01c5 0F       		.uleb128 0xf
 455 01c6 5A000000 		.4byte	.LVL19
 456 01ca 18020000 		.4byte	0x218
 457 01ce 0A       		.uleb128 0xa
 458 01cf 01       		.uleb128 0x1
 459 01d0 50       		.byte	0x50
 460 01d1 01       		.uleb128 0x1
 461 01d2 30       		.byte	0x30
 462 01d3 00       		.byte	0
 463 01d4 00       		.byte	0
 464 01d5 10       		.uleb128 0x10
 465 01d6 05010000 		.4byte	0x105
 466 01da E5010000 		.4byte	0x1e5
 467 01de 11       		.uleb128 0x11
 468 01df E5010000 		.4byte	0x1e5
 469 01e3 3F       		.byte	0x3f
 470 01e4 00       		.byte	0
 471 01e5 02       		.uleb128 0x2
 472 01e6 04       		.byte	0x4
 473 01e7 07       		.byte	0x7
 474 01e8 9F000000 		.4byte	.LASF22
 475 01ec 12       		.uleb128 0x12
 476 01ed E2000000 		.4byte	.LASF31
 477 01f1 01       		.byte	0x1
 478 01f2 15       		.byte	0x15
 479 01f3 FD010000 		.4byte	0x1fd
 480 01f7 05       		.uleb128 0x5
 481 01f8 03       		.byte	0x3
ARM GAS  C:\Users\laure\AppData\Local\Temp\ccolGOci.s 			page 12


 482 01f9 00000000 		.4byte	LCD_Screen_customFonts
 483 01fd 0D       		.uleb128 0xd
 484 01fe D5010000 		.4byte	0x1d5
 485 0202 13       		.uleb128 0x13
 486 0203 A8000000 		.4byte	.LASF23
 487 0207 A8000000 		.4byte	.LASF23
 488 020b 02       		.byte	0x2
 489 020c 3F       		.byte	0x3f
 490 020d 13       		.uleb128 0x13
 491 020e F9000000 		.4byte	.LASF24
 492 0212 F9000000 		.4byte	.LASF24
 493 0216 02       		.byte	0x2
 494 0217 3A       		.byte	0x3a
 495 0218 13       		.uleb128 0x13
 496 0219 43010000 		.4byte	.LASF25
 497 021d 43010000 		.4byte	.LASF25
 498 0221 02       		.byte	0x2
 499 0222 3B       		.byte	0x3b
 500 0223 13       		.uleb128 0x13
 501 0224 54000000 		.4byte	.LASF26
 502 0228 54000000 		.4byte	.LASF26
 503 022c 02       		.byte	0x2
 504 022d 3D       		.byte	0x3d
 505 022e 00       		.byte	0
 506              		.section	.debug_abbrev,"",%progbits
 507              	.Ldebug_abbrev0:
 508 0000 01       		.uleb128 0x1
 509 0001 11       		.uleb128 0x11
 510 0002 01       		.byte	0x1
 511 0003 25       		.uleb128 0x25
 512 0004 0E       		.uleb128 0xe
 513 0005 13       		.uleb128 0x13
 514 0006 0B       		.uleb128 0xb
 515 0007 03       		.uleb128 0x3
 516 0008 0E       		.uleb128 0xe
 517 0009 1B       		.uleb128 0x1b
 518 000a 0E       		.uleb128 0xe
 519 000b 55       		.uleb128 0x55
 520 000c 17       		.uleb128 0x17
 521 000d 11       		.uleb128 0x11
 522 000e 01       		.uleb128 0x1
 523 000f 10       		.uleb128 0x10
 524 0010 17       		.uleb128 0x17
 525 0011 00       		.byte	0
 526 0012 00       		.byte	0
 527 0013 02       		.uleb128 0x2
 528 0014 24       		.uleb128 0x24
 529 0015 00       		.byte	0
 530 0016 0B       		.uleb128 0xb
 531 0017 0B       		.uleb128 0xb
 532 0018 3E       		.uleb128 0x3e
 533 0019 0B       		.uleb128 0xb
 534 001a 03       		.uleb128 0x3
 535 001b 0E       		.uleb128 0xe
 536 001c 00       		.byte	0
 537 001d 00       		.byte	0
 538 001e 03       		.uleb128 0x3
ARM GAS  C:\Users\laure\AppData\Local\Temp\ccolGOci.s 			page 13


 539 001f 24       		.uleb128 0x24
 540 0020 00       		.byte	0
 541 0021 0B       		.uleb128 0xb
 542 0022 0B       		.uleb128 0xb
 543 0023 3E       		.uleb128 0x3e
 544 0024 0B       		.uleb128 0xb
 545 0025 03       		.uleb128 0x3
 546 0026 08       		.uleb128 0x8
 547 0027 00       		.byte	0
 548 0028 00       		.byte	0
 549 0029 04       		.uleb128 0x4
 550 002a 16       		.uleb128 0x16
 551 002b 00       		.byte	0
 552 002c 03       		.uleb128 0x3
 553 002d 0E       		.uleb128 0xe
 554 002e 3A       		.uleb128 0x3a
 555 002f 0B       		.uleb128 0xb
 556 0030 3B       		.uleb128 0x3b
 557 0031 05       		.uleb128 0x5
 558 0032 49       		.uleb128 0x49
 559 0033 13       		.uleb128 0x13
 560 0034 00       		.byte	0
 561 0035 00       		.byte	0
 562 0036 05       		.uleb128 0x5
 563 0037 2E       		.uleb128 0x2e
 564 0038 01       		.byte	0x1
 565 0039 3F       		.uleb128 0x3f
 566 003a 19       		.uleb128 0x19
 567 003b 03       		.uleb128 0x3
 568 003c 0E       		.uleb128 0xe
 569 003d 3A       		.uleb128 0x3a
 570 003e 0B       		.uleb128 0xb
 571 003f 3B       		.uleb128 0x3b
 572 0040 0B       		.uleb128 0xb
 573 0041 27       		.uleb128 0x27
 574 0042 19       		.uleb128 0x19
 575 0043 11       		.uleb128 0x11
 576 0044 01       		.uleb128 0x1
 577 0045 12       		.uleb128 0x12
 578 0046 06       		.uleb128 0x6
 579 0047 40       		.uleb128 0x40
 580 0048 18       		.uleb128 0x18
 581 0049 9742     		.uleb128 0x2117
 582 004b 19       		.uleb128 0x19
 583 004c 01       		.uleb128 0x1
 584 004d 13       		.uleb128 0x13
 585 004e 00       		.byte	0
 586 004f 00       		.byte	0
 587 0050 06       		.uleb128 0x6
 588 0051 05       		.uleb128 0x5
 589 0052 00       		.byte	0
 590 0053 03       		.uleb128 0x3
 591 0054 0E       		.uleb128 0xe
 592 0055 3A       		.uleb128 0x3a
 593 0056 0B       		.uleb128 0xb
 594 0057 3B       		.uleb128 0x3b
 595 0058 0B       		.uleb128 0xb
ARM GAS  C:\Users\laure\AppData\Local\Temp\ccolGOci.s 			page 14


 596 0059 49       		.uleb128 0x49
 597 005a 13       		.uleb128 0x13
 598 005b 02       		.uleb128 0x2
 599 005c 17       		.uleb128 0x17
 600 005d 00       		.byte	0
 601 005e 00       		.byte	0
 602 005f 07       		.uleb128 0x7
 603 0060 34       		.uleb128 0x34
 604 0061 00       		.byte	0
 605 0062 03       		.uleb128 0x3
 606 0063 0E       		.uleb128 0xe
 607 0064 3A       		.uleb128 0x3a
 608 0065 0B       		.uleb128 0xb
 609 0066 3B       		.uleb128 0x3b
 610 0067 0B       		.uleb128 0xb
 611 0068 49       		.uleb128 0x49
 612 0069 13       		.uleb128 0x13
 613 006a 02       		.uleb128 0x2
 614 006b 17       		.uleb128 0x17
 615 006c 00       		.byte	0
 616 006d 00       		.byte	0
 617 006e 08       		.uleb128 0x8
 618 006f 898201   		.uleb128 0x4109
 619 0072 00       		.byte	0
 620 0073 11       		.uleb128 0x11
 621 0074 01       		.uleb128 0x1
 622 0075 31       		.uleb128 0x31
 623 0076 13       		.uleb128 0x13
 624 0077 00       		.byte	0
 625 0078 00       		.byte	0
 626 0079 09       		.uleb128 0x9
 627 007a 898201   		.uleb128 0x4109
 628 007d 01       		.byte	0x1
 629 007e 11       		.uleb128 0x11
 630 007f 01       		.uleb128 0x1
 631 0080 31       		.uleb128 0x31
 632 0081 13       		.uleb128 0x13
 633 0082 01       		.uleb128 0x1
 634 0083 13       		.uleb128 0x13
 635 0084 00       		.byte	0
 636 0085 00       		.byte	0
 637 0086 0A       		.uleb128 0xa
 638 0087 8A8201   		.uleb128 0x410a
 639 008a 00       		.byte	0
 640 008b 02       		.uleb128 0x2
 641 008c 18       		.uleb128 0x18
 642 008d 9142     		.uleb128 0x2111
 643 008f 18       		.uleb128 0x18
 644 0090 00       		.byte	0
 645 0091 00       		.byte	0
 646 0092 0B       		.uleb128 0xb
 647 0093 898201   		.uleb128 0x4109
 648 0096 01       		.byte	0x1
 649 0097 11       		.uleb128 0x11
 650 0098 01       		.uleb128 0x1
 651 0099 9542     		.uleb128 0x2115
 652 009b 19       		.uleb128 0x19
ARM GAS  C:\Users\laure\AppData\Local\Temp\ccolGOci.s 			page 15


 653 009c 31       		.uleb128 0x31
 654 009d 13       		.uleb128 0x13
 655 009e 00       		.byte	0
 656 009f 00       		.byte	0
 657 00a0 0C       		.uleb128 0xc
 658 00a1 0F       		.uleb128 0xf
 659 00a2 00       		.byte	0
 660 00a3 0B       		.uleb128 0xb
 661 00a4 0B       		.uleb128 0xb
 662 00a5 49       		.uleb128 0x49
 663 00a6 13       		.uleb128 0x13
 664 00a7 00       		.byte	0
 665 00a8 00       		.byte	0
 666 00a9 0D       		.uleb128 0xd
 667 00aa 26       		.uleb128 0x26
 668 00ab 00       		.byte	0
 669 00ac 49       		.uleb128 0x49
 670 00ad 13       		.uleb128 0x13
 671 00ae 00       		.byte	0
 672 00af 00       		.byte	0
 673 00b0 0E       		.uleb128 0xe
 674 00b1 05       		.uleb128 0x5
 675 00b2 00       		.byte	0
 676 00b3 03       		.uleb128 0x3
 677 00b4 08       		.uleb128 0x8
 678 00b5 3A       		.uleb128 0x3a
 679 00b6 0B       		.uleb128 0xb
 680 00b7 3B       		.uleb128 0x3b
 681 00b8 0B       		.uleb128 0xb
 682 00b9 49       		.uleb128 0x49
 683 00ba 13       		.uleb128 0x13
 684 00bb 02       		.uleb128 0x2
 685 00bc 17       		.uleb128 0x17
 686 00bd 00       		.byte	0
 687 00be 00       		.byte	0
 688 00bf 0F       		.uleb128 0xf
 689 00c0 898201   		.uleb128 0x4109
 690 00c3 01       		.byte	0x1
 691 00c4 11       		.uleb128 0x11
 692 00c5 01       		.uleb128 0x1
 693 00c6 31       		.uleb128 0x31
 694 00c7 13       		.uleb128 0x13
 695 00c8 00       		.byte	0
 696 00c9 00       		.byte	0
 697 00ca 10       		.uleb128 0x10
 698 00cb 01       		.uleb128 0x1
 699 00cc 01       		.byte	0x1
 700 00cd 49       		.uleb128 0x49
 701 00ce 13       		.uleb128 0x13
 702 00cf 01       		.uleb128 0x1
 703 00d0 13       		.uleb128 0x13
 704 00d1 00       		.byte	0
 705 00d2 00       		.byte	0
 706 00d3 11       		.uleb128 0x11
 707 00d4 21       		.uleb128 0x21
 708 00d5 00       		.byte	0
 709 00d6 49       		.uleb128 0x49
ARM GAS  C:\Users\laure\AppData\Local\Temp\ccolGOci.s 			page 16


 710 00d7 13       		.uleb128 0x13
 711 00d8 2F       		.uleb128 0x2f
 712 00d9 0B       		.uleb128 0xb
 713 00da 00       		.byte	0
 714 00db 00       		.byte	0
 715 00dc 12       		.uleb128 0x12
 716 00dd 34       		.uleb128 0x34
 717 00de 00       		.byte	0
 718 00df 03       		.uleb128 0x3
 719 00e0 0E       		.uleb128 0xe
 720 00e1 3A       		.uleb128 0x3a
 721 00e2 0B       		.uleb128 0xb
 722 00e3 3B       		.uleb128 0x3b
 723 00e4 0B       		.uleb128 0xb
 724 00e5 49       		.uleb128 0x49
 725 00e6 13       		.uleb128 0x13
 726 00e7 3F       		.uleb128 0x3f
 727 00e8 19       		.uleb128 0x19
 728 00e9 02       		.uleb128 0x2
 729 00ea 18       		.uleb128 0x18
 730 00eb 00       		.byte	0
 731 00ec 00       		.byte	0
 732 00ed 13       		.uleb128 0x13
 733 00ee 2E       		.uleb128 0x2e
 734 00ef 00       		.byte	0
 735 00f0 3F       		.uleb128 0x3f
 736 00f1 19       		.uleb128 0x19
 737 00f2 3C       		.uleb128 0x3c
 738 00f3 19       		.uleb128 0x19
 739 00f4 6E       		.uleb128 0x6e
 740 00f5 0E       		.uleb128 0xe
 741 00f6 03       		.uleb128 0x3
 742 00f7 0E       		.uleb128 0xe
 743 00f8 3A       		.uleb128 0x3a
 744 00f9 0B       		.uleb128 0xb
 745 00fa 3B       		.uleb128 0x3b
 746 00fb 0B       		.uleb128 0xb
 747 00fc 00       		.byte	0
 748 00fd 00       		.byte	0
 749 00fe 00       		.byte	0
 750              		.section	.debug_loc,"",%progbits
 751              	.Ldebug_loc0:
 752              	.LLST0:
 753 0000 00000000 		.4byte	.LVL0
 754 0004 07000000 		.4byte	.LVL1-1
 755 0008 0100     		.2byte	0x1
 756 000a 50       		.byte	0x50
 757 000b 07000000 		.4byte	.LVL1-1
 758 000f 12000000 		.4byte	.LVL3
 759 0013 0100     		.2byte	0x1
 760 0015 54       		.byte	0x54
 761 0016 12000000 		.4byte	.LVL3
 762 001a 26000000 		.4byte	.LVL7
 763 001e 0300     		.2byte	0x3
 764 0020 74       		.byte	0x74
 765 0021 41       		.sleb128 -63
 766 0022 9F       		.byte	0x9f
ARM GAS  C:\Users\laure\AppData\Local\Temp\ccolGOci.s 			page 17


 767 0023 26000000 		.4byte	.LVL7
 768 0027 2C000000 		.4byte	.LFE0
 769 002b 0400     		.2byte	0x4
 770 002d F3       		.byte	0xf3
 771 002e 01       		.uleb128 0x1
 772 002f 50       		.byte	0x50
 773 0030 9F       		.byte	0x9f
 774 0031 00000000 		.4byte	0
 775 0035 00000000 		.4byte	0
 776              	.LLST1:
 777 0039 0E000000 		.4byte	.LVL2
 778 003d 12000000 		.4byte	.LVL3
 779 0041 0200     		.2byte	0x2
 780 0043 30       		.byte	0x30
 781 0044 9F       		.byte	0x9f
 782 0045 12000000 		.4byte	.LVL3
 783 0049 16000000 		.4byte	.LVL4
 784 004d 0600     		.2byte	0x6
 785 004f 75       		.byte	0x75
 786 0050 00       		.sleb128 0
 787 0051 74       		.byte	0x74
 788 0052 40       		.sleb128 -64
 789 0053 1C       		.byte	0x1c
 790 0054 9F       		.byte	0x9f
 791 0055 1A000000 		.4byte	.LVL5
 792 0059 26000000 		.4byte	.LVL7
 793 005d 0600     		.2byte	0x6
 794 005f 75       		.byte	0x75
 795 0060 00       		.sleb128 0
 796 0061 74       		.byte	0x74
 797 0062 40       		.sleb128 -64
 798 0063 1C       		.byte	0x1c
 799 0064 9F       		.byte	0x9f
 800 0065 00000000 		.4byte	0
 801 0069 00000000 		.4byte	0
 802              	.LLST2:
 803 006d 00000000 		.4byte	.LVL9
 804 0071 15000000 		.4byte	.LVL11-1
 805 0075 0100     		.2byte	0x1
 806 0077 50       		.byte	0x50
 807 0078 15000000 		.4byte	.LVL11-1
 808 007c 5E000000 		.4byte	.LFE1
 809 0080 0400     		.2byte	0x4
 810 0082 F3       		.byte	0xf3
 811 0083 01       		.uleb128 0x1
 812 0084 50       		.byte	0x50
 813 0085 9F       		.byte	0x9f
 814 0086 00000000 		.4byte	0
 815 008a 00000000 		.4byte	0
 816              	.LLST3:
 817 008e 00000000 		.4byte	.LVL9
 818 0092 15000000 		.4byte	.LVL11-1
 819 0096 0100     		.2byte	0x1
 820 0098 51       		.byte	0x51
 821 0099 15000000 		.4byte	.LVL11-1
 822 009d 5E000000 		.4byte	.LFE1
 823 00a1 0400     		.2byte	0x4
ARM GAS  C:\Users\laure\AppData\Local\Temp\ccolGOci.s 			page 18


 824 00a3 F3       		.byte	0xf3
 825 00a4 01       		.uleb128 0x1
 826 00a5 51       		.byte	0x51
 827 00a6 9F       		.byte	0x9f
 828 00a7 00000000 		.4byte	0
 829 00ab 00000000 		.4byte	0
 830              	.LLST4:
 831 00af 00000000 		.4byte	.LVL9
 832 00b3 15000000 		.4byte	.LVL11-1
 833 00b7 0100     		.2byte	0x1
 834 00b9 52       		.byte	0x52
 835 00ba 15000000 		.4byte	.LVL11-1
 836 00be 5E000000 		.4byte	.LFE1
 837 00c2 0400     		.2byte	0x4
 838 00c4 F3       		.byte	0xf3
 839 00c5 01       		.uleb128 0x1
 840 00c6 52       		.byte	0x52
 841 00c7 9F       		.byte	0x9f
 842 00c8 00000000 		.4byte	0
 843 00cc 00000000 		.4byte	0
 844              	.LLST5:
 845 00d0 00000000 		.4byte	.LVL9
 846 00d4 15000000 		.4byte	.LVL11-1
 847 00d8 0100     		.2byte	0x1
 848 00da 53       		.byte	0x53
 849 00db 15000000 		.4byte	.LVL11-1
 850 00df 5E000000 		.4byte	.LFE1
 851 00e3 0400     		.2byte	0x4
 852 00e5 F3       		.byte	0xf3
 853 00e6 01       		.uleb128 0x1
 854 00e7 53       		.byte	0x53
 855 00e8 9F       		.byte	0x9f
 856 00e9 00000000 		.4byte	0
 857 00ed 00000000 		.4byte	0
 858              	.LLST6:
 859 00f1 16000000 		.4byte	.LVL11
 860 00f5 18000000 		.4byte	.LVL12
 861 00f9 0200     		.2byte	0x2
 862 00fb 30       		.byte	0x30
 863 00fc 9F       		.byte	0x9f
 864 00fd 18000000 		.4byte	.LVL12
 865 0101 24000000 		.4byte	.LVL13
 866 0105 0100     		.2byte	0x1
 867 0107 57       		.byte	0x57
 868 0108 24000000 		.4byte	.LVL13
 869 010c 26000000 		.4byte	.LVL14
 870 0110 0300     		.2byte	0x3
 871 0112 77       		.byte	0x77
 872 0113 01       		.sleb128 1
 873 0114 9F       		.byte	0x9f
 874 0115 28000000 		.4byte	.LVL15
 875 0119 4A000000 		.4byte	.LVL17
 876 011d 0100     		.2byte	0x1
 877 011f 57       		.byte	0x57
 878 0120 4A000000 		.4byte	.LVL17
 879 0124 4C000000 		.4byte	.LVL18
 880 0128 0100     		.2byte	0x1
ARM GAS  C:\Users\laure\AppData\Local\Temp\ccolGOci.s 			page 19


 881 012a 56       		.byte	0x56
 882 012b 4C000000 		.4byte	.LVL18
 883 012f 59000000 		.4byte	.LVL19-1
 884 0133 0100     		.2byte	0x1
 885 0135 53       		.byte	0x53
 886 0136 5A000000 		.4byte	.LVL19
 887 013a 5C000000 		.4byte	.LVL20
 888 013e 0100     		.2byte	0x1
 889 0140 56       		.byte	0x56
 890 0141 00000000 		.4byte	0
 891 0145 00000000 		.4byte	0
 892              	.LLST7:
 893 0149 00000000 		.4byte	.LVL9
 894 014d 12000000 		.4byte	.LVL10
 895 0151 0B00     		.2byte	0xb
 896 0153 73       		.byte	0x73
 897 0154 00       		.sleb128 0
 898 0155 F7       		.byte	0xf7
 899 0156 25       		.uleb128 0x25
 900 0157 35       		.byte	0x35
 901 0158 F7       		.byte	0xf7
 902 0159 25       		.uleb128 0x25
 903 015a 1B       		.byte	0x1b
 904 015b F7       		.byte	0xf7
 905 015c 00       		.uleb128 0
 906 015d 9F       		.byte	0x9f
 907 015e 12000000 		.4byte	.LVL10
 908 0162 5E000000 		.4byte	.LFE1
 909 0166 0100     		.2byte	0x1
 910 0168 55       		.byte	0x55
 911 0169 00000000 		.4byte	0
 912 016d 00000000 		.4byte	0
 913              	.LLST8:
 914 0171 00000000 		.4byte	.LVL9
 915 0175 15000000 		.4byte	.LVL11-1
 916 0179 0500     		.2byte	0x5
 917 017b 73       		.byte	0x73
 918 017c 00       		.sleb128 0
 919 017d 35       		.byte	0x35
 920 017e 1D       		.byte	0x1d
 921 017f 9F       		.byte	0x9f
 922 0180 15000000 		.4byte	.LVL11-1
 923 0184 5E000000 		.4byte	.LFE1
 924 0188 0600     		.2byte	0x6
 925 018a F3       		.byte	0xf3
 926 018b 01       		.uleb128 0x1
 927 018c 53       		.byte	0x53
 928 018d 35       		.byte	0x35
 929 018e 1D       		.byte	0x1d
 930 018f 9F       		.byte	0x9f
 931 0190 00000000 		.4byte	0
 932 0194 00000000 		.4byte	0
 933              		.section	.debug_aranges,"",%progbits
 934 0000 24000000 		.4byte	0x24
 935 0004 0200     		.2byte	0x2
 936 0006 00000000 		.4byte	.Ldebug_info0
 937 000a 04       		.byte	0x4
ARM GAS  C:\Users\laure\AppData\Local\Temp\ccolGOci.s 			page 20


 938 000b 00       		.byte	0
 939 000c 0000     		.2byte	0
 940 000e 0000     		.2byte	0
 941 0010 00000000 		.4byte	.LFB0
 942 0014 2C000000 		.4byte	.LFE0-.LFB0
 943 0018 00000000 		.4byte	.LFB1
 944 001c 5E000000 		.4byte	.LFE1-.LFB1
 945 0020 00000000 		.4byte	0
 946 0024 00000000 		.4byte	0
 947              		.section	.debug_ranges,"",%progbits
 948              	.Ldebug_ranges0:
 949 0000 00000000 		.4byte	.LFB0
 950 0004 2C000000 		.4byte	.LFE0
 951 0008 00000000 		.4byte	.LFB1
 952 000c 5E000000 		.4byte	.LFE1
 953 0010 00000000 		.4byte	0
 954 0014 00000000 		.4byte	0
 955              		.section	.debug_line,"",%progbits
 956              	.Ldebug_line0:
 957 0000 B4000000 		.section	.debug_str,"MS",%progbits,1
 957      02006000 
 957      00000201 
 957      FB0E0D00 
 957      01010101 
 958              	.LASF18:
 959 0000 696E6465 		.ascii	"indexU8\000"
 959      78553800 
 960              	.LASF29:
 961 0008 433A5C55 		.ascii	"C:\\Users\\laure\\OneDrive\\Documents\\PSoC Creator"
 961      73657273 
 961      5C6C6175 
 961      72655C4F 
 961      6E654472 
 962 0036 5C50536F 		.ascii	"\\PSoC 5LP\\Lab1-2.cydsn\000"
 962      4320354C 
 962      505C4C61 
 962      62312D32 
 962      2E637964 
 963              	.LASF15:
 964 004d 636F6C75 		.ascii	"column\000"
 964      6D6E00
 965              	.LASF26:
 966 0054 4C43445F 		.ascii	"LCD_Screen_Position\000"
 966      53637265 
 966      656E5F50 
 966      6F736974 
 966      696F6E00 
 967              	.LASF28:
 968 0068 47656E65 		.ascii	"Generated_Source\\PSoC5\\LCD_Screen_BarGraph.c\000"
 968      72617465 
 968      645F536F 
 968      75726365 
 968      5C50536F 
 969              	.LASF3:
 970 0095 73686F72 		.ascii	"short int\000"
 970      7420696E 
 970      7400
ARM GAS  C:\Users\laure\AppData\Local\Temp\ccolGOci.s 			page 21


 971              	.LASF22:
 972 009f 73697A65 		.ascii	"sizetype\000"
 972      74797065 
 972      00
 973              	.LASF23:
 974 00a8 4C43445F 		.ascii	"LCD_Screen_IsReady\000"
 974      53637265 
 974      656E5F49 
 974      73526561 
 974      647900
 975              	.LASF17:
 976 00bb 76616C75 		.ascii	"value\000"
 976      6500
 977              	.LASF12:
 978 00c1 4C43445F 		.ascii	"LCD_Screen_LoadCustomFonts\000"
 978      53637265 
 978      656E5F4C 
 978      6F616443 
 978      7573746F 
 979              	.LASF30:
 980 00dc 75696E74 		.ascii	"uint8\000"
 980      3800
 981              	.LASF31:
 982 00e2 4C43445F 		.ascii	"LCD_Screen_customFonts\000"
 982      53637265 
 982      656E5F63 
 982      7573746F 
 982      6D466F6E 
 983              	.LASF24:
 984 00f9 4C43445F 		.ascii	"LCD_Screen_WriteControl\000"
 984      53637265 
 984      656E5F57 
 984      72697465 
 984      436F6E74 
 985              	.LASF9:
 986 0111 666C6F61 		.ascii	"float\000"
 986      7400
 987              	.LASF7:
 988 0117 6C6F6E67 		.ascii	"long long int\000"
 988      206C6F6E 
 988      6720696E 
 988      7400
 989              	.LASF5:
 990 0125 6C6F6E67 		.ascii	"long int\000"
 990      20696E74 
 990      00
 991              	.LASF14:
 992 012e 63757374 		.ascii	"customData\000"
 992      6F6D4461 
 992      746100
 993              	.LASF20:
 994 0139 66756C6C 		.ascii	"fullChars\000"
 994      43686172 
 994      7300
 995              	.LASF25:
 996 0143 4C43445F 		.ascii	"LCD_Screen_WriteData\000"
 996      53637265 
ARM GAS  C:\Users\laure\AppData\Local\Temp\ccolGOci.s 			page 22


 996      656E5F57 
 996      72697465 
 996      44617461 
 997              	.LASF2:
 998 0158 756E7369 		.ascii	"unsigned char\000"
 998      676E6564 
 998      20636861 
 998      7200
 999              	.LASF21:
 1000 0166 72656D61 		.ascii	"remainingPixels\000"
 1000      696E696E 
 1000      67506978 
 1000      656C7300 
 1001              	.LASF1:
 1002 0176 7369676E 		.ascii	"signed char\000"
 1002      65642063 
 1002      68617200 
 1003              	.LASF8:
 1004 0182 6C6F6E67 		.ascii	"long long unsigned int\000"
 1004      206C6F6E 
 1004      6720756E 
 1004      7369676E 
 1004      65642069 
 1005              	.LASF0:
 1006 0199 756E7369 		.ascii	"unsigned int\000"
 1006      676E6564 
 1006      20696E74 
 1006      00
 1007              	.LASF27:
 1008 01a6 474E5520 		.ascii	"GNU C11 5.4.1 20160609 (release) [ARM/embedded-5-br"
 1008      43313120 
 1008      352E342E 
 1008      31203230 
 1008      31363036 
 1009 01d9 616E6368 		.ascii	"anch revision 237715] -mcpu=cortex-m3 -mthumb -g -O"
 1009      20726576 
 1009      6973696F 
 1009      6E203233 
 1009      37373135 
 1010 020c 73202D66 		.ascii	"s -ffunction-sections -ffat-lto-objects\000"
 1010      66756E63 
 1010      74696F6E 
 1010      2D736563 
 1010      74696F6E 
 1011              	.LASF16:
 1012 0234 6D617843 		.ascii	"maxCharacters\000"
 1012      68617261 
 1012      63746572 
 1012      7300
 1013              	.LASF4:
 1014 0242 73686F72 		.ascii	"short unsigned int\000"
 1014      7420756E 
 1014      7369676E 
 1014      65642069 
 1014      6E7400
 1015              	.LASF11:
 1016 0255 63686172 		.ascii	"char\000"
ARM GAS  C:\Users\laure\AppData\Local\Temp\ccolGOci.s 			page 23


 1016      00
 1017              	.LASF13:
 1018 025a 4C43445F 		.ascii	"LCD_Screen_DrawHorizontalBG\000"
 1018      53637265 
 1018      656E5F44 
 1018      72617748 
 1018      6F72697A 
 1019              	.LASF6:
 1020 0276 6C6F6E67 		.ascii	"long unsigned int\000"
 1020      20756E73 
 1020      69676E65 
 1020      6420696E 
 1020      7400
 1021              	.LASF10:
 1022 0288 646F7562 		.ascii	"double\000"
 1022      6C6500
 1023              	.LASF19:
 1024 028f 636F756E 		.ascii	"count8\000"
 1024      743800
 1025              		.ident	"GCC: (GNU Tools for ARM Embedded Processors) 5.4.1 20160609 (release) [ARM/embedded-5-bran
