ARM GAS  C:\Users\laure\AppData\Local\Temp\ccSmLfP3.s 			page 1


   1              		.syntax unified
   2              		.cpu cortex-m3
   3              		.fpu softvfp
   4              		.eabi_attribute 20, 1
   5              		.eabi_attribute 21, 1
   6              		.eabi_attribute 23, 3
   7              		.eabi_attribute 24, 1
   8              		.eabi_attribute 25, 1
   9              		.eabi_attribute 26, 1
  10              		.eabi_attribute 30, 4
  11              		.eabi_attribute 34, 1
  12              		.eabi_attribute 18, 4
  13              		.thumb
  14              		.syntax unified
  15              		.file	"printer.c"
  16              		.text
  17              	.Ltext0:
  18              		.cfi_sections	.debug_frame
  19              		.section	.text.printChar,"ax",%progbits
  20              		.align	1
  21              		.global	printChar
  22              		.thumb
  23              		.thumb_func
  24              		.type	printChar, %function
  25              	printChar:
  26              	.LFB63:
  27              		.file 1 "printer.c"
   1:printer.c     **** /* ========================================
   2:printer.c     ****  *
   3:printer.c     ****  * Copyright YOUR COMPANY, THE YEAR
   4:printer.c     ****  * All Rights Reserved
   5:printer.c     ****  * UNPUBLISHED, LICENSED SOFTWARE.
   6:printer.c     ****  *
   7:printer.c     ****  * CONFIDENTIAL AND PROPRIETARY INFORMATION
   8:printer.c     ****  * WHICH IS THE PROPERTY OF your company.
   9:printer.c     ****  *
  10:printer.c     ****  * ========================================
  11:printer.c     **** */
  12:printer.c     **** 
  13:printer.c     **** #include "project.h"
  14:printer.c     **** #include "printer.h"
  15:printer.c     **** 
  16:printer.c     **** #include <string.h>
  17:printer.c     **** 
  18:printer.c     **** void printChar (char c) {
  28              		.loc 1 18 0
  29              		.cfi_startproc
  30              		@ args = 0, pretend = 0, frame = 0
  31              		@ frame_needed = 0, uses_anonymous_args = 0
  32              	.LVL0:
  33 0000 10B5     		push	{r4, lr}
  34              		.cfi_def_cfa_offset 8
  35              		.cfi_offset 4, -8
  36              		.cfi_offset 14, -4
  37              		.loc 1 18 0
  38 0002 0446     		mov	r4, r0
  19:printer.c     ****     LCD_Screen_Position(0,0);
ARM GAS  C:\Users\laure\AppData\Local\Temp\ccSmLfP3.s 			page 2


  39              		.loc 1 19 0
  40 0004 0021     		movs	r1, #0
  41 0006 0846     		mov	r0, r1
  42              	.LVL1:
  43 0008 FFF7FEFF 		bl	LCD_Screen_Position
  44              	.LVL2:
  20:printer.c     ****     LCD_Screen_PutChar(c);
  45              		.loc 1 20 0
  46 000c 2046     		mov	r0, r4
  47 000e FFF7FEFF 		bl	LCD_Screen_PutChar
  48              	.LVL3:
  21:printer.c     ****     
  22:printer.c     ****     CyDelay(1000);
  49              		.loc 1 22 0
  50 0012 4FF47A70 		mov	r0, #1000
  51 0016 FFF7FEFF 		bl	CyDelay
  52              	.LVL4:
  23:printer.c     ****     LCD_Screen_ClearDisplay();
  24:printer.c     ****     
  25:printer.c     **** }
  53              		.loc 1 25 0
  54 001a BDE81040 		pop	{r4, lr}
  55              		.cfi_restore 14
  56              		.cfi_restore 4
  57              		.cfi_def_cfa_offset 0
  23:printer.c     ****     LCD_Screen_ClearDisplay();
  58              		.loc 1 23 0
  59 001e 0120     		movs	r0, #1
  60 0020 FFF7FEBF 		b	LCD_Screen_WriteControl
  61              	.LVL5:
  62              		.cfi_endproc
  63              	.LFE63:
  64              		.size	printChar, .-printChar
  65              		.section	.text.printHello,"ax",%progbits
  66              		.align	1
  67              		.global	printHello
  68              		.thumb
  69              		.thumb_func
  70              		.type	printHello, %function
  71              	printHello:
  72              	.LFB64:
  26:printer.c     **** 
  27:printer.c     **** void printHello (void) {
  73              		.loc 1 27 0
  74              		.cfi_startproc
  75              		@ args = 0, pretend = 0, frame = 0
  76              		@ frame_needed = 0, uses_anonymous_args = 0
  28:printer.c     ****     LCD_Screen_Position(0,0);
  77              		.loc 1 28 0
  78 0000 0021     		movs	r1, #0
  27:printer.c     ****     LCD_Screen_Position(0,0);
  79              		.loc 1 27 0
  80 0002 08B5     		push	{r3, lr}
  81              		.cfi_def_cfa_offset 8
  82              		.cfi_offset 3, -8
  83              		.cfi_offset 14, -4
  84              		.loc 1 28 0
ARM GAS  C:\Users\laure\AppData\Local\Temp\ccSmLfP3.s 			page 3


  85 0004 0846     		mov	r0, r1
  86 0006 FFF7FEFF 		bl	LCD_Screen_Position
  87              	.LVL6:
  29:printer.c     ****     LCD_Screen_PrintString("Hello wo");
  88              		.loc 1 29 0
  89 000a 0948     		ldr	r0, .L3
  90 000c FFF7FEFF 		bl	LCD_Screen_PrintString
  91              	.LVL7:
  30:printer.c     ****     LCD_Screen_Position(1,0);
  92              		.loc 1 30 0
  93 0010 0021     		movs	r1, #0
  94 0012 0120     		movs	r0, #1
  95 0014 FFF7FEFF 		bl	LCD_Screen_Position
  96              	.LVL8:
  31:printer.c     ****     LCD_Screen_PrintString("rld !");
  97              		.loc 1 31 0
  98 0018 0648     		ldr	r0, .L3+4
  99 001a FFF7FEFF 		bl	LCD_Screen_PrintString
 100              	.LVL9:
  32:printer.c     ****     
  33:printer.c     ****     CyDelay(2000);
 101              		.loc 1 33 0
 102 001e 4FF4FA60 		mov	r0, #2000
 103 0022 FFF7FEFF 		bl	CyDelay
 104              	.LVL10:
  34:printer.c     ****     LCD_Screen_ClearDisplay();
  35:printer.c     **** }
 105              		.loc 1 35 0
 106 0026 BDE80840 		pop	{r3, lr}
 107              		.cfi_restore 14
 108              		.cfi_restore 3
 109              		.cfi_def_cfa_offset 0
  34:printer.c     ****     LCD_Screen_ClearDisplay();
 110              		.loc 1 34 0
 111 002a 0120     		movs	r0, #1
 112 002c FFF7FEBF 		b	LCD_Screen_WriteControl
 113              	.LVL11:
 114              	.L4:
 115              		.align	2
 116              	.L3:
 117 0030 00000000 		.word	.LC0
 118 0034 09000000 		.word	.LC1
 119              		.cfi_endproc
 120              	.LFE64:
 121              		.size	printHello, .-printHello
 122              		.section	.text.staticPrint,"ax",%progbits
 123              		.align	1
 124              		.global	staticPrint
 125              		.thumb
 126              		.thumb_func
 127              		.type	staticPrint, %function
 128              	staticPrint:
 129              	.LFB65:
  36:printer.c     **** 
  37:printer.c     **** void staticPrint(char param[])
  38:printer.c     **** {
 130              		.loc 1 38 0
ARM GAS  C:\Users\laure\AppData\Local\Temp\ccSmLfP3.s 			page 4


 131              		.cfi_startproc
 132              		@ args = 0, pretend = 0, frame = 8
 133              		@ frame_needed = 0, uses_anonymous_args = 0
 134              	.LVL12:
 135 0000 37B5     		push	{r0, r1, r2, r4, r5, lr}
 136              		.cfi_def_cfa_offset 24
 137              		.cfi_offset 4, -12
 138              		.cfi_offset 5, -8
 139              		.cfi_offset 14, -4
 140              		.loc 1 38 0
 141 0002 0446     		mov	r4, r0
  39:printer.c     ****     const int LENGTH = strlen(param);
 142              		.loc 1 39 0
 143 0004 FFF7FEFF 		bl	strlen
 144              	.LVL13:
 145 0008 0546     		mov	r5, r0
 146              	.LVL14:
  40:printer.c     ****     
  41:printer.c     ****     LCD_Screen_Position(0,0);
 147              		.loc 1 41 0
 148 000a 0021     		movs	r1, #0
 149 000c 0846     		mov	r0, r1
 150              	.LVL15:
 151 000e FFF7FEFF 		bl	LCD_Screen_Position
 152              	.LVL16:
  42:printer.c     ****     
  43:printer.c     ****     if (LENGTH <= 8) {
 153              		.loc 1 43 0
 154 0012 082D     		cmp	r5, #8
  44:printer.c     ****         LCD_Screen_PrintString(param);
 155              		.loc 1 44 0
 156 0014 2046     		mov	r0, r4
  43:printer.c     ****         LCD_Screen_PrintString(param);
 157              		.loc 1 43 0
 158 0016 18DD     		ble	.L11
 159              	.LBB2:
  45:printer.c     ****     }
  46:printer.c     ****     
  47:printer.c     ****     else {
  48:printer.c     ****         LCD_Screen_PrintString(param);
 160              		.loc 1 48 0
 161 0018 FFF7FEFF 		bl	LCD_Screen_PrintString
 162              	.LVL17:
  49:printer.c     ****         
  50:printer.c     ****         char secondRow[8] = "\0\0\0\0\0\0\0\0";
 163              		.loc 1 50 0
 164 001c 6B46     		mov	r3, sp
 165 001e 104A     		ldr	r2, .L13
 166 0020 0734     		adds	r4, r4, #7
 167              	.LVL18:
 168 0022 1068     		ldr	r0, [r2]	@ unaligned
 169 0024 5168     		ldr	r1, [r2, #4]	@ unaligned
 170 0026 03C3     		stmia	r3!, {r0, r1}
 171              	.LVL19:
 172 0028 0923     		movs	r3, #9
 173              	.LVL20:
 174              	.L9:
ARM GAS  C:\Users\laure\AppData\Local\Temp\ccSmLfP3.s 			page 5


  51:printer.c     ****         
  52:printer.c     ****         int i;
  53:printer.c     ****         for ( i = 0; i < 8; i++)
  54:printer.c     ****         {
  55:printer.c     ****             secondRow[i] = param[8+i];
 175              		.loc 1 55 0
 176 002a 14F8011F 		ldrb	r1, [r4, #1]!	@ zero_extendqisi2
 177 002e 0DEB0302 		add	r2, sp, r3
  56:printer.c     ****             
  57:printer.c     ****             if (i+8+1 == LENGTH)
 178              		.loc 1 57 0
 179 0032 9D42     		cmp	r5, r3
  55:printer.c     ****             
 180              		.loc 1 55 0
 181 0034 02F8091C 		strb	r1, [r2, #-9]
 182              		.loc 1 57 0
 183 0038 02D0     		beq	.L8
 184              	.LVL21:
 185 003a 0133     		adds	r3, r3, #1
 186              	.LVL22:
  53:printer.c     ****         {
 187              		.loc 1 53 0 discriminator 2
 188 003c 112B     		cmp	r3, #17
 189 003e F4D1     		bne	.L9
 190              	.LVL23:
 191              	.L8:
  58:printer.c     ****                 break;
  59:printer.c     ****         }
  60:printer.c     ****         
  61:printer.c     ****         LCD_Screen_Position(1,0);
 192              		.loc 1 61 0
 193 0040 0120     		movs	r0, #1
 194 0042 0021     		movs	r1, #0
 195 0044 FFF7FEFF 		bl	LCD_Screen_Position
 196              	.LVL24:
  62:printer.c     ****         LCD_Screen_PrintString(secondRow);
 197              		.loc 1 62 0
 198 0048 6846     		mov	r0, sp
 199              	.L11:
 200 004a FFF7FEFF 		bl	LCD_Screen_PrintString
 201              	.LVL25:
 202              	.LBE2:
  63:printer.c     ****     }
  64:printer.c     ****     
  65:printer.c     ****     CyDelay(2000);
 203              		.loc 1 65 0
 204 004e 4FF4FA60 		mov	r0, #2000
 205 0052 FFF7FEFF 		bl	CyDelay
 206              	.LVL26:
  66:printer.c     ****     LCD_Screen_ClearDisplay();
 207              		.loc 1 66 0
 208 0056 0120     		movs	r0, #1
 209 0058 FFF7FEFF 		bl	LCD_Screen_WriteControl
 210              	.LVL27:
  67:printer.c     **** 
  68:printer.c     **** }
 211              		.loc 1 68 0
ARM GAS  C:\Users\laure\AppData\Local\Temp\ccSmLfP3.s 			page 6


 212 005c 03B0     		add	sp, sp, #12
 213              		.cfi_def_cfa_offset 12
 214              		@ sp needed
 215 005e 30BD     		pop	{r4, r5, pc}
 216              	.LVL28:
 217              	.L14:
 218              		.align	2
 219              	.L13:
 220 0060 00000000 		.word	.LANCHOR0
 221              		.cfi_endproc
 222              	.LFE65:
 223              		.size	staticPrint, .-staticPrint
 224              		.section	.rodata
 225              		.set	.LANCHOR0,. + 0
 226              	.LC2:
 227 0000 00000000 		.ascii	"\000\000\000\000\000\000\000\000\000"
 227      00000000 
 227      00
 228              		.section	.rodata.str1.1,"aMS",%progbits,1
 229              	.LC0:
 230 0000 48656C6C 		.ascii	"Hello wo\000"
 230      6F20776F 
 230      00
 231              	.LC1:
 232 0009 726C6420 		.ascii	"rld !\000"
 232      2100
 233              		.text
 234              	.Letext0:
 235              		.file 2 "c:\\program files (x86)\\cypress\\psoc creator\\4.3\\psoc creator\\import\\gnu\\arm\\5.4.
 236              		.file 3 "c:\\program files (x86)\\cypress\\psoc creator\\4.3\\psoc creator\\import\\gnu\\arm\\5.4.
 237              		.file 4 "Generated_Source\\PSoC5/LCD_Screen.h"
 238              		.file 5 "Generated_Source\\PSoC5/CyLib.h"
 239              		.file 6 "c:\\program files (x86)\\cypress\\psoc creator\\4.3\\psoc creator\\import\\gnu\\arm\\5.4.
 240              		.file 7 "Generated_Source\\PSoC5/core_cm3.h"
 241              		.section	.debug_info,"",%progbits
 242              	.Ldebug_info0:
 243 0000 FC020000 		.4byte	0x2fc
 244 0004 0400     		.2byte	0x4
 245 0006 00000000 		.4byte	.Ldebug_abbrev0
 246 000a 04       		.byte	0x4
 247 000b 01       		.uleb128 0x1
 248 000c 69010000 		.4byte	.LASF28
 249 0010 0C       		.byte	0xc
 250 0011 2A020000 		.4byte	.LASF29
 251 0015 00000000 		.4byte	.LASF30
 252 0019 00000000 		.4byte	.Ldebug_ranges0+0
 253 001d 00000000 		.4byte	0
 254 0021 00000000 		.4byte	.Ldebug_line0
 255 0025 02       		.uleb128 0x2
 256 0026 01       		.byte	0x1
 257 0027 06       		.byte	0x6
 258 0028 88000000 		.4byte	.LASF0
 259 002c 02       		.uleb128 0x2
 260 002d 01       		.byte	0x1
 261 002e 08       		.byte	0x8
 262 002f 94000000 		.4byte	.LASF1
 263 0033 02       		.uleb128 0x2
ARM GAS  C:\Users\laure\AppData\Local\Temp\ccSmLfP3.s 			page 7


 264 0034 02       		.byte	0x2
 265 0035 05       		.byte	0x5
 266 0036 5F010000 		.4byte	.LASF2
 267 003a 02       		.uleb128 0x2
 268 003b 02       		.byte	0x2
 269 003c 07       		.byte	0x7
 270 003d A8000000 		.4byte	.LASF3
 271 0041 03       		.uleb128 0x3
 272 0042 4E000000 		.4byte	.LASF9
 273 0046 02       		.byte	0x2
 274 0047 3F       		.byte	0x3f
 275 0048 4C000000 		.4byte	0x4c
 276 004c 02       		.uleb128 0x2
 277 004d 04       		.byte	0x4
 278 004e 05       		.byte	0x5
 279 004f F7010000 		.4byte	.LASF4
 280 0053 02       		.uleb128 0x2
 281 0054 04       		.byte	0x4
 282 0055 07       		.byte	0x7
 283 0056 DF000000 		.4byte	.LASF5
 284 005a 02       		.uleb128 0x2
 285 005b 08       		.byte	0x8
 286 005c 05       		.byte	0x5
 287 005d 4C010000 		.4byte	.LASF6
 288 0061 02       		.uleb128 0x2
 289 0062 08       		.byte	0x8
 290 0063 07       		.byte	0x7
 291 0064 F8000000 		.4byte	.LASF7
 292 0068 04       		.uleb128 0x4
 293 0069 04       		.byte	0x4
 294 006a 05       		.byte	0x5
 295 006b 696E7400 		.ascii	"int\000"
 296 006f 02       		.uleb128 0x2
 297 0070 04       		.byte	0x4
 298 0071 07       		.byte	0x7
 299 0072 58000000 		.4byte	.LASF8
 300 0076 03       		.uleb128 0x3
 301 0077 3B010000 		.4byte	.LASF10
 302 007b 03       		.byte	0x3
 303 007c 2C       		.byte	0x2c
 304 007d 41000000 		.4byte	0x41
 305 0081 02       		.uleb128 0x2
 306 0082 04       		.byte	0x4
 307 0083 04       		.byte	0x4
 308 0084 78000000 		.4byte	.LASF11
 309 0088 02       		.uleb128 0x2
 310 0089 08       		.byte	0x8
 311 008a 04       		.byte	0x4
 312 008b 65000000 		.4byte	.LASF12
 313 008f 02       		.uleb128 0x2
 314 0090 01       		.byte	0x1
 315 0091 08       		.byte	0x8
 316 0092 5A010000 		.4byte	.LASF13
 317 0096 02       		.uleb128 0x2
 318 0097 04       		.byte	0x4
 319 0098 07       		.byte	0x7
 320 0099 43010000 		.4byte	.LASF14
ARM GAS  C:\Users\laure\AppData\Local\Temp\ccSmLfP3.s 			page 8


 321 009d 02       		.uleb128 0x2
 322 009e 08       		.byte	0x8
 323 009f 04       		.byte	0x4
 324 00a0 0B020000 		.4byte	.LASF15
 325 00a4 05       		.uleb128 0x5
 326 00a5 04       		.byte	0x4
 327 00a6 8F000000 		.4byte	0x8f
 328 00aa 06       		.uleb128 0x6
 329 00ab 8F000000 		.4byte	0x8f
 330 00af BA000000 		.4byte	0xba
 331 00b3 07       		.uleb128 0x7
 332 00b4 96000000 		.4byte	0x96
 333 00b8 07       		.byte	0x7
 334 00b9 00       		.byte	0
 335 00ba 08       		.uleb128 0x8
 336 00bb 7E000000 		.4byte	.LASF16
 337 00bf 01       		.byte	0x1
 338 00c0 12       		.byte	0x12
 339 00c1 00000000 		.4byte	.LFB63
 340 00c5 24000000 		.4byte	.LFE63-.LFB63
 341 00c9 01       		.uleb128 0x1
 342 00ca 9C       		.byte	0x9c
 343 00cb 2D010000 		.4byte	0x12d
 344 00cf 09       		.uleb128 0x9
 345 00d0 6300     		.ascii	"c\000"
 346 00d2 01       		.byte	0x1
 347 00d3 12       		.byte	0x12
 348 00d4 8F000000 		.4byte	0x8f
 349 00d8 00000000 		.4byte	.LLST0
 350 00dc 0A       		.uleb128 0xa
 351 00dd 0C000000 		.4byte	.LVL2
 352 00e1 BD020000 		.4byte	0x2bd
 353 00e5 F4000000 		.4byte	0xf4
 354 00e9 0B       		.uleb128 0xb
 355 00ea 01       		.uleb128 0x1
 356 00eb 50       		.byte	0x50
 357 00ec 01       		.uleb128 0x1
 358 00ed 30       		.byte	0x30
 359 00ee 0B       		.uleb128 0xb
 360 00ef 01       		.uleb128 0x1
 361 00f0 51       		.byte	0x51
 362 00f1 01       		.uleb128 0x1
 363 00f2 30       		.byte	0x30
 364 00f3 00       		.byte	0
 365 00f4 0A       		.uleb128 0xa
 366 00f5 12000000 		.4byte	.LVL3
 367 00f9 C8020000 		.4byte	0x2c8
 368 00fd 08010000 		.4byte	0x108
 369 0101 0B       		.uleb128 0xb
 370 0102 01       		.uleb128 0x1
 371 0103 50       		.byte	0x50
 372 0104 02       		.uleb128 0x2
 373 0105 74       		.byte	0x74
 374 0106 00       		.sleb128 0
 375 0107 00       		.byte	0
 376 0108 0A       		.uleb128 0xa
 377 0109 1A000000 		.4byte	.LVL4
ARM GAS  C:\Users\laure\AppData\Local\Temp\ccSmLfP3.s 			page 9


 378 010d D3020000 		.4byte	0x2d3
 379 0111 1D010000 		.4byte	0x11d
 380 0115 0B       		.uleb128 0xb
 381 0116 01       		.uleb128 0x1
 382 0117 50       		.byte	0x50
 383 0118 03       		.uleb128 0x3
 384 0119 0A       		.byte	0xa
 385 011a E803     		.2byte	0x3e8
 386 011c 00       		.byte	0
 387 011d 0C       		.uleb128 0xc
 388 011e 24000000 		.4byte	.LVL5
 389 0122 DE020000 		.4byte	0x2de
 390 0126 0B       		.uleb128 0xb
 391 0127 01       		.uleb128 0x1
 392 0128 50       		.byte	0x50
 393 0129 01       		.uleb128 0x1
 394 012a 31       		.byte	0x31
 395 012b 00       		.byte	0
 396 012c 00       		.byte	0
 397 012d 08       		.uleb128 0x8
 398 012e 00020000 		.4byte	.LASF17
 399 0132 01       		.byte	0x1
 400 0133 1B       		.byte	0x1b
 401 0134 00000000 		.4byte	.LFB64
 402 0138 38000000 		.4byte	.LFE64-.LFB64
 403 013c 01       		.uleb128 0x1
 404 013d 9C       		.byte	0x9c
 405 013e C5010000 		.4byte	0x1c5
 406 0142 0A       		.uleb128 0xa
 407 0143 0A000000 		.4byte	.LVL6
 408 0147 BD020000 		.4byte	0x2bd
 409 014b 5A010000 		.4byte	0x15a
 410 014f 0B       		.uleb128 0xb
 411 0150 01       		.uleb128 0x1
 412 0151 50       		.byte	0x50
 413 0152 01       		.uleb128 0x1
 414 0153 30       		.byte	0x30
 415 0154 0B       		.uleb128 0xb
 416 0155 01       		.uleb128 0x1
 417 0156 51       		.byte	0x51
 418 0157 01       		.uleb128 0x1
 419 0158 30       		.byte	0x30
 420 0159 00       		.byte	0
 421 015a 0A       		.uleb128 0xa
 422 015b 10000000 		.4byte	.LVL7
 423 015f E9020000 		.4byte	0x2e9
 424 0163 71010000 		.4byte	0x171
 425 0167 0B       		.uleb128 0xb
 426 0168 01       		.uleb128 0x1
 427 0169 50       		.byte	0x50
 428 016a 05       		.uleb128 0x5
 429 016b 03       		.byte	0x3
 430 016c 00000000 		.4byte	.LC0
 431 0170 00       		.byte	0
 432 0171 0A       		.uleb128 0xa
 433 0172 18000000 		.4byte	.LVL8
 434 0176 BD020000 		.4byte	0x2bd
ARM GAS  C:\Users\laure\AppData\Local\Temp\ccSmLfP3.s 			page 10


 435 017a 89010000 		.4byte	0x189
 436 017e 0B       		.uleb128 0xb
 437 017f 01       		.uleb128 0x1
 438 0180 50       		.byte	0x50
 439 0181 01       		.uleb128 0x1
 440 0182 31       		.byte	0x31
 441 0183 0B       		.uleb128 0xb
 442 0184 01       		.uleb128 0x1
 443 0185 51       		.byte	0x51
 444 0186 01       		.uleb128 0x1
 445 0187 30       		.byte	0x30
 446 0188 00       		.byte	0
 447 0189 0A       		.uleb128 0xa
 448 018a 1E000000 		.4byte	.LVL9
 449 018e E9020000 		.4byte	0x2e9
 450 0192 A0010000 		.4byte	0x1a0
 451 0196 0B       		.uleb128 0xb
 452 0197 01       		.uleb128 0x1
 453 0198 50       		.byte	0x50
 454 0199 05       		.uleb128 0x5
 455 019a 03       		.byte	0x3
 456 019b 09000000 		.4byte	.LC1
 457 019f 00       		.byte	0
 458 01a0 0A       		.uleb128 0xa
 459 01a1 26000000 		.4byte	.LVL10
 460 01a5 D3020000 		.4byte	0x2d3
 461 01a9 B5010000 		.4byte	0x1b5
 462 01ad 0B       		.uleb128 0xb
 463 01ae 01       		.uleb128 0x1
 464 01af 50       		.byte	0x50
 465 01b0 03       		.uleb128 0x3
 466 01b1 0A       		.byte	0xa
 467 01b2 D007     		.2byte	0x7d0
 468 01b4 00       		.byte	0
 469 01b5 0C       		.uleb128 0xc
 470 01b6 30000000 		.4byte	.LVL11
 471 01ba DE020000 		.4byte	0x2de
 472 01be 0B       		.uleb128 0xb
 473 01bf 01       		.uleb128 0x1
 474 01c0 50       		.byte	0x50
 475 01c1 01       		.uleb128 0x1
 476 01c2 31       		.byte	0x31
 477 01c3 00       		.byte	0
 478 01c4 00       		.byte	0
 479 01c5 08       		.uleb128 0x8
 480 01c6 6C000000 		.4byte	.LASF18
 481 01ca 01       		.byte	0x1
 482 01cb 25       		.byte	0x25
 483 01cc 00000000 		.4byte	.LFB65
 484 01d0 64000000 		.4byte	.LFE65-.LFB65
 485 01d4 01       		.uleb128 0x1
 486 01d5 9C       		.byte	0x9c
 487 01d6 A7020000 		.4byte	0x2a7
 488 01da 0D       		.uleb128 0xd
 489 01db A2000000 		.4byte	.LASF19
 490 01df 01       		.byte	0x1
 491 01e0 25       		.byte	0x25
ARM GAS  C:\Users\laure\AppData\Local\Temp\ccSmLfP3.s 			page 11


 492 01e1 A4000000 		.4byte	0xa4
 493 01e5 21000000 		.4byte	.LLST1
 494 01e9 0E       		.uleb128 0xe
 495 01ea 47000000 		.4byte	.LASF20
 496 01ee 01       		.byte	0x1
 497 01ef 27       		.byte	0x27
 498 01f0 A7020000 		.4byte	0x2a7
 499 01f4 5A000000 		.4byte	.LLST2
 500 01f8 0F       		.uleb128 0xf
 501 01f9 18000000 		.4byte	.LBB2
 502 01fd 36000000 		.4byte	.LBE2-.LBB2
 503 0201 56020000 		.4byte	0x256
 504 0205 10       		.uleb128 0x10
 505 0206 34020000 		.4byte	.LASF21
 506 020a 01       		.byte	0x1
 507 020b 32       		.byte	0x32
 508 020c AA000000 		.4byte	0xaa
 509 0210 02       		.uleb128 0x2
 510 0211 91       		.byte	0x91
 511 0212 68       		.sleb128 -24
 512 0213 11       		.uleb128 0x11
 513 0214 6900     		.ascii	"i\000"
 514 0216 01       		.byte	0x1
 515 0217 34       		.byte	0x34
 516 0218 68000000 		.4byte	0x68
 517 021c 78000000 		.4byte	.LLST3
 518 0220 0A       		.uleb128 0xa
 519 0221 1C000000 		.4byte	.LVL17
 520 0225 E9020000 		.4byte	0x2e9
 521 0229 34020000 		.4byte	0x234
 522 022d 0B       		.uleb128 0xb
 523 022e 01       		.uleb128 0x1
 524 022f 50       		.byte	0x50
 525 0230 02       		.uleb128 0x2
 526 0231 74       		.byte	0x74
 527 0232 00       		.sleb128 0
 528 0233 00       		.byte	0
 529 0234 0A       		.uleb128 0xa
 530 0235 48000000 		.4byte	.LVL24
 531 0239 BD020000 		.4byte	0x2bd
 532 023d 4C020000 		.4byte	0x24c
 533 0241 0B       		.uleb128 0xb
 534 0242 01       		.uleb128 0x1
 535 0243 50       		.byte	0x50
 536 0244 01       		.uleb128 0x1
 537 0245 31       		.byte	0x31
 538 0246 0B       		.uleb128 0xb
 539 0247 01       		.uleb128 0x1
 540 0248 51       		.byte	0x51
 541 0249 01       		.uleb128 0x1
 542 024a 30       		.byte	0x30
 543 024b 00       		.byte	0
 544 024c 12       		.uleb128 0x12
 545 024d 4E000000 		.4byte	.LVL25
 546 0251 E9020000 		.4byte	0x2e9
 547 0255 00       		.byte	0
 548 0256 0A       		.uleb128 0xa
ARM GAS  C:\Users\laure\AppData\Local\Temp\ccSmLfP3.s 			page 12


 549 0257 08000000 		.4byte	.LVL13
 550 025b F4020000 		.4byte	0x2f4
 551 025f 6A020000 		.4byte	0x26a
 552 0263 0B       		.uleb128 0xb
 553 0264 01       		.uleb128 0x1
 554 0265 50       		.byte	0x50
 555 0266 02       		.uleb128 0x2
 556 0267 74       		.byte	0x74
 557 0268 00       		.sleb128 0
 558 0269 00       		.byte	0
 559 026a 0A       		.uleb128 0xa
 560 026b 12000000 		.4byte	.LVL16
 561 026f BD020000 		.4byte	0x2bd
 562 0273 82020000 		.4byte	0x282
 563 0277 0B       		.uleb128 0xb
 564 0278 01       		.uleb128 0x1
 565 0279 50       		.byte	0x50
 566 027a 01       		.uleb128 0x1
 567 027b 30       		.byte	0x30
 568 027c 0B       		.uleb128 0xb
 569 027d 01       		.uleb128 0x1
 570 027e 51       		.byte	0x51
 571 027f 01       		.uleb128 0x1
 572 0280 30       		.byte	0x30
 573 0281 00       		.byte	0
 574 0282 0A       		.uleb128 0xa
 575 0283 56000000 		.4byte	.LVL26
 576 0287 D3020000 		.4byte	0x2d3
 577 028b 97020000 		.4byte	0x297
 578 028f 0B       		.uleb128 0xb
 579 0290 01       		.uleb128 0x1
 580 0291 50       		.byte	0x50
 581 0292 03       		.uleb128 0x3
 582 0293 0A       		.byte	0xa
 583 0294 D007     		.2byte	0x7d0
 584 0296 00       		.byte	0
 585 0297 13       		.uleb128 0x13
 586 0298 5C000000 		.4byte	.LVL27
 587 029c DE020000 		.4byte	0x2de
 588 02a0 0B       		.uleb128 0xb
 589 02a1 01       		.uleb128 0x1
 590 02a2 50       		.byte	0x50
 591 02a3 01       		.uleb128 0x1
 592 02a4 31       		.byte	0x31
 593 02a5 00       		.byte	0
 594 02a6 00       		.byte	0
 595 02a7 14       		.uleb128 0x14
 596 02a8 68000000 		.4byte	0x68
 597 02ac 15       		.uleb128 0x15
 598 02ad D2000000 		.4byte	.LASF31
 599 02b1 07       		.byte	0x7
 600 02b2 1207     		.2byte	0x712
 601 02b4 B8020000 		.4byte	0x2b8
 602 02b8 16       		.uleb128 0x16
 603 02b9 76000000 		.4byte	0x76
 604 02bd 17       		.uleb128 0x17
 605 02be 0F010000 		.4byte	.LASF22
ARM GAS  C:\Users\laure\AppData\Local\Temp\ccSmLfP3.s 			page 13


 606 02c2 0F010000 		.4byte	.LASF22
 607 02c6 04       		.byte	0x4
 608 02c7 3D       		.byte	0x3d
 609 02c8 17       		.uleb128 0x17
 610 02c9 17020000 		.4byte	.LASF23
 611 02cd 17020000 		.4byte	.LASF23
 612 02d1 04       		.byte	0x4
 613 02d2 3E       		.byte	0x3e
 614 02d3 17       		.uleb128 0x17
 615 02d4 3E020000 		.4byte	.LASF24
 616 02d8 3E020000 		.4byte	.LASF24
 617 02dc 05       		.byte	0x5
 618 02dd 76       		.byte	0x76
 619 02de 17       		.uleb128 0x17
 620 02df 23010000 		.4byte	.LASF25
 621 02e3 23010000 		.4byte	.LASF25
 622 02e7 04       		.byte	0x4
 623 02e8 3A       		.byte	0x3a
 624 02e9 17       		.uleb128 0x17
 625 02ea BB000000 		.4byte	.LASF26
 626 02ee BB000000 		.4byte	.LASF26
 627 02f2 04       		.byte	0x4
 628 02f3 3C       		.byte	0x3c
 629 02f4 17       		.uleb128 0x17
 630 02f5 F1000000 		.4byte	.LASF27
 631 02f9 F1000000 		.4byte	.LASF27
 632 02fd 06       		.byte	0x6
 633 02fe 21       		.byte	0x21
 634 02ff 00       		.byte	0
 635              		.section	.debug_abbrev,"",%progbits
 636              	.Ldebug_abbrev0:
 637 0000 01       		.uleb128 0x1
 638 0001 11       		.uleb128 0x11
 639 0002 01       		.byte	0x1
 640 0003 25       		.uleb128 0x25
 641 0004 0E       		.uleb128 0xe
 642 0005 13       		.uleb128 0x13
 643 0006 0B       		.uleb128 0xb
 644 0007 03       		.uleb128 0x3
 645 0008 0E       		.uleb128 0xe
 646 0009 1B       		.uleb128 0x1b
 647 000a 0E       		.uleb128 0xe
 648 000b 55       		.uleb128 0x55
 649 000c 17       		.uleb128 0x17
 650 000d 11       		.uleb128 0x11
 651 000e 01       		.uleb128 0x1
 652 000f 10       		.uleb128 0x10
 653 0010 17       		.uleb128 0x17
 654 0011 00       		.byte	0
 655 0012 00       		.byte	0
 656 0013 02       		.uleb128 0x2
 657 0014 24       		.uleb128 0x24
 658 0015 00       		.byte	0
 659 0016 0B       		.uleb128 0xb
 660 0017 0B       		.uleb128 0xb
 661 0018 3E       		.uleb128 0x3e
 662 0019 0B       		.uleb128 0xb
ARM GAS  C:\Users\laure\AppData\Local\Temp\ccSmLfP3.s 			page 14


 663 001a 03       		.uleb128 0x3
 664 001b 0E       		.uleb128 0xe
 665 001c 00       		.byte	0
 666 001d 00       		.byte	0
 667 001e 03       		.uleb128 0x3
 668 001f 16       		.uleb128 0x16
 669 0020 00       		.byte	0
 670 0021 03       		.uleb128 0x3
 671 0022 0E       		.uleb128 0xe
 672 0023 3A       		.uleb128 0x3a
 673 0024 0B       		.uleb128 0xb
 674 0025 3B       		.uleb128 0x3b
 675 0026 0B       		.uleb128 0xb
 676 0027 49       		.uleb128 0x49
 677 0028 13       		.uleb128 0x13
 678 0029 00       		.byte	0
 679 002a 00       		.byte	0
 680 002b 04       		.uleb128 0x4
 681 002c 24       		.uleb128 0x24
 682 002d 00       		.byte	0
 683 002e 0B       		.uleb128 0xb
 684 002f 0B       		.uleb128 0xb
 685 0030 3E       		.uleb128 0x3e
 686 0031 0B       		.uleb128 0xb
 687 0032 03       		.uleb128 0x3
 688 0033 08       		.uleb128 0x8
 689 0034 00       		.byte	0
 690 0035 00       		.byte	0
 691 0036 05       		.uleb128 0x5
 692 0037 0F       		.uleb128 0xf
 693 0038 00       		.byte	0
 694 0039 0B       		.uleb128 0xb
 695 003a 0B       		.uleb128 0xb
 696 003b 49       		.uleb128 0x49
 697 003c 13       		.uleb128 0x13
 698 003d 00       		.byte	0
 699 003e 00       		.byte	0
 700 003f 06       		.uleb128 0x6
 701 0040 01       		.uleb128 0x1
 702 0041 01       		.byte	0x1
 703 0042 49       		.uleb128 0x49
 704 0043 13       		.uleb128 0x13
 705 0044 01       		.uleb128 0x1
 706 0045 13       		.uleb128 0x13
 707 0046 00       		.byte	0
 708 0047 00       		.byte	0
 709 0048 07       		.uleb128 0x7
 710 0049 21       		.uleb128 0x21
 711 004a 00       		.byte	0
 712 004b 49       		.uleb128 0x49
 713 004c 13       		.uleb128 0x13
 714 004d 2F       		.uleb128 0x2f
 715 004e 0B       		.uleb128 0xb
 716 004f 00       		.byte	0
 717 0050 00       		.byte	0
 718 0051 08       		.uleb128 0x8
 719 0052 2E       		.uleb128 0x2e
ARM GAS  C:\Users\laure\AppData\Local\Temp\ccSmLfP3.s 			page 15


 720 0053 01       		.byte	0x1
 721 0054 3F       		.uleb128 0x3f
 722 0055 19       		.uleb128 0x19
 723 0056 03       		.uleb128 0x3
 724 0057 0E       		.uleb128 0xe
 725 0058 3A       		.uleb128 0x3a
 726 0059 0B       		.uleb128 0xb
 727 005a 3B       		.uleb128 0x3b
 728 005b 0B       		.uleb128 0xb
 729 005c 27       		.uleb128 0x27
 730 005d 19       		.uleb128 0x19
 731 005e 11       		.uleb128 0x11
 732 005f 01       		.uleb128 0x1
 733 0060 12       		.uleb128 0x12
 734 0061 06       		.uleb128 0x6
 735 0062 40       		.uleb128 0x40
 736 0063 18       		.uleb128 0x18
 737 0064 9742     		.uleb128 0x2117
 738 0066 19       		.uleb128 0x19
 739 0067 01       		.uleb128 0x1
 740 0068 13       		.uleb128 0x13
 741 0069 00       		.byte	0
 742 006a 00       		.byte	0
 743 006b 09       		.uleb128 0x9
 744 006c 05       		.uleb128 0x5
 745 006d 00       		.byte	0
 746 006e 03       		.uleb128 0x3
 747 006f 08       		.uleb128 0x8
 748 0070 3A       		.uleb128 0x3a
 749 0071 0B       		.uleb128 0xb
 750 0072 3B       		.uleb128 0x3b
 751 0073 0B       		.uleb128 0xb
 752 0074 49       		.uleb128 0x49
 753 0075 13       		.uleb128 0x13
 754 0076 02       		.uleb128 0x2
 755 0077 17       		.uleb128 0x17
 756 0078 00       		.byte	0
 757 0079 00       		.byte	0
 758 007a 0A       		.uleb128 0xa
 759 007b 898201   		.uleb128 0x4109
 760 007e 01       		.byte	0x1
 761 007f 11       		.uleb128 0x11
 762 0080 01       		.uleb128 0x1
 763 0081 31       		.uleb128 0x31
 764 0082 13       		.uleb128 0x13
 765 0083 01       		.uleb128 0x1
 766 0084 13       		.uleb128 0x13
 767 0085 00       		.byte	0
 768 0086 00       		.byte	0
 769 0087 0B       		.uleb128 0xb
 770 0088 8A8201   		.uleb128 0x410a
 771 008b 00       		.byte	0
 772 008c 02       		.uleb128 0x2
 773 008d 18       		.uleb128 0x18
 774 008e 9142     		.uleb128 0x2111
 775 0090 18       		.uleb128 0x18
 776 0091 00       		.byte	0
ARM GAS  C:\Users\laure\AppData\Local\Temp\ccSmLfP3.s 			page 16


 777 0092 00       		.byte	0
 778 0093 0C       		.uleb128 0xc
 779 0094 898201   		.uleb128 0x4109
 780 0097 01       		.byte	0x1
 781 0098 11       		.uleb128 0x11
 782 0099 01       		.uleb128 0x1
 783 009a 9542     		.uleb128 0x2115
 784 009c 19       		.uleb128 0x19
 785 009d 31       		.uleb128 0x31
 786 009e 13       		.uleb128 0x13
 787 009f 00       		.byte	0
 788 00a0 00       		.byte	0
 789 00a1 0D       		.uleb128 0xd
 790 00a2 05       		.uleb128 0x5
 791 00a3 00       		.byte	0
 792 00a4 03       		.uleb128 0x3
 793 00a5 0E       		.uleb128 0xe
 794 00a6 3A       		.uleb128 0x3a
 795 00a7 0B       		.uleb128 0xb
 796 00a8 3B       		.uleb128 0x3b
 797 00a9 0B       		.uleb128 0xb
 798 00aa 49       		.uleb128 0x49
 799 00ab 13       		.uleb128 0x13
 800 00ac 02       		.uleb128 0x2
 801 00ad 17       		.uleb128 0x17
 802 00ae 00       		.byte	0
 803 00af 00       		.byte	0
 804 00b0 0E       		.uleb128 0xe
 805 00b1 34       		.uleb128 0x34
 806 00b2 00       		.byte	0
 807 00b3 03       		.uleb128 0x3
 808 00b4 0E       		.uleb128 0xe
 809 00b5 3A       		.uleb128 0x3a
 810 00b6 0B       		.uleb128 0xb
 811 00b7 3B       		.uleb128 0x3b
 812 00b8 0B       		.uleb128 0xb
 813 00b9 49       		.uleb128 0x49
 814 00ba 13       		.uleb128 0x13
 815 00bb 02       		.uleb128 0x2
 816 00bc 17       		.uleb128 0x17
 817 00bd 00       		.byte	0
 818 00be 00       		.byte	0
 819 00bf 0F       		.uleb128 0xf
 820 00c0 0B       		.uleb128 0xb
 821 00c1 01       		.byte	0x1
 822 00c2 11       		.uleb128 0x11
 823 00c3 01       		.uleb128 0x1
 824 00c4 12       		.uleb128 0x12
 825 00c5 06       		.uleb128 0x6
 826 00c6 01       		.uleb128 0x1
 827 00c7 13       		.uleb128 0x13
 828 00c8 00       		.byte	0
 829 00c9 00       		.byte	0
 830 00ca 10       		.uleb128 0x10
 831 00cb 34       		.uleb128 0x34
 832 00cc 00       		.byte	0
 833 00cd 03       		.uleb128 0x3
ARM GAS  C:\Users\laure\AppData\Local\Temp\ccSmLfP3.s 			page 17


 834 00ce 0E       		.uleb128 0xe
 835 00cf 3A       		.uleb128 0x3a
 836 00d0 0B       		.uleb128 0xb
 837 00d1 3B       		.uleb128 0x3b
 838 00d2 0B       		.uleb128 0xb
 839 00d3 49       		.uleb128 0x49
 840 00d4 13       		.uleb128 0x13
 841 00d5 02       		.uleb128 0x2
 842 00d6 18       		.uleb128 0x18
 843 00d7 00       		.byte	0
 844 00d8 00       		.byte	0
 845 00d9 11       		.uleb128 0x11
 846 00da 34       		.uleb128 0x34
 847 00db 00       		.byte	0
 848 00dc 03       		.uleb128 0x3
 849 00dd 08       		.uleb128 0x8
 850 00de 3A       		.uleb128 0x3a
 851 00df 0B       		.uleb128 0xb
 852 00e0 3B       		.uleb128 0x3b
 853 00e1 0B       		.uleb128 0xb
 854 00e2 49       		.uleb128 0x49
 855 00e3 13       		.uleb128 0x13
 856 00e4 02       		.uleb128 0x2
 857 00e5 17       		.uleb128 0x17
 858 00e6 00       		.byte	0
 859 00e7 00       		.byte	0
 860 00e8 12       		.uleb128 0x12
 861 00e9 898201   		.uleb128 0x4109
 862 00ec 00       		.byte	0
 863 00ed 11       		.uleb128 0x11
 864 00ee 01       		.uleb128 0x1
 865 00ef 31       		.uleb128 0x31
 866 00f0 13       		.uleb128 0x13
 867 00f1 00       		.byte	0
 868 00f2 00       		.byte	0
 869 00f3 13       		.uleb128 0x13
 870 00f4 898201   		.uleb128 0x4109
 871 00f7 01       		.byte	0x1
 872 00f8 11       		.uleb128 0x11
 873 00f9 01       		.uleb128 0x1
 874 00fa 31       		.uleb128 0x31
 875 00fb 13       		.uleb128 0x13
 876 00fc 00       		.byte	0
 877 00fd 00       		.byte	0
 878 00fe 14       		.uleb128 0x14
 879 00ff 26       		.uleb128 0x26
 880 0100 00       		.byte	0
 881 0101 49       		.uleb128 0x49
 882 0102 13       		.uleb128 0x13
 883 0103 00       		.byte	0
 884 0104 00       		.byte	0
 885 0105 15       		.uleb128 0x15
 886 0106 34       		.uleb128 0x34
 887 0107 00       		.byte	0
 888 0108 03       		.uleb128 0x3
 889 0109 0E       		.uleb128 0xe
 890 010a 3A       		.uleb128 0x3a
ARM GAS  C:\Users\laure\AppData\Local\Temp\ccSmLfP3.s 			page 18


 891 010b 0B       		.uleb128 0xb
 892 010c 3B       		.uleb128 0x3b
 893 010d 05       		.uleb128 0x5
 894 010e 49       		.uleb128 0x49
 895 010f 13       		.uleb128 0x13
 896 0110 3F       		.uleb128 0x3f
 897 0111 19       		.uleb128 0x19
 898 0112 3C       		.uleb128 0x3c
 899 0113 19       		.uleb128 0x19
 900 0114 00       		.byte	0
 901 0115 00       		.byte	0
 902 0116 16       		.uleb128 0x16
 903 0117 35       		.uleb128 0x35
 904 0118 00       		.byte	0
 905 0119 49       		.uleb128 0x49
 906 011a 13       		.uleb128 0x13
 907 011b 00       		.byte	0
 908 011c 00       		.byte	0
 909 011d 17       		.uleb128 0x17
 910 011e 2E       		.uleb128 0x2e
 911 011f 00       		.byte	0
 912 0120 3F       		.uleb128 0x3f
 913 0121 19       		.uleb128 0x19
 914 0122 3C       		.uleb128 0x3c
 915 0123 19       		.uleb128 0x19
 916 0124 6E       		.uleb128 0x6e
 917 0125 0E       		.uleb128 0xe
 918 0126 03       		.uleb128 0x3
 919 0127 0E       		.uleb128 0xe
 920 0128 3A       		.uleb128 0x3a
 921 0129 0B       		.uleb128 0xb
 922 012a 3B       		.uleb128 0x3b
 923 012b 0B       		.uleb128 0xb
 924 012c 00       		.byte	0
 925 012d 00       		.byte	0
 926 012e 00       		.byte	0
 927              		.section	.debug_loc,"",%progbits
 928              	.Ldebug_loc0:
 929              	.LLST0:
 930 0000 00000000 		.4byte	.LVL0
 931 0004 08000000 		.4byte	.LVL1
 932 0008 0100     		.2byte	0x1
 933 000a 50       		.byte	0x50
 934 000b 08000000 		.4byte	.LVL1
 935 000f 24000000 		.4byte	.LFE63
 936 0013 0400     		.2byte	0x4
 937 0015 F3       		.byte	0xf3
 938 0016 01       		.uleb128 0x1
 939 0017 50       		.byte	0x50
 940 0018 9F       		.byte	0x9f
 941 0019 00000000 		.4byte	0
 942 001d 00000000 		.4byte	0
 943              	.LLST1:
 944 0021 00000000 		.4byte	.LVL12
 945 0025 07000000 		.4byte	.LVL13-1
 946 0029 0100     		.2byte	0x1
 947 002b 50       		.byte	0x50
ARM GAS  C:\Users\laure\AppData\Local\Temp\ccSmLfP3.s 			page 19


 948 002c 07000000 		.4byte	.LVL13-1
 949 0030 22000000 		.4byte	.LVL18
 950 0034 0100     		.2byte	0x1
 951 0036 54       		.byte	0x54
 952 0037 22000000 		.4byte	.LVL18
 953 003b 2A000000 		.4byte	.LVL20
 954 003f 0300     		.2byte	0x3
 955 0041 74       		.byte	0x74
 956 0042 79       		.sleb128 -7
 957 0043 9F       		.byte	0x9f
 958 0044 2A000000 		.4byte	.LVL20
 959 0048 64000000 		.4byte	.LFE65
 960 004c 0400     		.2byte	0x4
 961 004e F3       		.byte	0xf3
 962 004f 01       		.uleb128 0x1
 963 0050 50       		.byte	0x50
 964 0051 9F       		.byte	0x9f
 965 0052 00000000 		.4byte	0
 966 0056 00000000 		.4byte	0
 967              	.LLST2:
 968 005a 0A000000 		.4byte	.LVL14
 969 005e 0E000000 		.4byte	.LVL15
 970 0062 0100     		.2byte	0x1
 971 0064 50       		.byte	0x50
 972 0065 0E000000 		.4byte	.LVL15
 973 0069 60000000 		.4byte	.LVL28
 974 006d 0100     		.2byte	0x1
 975 006f 55       		.byte	0x55
 976 0070 00000000 		.4byte	0
 977 0074 00000000 		.4byte	0
 978              	.LLST3:
 979 0078 28000000 		.4byte	.LVL19
 980 007c 2A000000 		.4byte	.LVL20
 981 0080 0200     		.2byte	0x2
 982 0082 30       		.byte	0x30
 983 0083 9F       		.byte	0x9f
 984 0084 2A000000 		.4byte	.LVL20
 985 0088 3A000000 		.4byte	.LVL21
 986 008c 0300     		.2byte	0x3
 987 008e 73       		.byte	0x73
 988 008f 77       		.sleb128 -9
 989 0090 9F       		.byte	0x9f
 990 0091 3A000000 		.4byte	.LVL21
 991 0095 3C000000 		.4byte	.LVL22
 992 0099 0300     		.2byte	0x3
 993 009b 73       		.byte	0x73
 994 009c 78       		.sleb128 -8
 995 009d 9F       		.byte	0x9f
 996 009e 3C000000 		.4byte	.LVL22
 997 00a2 40000000 		.4byte	.LVL23
 998 00a6 0300     		.2byte	0x3
 999 00a8 73       		.byte	0x73
 1000 00a9 77       		.sleb128 -9
 1001 00aa 9F       		.byte	0x9f
 1002 00ab 00000000 		.4byte	0
 1003 00af 00000000 		.4byte	0
 1004              		.section	.debug_aranges,"",%progbits
ARM GAS  C:\Users\laure\AppData\Local\Temp\ccSmLfP3.s 			page 20


 1005 0000 2C000000 		.4byte	0x2c
 1006 0004 0200     		.2byte	0x2
 1007 0006 00000000 		.4byte	.Ldebug_info0
 1008 000a 04       		.byte	0x4
 1009 000b 00       		.byte	0
 1010 000c 0000     		.2byte	0
 1011 000e 0000     		.2byte	0
 1012 0010 00000000 		.4byte	.LFB63
 1013 0014 24000000 		.4byte	.LFE63-.LFB63
 1014 0018 00000000 		.4byte	.LFB64
 1015 001c 38000000 		.4byte	.LFE64-.LFB64
 1016 0020 00000000 		.4byte	.LFB65
 1017 0024 64000000 		.4byte	.LFE65-.LFB65
 1018 0028 00000000 		.4byte	0
 1019 002c 00000000 		.4byte	0
 1020              		.section	.debug_ranges,"",%progbits
 1021              	.Ldebug_ranges0:
 1022 0000 00000000 		.4byte	.LFB63
 1023 0004 24000000 		.4byte	.LFE63
 1024 0008 00000000 		.4byte	.LFB64
 1025 000c 38000000 		.4byte	.LFE64
 1026 0010 00000000 		.4byte	.LFB65
 1027 0014 64000000 		.4byte	.LFE65
 1028 0018 00000000 		.4byte	0
 1029 001c 00000000 		.4byte	0
 1030              		.section	.debug_line,"",%progbits
 1031              	.Ldebug_line0:
 1032 0000 29020000 		.section	.debug_str,"MS",%progbits,1
 1032      0200D101 
 1032      00000201 
 1032      FB0E0D00 
 1032      01010101 
 1033              	.LASF30:
 1034 0000 433A5C55 		.ascii	"C:\\Users\\laure\\OneDrive\\Documents\\PSoC Creator"
 1034      73657273 
 1034      5C6C6175 
 1034      72655C4F 
 1034      6E654472 
 1035 002e 5C50536F 		.ascii	"\\PSoC 5LP\\FirstLab.cydsn\000"
 1035      4320354C 
 1035      505C4669 
 1035      7273744C 
 1035      61622E63 
 1036              	.LASF20:
 1037 0047 4C454E47 		.ascii	"LENGTH\000"
 1037      544800
 1038              	.LASF9:
 1039 004e 5F5F696E 		.ascii	"__int32_t\000"
 1039      7433325F 
 1039      7400
 1040              	.LASF8:
 1041 0058 756E7369 		.ascii	"unsigned int\000"
 1041      676E6564 
 1041      20696E74 
 1041      00
 1042              	.LASF12:
 1043 0065 646F7562 		.ascii	"double\000"
ARM GAS  C:\Users\laure\AppData\Local\Temp\ccSmLfP3.s 			page 21


 1043      6C6500
 1044              	.LASF18:
 1045 006c 73746174 		.ascii	"staticPrint\000"
 1045      69635072 
 1045      696E7400 
 1046              	.LASF11:
 1047 0078 666C6F61 		.ascii	"float\000"
 1047      7400
 1048              	.LASF16:
 1049 007e 7072696E 		.ascii	"printChar\000"
 1049      74436861 
 1049      7200
 1050              	.LASF0:
 1051 0088 7369676E 		.ascii	"signed char\000"
 1051      65642063 
 1051      68617200 
 1052              	.LASF1:
 1053 0094 756E7369 		.ascii	"unsigned char\000"
 1053      676E6564 
 1053      20636861 
 1053      7200
 1054              	.LASF19:
 1055 00a2 70617261 		.ascii	"param\000"
 1055      6D00
 1056              	.LASF3:
 1057 00a8 73686F72 		.ascii	"short unsigned int\000"
 1057      7420756E 
 1057      7369676E 
 1057      65642069 
 1057      6E7400
 1058              	.LASF26:
 1059 00bb 4C43445F 		.ascii	"LCD_Screen_PrintString\000"
 1059      53637265 
 1059      656E5F50 
 1059      72696E74 
 1059      53747269 
 1060              	.LASF31:
 1061 00d2 49544D5F 		.ascii	"ITM_RxBuffer\000"
 1061      52784275 
 1061      66666572 
 1061      00
 1062              	.LASF5:
 1063 00df 6C6F6E67 		.ascii	"long unsigned int\000"
 1063      20756E73 
 1063      69676E65 
 1063      6420696E 
 1063      7400
 1064              	.LASF27:
 1065 00f1 7374726C 		.ascii	"strlen\000"
 1065      656E00
 1066              	.LASF7:
 1067 00f8 6C6F6E67 		.ascii	"long long unsigned int\000"
 1067      206C6F6E 
 1067      6720756E 
 1067      7369676E 
 1067      65642069 
 1068              	.LASF22:
ARM GAS  C:\Users\laure\AppData\Local\Temp\ccSmLfP3.s 			page 22


 1069 010f 4C43445F 		.ascii	"LCD_Screen_Position\000"
 1069      53637265 
 1069      656E5F50 
 1069      6F736974 
 1069      696F6E00 
 1070              	.LASF25:
 1071 0123 4C43445F 		.ascii	"LCD_Screen_WriteControl\000"
 1071      53637265 
 1071      656E5F57 
 1071      72697465 
 1071      436F6E74 
 1072              	.LASF10:
 1073 013b 696E7433 		.ascii	"int32_t\000"
 1073      325F7400 
 1074              	.LASF14:
 1075 0143 73697A65 		.ascii	"sizetype\000"
 1075      74797065 
 1075      00
 1076              	.LASF6:
 1077 014c 6C6F6E67 		.ascii	"long long int\000"
 1077      206C6F6E 
 1077      6720696E 
 1077      7400
 1078              	.LASF13:
 1079 015a 63686172 		.ascii	"char\000"
 1079      00
 1080              	.LASF2:
 1081 015f 73686F72 		.ascii	"short int\000"
 1081      7420696E 
 1081      7400
 1082              	.LASF28:
 1083 0169 474E5520 		.ascii	"GNU C11 5.4.1 20160609 (release) [ARM/embedded-5-br"
 1083      43313120 
 1083      352E342E 
 1083      31203230 
 1083      31363036 
 1084 019c 616E6368 		.ascii	"anch revision 237715] -mcpu=cortex-m3 -mthumb -g -O"
 1084      20726576 
 1084      6973696F 
 1084      6E203233 
 1084      37373135 
 1085 01cf 73202D66 		.ascii	"s -ffunction-sections -ffat-lto-objects\000"
 1085      66756E63 
 1085      74696F6E 
 1085      2D736563 
 1085      74696F6E 
 1086              	.LASF4:
 1087 01f7 6C6F6E67 		.ascii	"long int\000"
 1087      20696E74 
 1087      00
 1088              	.LASF17:
 1089 0200 7072696E 		.ascii	"printHello\000"
 1089      7448656C 
 1089      6C6F00
 1090              	.LASF15:
 1091 020b 6C6F6E67 		.ascii	"long double\000"
 1091      20646F75 
ARM GAS  C:\Users\laure\AppData\Local\Temp\ccSmLfP3.s 			page 23


 1091      626C6500 
 1092              	.LASF23:
 1093 0217 4C43445F 		.ascii	"LCD_Screen_PutChar\000"
 1093      53637265 
 1093      656E5F50 
 1093      75744368 
 1093      617200
 1094              	.LASF29:
 1095 022a 7072696E 		.ascii	"printer.c\000"
 1095      7465722E 
 1095      6300
 1096              	.LASF21:
 1097 0234 7365636F 		.ascii	"secondRow\000"
 1097      6E64526F 
 1097      7700
 1098              	.LASF24:
 1099 023e 43794465 		.ascii	"CyDelay\000"
 1099      6C617900 
 1100              		.ident	"GCC: (GNU Tools for ARM Embedded Processors) 5.4.1 20160609 (release) [ARM/embedded-5-bran
